12 Dec 2016, 22:08:12.329 [   INFO] [   FXGL.SystemLogger] [JavaFX Application Thread] System Logger is initialized
12 Dec 2016, 22:08:12.343 [  FINER] [   FXGL.SystemLogger] [JavaFX Application Thread] Logging System Info
12 Dec 2016, 22:08:12.344 [  FINER] [   FXGL.SystemLogger] [JavaFX Application Thread] CPU cores: 8
12 Dec 2016, 22:08:12.346 [  FINER] [   FXGL.SystemLogger] [JavaFX Application Thread] Free Memory: 171MB
12 Dec 2016, 22:08:12.346 [  FINER] [   FXGL.SystemLogger] [JavaFX Application Thread] Max Memory: 2729MB
12 Dec 2016, 22:08:12.347 [  FINER] [   FXGL.SystemLogger] [JavaFX Application Thread] Total Memory: 184MB
12 Dec 2016, 22:08:12.347 [  FINER] [   FXGL.SystemLogger] [JavaFX Application Thread] System Properties:
12 Dec 2016, 22:08:12.348 [  FINER] [   FXGL.SystemLogger] [JavaFX Application Thread] sun.cpu.isalist=amd64
12 Dec 2016, 22:08:12.349 [  FINER] [   FXGL.SystemLogger] [JavaFX Application Thread] sun.desktop=windows
12 Dec 2016, 22:08:12.349 [  FINER] [   FXGL.SystemLogger] [JavaFX Application Thread] sun.io.unicode.encoding=UnicodeLittle
12 Dec 2016, 22:08:12.349 [  FINER] [   FXGL.SystemLogger] [JavaFX Application Thread] sun.cpu.endian=little
12 Dec 2016, 22:08:12.349 [  FINER] [   FXGL.SystemLogger] [JavaFX Application Thread] java.vendor.url.bug=http://bugreport.sun.com/bugreport/
12 Dec 2016, 22:08:12.349 [  FINER] [   FXGL.SystemLogger] [JavaFX Application Thread] file.separator=\
12 Dec 2016, 22:08:12.350 [  FINER] [   FXGL.SystemLogger] [JavaFX Application Thread] java.vendor=Oracle Corporation
12 Dec 2016, 22:08:12.350 [  FINER] [   FXGL.SystemLogger] [JavaFX Application Thread] sun.boot.class.path=C:\Program Files\Java\jdk1.8.0_91\jre\lib\resources.jar;C:\Program Files\Java\jdk1.8.0_91\jre\lib\rt.jar;C:\Program Files\Java\jdk1.8.0_91\jre\lib\sunrsasign.jar;C:\Program Files\Java\jdk1.8.0_91\jre\lib\jsse.jar;C:\Program Files\Java\jdk1.8.0_91\jre\lib\jce.jar;C:\Program Files\Java\jdk1.8.0_91\jre\lib\charsets.jar;C:\Program Files\Java\jdk1.8.0_91\jre\lib\jfr.jar;C:\Program Files\Java\jdk1.8.0_91\jre\classes
12 Dec 2016, 22:08:12.350 [  FINER] [   FXGL.SystemLogger] [JavaFX Application Thread] java.ext.dirs=C:\Program Files\Java\jdk1.8.0_91\jre\lib\ext;C:\WINDOWS\Sun\Java\lib\ext
12 Dec 2016, 22:08:12.350 [  FINER] [   FXGL.SystemLogger] [JavaFX Application Thread] java.version=1.8.0_91
12 Dec 2016, 22:08:12.351 [  FINER] [   FXGL.SystemLogger] [JavaFX Application Thread] java.vm.info=mixed mode
12 Dec 2016, 22:08:12.351 [  FINER] [   FXGL.SystemLogger] [JavaFX Application Thread] awt.toolkit=sun.awt.windows.WToolkit
12 Dec 2016, 22:08:12.351 [  FINER] [   FXGL.SystemLogger] [JavaFX Application Thread] user.language=en
12 Dec 2016, 22:08:12.351 [  FINER] [   FXGL.SystemLogger] [JavaFX Application Thread] java.specification.vendor=Oracle Corporation
12 Dec 2016, 22:08:12.351 [  FINER] [   FXGL.SystemLogger] [JavaFX Application Thread] sun.java.command=com.tylere.mc.MissileCommandApp
12 Dec 2016, 22:08:12.352 [  FINER] [   FXGL.SystemLogger] [JavaFX Application Thread] java.home=C:\Program Files\Java\jdk1.8.0_91\jre
12 Dec 2016, 22:08:12.352 [  FINER] [   FXGL.SystemLogger] [JavaFX Application Thread] sun.arch.data.model=64
12 Dec 2016, 22:08:12.352 [  FINER] [   FXGL.SystemLogger] [JavaFX Application Thread] java.vm.specification.version=1.8
12 Dec 2016, 22:08:12.352 [  FINER] [   FXGL.SystemLogger] [JavaFX Application Thread] java.class.path=C:\Users\Shane\Downloads\FXGL-0.2.8-uber.jar;C:\Users\Shane\Documents\NetBeansProjects\MissileCommand\build\classes
12 Dec 2016, 22:08:12.353 [  FINER] [   FXGL.SystemLogger] [JavaFX Application Thread] user.name=Shane
12 Dec 2016, 22:08:12.353 [  FINER] [   FXGL.SystemLogger] [JavaFX Application Thread] file.encoding=UTF-8
12 Dec 2016, 22:08:12.353 [  FINER] [   FXGL.SystemLogger] [JavaFX Application Thread] java.specification.version=1.8
12 Dec 2016, 22:08:12.353 [  FINER] [   FXGL.SystemLogger] [JavaFX Application Thread] java.awt.printerjob=sun.awt.windows.WPrinterJob
12 Dec 2016, 22:08:12.353 [  FINER] [   FXGL.SystemLogger] [JavaFX Application Thread] user.timezone=America/New_York
12 Dec 2016, 22:08:12.354 [  FINER] [   FXGL.SystemLogger] [JavaFX Application Thread] user.home=C:\Users\Shane
12 Dec 2016, 22:08:12.354 [  FINER] [   FXGL.SystemLogger] [JavaFX Application Thread] os.version=10.0
12 Dec 2016, 22:08:12.354 [  FINER] [   FXGL.SystemLogger] [JavaFX Application Thread] sun.management.compiler=HotSpot 64-Bit Tiered Compilers
12 Dec 2016, 22:08:12.354 [  FINER] [   FXGL.SystemLogger] [JavaFX Application Thread] java.specification.name=Java Platform API Specification
12 Dec 2016, 22:08:12.355 [  FINER] [   FXGL.SystemLogger] [JavaFX Application Thread] java.class.version=52.0
12 Dec 2016, 22:08:12.355 [  FINER] [   FXGL.SystemLogger] [JavaFX Application Thread] java.library.path=C:\Program Files\Java\jdk1.8.0_91\bin;C:\WINDOWS\Sun\Java\bin;C:\WINDOWS\system32;C:\WINDOWS;C:\Program Files (x86)\Common Files\Intel\Shared Libraries\redist\intel64\compiler;C:\ProgramData\Oracle\Java\javapath;C:\Program Files (x86)\NVIDIA Corporation\PhysX\Common;C:\Program Files (x86)\AMD APP\bin\x86_64;C:\Program Files (x86)\AMD APP\bin\x86;C:\Ruby22-x64\bin;C:\Program Files (x86)\ActiveState Komodo IDE 8\;C:\PROGRAM FILES\COMMON FILES\MICROSOFT SHARED\WINDOWS LIVE;C:\PROGRAM FILES (X86)\COMMON FILES\MICROSOFT SHARED\WINDOWS LIVE;C:\WINDOWS\SYSTEM32;C:\WINDOWS;C:\WINDOWS\SYSTEM32\WBEM;C:\WINDOWS\SYSTEM32\WINDOWSPOWERSHELL\V1.0\;C:\PROGRAM FILES (X86)\ATI TECHNOLOGIES\ATI.ACE\CORE-STATIC;C:\PROGRAM FILES (X86)\WINDOWS LIVE\SHARED;C:\PROGRAM FILES (X86)\COMMON FILES\ROXIO SHARED\OEM\DLLSHARED\;C:\PROGRAM FILES (X86)\COMMON FILES\ROXIO SHARED\OEM\12.0\DLLSHARED\;C:\PROGRAM FILES (X86)\ROXIO\OEM\AUDIOCORE\;C:\PROGRAM FILES\MICROSOFT\WEB PLATFORM INSTALLER\;C:\PROGRAM FILES (X86)\MICROSOFT ASP.NET\ASP.NET WEB PAGES\V1.0\;C:\PROGRAM FILES (X86)\WINDOWS KITS\8.0\WINDOWS PERFORMANCE TOOLKIT\;C:\PROGRAM FILES\MICROSOFT SQL SERVER\110\TOOLS\BINN\;C:\PROGRAM FILES\COMMON FILES\AUTODESK SHARED\;C:\Program Files\WIDCOMM\Bluetooth Software\;C:\Program Files\WIDCOMM\Bluetooth Software\syswow64;"c:\Program Files (x86)\Java\jre7\bin";C:\Program Files (x86)\QuickTime\QTSystem\;C:\Program Files (x86)\AMD\ATI.ACE\Core-Static;C:\Program Files (x86)\Common Files\Acronis\SnapAPI\;C:\Program Files (x86)\nodejs\;C:\Program Files\Calibre2\;C:\Program Files (x86)\Microsoft SQL Server\100\Tools\Binn\;C:\Program Files\Microsoft SQL Server\100\Tools\Binn\;C:\Program Files\Microsoft SQL Server\100\DTS\Binn\;C:\Program Files (x86)\GtkSharp\2.12\bin;C:\WINDOWS\system32;C:\WINDOWS;C:\WINDOWS\System32\Wbem;C:\WINDOWS\System32\WindowsPowerShell\v1.0\;C:\Program Files (x86)\Autodesk\Backburner\;C:\Program Files (x86)\ATI Technologies\ATI.ACE\Core-Static;C:\Users\Shane\Documents\AMD\ATI.ACE\Core-Static;C:\Program Files (x86)\Skype\Phone\;C:\Program Files (x86)\Extensis\Suitcase Fusion 6\;C:\Users\Shane\AppData\Local\Programs\Git\cmd;C:\Program Files (x86)\Brackets\command;C:\Users\Shane\AppData\Local\Programs\Python\Python35-32\Scripts\;C:\Users\Shane\AppData\Local\Programs\Python\Python35-32\;C:\Users\Shane\AppData\Roaming\npm;C:\Users\Shane\AppData\Local\atom\bin;C:\Users\Shane\AppData\Local\Code\bin;%USERPROFILE%\AppData\Local\Microsoft\WindowsApps;;.
12 Dec 2016, 22:08:12.355 [  FINER] [   FXGL.SystemLogger] [JavaFX Application Thread] sun.jnu.encoding=Cp1252
12 Dec 2016, 22:08:12.356 [  FINER] [   FXGL.SystemLogger] [JavaFX Application Thread] os.name=Windows 10
12 Dec 2016, 22:08:12.356 [  FINER] [   FXGL.SystemLogger] [JavaFX Application Thread] user.variant=
12 Dec 2016, 22:08:12.356 [  FINER] [   FXGL.SystemLogger] [JavaFX Application Thread] java.vm.specification.vendor=Oracle Corporation
12 Dec 2016, 22:08:12.357 [  FINER] [   FXGL.SystemLogger] [JavaFX Application Thread] java.io.tmpdir=C:\Users\Shane\AppData\Local\Temp\
12 Dec 2016, 22:08:12.357 [  FINER] [   FXGL.SystemLogger] [JavaFX Application Thread] line.separator=

12 Dec 2016, 22:08:12.357 [  FINER] [   FXGL.SystemLogger] [JavaFX Application Thread] java.endorsed.dirs=C:\Program Files\Java\jdk1.8.0_91\jre\lib\endorsed
12 Dec 2016, 22:08:12.358 [  FINER] [   FXGL.SystemLogger] [JavaFX Application Thread] os.arch=amd64
12 Dec 2016, 22:08:12.358 [  FINER] [   FXGL.SystemLogger] [JavaFX Application Thread] javafx.runtime.version=8.0.91-b14
12 Dec 2016, 22:08:12.358 [  FINER] [   FXGL.SystemLogger] [JavaFX Application Thread] java.awt.graphicsenv=sun.awt.Win32GraphicsEnvironment
12 Dec 2016, 22:08:12.359 [  FINER] [   FXGL.SystemLogger] [JavaFX Application Thread] java.runtime.version=1.8.0_91-b15
12 Dec 2016, 22:08:12.359 [  FINER] [   FXGL.SystemLogger] [JavaFX Application Thread] java.vm.specification.name=Java Virtual Machine Specification
12 Dec 2016, 22:08:12.359 [  FINER] [   FXGL.SystemLogger] [JavaFX Application Thread] user.dir=C:\Users\Shane\Documents\NetBeansProjects\MissileCommand
12 Dec 2016, 22:08:12.360 [  FINER] [   FXGL.SystemLogger] [JavaFX Application Thread] user.country=US
12 Dec 2016, 22:08:12.360 [  FINER] [   FXGL.SystemLogger] [JavaFX Application Thread] user.script=
12 Dec 2016, 22:08:12.360 [  FINER] [   FXGL.SystemLogger] [JavaFX Application Thread] sun.java.launcher=SUN_STANDARD
12 Dec 2016, 22:08:12.361 [  FINER] [   FXGL.SystemLogger] [JavaFX Application Thread] sun.os.patch.level=
12 Dec 2016, 22:08:12.361 [  FINER] [   FXGL.SystemLogger] [JavaFX Application Thread] java.vm.name=Java HotSpot(TM) 64-Bit Server VM
12 Dec 2016, 22:08:12.361 [  FINER] [   FXGL.SystemLogger] [JavaFX Application Thread] file.encoding.pkg=sun.io
12 Dec 2016, 22:08:12.361 [  FINER] [   FXGL.SystemLogger] [JavaFX Application Thread] path.separator=;
12 Dec 2016, 22:08:12.362 [  FINER] [   FXGL.SystemLogger] [JavaFX Application Thread] java.vm.vendor=Oracle Corporation
12 Dec 2016, 22:08:12.362 [  FINER] [   FXGL.SystemLogger] [JavaFX Application Thread] java.vendor.url=http://java.oracle.com/
12 Dec 2016, 22:08:12.362 [  FINER] [   FXGL.SystemLogger] [JavaFX Application Thread] sun.boot.library.path=C:\Program Files\Java\jdk1.8.0_91\jre\bin
12 Dec 2016, 22:08:12.362 [  FINER] [   FXGL.SystemLogger] [JavaFX Application Thread] java.vm.version=25.91-b15
12 Dec 2016, 22:08:12.363 [  FINER] [   FXGL.SystemLogger] [JavaFX Application Thread] java.runtime.name=Java(TM) SE Runtime Environment
12 Dec 2016, 22:08:12.363 [  FINER] [   FXGL.SystemLogger] [JavaFX Application Thread] javafx.version=8.0.91
12 Dec 2016, 22:08:12.368 [   INFO] [   FXGL.SystemLogger] [JavaFX Application Thread] FXGL-0.2.8
12 Dec 2016, 22:08:12.368 [   INFO] [   FXGL.SystemLogger] [JavaFX Application Thread] Source code and latest versions at: https://github.com/AlmasB/FXGL
12 Dec 2016, 22:08:12.369 [   INFO] [   FXGL.SystemLogger] [JavaFX Application Thread]              Join the FXGL chat at: https://gitter.im/AlmasB/FXGL
12 Dec 2016, 22:08:12.375 [  FINER] [   FXGL.SystemLogger] [JavaFX Application Thread] Starting JavaFX
12 Dec 2016, 22:08:12.376 [  FINER] [   FXGL.SystemLogger] [          JavaFX-Launcher] Initializing FXGL
12 Dec 2016, 22:08:12.396 [  FINER] [   FXGL.SystemLogger] [JavaFX Application Thread] Starting FXGL
12 Dec 2016, 22:08:12.652 [  FINER] [   FXGL.SystemLogger] [     FXGL Launcher Thread] Configuring FXGL
12 Dec 2016, 22:08:12.653 [  FINER] [   FXGL.SystemLogger] [     FXGL Launcher Thread] Initializing system properties
12 Dec 2016, 22:08:12.678 [  FINER] [   FXGL.SystemLogger] [     FXGL Launcher Thread] sound.notification = system/notification.wav
12 Dec 2016, 22:08:12.678 [  FINER] [   FXGL.SystemLogger] [     FXGL Launcher Thread] url.storage = https://raw.githubusercontent.com/AlmasB/git-server/master/storage/
12 Dec 2016, 22:08:12.679 [  FINER] [   FXGL.SystemLogger] [     FXGL Launcher Thread] asset.cache.size = 35
12 Dec 2016, 22:08:12.679 [  FINER] [   FXGL.SystemLogger] [     FXGL Launcher Thread] fs.profiledir = profiles/
12 Dec 2016, 22:08:12.679 [  FINER] [   FXGL.SystemLogger] [     FXGL Launcher Thread] url.pom = https://raw.githubusercontent.com/AlmasB/FXGL/master/pom.xml
12 Dec 2016, 22:08:12.679 [  FINER] [   FXGL.SystemLogger] [     FXGL Launcher Thread] fs.datafile.ext = .dat
12 Dec 2016, 22:08:12.679 [  FINER] [   FXGL.SystemLogger] [     FXGL Launcher Thread] sound.menu.back = menu/back.wav
12 Dec 2016, 22:08:12.680 [  FINER] [   FXGL.SystemLogger] [     FXGL Launcher Thread] sound.menu.select = menu/select.wav
12 Dec 2016, 22:08:12.680 [  FINER] [   FXGL.SystemLogger] [     FXGL Launcher Thread] url.github = https://github.com/AlmasB/FXGL
12 Dec 2016, 22:08:12.680 [  FINER] [   FXGL.SystemLogger] [     FXGL Launcher Thread] physics.ppm = 50.0
12 Dec 2016, 22:08:12.681 [  FINER] [   FXGL.SystemLogger] [     FXGL Launcher Thread] ui.css = fxgl.css
12 Dec 2016, 22:08:12.681 [  FINER] [   FXGL.SystemLogger] [     FXGL Launcher Thread] version.check.days = 7
12 Dec 2016, 22:08:12.681 [  FINER] [   FXGL.SystemLogger] [     FXGL Launcher Thread] fs.savefile.ext = .sav
12 Dec 2016, 22:08:12.682 [  FINER] [   FXGL.SystemLogger] [     FXGL Launcher Thread] pooling.initialSize = 128
12 Dec 2016, 22:08:12.682 [  FINER] [   FXGL.SystemLogger] [     FXGL Launcher Thread] ui.font = Copperplate_Gothic_Light_Regular.ttf
12 Dec 2016, 22:08:12.682 [  FINER] [   FXGL.SystemLogger] [     FXGL Launcher Thread] fs.savedir = saves/
12 Dec 2016, 22:08:12.682 [  FINER] [   FXGL.SystemLogger] [     FXGL Launcher Thread] fs.profilename = user.profile
12 Dec 2016, 22:08:12.683 [  FINER] [   FXGL.SystemLogger] [     FXGL Launcher Thread] ui.icon.name = fxgl_icon.png
12 Dec 2016, 22:08:12.683 [  FINER] [   FXGL.SystemLogger] [     FXGL Launcher Thread] sound.menu.press = menu/press.wav
12 Dec 2016, 22:08:12.683 [  FINER] [   FXGL.SystemLogger] [     FXGL Launcher Thread] Initializing user properties
12 Dec 2016, 22:08:12.684 [   INFO] [   FXGL.SystemLogger] [     FXGL Launcher Thread] User properties not found. Using system
12 Dec 2016, 22:08:12.684 [  FINER] [   FXGL.SystemLogger] [     FXGL Launcher Thread] Initializing app settings
12 Dec 2016, 22:08:12.692 [  FINER] [   FXGL.SystemLogger] [     FXGL Launcher Thread] Logging settings
Title: Missile Command
Version: 0.1
Width: 800
Height: 700
Fullscreen: false
Intro: false
Menus: false
Profiling: false
App Mode: DEVELOPER
Menu Style: FXGL_DEFAULT
Menu Key: ESCAPE
Services: []
12 Dec 2016, 22:08:13.344 [  FINER] [   FXGL.SystemLogger] [     FXGL Launcher Thread] FXGL configuration complete
12 Dec 2016, 22:08:13.344 [   INFO] [   FXGL.SystemLogger] [     FXGL Launcher Thread] FXGL configuration took:  0.692 sec
12 Dec 2016, 22:08:13.359 [  FINER] [   FXGL.SystemLogger] [JavaFX Application Thread] Running task: UpdaterTask
12 Dec 2016, 22:08:13.363 [  FINER] [   FXGL.SystemLogger] [     FXGL Launcher Thread] Running task: PreInitTask
12 Dec 2016, 22:08:13.439 [  FINER] [   FXGL.SystemLogger] [     FXGL Launcher Thread] Running task: InitScenesTask
12 Dec 2016, 22:08:13.649 [  FINER] [   FXGL.SystemLogger] [     FXGL Launcher Thread] Running task: InitEventHandlersTask
12 Dec 2016, 22:08:13.701 [  FINER] [   FXGL.SystemLogger] [     FXGL Launcher Thread] Running task: InitProfilerTask
12 Dec 2016, 22:08:13.706 [  FINER] [   FXGL.SystemLogger] [     FXGL Launcher Thread] Pausing main loop
12 Dec 2016, 22:08:13.710 [  FINER] [   FXGL.SystemLogger] [     FXGL Launcher Thread] Resetting FXGL application
12 Dec 2016, 22:08:13.813 [   INFO] [   FXGL.SystemLogger] [     FXGL Launcher Thread] Game configuration took:  0.451 sec
12 Dec 2016, 22:08:13.910 [   INFO] [   FXGL.SystemLogger] [ FXGL Background Thread 1] Game initialization took: 0.096 sec
12 Dec 2016, 22:08:13.946 [  FINER] [   FXGL.SystemLogger] [JavaFX Application Thread] Resuming main loop
12 Dec 2016, 22:08:15.601 [  FINER] [   FXGL.SystemLogger] [JavaFX Application Thread] Pausing main loop
12 Dec 2016, 22:08:35.842 [  FINER] [   FXGL.SystemLogger] [JavaFX Application Thread] Exiting Normally
12 Dec 2016, 22:08:35.851 [  FINER] [   FXGL.SystemLogger] [JavaFX Application Thread] Exiting FXGL
12 Dec 2016, 22:08:35.852 [  FINER] [   FXGL.SystemLogger] [JavaFX Application Thread] Logger is closing
