10 Dec 2016, 22:30:09.904 [   INFO] [   FXGL.SystemLogger] [JavaFX Application Thread] System Logger is initialized
10 Dec 2016, 22:30:10.732 [  FINER] [   FXGL.SystemLogger] [JavaFX Application Thread] Logging System Info
10 Dec 2016, 22:30:10.732 [  FINER] [   FXGL.SystemLogger] [JavaFX Application Thread] CPU cores: 8
10 Dec 2016, 22:30:10.735 [  FINER] [   FXGL.SystemLogger] [JavaFX Application Thread] Free Memory: 171MB
10 Dec 2016, 22:30:10.735 [  FINER] [   FXGL.SystemLogger] [JavaFX Application Thread] Max Memory: 2729MB
10 Dec 2016, 22:30:10.735 [  FINER] [   FXGL.SystemLogger] [JavaFX Application Thread] Total Memory: 184MB
10 Dec 2016, 22:30:10.841 [  FINER] [   FXGL.SystemLogger] [JavaFX Application Thread] System Properties:
10 Dec 2016, 22:30:10.842 [  FINER] [   FXGL.SystemLogger] [JavaFX Application Thread] sun.cpu.isalist=amd64
10 Dec 2016, 22:30:10.843 [  FINER] [   FXGL.SystemLogger] [JavaFX Application Thread] sun.desktop=windows
10 Dec 2016, 22:30:10.843 [  FINER] [   FXGL.SystemLogger] [JavaFX Application Thread] sun.io.unicode.encoding=UnicodeLittle
10 Dec 2016, 22:30:10.843 [  FINER] [   FXGL.SystemLogger] [JavaFX Application Thread] sun.cpu.endian=little
10 Dec 2016, 22:30:10.843 [  FINER] [   FXGL.SystemLogger] [JavaFX Application Thread] java.vendor.url.bug=http://bugreport.sun.com/bugreport/
10 Dec 2016, 22:30:10.844 [  FINER] [   FXGL.SystemLogger] [JavaFX Application Thread] file.separator=\
10 Dec 2016, 22:30:10.844 [  FINER] [   FXGL.SystemLogger] [JavaFX Application Thread] java.vendor=Oracle Corporation
10 Dec 2016, 22:30:10.844 [  FINER] [   FXGL.SystemLogger] [JavaFX Application Thread] sun.boot.class.path=C:\Program Files\Java\jdk1.8.0_91\jre\lib\resources.jar;C:\Program Files\Java\jdk1.8.0_91\jre\lib\rt.jar;C:\Program Files\Java\jdk1.8.0_91\jre\lib\sunrsasign.jar;C:\Program Files\Java\jdk1.8.0_91\jre\lib\jsse.jar;C:\Program Files\Java\jdk1.8.0_91\jre\lib\jce.jar;C:\Program Files\Java\jdk1.8.0_91\jre\lib\charsets.jar;C:\Program Files\Java\jdk1.8.0_91\jre\lib\jfr.jar;C:\Program Files\Java\jdk1.8.0_91\jre\classes
10 Dec 2016, 22:30:10.844 [  FINER] [   FXGL.SystemLogger] [JavaFX Application Thread] java.ext.dirs=C:\Program Files\Java\jdk1.8.0_91\jre\lib\ext;C:\WINDOWS\Sun\Java\lib\ext
10 Dec 2016, 22:30:10.844 [  FINER] [   FXGL.SystemLogger] [JavaFX Application Thread] java.version=1.8.0_91
10 Dec 2016, 22:30:10.845 [  FINER] [   FXGL.SystemLogger] [JavaFX Application Thread] java.vm.info=mixed mode
10 Dec 2016, 22:30:10.845 [  FINER] [   FXGL.SystemLogger] [JavaFX Application Thread] awt.toolkit=sun.awt.windows.WToolkit
10 Dec 2016, 22:30:10.845 [  FINER] [   FXGL.SystemLogger] [JavaFX Application Thread] user.language=en
10 Dec 2016, 22:30:10.845 [  FINER] [   FXGL.SystemLogger] [JavaFX Application Thread] java.specification.vendor=Oracle Corporation
10 Dec 2016, 22:30:10.846 [  FINER] [   FXGL.SystemLogger] [JavaFX Application Thread] sun.java.command=com.tylere.mc.MissileCommandApp
10 Dec 2016, 22:30:10.846 [  FINER] [   FXGL.SystemLogger] [JavaFX Application Thread] java.home=C:\Program Files\Java\jdk1.8.0_91\jre
10 Dec 2016, 22:30:10.846 [  FINER] [   FXGL.SystemLogger] [JavaFX Application Thread] sun.arch.data.model=64
10 Dec 2016, 22:30:10.846 [  FINER] [   FXGL.SystemLogger] [JavaFX Application Thread] java.vm.specification.version=1.8
10 Dec 2016, 22:30:10.847 [  FINER] [   FXGL.SystemLogger] [JavaFX Application Thread] java.class.path=C:\Users\Shane\Downloads\FXGL-0.2.8-uber.jar;C:\Users\Shane\Documents\NetBeansProjects\MissileCommand\build\classes
10 Dec 2016, 22:30:10.847 [  FINER] [   FXGL.SystemLogger] [JavaFX Application Thread] user.name=Shane
10 Dec 2016, 22:30:10.847 [  FINER] [   FXGL.SystemLogger] [JavaFX Application Thread] file.encoding=UTF-8
10 Dec 2016, 22:30:10.847 [  FINER] [   FXGL.SystemLogger] [JavaFX Application Thread] java.specification.version=1.8
10 Dec 2016, 22:30:10.848 [  FINER] [   FXGL.SystemLogger] [JavaFX Application Thread] java.awt.printerjob=sun.awt.windows.WPrinterJob
10 Dec 2016, 22:30:10.848 [  FINER] [   FXGL.SystemLogger] [JavaFX Application Thread] user.timezone=America/New_York
10 Dec 2016, 22:30:10.848 [  FINER] [   FXGL.SystemLogger] [JavaFX Application Thread] user.home=C:\Users\Shane
10 Dec 2016, 22:30:10.849 [  FINER] [   FXGL.SystemLogger] [JavaFX Application Thread] os.version=10.0
10 Dec 2016, 22:30:10.849 [  FINER] [   FXGL.SystemLogger] [JavaFX Application Thread] sun.management.compiler=HotSpot 64-Bit Tiered Compilers
10 Dec 2016, 22:30:10.850 [  FINER] [   FXGL.SystemLogger] [JavaFX Application Thread] java.specification.name=Java Platform API Specification
10 Dec 2016, 22:30:10.850 [  FINER] [   FXGL.SystemLogger] [JavaFX Application Thread] java.class.version=52.0
10 Dec 2016, 22:30:10.850 [  FINER] [   FXGL.SystemLogger] [JavaFX Application Thread] java.library.path=C:\Program Files\Java\jdk1.8.0_91\bin;C:\WINDOWS\Sun\Java\bin;C:\WINDOWS\system32;C:\WINDOWS;C:\ProgramData\Oracle\Java\javapath;C:\Program Files (x86)\NVIDIA Corporation\PhysX\Common;C:\Program Files (x86)\AMD APP\bin\x86_64;C:\Program Files (x86)\AMD APP\bin\x86;C:\Ruby22-x64\bin;C:\Program Files (x86)\ActiveState Komodo IDE 8\;C:\PROGRAM FILES\COMMON FILES\MICROSOFT SHARED\WINDOWS LIVE;C:\PROGRAM FILES (X86)\COMMON FILES\MICROSOFT SHARED\WINDOWS LIVE;C:\WINDOWS\SYSTEM32;C:\WINDOWS;C:\WINDOWS\SYSTEM32\WBEM;C:\WINDOWS\SYSTEM32\WINDOWSPOWERSHELL\V1.0\;C:\PROGRAM FILES (X86)\ATI TECHNOLOGIES\ATI.ACE\CORE-STATIC;C:\PROGRAM FILES (X86)\WINDOWS LIVE\SHARED;C:\PROGRAM FILES (X86)\COMMON FILES\ROXIO SHARED\OEM\DLLSHARED\;C:\PROGRAM FILES (X86)\COMMON FILES\ROXIO SHARED\OEM\12.0\DLLSHARED\;C:\PROGRAM FILES (X86)\ROXIO\OEM\AUDIOCORE\;C:\PROGRAM FILES\MICROSOFT\WEB PLATFORM INSTALLER\;C:\PROGRAM FILES (X86)\MICROSOFT ASP.NET\ASP.NET WEB PAGES\V1.0\;C:\PROGRAM FILES (X86)\WINDOWS KITS\8.0\WINDOWS PERFORMANCE TOOLKIT\;C:\PROGRAM FILES\MICROSOFT SQL SERVER\110\TOOLS\BINN\;C:\PROGRAM FILES\COMMON FILES\AUTODESK SHARED\;C:\Program Files\WIDCOMM\Bluetooth Software\;C:\Program Files\WIDCOMM\Bluetooth Software\syswow64;"c:\Program Files (x86)\Java\jre7\bin";C:\Program Files (x86)\QuickTime\QTSystem\;C:\Program Files (x86)\AMD\ATI.ACE\Core-Static;C:\Program Files (x86)\Common Files\Acronis\SnapAPI\;C:\Program Files (x86)\nodejs\;C:\Program Files\Calibre2\;C:\Program Files (x86)\Microsoft SQL Server\100\Tools\Binn\;C:\Program Files\Microsoft SQL Server\100\Tools\Binn\;C:\Program Files\Microsoft SQL Server\100\DTS\Binn\;C:\Program Files (x86)\GtkSharp\2.12\bin;C:\WINDOWS\system32;C:\WINDOWS;C:\WINDOWS\System32\Wbem;C:\WINDOWS\System32\WindowsPowerShell\v1.0\;C:\Program Files (x86)\Autodesk\Backburner\;C:\Program Files (x86)\ATI Technologies\ATI.ACE\Core-Static;C:\Users\Shane\Documents\AMD\ATI.ACE\Core-Static;C:\Program Files (x86)\Skype\Phone\;C:\Program Files (x86)\Extensis\Suitcase Fusion 6\;C:\Users\Shane\AppData\Local\Programs\Git\cmd;C:\Program Files (x86)\Brackets\command;C:\Users\Shane\AppData\Local\Programs\Python\Python35-32\Scripts\;C:\Users\Shane\AppData\Local\Programs\Python\Python35-32\;C:\Users\Shane\AppData\Roaming\npm;C:\Users\Shane\AppData\Local\atom\bin;C:\Users\Shane\AppData\Local\Code\bin;%USERPROFILE%\AppData\Local\Microsoft\WindowsApps;;.
10 Dec 2016, 22:30:10.851 [  FINER] [   FXGL.SystemLogger] [JavaFX Application Thread] sun.jnu.encoding=Cp1252
10 Dec 2016, 22:30:10.851 [  FINER] [   FXGL.SystemLogger] [JavaFX Application Thread] os.name=Windows 10
10 Dec 2016, 22:30:10.851 [  FINER] [   FXGL.SystemLogger] [JavaFX Application Thread] user.variant=
10 Dec 2016, 22:30:10.851 [  FINER] [   FXGL.SystemLogger] [JavaFX Application Thread] java.vm.specification.vendor=Oracle Corporation
10 Dec 2016, 22:30:10.852 [  FINER] [   FXGL.SystemLogger] [JavaFX Application Thread] java.io.tmpdir=C:\Users\Shane\AppData\Local\Temp\
10 Dec 2016, 22:30:10.852 [  FINER] [   FXGL.SystemLogger] [JavaFX Application Thread] line.separator=

10 Dec 2016, 22:30:10.852 [  FINER] [   FXGL.SystemLogger] [JavaFX Application Thread] java.endorsed.dirs=C:\Program Files\Java\jdk1.8.0_91\jre\lib\endorsed
10 Dec 2016, 22:30:10.853 [  FINER] [   FXGL.SystemLogger] [JavaFX Application Thread] os.arch=amd64
10 Dec 2016, 22:30:10.853 [  FINER] [   FXGL.SystemLogger] [JavaFX Application Thread] javafx.runtime.version=8.0.91-b14
10 Dec 2016, 22:30:10.853 [  FINER] [   FXGL.SystemLogger] [JavaFX Application Thread] java.awt.graphicsenv=sun.awt.Win32GraphicsEnvironment
10 Dec 2016, 22:30:10.853 [  FINER] [   FXGL.SystemLogger] [JavaFX Application Thread] java.runtime.version=1.8.0_91-b15
10 Dec 2016, 22:30:10.853 [  FINER] [   FXGL.SystemLogger] [JavaFX Application Thread] java.vm.specification.name=Java Virtual Machine Specification
10 Dec 2016, 22:30:10.854 [  FINER] [   FXGL.SystemLogger] [JavaFX Application Thread] user.dir=C:\Users\Shane\Documents\NetBeansProjects\MissileCommand
10 Dec 2016, 22:30:10.854 [  FINER] [   FXGL.SystemLogger] [JavaFX Application Thread] user.country=US
10 Dec 2016, 22:30:10.854 [  FINER] [   FXGL.SystemLogger] [JavaFX Application Thread] user.script=
10 Dec 2016, 22:30:10.854 [  FINER] [   FXGL.SystemLogger] [JavaFX Application Thread] sun.java.launcher=SUN_STANDARD
10 Dec 2016, 22:30:10.854 [  FINER] [   FXGL.SystemLogger] [JavaFX Application Thread] sun.os.patch.level=
10 Dec 2016, 22:30:10.855 [  FINER] [   FXGL.SystemLogger] [JavaFX Application Thread] java.vm.name=Java HotSpot(TM) 64-Bit Server VM
10 Dec 2016, 22:30:10.855 [  FINER] [   FXGL.SystemLogger] [JavaFX Application Thread] file.encoding.pkg=sun.io
10 Dec 2016, 22:30:10.855 [  FINER] [   FXGL.SystemLogger] [JavaFX Application Thread] path.separator=;
10 Dec 2016, 22:30:10.855 [  FINER] [   FXGL.SystemLogger] [JavaFX Application Thread] java.vm.vendor=Oracle Corporation
10 Dec 2016, 22:30:10.855 [  FINER] [   FXGL.SystemLogger] [JavaFX Application Thread] java.vendor.url=http://java.oracle.com/
10 Dec 2016, 22:30:10.856 [  FINER] [   FXGL.SystemLogger] [JavaFX Application Thread] sun.boot.library.path=C:\Program Files\Java\jdk1.8.0_91\jre\bin
10 Dec 2016, 22:30:10.856 [  FINER] [   FXGL.SystemLogger] [JavaFX Application Thread] java.vm.version=25.91-b15
10 Dec 2016, 22:30:10.856 [  FINER] [   FXGL.SystemLogger] [JavaFX Application Thread] java.runtime.name=Java(TM) SE Runtime Environment
10 Dec 2016, 22:30:10.858 [  FINER] [   FXGL.SystemLogger] [JavaFX Application Thread] javafx.version=8.0.91
10 Dec 2016, 22:30:10.863 [   INFO] [   FXGL.SystemLogger] [JavaFX Application Thread] FXGL-0.2.8
10 Dec 2016, 22:30:10.864 [   INFO] [   FXGL.SystemLogger] [JavaFX Application Thread] Source code and latest versions at: https://github.com/AlmasB/FXGL
10 Dec 2016, 22:30:10.864 [   INFO] [   FXGL.SystemLogger] [JavaFX Application Thread]              Join the FXGL chat at: https://gitter.im/AlmasB/FXGL
10 Dec 2016, 22:30:11.854 [  FINER] [   FXGL.SystemLogger] [JavaFX Application Thread] Starting JavaFX
10 Dec 2016, 22:30:11.858 [  FINER] [   FXGL.SystemLogger] [          JavaFX-Launcher] Initializing FXGL
10 Dec 2016, 22:30:11.884 [  FINER] [   FXGL.SystemLogger] [JavaFX Application Thread] Starting FXGL
10 Dec 2016, 22:30:12.150 [  FINER] [   FXGL.SystemLogger] [     FXGL Launcher Thread] Configuring FXGL
10 Dec 2016, 22:30:12.151 [  FINER] [   FXGL.SystemLogger] [     FXGL Launcher Thread] Initializing system properties
10 Dec 2016, 22:30:12.177 [  FINER] [   FXGL.SystemLogger] [     FXGL Launcher Thread] sound.notification = system/notification.wav
10 Dec 2016, 22:30:12.178 [  FINER] [   FXGL.SystemLogger] [     FXGL Launcher Thread] url.storage = https://raw.githubusercontent.com/AlmasB/git-server/master/storage/
10 Dec 2016, 22:30:12.178 [  FINER] [   FXGL.SystemLogger] [     FXGL Launcher Thread] asset.cache.size = 35
10 Dec 2016, 22:30:12.178 [  FINER] [   FXGL.SystemLogger] [     FXGL Launcher Thread] fs.profiledir = profiles/
10 Dec 2016, 22:30:12.179 [  FINER] [   FXGL.SystemLogger] [     FXGL Launcher Thread] url.pom = https://raw.githubusercontent.com/AlmasB/FXGL/master/pom.xml
10 Dec 2016, 22:30:12.179 [  FINER] [   FXGL.SystemLogger] [     FXGL Launcher Thread] fs.datafile.ext = .dat
10 Dec 2016, 22:30:12.179 [  FINER] [   FXGL.SystemLogger] [     FXGL Launcher Thread] sound.menu.back = menu/back.wav
10 Dec 2016, 22:30:12.179 [  FINER] [   FXGL.SystemLogger] [     FXGL Launcher Thread] sound.menu.select = menu/select.wav
10 Dec 2016, 22:30:12.180 [  FINER] [   FXGL.SystemLogger] [     FXGL Launcher Thread] url.github = https://github.com/AlmasB/FXGL
10 Dec 2016, 22:30:12.180 [  FINER] [   FXGL.SystemLogger] [     FXGL Launcher Thread] physics.ppm = 50.0
10 Dec 2016, 22:30:12.181 [  FINER] [   FXGL.SystemLogger] [     FXGL Launcher Thread] ui.css = fxgl.css
10 Dec 2016, 22:30:12.181 [  FINER] [   FXGL.SystemLogger] [     FXGL Launcher Thread] version.check.days = 7
10 Dec 2016, 22:30:12.181 [  FINER] [   FXGL.SystemLogger] [     FXGL Launcher Thread] fs.savefile.ext = .sav
10 Dec 2016, 22:30:12.181 [  FINER] [   FXGL.SystemLogger] [     FXGL Launcher Thread] pooling.initialSize = 128
10 Dec 2016, 22:30:12.182 [  FINER] [   FXGL.SystemLogger] [     FXGL Launcher Thread] ui.font = Copperplate_Gothic_Light_Regular.ttf
10 Dec 2016, 22:30:12.182 [  FINER] [   FXGL.SystemLogger] [     FXGL Launcher Thread] fs.savedir = saves/
10 Dec 2016, 22:30:12.182 [  FINER] [   FXGL.SystemLogger] [     FXGL Launcher Thread] fs.profilename = user.profile
10 Dec 2016, 22:30:12.182 [  FINER] [   FXGL.SystemLogger] [     FXGL Launcher Thread] ui.icon.name = fxgl_icon.png
10 Dec 2016, 22:30:12.183 [  FINER] [   FXGL.SystemLogger] [     FXGL Launcher Thread] sound.menu.press = menu/press.wav
10 Dec 2016, 22:30:12.183 [  FINER] [   FXGL.SystemLogger] [     FXGL Launcher Thread] Initializing user properties
10 Dec 2016, 22:30:12.183 [   INFO] [   FXGL.SystemLogger] [     FXGL Launcher Thread] User properties not found. Using system
10 Dec 2016, 22:30:12.184 [  FINER] [   FXGL.SystemLogger] [     FXGL Launcher Thread] Initializing app settings
10 Dec 2016, 22:30:12.192 [  FINER] [   FXGL.SystemLogger] [     FXGL Launcher Thread] Logging settings
Title: Missile Command
Version: 0.1
Width: 600
Height: 600
Fullscreen: false
Intro: false
Menus: false
Profiling: false
App Mode: DEVELOPER
Menu Style: FXGL_DEFAULT
Menu Key: ESCAPE
Services: []
10 Dec 2016, 22:30:14.242 [  FINER] [   FXGL.SystemLogger] [     FXGL Launcher Thread] FXGL configuration complete
10 Dec 2016, 22:30:14.243 [   INFO] [   FXGL.SystemLogger] [     FXGL Launcher Thread] FXGL configuration took:  2.092 sec
10 Dec 2016, 22:30:14.244 [  FINER] [   FXGL.SystemLogger] [JavaFX Application Thread] Running task: UpdaterTask
10 Dec 2016, 22:30:14.248 [  FINER] [   FXGL.SystemLogger] [     FXGL Launcher Thread] Running task: PreInitTask
10 Dec 2016, 22:30:14.333 [  FINER] [   FXGL.SystemLogger] [     FXGL Launcher Thread] Running task: InitScenesTask
10 Dec 2016, 22:30:15.548 [  FINER] [   FXGL.SystemLogger] [     FXGL Launcher Thread] Running task: InitEventHandlersTask
10 Dec 2016, 22:30:16.304 [  FINER] [   FXGL.SystemLogger] [     FXGL Launcher Thread] Running task: InitProfilerTask
10 Dec 2016, 22:30:16.311 [  FINER] [   FXGL.SystemLogger] [     FXGL Launcher Thread] Pausing main loop
10 Dec 2016, 22:30:16.314 [  FINER] [   FXGL.SystemLogger] [     FXGL Launcher Thread] Resetting FXGL application
10 Dec 2016, 22:30:16.424 [   INFO] [   FXGL.SystemLogger] [     FXGL Launcher Thread] Game configuration took:  2.177 sec
10 Dec 2016, 22:30:16.547 [   INFO] [   FXGL.SystemLogger] [ FXGL Background Thread 1] Game initialization took: 0.122 sec
10 Dec 2016, 22:30:16.570 [  FINER] [   FXGL.SystemLogger] [JavaFX Application Thread] Resuming main loop
10 Dec 2016, 22:30:24.955 [  FINER] [   FXGL.SystemLogger] [JavaFX Application Thread] Exiting Normally
10 Dec 2016, 22:30:24.965 [  FINER] [   FXGL.SystemLogger] [JavaFX Application Thread] Exiting FXGL
10 Dec 2016, 22:30:24.965 [  FINER] [   FXGL.SystemLogger] [JavaFX Application Thread] Logger is closing
