20 Dec 2016, 14:25:42.729 [   INFO] [   FXGL.SystemLogger] [JavaFX Application Thread] System Logger is initialized
20 Dec 2016, 14:25:42.778 [  FINER] [   FXGL.SystemLogger] [JavaFX Application Thread] Logging System Info
20 Dec 2016, 14:25:42.779 [  FINER] [   FXGL.SystemLogger] [JavaFX Application Thread] CPU cores: 4
20 Dec 2016, 14:25:42.786 [  FINER] [   FXGL.SystemLogger] [JavaFX Application Thread] Free Memory: 49MB
20 Dec 2016, 14:25:42.787 [  FINER] [   FXGL.SystemLogger] [JavaFX Application Thread] Max Memory: 866MB
20 Dec 2016, 14:25:42.788 [  FINER] [   FXGL.SystemLogger] [JavaFX Application Thread] Total Memory: 60MB
20 Dec 2016, 14:25:42.795 [  FINER] [   FXGL.SystemLogger] [JavaFX Application Thread] System Properties:
20 Dec 2016, 14:25:42.798 [  FINER] [   FXGL.SystemLogger] [JavaFX Application Thread] sun.cpu.isalist=amd64
20 Dec 2016, 14:25:42.799 [  FINER] [   FXGL.SystemLogger] [JavaFX Application Thread] sun.desktop=windows
20 Dec 2016, 14:25:42.800 [  FINER] [   FXGL.SystemLogger] [JavaFX Application Thread] sun.io.unicode.encoding=UnicodeLittle
20 Dec 2016, 14:25:42.800 [  FINER] [   FXGL.SystemLogger] [JavaFX Application Thread] sun.cpu.endian=little
20 Dec 2016, 14:25:42.801 [  FINER] [   FXGL.SystemLogger] [JavaFX Application Thread] java.vendor.url.bug=http://bugreport.sun.com/bugreport/
20 Dec 2016, 14:25:42.801 [  FINER] [   FXGL.SystemLogger] [JavaFX Application Thread] file.separator=\
20 Dec 2016, 14:25:42.803 [  FINER] [   FXGL.SystemLogger] [JavaFX Application Thread] java.vendor=Oracle Corporation
20 Dec 2016, 14:25:42.804 [  FINER] [   FXGL.SystemLogger] [JavaFX Application Thread] sun.boot.class.path=C:\Program Files\Java\jdk1.8.0_111\jre\lib\resources.jar;C:\Program Files\Java\jdk1.8.0_111\jre\lib\rt.jar;C:\Program Files\Java\jdk1.8.0_111\jre\lib\sunrsasign.jar;C:\Program Files\Java\jdk1.8.0_111\jre\lib\jsse.jar;C:\Program Files\Java\jdk1.8.0_111\jre\lib\jce.jar;C:\Program Files\Java\jdk1.8.0_111\jre\lib\charsets.jar;C:\Program Files\Java\jdk1.8.0_111\jre\lib\jfr.jar;C:\Program Files\Java\jdk1.8.0_111\jre\classes
20 Dec 2016, 14:25:42.805 [  FINER] [   FXGL.SystemLogger] [JavaFX Application Thread] java.ext.dirs=C:\Program Files\Java\jdk1.8.0_111\jre\lib\ext;C:\WINDOWS\Sun\Java\lib\ext
20 Dec 2016, 14:25:42.805 [  FINER] [   FXGL.SystemLogger] [JavaFX Application Thread] java.version=1.8.0_111
20 Dec 2016, 14:25:42.806 [  FINER] [   FXGL.SystemLogger] [JavaFX Application Thread] java.vm.info=mixed mode
20 Dec 2016, 14:25:42.806 [  FINER] [   FXGL.SystemLogger] [JavaFX Application Thread] awt.toolkit=sun.awt.windows.WToolkit
20 Dec 2016, 14:25:42.806 [  FINER] [   FXGL.SystemLogger] [JavaFX Application Thread] user.language=en
20 Dec 2016, 14:25:42.807 [  FINER] [   FXGL.SystemLogger] [JavaFX Application Thread] java.specification.vendor=Oracle Corporation
20 Dec 2016, 14:25:42.808 [  FINER] [   FXGL.SystemLogger] [JavaFX Application Thread] sun.java.command=com.tylere.mc.MissileCommandApp
20 Dec 2016, 14:25:42.808 [  FINER] [   FXGL.SystemLogger] [JavaFX Application Thread] java.home=C:\Program Files\Java\jdk1.8.0_111\jre
20 Dec 2016, 14:25:42.808 [  FINER] [   FXGL.SystemLogger] [JavaFX Application Thread] sun.arch.data.model=64
20 Dec 2016, 14:25:42.809 [  FINER] [   FXGL.SystemLogger] [JavaFX Application Thread] java.vm.specification.version=1.8
20 Dec 2016, 14:25:42.810 [  FINER] [   FXGL.SystemLogger] [JavaFX Application Thread] java.class.path=C:\Users\Tyler\Downloads\FXGL-0.2.8-uber.jar;C:\Users\Tyler\Documents\NetBeansProjects\MissileCommand\build\classes
20 Dec 2016, 14:25:42.812 [  FINER] [   FXGL.SystemLogger] [JavaFX Application Thread] user.name=Tyler
20 Dec 2016, 14:25:42.813 [  FINER] [   FXGL.SystemLogger] [JavaFX Application Thread] file.encoding=UTF-8
20 Dec 2016, 14:25:42.815 [  FINER] [   FXGL.SystemLogger] [JavaFX Application Thread] java.specification.version=1.8
20 Dec 2016, 14:25:42.816 [  FINER] [   FXGL.SystemLogger] [JavaFX Application Thread] java.awt.printerjob=sun.awt.windows.WPrinterJob
20 Dec 2016, 14:25:42.816 [  FINER] [   FXGL.SystemLogger] [JavaFX Application Thread] user.timezone=America/New_York
20 Dec 2016, 14:25:42.818 [  FINER] [   FXGL.SystemLogger] [JavaFX Application Thread] user.home=C:\Users\Tyler
20 Dec 2016, 14:25:42.820 [  FINER] [   FXGL.SystemLogger] [JavaFX Application Thread] os.version=10.0
20 Dec 2016, 14:25:42.822 [  FINER] [   FXGL.SystemLogger] [JavaFX Application Thread] sun.management.compiler=HotSpot 64-Bit Tiered Compilers
20 Dec 2016, 14:25:42.824 [  FINER] [   FXGL.SystemLogger] [JavaFX Application Thread] java.specification.name=Java Platform API Specification
20 Dec 2016, 14:25:42.825 [  FINER] [   FXGL.SystemLogger] [JavaFX Application Thread] java.class.version=52.0
20 Dec 2016, 14:25:42.826 [  FINER] [   FXGL.SystemLogger] [JavaFX Application Thread] java.library.path=C:\Program Files\Java\jdk1.8.0_111\bin;C:\WINDOWS\Sun\Java\bin;C:\WINDOWS\system32;C:\WINDOWS;C:\ProgramData\Oracle\Java\javapath;C:\Program Files (x86)\NVIDIA Corporation\PhysX\Common;C:\WINDOWS\system32;C:\WINDOWS;C:\WINDOWS\System32\Wbem;C:\WINDOWS\System32\WindowsPowerShell\v1.0\;C:\Program Files (x86)\QuickTime\QTSystem\;C:\Program Files (x86)\Calibre2\;C:\Program Files (x86)\Skype\Phone\;C:\Program Files (x86)\Extensis\Suitcase Fusion 6\;C:\Program Files (x86)\MiKTeX 2.9\miktex\bin\;C:\Program Files (x86)\Brackets\command;C:\Users\Tyler\AppData\Local\Programs\Python\Python35-32\Scripts\;C:\Users\Tyler\AppData\Local\Programs\Python\Python35-32\;%USERPROFILE%\AppData\Local\Microsoft\WindowsApps;;.
20 Dec 2016, 14:25:42.827 [  FINER] [   FXGL.SystemLogger] [JavaFX Application Thread] sun.jnu.encoding=Cp1252
20 Dec 2016, 14:25:42.827 [  FINER] [   FXGL.SystemLogger] [JavaFX Application Thread] os.name=Windows 10
20 Dec 2016, 14:25:42.828 [  FINER] [   FXGL.SystemLogger] [JavaFX Application Thread] user.variant=
20 Dec 2016, 14:25:42.828 [  FINER] [   FXGL.SystemLogger] [JavaFX Application Thread] java.vm.specification.vendor=Oracle Corporation
20 Dec 2016, 14:25:42.829 [  FINER] [   FXGL.SystemLogger] [JavaFX Application Thread] java.io.tmpdir=C:\Users\Tyler\AppData\Local\Temp\
20 Dec 2016, 14:25:42.829 [  FINER] [   FXGL.SystemLogger] [JavaFX Application Thread] line.separator=

20 Dec 2016, 14:25:42.830 [  FINER] [   FXGL.SystemLogger] [JavaFX Application Thread] java.endorsed.dirs=C:\Program Files\Java\jdk1.8.0_111\jre\lib\endorsed
20 Dec 2016, 14:25:42.830 [  FINER] [   FXGL.SystemLogger] [JavaFX Application Thread] os.arch=amd64
20 Dec 2016, 14:25:42.831 [  FINER] [   FXGL.SystemLogger] [JavaFX Application Thread] javafx.runtime.version=8.0.111-b14
20 Dec 2016, 14:25:42.831 [  FINER] [   FXGL.SystemLogger] [JavaFX Application Thread] java.awt.graphicsenv=sun.awt.Win32GraphicsEnvironment
20 Dec 2016, 14:25:42.832 [  FINER] [   FXGL.SystemLogger] [JavaFX Application Thread] java.runtime.version=1.8.0_111-b14
20 Dec 2016, 14:25:42.832 [  FINER] [   FXGL.SystemLogger] [JavaFX Application Thread] java.vm.specification.name=Java Virtual Machine Specification
20 Dec 2016, 14:25:42.833 [  FINER] [   FXGL.SystemLogger] [JavaFX Application Thread] user.dir=C:\Users\Tyler\Documents\NetBeansProjects\MissileCommand
20 Dec 2016, 14:25:42.833 [  FINER] [   FXGL.SystemLogger] [JavaFX Application Thread] user.country=GB
20 Dec 2016, 14:25:42.833 [  FINER] [   FXGL.SystemLogger] [JavaFX Application Thread] user.script=
20 Dec 2016, 14:25:42.836 [  FINER] [   FXGL.SystemLogger] [JavaFX Application Thread] sun.java.launcher=SUN_STANDARD
20 Dec 2016, 14:25:42.837 [  FINER] [   FXGL.SystemLogger] [JavaFX Application Thread] sun.os.patch.level=
20 Dec 2016, 14:25:42.837 [  FINER] [   FXGL.SystemLogger] [JavaFX Application Thread] java.vm.name=Java HotSpot(TM) 64-Bit Server VM
20 Dec 2016, 14:25:42.838 [  FINER] [   FXGL.SystemLogger] [JavaFX Application Thread] file.encoding.pkg=sun.io
20 Dec 2016, 14:25:42.838 [  FINER] [   FXGL.SystemLogger] [JavaFX Application Thread] path.separator=;
20 Dec 2016, 14:25:42.839 [  FINER] [   FXGL.SystemLogger] [JavaFX Application Thread] java.vm.vendor=Oracle Corporation
20 Dec 2016, 14:25:42.839 [  FINER] [   FXGL.SystemLogger] [JavaFX Application Thread] java.vendor.url=http://java.oracle.com/
20 Dec 2016, 14:25:42.840 [  FINER] [   FXGL.SystemLogger] [JavaFX Application Thread] sun.boot.library.path=C:\Program Files\Java\jdk1.8.0_111\jre\bin
20 Dec 2016, 14:25:42.840 [  FINER] [   FXGL.SystemLogger] [JavaFX Application Thread] java.vm.version=25.111-b14
20 Dec 2016, 14:25:42.841 [  FINER] [   FXGL.SystemLogger] [JavaFX Application Thread] java.runtime.name=Java(TM) SE Runtime Environment
20 Dec 2016, 14:25:42.841 [  FINER] [   FXGL.SystemLogger] [JavaFX Application Thread] javafx.version=8.0.111
20 Dec 2016, 14:25:42.860 [   INFO] [   FXGL.SystemLogger] [JavaFX Application Thread] FXGL-0.2.8
20 Dec 2016, 14:25:42.862 [   INFO] [   FXGL.SystemLogger] [JavaFX Application Thread] Source code and latest versions at: https://github.com/AlmasB/FXGL
20 Dec 2016, 14:25:42.864 [   INFO] [   FXGL.SystemLogger] [JavaFX Application Thread]              Join the FXGL chat at: https://gitter.im/AlmasB/FXGL
20 Dec 2016, 14:25:42.882 [  FINER] [   FXGL.SystemLogger] [JavaFX Application Thread] Starting JavaFX
20 Dec 2016, 14:25:42.886 [  FINER] [   FXGL.SystemLogger] [          JavaFX-Launcher] Initializing FXGL
20 Dec 2016, 14:25:42.931 [  FINER] [   FXGL.SystemLogger] [JavaFX Application Thread] Starting FXGL
20 Dec 2016, 14:25:43.415 [  FINER] [   FXGL.SystemLogger] [     FXGL Launcher Thread] Configuring FXGL
20 Dec 2016, 14:25:43.416 [  FINER] [   FXGL.SystemLogger] [     FXGL Launcher Thread] Initializing system properties
20 Dec 2016, 14:25:43.471 [  FINER] [   FXGL.SystemLogger] [     FXGL Launcher Thread] sound.notification = system/notification.wav
20 Dec 2016, 14:25:43.472 [  FINER] [   FXGL.SystemLogger] [     FXGL Launcher Thread] url.storage = https://raw.githubusercontent.com/AlmasB/git-server/master/storage/
20 Dec 2016, 14:25:43.473 [  FINER] [   FXGL.SystemLogger] [     FXGL Launcher Thread] asset.cache.size = 35
20 Dec 2016, 14:25:43.473 [  FINER] [   FXGL.SystemLogger] [     FXGL Launcher Thread] fs.profiledir = profiles/
20 Dec 2016, 14:25:43.474 [  FINER] [   FXGL.SystemLogger] [     FXGL Launcher Thread] url.pom = https://raw.githubusercontent.com/AlmasB/FXGL/master/pom.xml
20 Dec 2016, 14:25:43.475 [  FINER] [   FXGL.SystemLogger] [     FXGL Launcher Thread] fs.datafile.ext = .dat
20 Dec 2016, 14:25:43.475 [  FINER] [   FXGL.SystemLogger] [     FXGL Launcher Thread] sound.menu.back = menu/back.wav
20 Dec 2016, 14:25:43.476 [  FINER] [   FXGL.SystemLogger] [     FXGL Launcher Thread] sound.menu.select = menu/select.wav
20 Dec 2016, 14:25:43.476 [  FINER] [   FXGL.SystemLogger] [     FXGL Launcher Thread] url.github = https://github.com/AlmasB/FXGL
20 Dec 2016, 14:25:43.477 [  FINER] [   FXGL.SystemLogger] [     FXGL Launcher Thread] physics.ppm = 50.0
20 Dec 2016, 14:25:43.477 [  FINER] [   FXGL.SystemLogger] [     FXGL Launcher Thread] ui.css = fxgl.css
20 Dec 2016, 14:25:43.478 [  FINER] [   FXGL.SystemLogger] [     FXGL Launcher Thread] version.check.days = 7
20 Dec 2016, 14:25:43.478 [  FINER] [   FXGL.SystemLogger] [     FXGL Launcher Thread] fs.savefile.ext = .sav
20 Dec 2016, 14:25:43.479 [  FINER] [   FXGL.SystemLogger] [     FXGL Launcher Thread] pooling.initialSize = 128
20 Dec 2016, 14:25:43.479 [  FINER] [   FXGL.SystemLogger] [     FXGL Launcher Thread] ui.font = Copperplate_Gothic_Light_Regular.ttf
20 Dec 2016, 14:25:43.479 [  FINER] [   FXGL.SystemLogger] [     FXGL Launcher Thread] fs.savedir = saves/
20 Dec 2016, 14:25:43.480 [  FINER] [   FXGL.SystemLogger] [     FXGL Launcher Thread] fs.profilename = user.profile
20 Dec 2016, 14:25:43.480 [  FINER] [   FXGL.SystemLogger] [     FXGL Launcher Thread] ui.icon.name = fxgl_icon.png
20 Dec 2016, 14:25:43.481 [  FINER] [   FXGL.SystemLogger] [     FXGL Launcher Thread] sound.menu.press = menu/press.wav
20 Dec 2016, 14:25:43.481 [  FINER] [   FXGL.SystemLogger] [     FXGL Launcher Thread] Initializing user properties
20 Dec 2016, 14:25:43.482 [   INFO] [   FXGL.SystemLogger] [     FXGL Launcher Thread] User properties not found. Using system
20 Dec 2016, 14:25:43.483 [  FINER] [   FXGL.SystemLogger] [     FXGL Launcher Thread] Initializing app settings
20 Dec 2016, 14:25:43.496 [  FINER] [   FXGL.SystemLogger] [     FXGL Launcher Thread] Logging settings
Title: Missile Command
Version: 0.3
Width: 800
Height: 700
Fullscreen: false
Intro: false
Menus: false
Profiling: true
App Mode: DEVELOPER
Menu Style: FXGL_DEFAULT
Menu Key: ESCAPE
Services: []
20 Dec 2016, 14:25:44.445 [  FINER] [   FXGL.SystemLogger] [     FXGL Launcher Thread] FXGL configuration complete
20 Dec 2016, 14:25:44.446 [   INFO] [   FXGL.SystemLogger] [     FXGL Launcher Thread] FXGL configuration took:  1.030 sec
20 Dec 2016, 14:25:44.448 [  FINER] [   FXGL.SystemLogger] [JavaFX Application Thread] Running task: UpdaterTask
20 Dec 2016, 14:25:44.454 [  FINER] [   FXGL.SystemLogger] [     FXGL Launcher Thread] Running task: PreInitTask
20 Dec 2016, 14:25:44.557 [  FINER] [   FXGL.SystemLogger] [     FXGL Launcher Thread] Running task: InitScenesTask
20 Dec 2016, 14:25:44.897 [  FINER] [   FXGL.SystemLogger] [     FXGL Launcher Thread] Running task: InitEventHandlersTask
20 Dec 2016, 14:25:44.937 [  FINER] [   FXGL.SystemLogger] [     FXGL Launcher Thread] Running task: InitProfilerTask
20 Dec 2016, 14:25:44.944 [  FINER] [   FXGL.SystemLogger] [     FXGL Launcher Thread] Pausing main loop
20 Dec 2016, 14:25:44.950 [  FINER] [   FXGL.SystemLogger] [     FXGL Launcher Thread] Resetting FXGL application
20 Dec 2016, 14:25:45.080 [   INFO] [   FXGL.SystemLogger] [     FXGL Launcher Thread] Game configuration took:  0.627 sec
20 Dec 2016, 14:25:45.260 [   INFO] [   FXGL.SystemLogger] [ FXGL Background Thread 1] Game initialization took: 0.179 sec
20 Dec 2016, 14:25:45.310 [  FINER] [   FXGL.SystemLogger] [JavaFX Application Thread] Resuming main loop
20 Dec 2016, 14:25:46.525 [  FINER] [   FXGL.SystemLogger] [JavaFX Application Thread] Pausing main loop
20 Dec 2016, 14:25:51.858 [  FINER] [   FXGL.SystemLogger] [JavaFX Application Thread] Exiting Normally
20 Dec 2016, 14:25:51.861 [   INFO] [   FXGL.SystemLogger] [JavaFX Application Thread] Processed Frames: 61
20 Dec 2016, 14:25:51.863 [   INFO] [   FXGL.SystemLogger] [JavaFX Application Thread] Average FPS: 17
20 Dec 2016, 14:25:51.864 [   INFO] [   FXGL.SystemLogger] [JavaFX Application Thread] Avg Performance: 785
20 Dec 2016, 14:25:51.865 [   INFO] [   FXGL.SystemLogger] [JavaFX Application Thread] Avg Memory Usage: 21 MB
20 Dec 2016, 14:25:51.866 [   INFO] [   FXGL.SystemLogger] [JavaFX Application Thread] Min Memory Usage: 19 MB
20 Dec 2016, 14:25:51.867 [   INFO] [   FXGL.SystemLogger] [JavaFX Application Thread] Max Memory Usage: 22 MB
20 Dec 2016, 14:25:51.869 [   INFO] [   FXGL.SystemLogger] [JavaFX Application Thread] Estimated GC runs: 0
20 Dec 2016, 14:25:51.890 [  FINER] [   FXGL.SystemLogger] [JavaFX Application Thread] Exiting FXGL
20 Dec 2016, 14:25:51.891 [  FINER] [   FXGL.SystemLogger] [JavaFX Application Thread] Logger is closing
