09 Dec 2016, 18:25:41.850 [   INFO] [   FXGL.SystemLogger] [JavaFX Application Thread] System Logger is initialized
09 Dec 2016, 18:25:41.896 [  FINER] [   FXGL.SystemLogger] [JavaFX Application Thread] Logging System Info
09 Dec 2016, 18:25:41.897 [  FINER] [   FXGL.SystemLogger] [JavaFX Application Thread] CPU cores: 4
09 Dec 2016, 18:25:41.903 [  FINER] [   FXGL.SystemLogger] [JavaFX Application Thread] Free Memory: 49MB
09 Dec 2016, 18:25:41.904 [  FINER] [   FXGL.SystemLogger] [JavaFX Application Thread] Max Memory: 866MB
09 Dec 2016, 18:25:41.905 [  FINER] [   FXGL.SystemLogger] [JavaFX Application Thread] Total Memory: 60MB
09 Dec 2016, 18:25:41.907 [  FINER] [   FXGL.SystemLogger] [JavaFX Application Thread] System Properties:
09 Dec 2016, 18:25:41.911 [  FINER] [   FXGL.SystemLogger] [JavaFX Application Thread] sun.cpu.isalist=amd64
09 Dec 2016, 18:25:41.912 [  FINER] [   FXGL.SystemLogger] [JavaFX Application Thread] sun.desktop=windows
09 Dec 2016, 18:25:41.913 [  FINER] [   FXGL.SystemLogger] [JavaFX Application Thread] sun.io.unicode.encoding=UnicodeLittle
09 Dec 2016, 18:25:41.914 [  FINER] [   FXGL.SystemLogger] [JavaFX Application Thread] sun.cpu.endian=little
09 Dec 2016, 18:25:41.915 [  FINER] [   FXGL.SystemLogger] [JavaFX Application Thread] java.vendor.url.bug=http://bugreport.sun.com/bugreport/
09 Dec 2016, 18:25:41.916 [  FINER] [   FXGL.SystemLogger] [JavaFX Application Thread] file.separator=\
09 Dec 2016, 18:25:41.917 [  FINER] [   FXGL.SystemLogger] [JavaFX Application Thread] java.vendor=Oracle Corporation
09 Dec 2016, 18:25:41.918 [  FINER] [   FXGL.SystemLogger] [JavaFX Application Thread] sun.boot.class.path=C:\Program Files\Java\jdk1.8.0_111\jre\lib\resources.jar;C:\Program Files\Java\jdk1.8.0_111\jre\lib\rt.jar;C:\Program Files\Java\jdk1.8.0_111\jre\lib\sunrsasign.jar;C:\Program Files\Java\jdk1.8.0_111\jre\lib\jsse.jar;C:\Program Files\Java\jdk1.8.0_111\jre\lib\jce.jar;C:\Program Files\Java\jdk1.8.0_111\jre\lib\charsets.jar;C:\Program Files\Java\jdk1.8.0_111\jre\lib\jfr.jar;C:\Program Files\Java\jdk1.8.0_111\jre\classes
09 Dec 2016, 18:25:41.919 [  FINER] [   FXGL.SystemLogger] [JavaFX Application Thread] java.ext.dirs=C:\Program Files\Java\jdk1.8.0_111\jre\lib\ext;C:\WINDOWS\Sun\Java\lib\ext
09 Dec 2016, 18:25:41.919 [  FINER] [   FXGL.SystemLogger] [JavaFX Application Thread] java.version=1.8.0_111
09 Dec 2016, 18:25:41.920 [  FINER] [   FXGL.SystemLogger] [JavaFX Application Thread] java.vm.info=mixed mode
09 Dec 2016, 18:25:41.921 [  FINER] [   FXGL.SystemLogger] [JavaFX Application Thread] awt.toolkit=sun.awt.windows.WToolkit
09 Dec 2016, 18:25:41.922 [  FINER] [   FXGL.SystemLogger] [JavaFX Application Thread] user.language=en
09 Dec 2016, 18:25:41.923 [  FINER] [   FXGL.SystemLogger] [JavaFX Application Thread] java.specification.vendor=Oracle Corporation
09 Dec 2016, 18:25:41.923 [  FINER] [   FXGL.SystemLogger] [JavaFX Application Thread] sun.java.command=com.tylere.mc.MissileCommandApp
09 Dec 2016, 18:25:41.924 [  FINER] [   FXGL.SystemLogger] [JavaFX Application Thread] java.home=C:\Program Files\Java\jdk1.8.0_111\jre
09 Dec 2016, 18:25:41.925 [  FINER] [   FXGL.SystemLogger] [JavaFX Application Thread] sun.arch.data.model=64
09 Dec 2016, 18:25:41.926 [  FINER] [   FXGL.SystemLogger] [JavaFX Application Thread] java.vm.specification.version=1.8
09 Dec 2016, 18:25:41.927 [  FINER] [   FXGL.SystemLogger] [JavaFX Application Thread] java.class.path=C:\Users\Tyler\Downloads\FXGL-0.2.8-uber.jar;C:\Users\Tyler\Documents\NetBeansProjects\MissileCommand\build\classes
09 Dec 2016, 18:25:41.928 [  FINER] [   FXGL.SystemLogger] [JavaFX Application Thread] user.name=Tyler
09 Dec 2016, 18:25:41.929 [  FINER] [   FXGL.SystemLogger] [JavaFX Application Thread] file.encoding=UTF-8
09 Dec 2016, 18:25:41.930 [  FINER] [   FXGL.SystemLogger] [JavaFX Application Thread] java.specification.version=1.8
09 Dec 2016, 18:25:41.931 [  FINER] [   FXGL.SystemLogger] [JavaFX Application Thread] java.awt.printerjob=sun.awt.windows.WPrinterJob
09 Dec 2016, 18:25:41.933 [  FINER] [   FXGL.SystemLogger] [JavaFX Application Thread] user.timezone=America/New_York
09 Dec 2016, 18:25:41.934 [  FINER] [   FXGL.SystemLogger] [JavaFX Application Thread] user.home=C:\Users\Tyler
09 Dec 2016, 18:25:41.934 [  FINER] [   FXGL.SystemLogger] [JavaFX Application Thread] os.version=10.0
09 Dec 2016, 18:25:41.935 [  FINER] [   FXGL.SystemLogger] [JavaFX Application Thread] sun.management.compiler=HotSpot 64-Bit Tiered Compilers
09 Dec 2016, 18:25:41.936 [  FINER] [   FXGL.SystemLogger] [JavaFX Application Thread] java.specification.name=Java Platform API Specification
09 Dec 2016, 18:25:41.937 [  FINER] [   FXGL.SystemLogger] [JavaFX Application Thread] java.class.version=52.0
09 Dec 2016, 18:25:41.938 [  FINER] [   FXGL.SystemLogger] [JavaFX Application Thread] java.library.path=C:\Program Files\Java\jdk1.8.0_111\bin;C:\WINDOWS\Sun\Java\bin;C:\WINDOWS\system32;C:\WINDOWS;C:\ProgramData\Oracle\Java\javapath;C:\Program Files (x86)\NVIDIA Corporation\PhysX\Common;C:\WINDOWS\system32;C:\WINDOWS;C:\WINDOWS\System32\Wbem;C:\WINDOWS\System32\WindowsPowerShell\v1.0\;C:\Program Files (x86)\QuickTime\QTSystem\;C:\Program Files (x86)\Calibre2\;C:\Program Files (x86)\Skype\Phone\;C:\Program Files (x86)\Extensis\Suitcase Fusion 6\;C:\Program Files (x86)\MiKTeX 2.9\miktex\bin\;C:\Program Files (x86)\Brackets\command;C:\Users\Tyler\AppData\Local\Programs\Python\Python35-32\Scripts\;C:\Users\Tyler\AppData\Local\Programs\Python\Python35-32\;%USERPROFILE%\AppData\Local\Microsoft\WindowsApps;;.
09 Dec 2016, 18:25:41.939 [  FINER] [   FXGL.SystemLogger] [JavaFX Application Thread] sun.jnu.encoding=Cp1252
09 Dec 2016, 18:25:41.940 [  FINER] [   FXGL.SystemLogger] [JavaFX Application Thread] os.name=Windows 10
09 Dec 2016, 18:25:41.941 [  FINER] [   FXGL.SystemLogger] [JavaFX Application Thread] user.variant=
09 Dec 2016, 18:25:41.942 [  FINER] [   FXGL.SystemLogger] [JavaFX Application Thread] java.vm.specification.vendor=Oracle Corporation
09 Dec 2016, 18:25:41.943 [  FINER] [   FXGL.SystemLogger] [JavaFX Application Thread] java.io.tmpdir=C:\Users\Tyler\AppData\Local\Temp\
09 Dec 2016, 18:25:41.944 [  FINER] [   FXGL.SystemLogger] [JavaFX Application Thread] line.separator=

09 Dec 2016, 18:25:41.945 [  FINER] [   FXGL.SystemLogger] [JavaFX Application Thread] java.endorsed.dirs=C:\Program Files\Java\jdk1.8.0_111\jre\lib\endorsed
09 Dec 2016, 18:25:41.946 [  FINER] [   FXGL.SystemLogger] [JavaFX Application Thread] os.arch=amd64
09 Dec 2016, 18:25:41.946 [  FINER] [   FXGL.SystemLogger] [JavaFX Application Thread] javafx.runtime.version=8.0.111-b14
09 Dec 2016, 18:25:41.947 [  FINER] [   FXGL.SystemLogger] [JavaFX Application Thread] java.awt.graphicsenv=sun.awt.Win32GraphicsEnvironment
09 Dec 2016, 18:25:41.948 [  FINER] [   FXGL.SystemLogger] [JavaFX Application Thread] java.runtime.version=1.8.0_111-b14
09 Dec 2016, 18:25:41.949 [  FINER] [   FXGL.SystemLogger] [JavaFX Application Thread] java.vm.specification.name=Java Virtual Machine Specification
09 Dec 2016, 18:25:41.950 [  FINER] [   FXGL.SystemLogger] [JavaFX Application Thread] user.dir=C:\Users\Tyler\Documents\NetBeansProjects\MissileCommand
09 Dec 2016, 18:25:41.951 [  FINER] [   FXGL.SystemLogger] [JavaFX Application Thread] user.country=GB
09 Dec 2016, 18:25:41.951 [  FINER] [   FXGL.SystemLogger] [JavaFX Application Thread] user.script=
09 Dec 2016, 18:25:41.952 [  FINER] [   FXGL.SystemLogger] [JavaFX Application Thread] sun.java.launcher=SUN_STANDARD
09 Dec 2016, 18:25:41.953 [  FINER] [   FXGL.SystemLogger] [JavaFX Application Thread] sun.os.patch.level=
09 Dec 2016, 18:25:41.954 [  FINER] [   FXGL.SystemLogger] [JavaFX Application Thread] java.vm.name=Java HotSpot(TM) 64-Bit Server VM
09 Dec 2016, 18:25:41.954 [  FINER] [   FXGL.SystemLogger] [JavaFX Application Thread] file.encoding.pkg=sun.io
09 Dec 2016, 18:25:41.955 [  FINER] [   FXGL.SystemLogger] [JavaFX Application Thread] path.separator=;
09 Dec 2016, 18:25:41.955 [  FINER] [   FXGL.SystemLogger] [JavaFX Application Thread] java.vm.vendor=Oracle Corporation
09 Dec 2016, 18:25:41.956 [  FINER] [   FXGL.SystemLogger] [JavaFX Application Thread] java.vendor.url=http://java.oracle.com/
09 Dec 2016, 18:25:41.957 [  FINER] [   FXGL.SystemLogger] [JavaFX Application Thread] sun.boot.library.path=C:\Program Files\Java\jdk1.8.0_111\jre\bin
09 Dec 2016, 18:25:41.957 [  FINER] [   FXGL.SystemLogger] [JavaFX Application Thread] java.vm.version=25.111-b14
09 Dec 2016, 18:25:41.958 [  FINER] [   FXGL.SystemLogger] [JavaFX Application Thread] java.runtime.name=Java(TM) SE Runtime Environment
09 Dec 2016, 18:25:41.959 [  FINER] [   FXGL.SystemLogger] [JavaFX Application Thread] javafx.version=8.0.111
09 Dec 2016, 18:25:41.969 [   INFO] [   FXGL.SystemLogger] [JavaFX Application Thread] FXGL-0.2.8
09 Dec 2016, 18:25:41.971 [   INFO] [   FXGL.SystemLogger] [JavaFX Application Thread] Source code and latest versions at: https://github.com/AlmasB/FXGL
09 Dec 2016, 18:25:41.972 [   INFO] [   FXGL.SystemLogger] [JavaFX Application Thread]              Join the FXGL chat at: https://gitter.im/AlmasB/FXGL
09 Dec 2016, 18:25:41.985 [  FINER] [   FXGL.SystemLogger] [JavaFX Application Thread] Starting JavaFX
09 Dec 2016, 18:25:41.989 [  FINER] [   FXGL.SystemLogger] [          JavaFX-Launcher] Initializing FXGL
09 Dec 2016, 18:25:42.039 [  FINER] [   FXGL.SystemLogger] [JavaFX Application Thread] Starting FXGL
09 Dec 2016, 18:25:42.657 [  FINER] [   FXGL.SystemLogger] [     FXGL Launcher Thread] Configuring FXGL
09 Dec 2016, 18:25:42.659 [  FINER] [   FXGL.SystemLogger] [     FXGL Launcher Thread] Initializing system properties
09 Dec 2016, 18:25:42.738 [  FINER] [   FXGL.SystemLogger] [     FXGL Launcher Thread] sound.notification = system/notification.wav
09 Dec 2016, 18:25:42.739 [  FINER] [   FXGL.SystemLogger] [     FXGL Launcher Thread] url.storage = https://raw.githubusercontent.com/AlmasB/git-server/master/storage/
09 Dec 2016, 18:25:42.740 [  FINER] [   FXGL.SystemLogger] [     FXGL Launcher Thread] asset.cache.size = 35
09 Dec 2016, 18:25:42.741 [  FINER] [   FXGL.SystemLogger] [     FXGL Launcher Thread] fs.profiledir = profiles/
09 Dec 2016, 18:25:42.742 [  FINER] [   FXGL.SystemLogger] [     FXGL Launcher Thread] url.pom = https://raw.githubusercontent.com/AlmasB/FXGL/master/pom.xml
09 Dec 2016, 18:25:42.743 [  FINER] [   FXGL.SystemLogger] [     FXGL Launcher Thread] fs.datafile.ext = .dat
09 Dec 2016, 18:25:42.744 [  FINER] [   FXGL.SystemLogger] [     FXGL Launcher Thread] sound.menu.back = menu/back.wav
09 Dec 2016, 18:25:42.745 [  FINER] [   FXGL.SystemLogger] [     FXGL Launcher Thread] sound.menu.select = menu/select.wav
09 Dec 2016, 18:25:42.746 [  FINER] [   FXGL.SystemLogger] [     FXGL Launcher Thread] url.github = https://github.com/AlmasB/FXGL
09 Dec 2016, 18:25:42.747 [  FINER] [   FXGL.SystemLogger] [     FXGL Launcher Thread] physics.ppm = 50.0
09 Dec 2016, 18:25:42.750 [  FINER] [   FXGL.SystemLogger] [     FXGL Launcher Thread] ui.css = fxgl.css
09 Dec 2016, 18:25:42.751 [  FINER] [   FXGL.SystemLogger] [     FXGL Launcher Thread] version.check.days = 7
09 Dec 2016, 18:25:42.752 [  FINER] [   FXGL.SystemLogger] [     FXGL Launcher Thread] fs.savefile.ext = .sav
09 Dec 2016, 18:25:42.752 [  FINER] [   FXGL.SystemLogger] [     FXGL Launcher Thread] pooling.initialSize = 128
09 Dec 2016, 18:25:42.753 [  FINER] [   FXGL.SystemLogger] [     FXGL Launcher Thread] ui.font = Copperplate_Gothic_Light_Regular.ttf
09 Dec 2016, 18:25:42.754 [  FINER] [   FXGL.SystemLogger] [     FXGL Launcher Thread] fs.savedir = saves/
09 Dec 2016, 18:25:42.755 [  FINER] [   FXGL.SystemLogger] [     FXGL Launcher Thread] fs.profilename = user.profile
09 Dec 2016, 18:25:42.756 [  FINER] [   FXGL.SystemLogger] [     FXGL Launcher Thread] ui.icon.name = fxgl_icon.png
09 Dec 2016, 18:25:42.757 [  FINER] [   FXGL.SystemLogger] [     FXGL Launcher Thread] sound.menu.press = menu/press.wav
09 Dec 2016, 18:25:42.757 [  FINER] [   FXGL.SystemLogger] [     FXGL Launcher Thread] Initializing user properties
09 Dec 2016, 18:25:42.759 [   INFO] [   FXGL.SystemLogger] [     FXGL Launcher Thread] User properties not found. Using system
09 Dec 2016, 18:25:42.761 [  FINER] [   FXGL.SystemLogger] [     FXGL Launcher Thread] Initializing app settings
09 Dec 2016, 18:25:42.786 [  FINER] [   FXGL.SystemLogger] [     FXGL Launcher Thread] Logging settings
Title: Missile Command
Version: 0.1
Width: 600
Height: 600
Fullscreen: false
Intro: false
Menus: false
Profiling: false
App Mode: DEVELOPER
Menu Style: FXGL_DEFAULT
Menu Key: ESCAPE
Services: []
09 Dec 2016, 18:25:44.822 [  FINER] [   FXGL.SystemLogger] [     FXGL Launcher Thread] FXGL configuration complete
09 Dec 2016, 18:25:44.824 [   INFO] [   FXGL.SystemLogger] [     FXGL Launcher Thread] FXGL configuration took:  2.165 sec
09 Dec 2016, 18:25:44.829 [  FINER] [   FXGL.SystemLogger] [JavaFX Application Thread] Running task: UpdaterTask
09 Dec 2016, 18:25:44.841 [  FINER] [   FXGL.SystemLogger] [     FXGL Launcher Thread] Running task: PreInitTask
09 Dec 2016, 18:25:45.071 [  FINER] [   FXGL.SystemLogger] [     FXGL Launcher Thread] Running task: InitScenesTask
09 Dec 2016, 18:25:45.770 [  FINER] [   FXGL.SystemLogger] [     FXGL Launcher Thread] Running task: InitEventHandlersTask
09 Dec 2016, 18:25:45.854 [  FINER] [   FXGL.SystemLogger] [     FXGL Launcher Thread] Running task: InitProfilerTask
09 Dec 2016, 18:25:45.869 [  FINER] [   FXGL.SystemLogger] [     FXGL Launcher Thread] Pausing main loop
09 Dec 2016, 18:25:45.878 [  FINER] [   FXGL.SystemLogger] [     FXGL Launcher Thread] Resetting FXGL application
09 Dec 2016, 18:25:46.134 [   INFO] [   FXGL.SystemLogger] [     FXGL Launcher Thread] Game configuration took:  1.292 sec
09 Dec 2016, 18:25:46.434 [   INFO] [   FXGL.SystemLogger] [ FXGL Background Thread 1] Game initialization took: 0.296 sec
09 Dec 2016, 18:25:46.549 [  FINER] [   FXGL.SystemLogger] [JavaFX Application Thread] Resuming main loop
09 Dec 2016, 18:25:55.807 [  FINER] [   FXGL.SystemLogger] [JavaFX Application Thread] Exiting Normally
09 Dec 2016, 18:25:55.824 [  FINER] [   FXGL.SystemLogger] [JavaFX Application Thread] Exiting FXGL
09 Dec 2016, 18:25:55.824 [  FINER] [   FXGL.SystemLogger] [JavaFX Application Thread] Logger is closing
