14 Dec 2016, 19:39:23.921 [   INFO] [   FXGL.SystemLogger] [JavaFX Application Thread] System Logger is initialized
14 Dec 2016, 19:39:23.958 [  FINER] [   FXGL.SystemLogger] [JavaFX Application Thread] Logging System Info
14 Dec 2016, 19:39:23.959 [  FINER] [   FXGL.SystemLogger] [JavaFX Application Thread] CPU cores: 4
14 Dec 2016, 19:39:23.968 [  FINER] [   FXGL.SystemLogger] [JavaFX Application Thread] Free Memory: 48MB
14 Dec 2016, 19:39:23.969 [  FINER] [   FXGL.SystemLogger] [JavaFX Application Thread] Max Memory: 866MB
14 Dec 2016, 19:39:23.972 [  FINER] [   FXGL.SystemLogger] [JavaFX Application Thread] Total Memory: 60MB
14 Dec 2016, 19:39:23.974 [  FINER] [   FXGL.SystemLogger] [JavaFX Application Thread] System Properties:
14 Dec 2016, 19:39:23.977 [  FINER] [   FXGL.SystemLogger] [JavaFX Application Thread] sun.cpu.isalist=amd64
14 Dec 2016, 19:39:23.978 [  FINER] [   FXGL.SystemLogger] [JavaFX Application Thread] sun.desktop=windows
14 Dec 2016, 19:39:23.979 [  FINER] [   FXGL.SystemLogger] [JavaFX Application Thread] sun.io.unicode.encoding=UnicodeLittle
14 Dec 2016, 19:39:23.980 [  FINER] [   FXGL.SystemLogger] [JavaFX Application Thread] sun.cpu.endian=little
14 Dec 2016, 19:39:23.981 [  FINER] [   FXGL.SystemLogger] [JavaFX Application Thread] java.vendor.url.bug=http://bugreport.sun.com/bugreport/
14 Dec 2016, 19:39:23.982 [  FINER] [   FXGL.SystemLogger] [JavaFX Application Thread] file.separator=\
14 Dec 2016, 19:39:23.983 [  FINER] [   FXGL.SystemLogger] [JavaFX Application Thread] java.vendor=Oracle Corporation
14 Dec 2016, 19:39:23.983 [  FINER] [   FXGL.SystemLogger] [JavaFX Application Thread] sun.boot.class.path=C:\Program Files\Java\jdk1.8.0_111\jre\lib\resources.jar;C:\Program Files\Java\jdk1.8.0_111\jre\lib\rt.jar;C:\Program Files\Java\jdk1.8.0_111\jre\lib\sunrsasign.jar;C:\Program Files\Java\jdk1.8.0_111\jre\lib\jsse.jar;C:\Program Files\Java\jdk1.8.0_111\jre\lib\jce.jar;C:\Program Files\Java\jdk1.8.0_111\jre\lib\charsets.jar;C:\Program Files\Java\jdk1.8.0_111\jre\lib\jfr.jar;C:\Program Files\Java\jdk1.8.0_111\jre\classes
14 Dec 2016, 19:39:23.984 [  FINER] [   FXGL.SystemLogger] [JavaFX Application Thread] java.ext.dirs=C:\Program Files\Java\jdk1.8.0_111\jre\lib\ext;C:\WINDOWS\Sun\Java\lib\ext
14 Dec 2016, 19:39:23.985 [  FINER] [   FXGL.SystemLogger] [JavaFX Application Thread] java.version=1.8.0_111
14 Dec 2016, 19:39:23.985 [  FINER] [   FXGL.SystemLogger] [JavaFX Application Thread] java.vm.info=mixed mode
14 Dec 2016, 19:39:23.986 [  FINER] [   FXGL.SystemLogger] [JavaFX Application Thread] awt.toolkit=sun.awt.windows.WToolkit
14 Dec 2016, 19:39:23.987 [  FINER] [   FXGL.SystemLogger] [JavaFX Application Thread] user.language=en
14 Dec 2016, 19:39:23.988 [  FINER] [   FXGL.SystemLogger] [JavaFX Application Thread] java.specification.vendor=Oracle Corporation
14 Dec 2016, 19:39:23.989 [  FINER] [   FXGL.SystemLogger] [JavaFX Application Thread] sun.java.command=com.tylere.mc.MissileCommandApp
14 Dec 2016, 19:39:23.990 [  FINER] [   FXGL.SystemLogger] [JavaFX Application Thread] java.home=C:\Program Files\Java\jdk1.8.0_111\jre
14 Dec 2016, 19:39:23.990 [  FINER] [   FXGL.SystemLogger] [JavaFX Application Thread] sun.arch.data.model=64
14 Dec 2016, 19:39:23.991 [  FINER] [   FXGL.SystemLogger] [JavaFX Application Thread] java.vm.specification.version=1.8
14 Dec 2016, 19:39:23.992 [  FINER] [   FXGL.SystemLogger] [JavaFX Application Thread] java.class.path=C:\Users\Tyler\Downloads\FXGL-0.2.8-uber.jar;C:\Users\Tyler\Documents\NetBeansProjects\MissileCommand\build\classes
14 Dec 2016, 19:39:23.993 [  FINER] [   FXGL.SystemLogger] [JavaFX Application Thread] user.name=Tyler
14 Dec 2016, 19:39:23.994 [  FINER] [   FXGL.SystemLogger] [JavaFX Application Thread] file.encoding=UTF-8
14 Dec 2016, 19:39:23.995 [  FINER] [   FXGL.SystemLogger] [JavaFX Application Thread] java.specification.version=1.8
14 Dec 2016, 19:39:23.996 [  FINER] [   FXGL.SystemLogger] [JavaFX Application Thread] java.awt.printerjob=sun.awt.windows.WPrinterJob
14 Dec 2016, 19:39:23.997 [  FINER] [   FXGL.SystemLogger] [JavaFX Application Thread] user.timezone=America/New_York
14 Dec 2016, 19:39:23.998 [  FINER] [   FXGL.SystemLogger] [JavaFX Application Thread] user.home=C:\Users\Tyler
14 Dec 2016, 19:39:23.999 [  FINER] [   FXGL.SystemLogger] [JavaFX Application Thread] os.version=10.0
14 Dec 2016, 19:39:24.000 [  FINER] [   FXGL.SystemLogger] [JavaFX Application Thread] sun.management.compiler=HotSpot 64-Bit Tiered Compilers
14 Dec 2016, 19:39:24.001 [  FINER] [   FXGL.SystemLogger] [JavaFX Application Thread] java.specification.name=Java Platform API Specification
14 Dec 2016, 19:39:24.002 [  FINER] [   FXGL.SystemLogger] [JavaFX Application Thread] java.class.version=52.0
14 Dec 2016, 19:39:24.003 [  FINER] [   FXGL.SystemLogger] [JavaFX Application Thread] java.library.path=C:\Program Files\Java\jdk1.8.0_111\bin;C:\WINDOWS\Sun\Java\bin;C:\WINDOWS\system32;C:\WINDOWS;C:\ProgramData\Oracle\Java\javapath;C:\Program Files (x86)\NVIDIA Corporation\PhysX\Common;C:\WINDOWS\system32;C:\WINDOWS;C:\WINDOWS\System32\Wbem;C:\WINDOWS\System32\WindowsPowerShell\v1.0\;C:\Program Files (x86)\QuickTime\QTSystem\;C:\Program Files (x86)\Calibre2\;C:\Program Files (x86)\Skype\Phone\;C:\Program Files (x86)\Extensis\Suitcase Fusion 6\;C:\Program Files (x86)\MiKTeX 2.9\miktex\bin\;C:\Program Files (x86)\Brackets\command;C:\Users\Tyler\AppData\Local\Programs\Python\Python35-32\Scripts\;C:\Users\Tyler\AppData\Local\Programs\Python\Python35-32\;%USERPROFILE%\AppData\Local\Microsoft\WindowsApps;;.
14 Dec 2016, 19:39:24.004 [  FINER] [   FXGL.SystemLogger] [JavaFX Application Thread] sun.jnu.encoding=Cp1252
14 Dec 2016, 19:39:24.005 [  FINER] [   FXGL.SystemLogger] [JavaFX Application Thread] os.name=Windows 10
14 Dec 2016, 19:39:24.006 [  FINER] [   FXGL.SystemLogger] [JavaFX Application Thread] user.variant=
14 Dec 2016, 19:39:24.006 [  FINER] [   FXGL.SystemLogger] [JavaFX Application Thread] java.vm.specification.vendor=Oracle Corporation
14 Dec 2016, 19:39:24.008 [  FINER] [   FXGL.SystemLogger] [JavaFX Application Thread] java.io.tmpdir=C:\Users\Tyler\AppData\Local\Temp\
14 Dec 2016, 19:39:24.009 [  FINER] [   FXGL.SystemLogger] [JavaFX Application Thread] line.separator=

14 Dec 2016, 19:39:24.010 [  FINER] [   FXGL.SystemLogger] [JavaFX Application Thread] java.endorsed.dirs=C:\Program Files\Java\jdk1.8.0_111\jre\lib\endorsed
14 Dec 2016, 19:39:24.011 [  FINER] [   FXGL.SystemLogger] [JavaFX Application Thread] os.arch=amd64
14 Dec 2016, 19:39:24.011 [  FINER] [   FXGL.SystemLogger] [JavaFX Application Thread] javafx.runtime.version=8.0.111-b14
14 Dec 2016, 19:39:24.012 [  FINER] [   FXGL.SystemLogger] [JavaFX Application Thread] java.awt.graphicsenv=sun.awt.Win32GraphicsEnvironment
14 Dec 2016, 19:39:24.013 [  FINER] [   FXGL.SystemLogger] [JavaFX Application Thread] java.runtime.version=1.8.0_111-b14
14 Dec 2016, 19:39:24.013 [  FINER] [   FXGL.SystemLogger] [JavaFX Application Thread] java.vm.specification.name=Java Virtual Machine Specification
14 Dec 2016, 19:39:24.014 [  FINER] [   FXGL.SystemLogger] [JavaFX Application Thread] user.dir=C:\Users\Tyler\Documents\NetBeansProjects\MissileCommand
14 Dec 2016, 19:39:24.015 [  FINER] [   FXGL.SystemLogger] [JavaFX Application Thread] user.country=GB
14 Dec 2016, 19:39:24.016 [  FINER] [   FXGL.SystemLogger] [JavaFX Application Thread] user.script=
14 Dec 2016, 19:39:24.016 [  FINER] [   FXGL.SystemLogger] [JavaFX Application Thread] sun.java.launcher=SUN_STANDARD
14 Dec 2016, 19:39:24.017 [  FINER] [   FXGL.SystemLogger] [JavaFX Application Thread] sun.os.patch.level=
14 Dec 2016, 19:39:24.018 [  FINER] [   FXGL.SystemLogger] [JavaFX Application Thread] java.vm.name=Java HotSpot(TM) 64-Bit Server VM
14 Dec 2016, 19:39:24.018 [  FINER] [   FXGL.SystemLogger] [JavaFX Application Thread] file.encoding.pkg=sun.io
14 Dec 2016, 19:39:24.019 [  FINER] [   FXGL.SystemLogger] [JavaFX Application Thread] path.separator=;
14 Dec 2016, 19:39:24.019 [  FINER] [   FXGL.SystemLogger] [JavaFX Application Thread] java.vm.vendor=Oracle Corporation
14 Dec 2016, 19:39:24.020 [  FINER] [   FXGL.SystemLogger] [JavaFX Application Thread] java.vendor.url=http://java.oracle.com/
14 Dec 2016, 19:39:24.021 [  FINER] [   FXGL.SystemLogger] [JavaFX Application Thread] sun.boot.library.path=C:\Program Files\Java\jdk1.8.0_111\jre\bin
14 Dec 2016, 19:39:24.022 [  FINER] [   FXGL.SystemLogger] [JavaFX Application Thread] java.vm.version=25.111-b14
14 Dec 2016, 19:39:24.023 [  FINER] [   FXGL.SystemLogger] [JavaFX Application Thread] java.runtime.name=Java(TM) SE Runtime Environment
14 Dec 2016, 19:39:24.024 [  FINER] [   FXGL.SystemLogger] [JavaFX Application Thread] javafx.version=8.0.111
14 Dec 2016, 19:39:24.036 [   INFO] [   FXGL.SystemLogger] [JavaFX Application Thread] FXGL-0.2.8
14 Dec 2016, 19:39:24.038 [   INFO] [   FXGL.SystemLogger] [JavaFX Application Thread] Source code and latest versions at: https://github.com/AlmasB/FXGL
14 Dec 2016, 19:39:24.040 [   INFO] [   FXGL.SystemLogger] [JavaFX Application Thread]              Join the FXGL chat at: https://gitter.im/AlmasB/FXGL
14 Dec 2016, 19:39:24.059 [  FINER] [   FXGL.SystemLogger] [JavaFX Application Thread] Starting JavaFX
14 Dec 2016, 19:39:24.064 [  FINER] [   FXGL.SystemLogger] [          JavaFX-Launcher] Initializing FXGL
14 Dec 2016, 19:39:24.120 [  FINER] [   FXGL.SystemLogger] [JavaFX Application Thread] Starting FXGL
14 Dec 2016, 19:39:24.740 [  FINER] [   FXGL.SystemLogger] [     FXGL Launcher Thread] Configuring FXGL
14 Dec 2016, 19:39:24.742 [  FINER] [   FXGL.SystemLogger] [     FXGL Launcher Thread] Initializing system properties
14 Dec 2016, 19:39:24.824 [  FINER] [   FXGL.SystemLogger] [     FXGL Launcher Thread] sound.notification = system/notification.wav
14 Dec 2016, 19:39:24.827 [  FINER] [   FXGL.SystemLogger] [     FXGL Launcher Thread] url.storage = https://raw.githubusercontent.com/AlmasB/git-server/master/storage/
14 Dec 2016, 19:39:24.828 [  FINER] [   FXGL.SystemLogger] [     FXGL Launcher Thread] asset.cache.size = 35
14 Dec 2016, 19:39:24.829 [  FINER] [   FXGL.SystemLogger] [     FXGL Launcher Thread] fs.profiledir = profiles/
14 Dec 2016, 19:39:24.830 [  FINER] [   FXGL.SystemLogger] [     FXGL Launcher Thread] url.pom = https://raw.githubusercontent.com/AlmasB/FXGL/master/pom.xml
14 Dec 2016, 19:39:24.831 [  FINER] [   FXGL.SystemLogger] [     FXGL Launcher Thread] fs.datafile.ext = .dat
14 Dec 2016, 19:39:24.832 [  FINER] [   FXGL.SystemLogger] [     FXGL Launcher Thread] sound.menu.back = menu/back.wav
14 Dec 2016, 19:39:24.833 [  FINER] [   FXGL.SystemLogger] [     FXGL Launcher Thread] sound.menu.select = menu/select.wav
14 Dec 2016, 19:39:24.834 [  FINER] [   FXGL.SystemLogger] [     FXGL Launcher Thread] url.github = https://github.com/AlmasB/FXGL
14 Dec 2016, 19:39:24.835 [  FINER] [   FXGL.SystemLogger] [     FXGL Launcher Thread] physics.ppm = 50.0
14 Dec 2016, 19:39:24.836 [  FINER] [   FXGL.SystemLogger] [     FXGL Launcher Thread] ui.css = fxgl.css
14 Dec 2016, 19:39:24.842 [  FINER] [   FXGL.SystemLogger] [     FXGL Launcher Thread] version.check.days = 7
14 Dec 2016, 19:39:24.843 [  FINER] [   FXGL.SystemLogger] [     FXGL Launcher Thread] fs.savefile.ext = .sav
14 Dec 2016, 19:39:24.844 [  FINER] [   FXGL.SystemLogger] [     FXGL Launcher Thread] pooling.initialSize = 128
14 Dec 2016, 19:39:24.845 [  FINER] [   FXGL.SystemLogger] [     FXGL Launcher Thread] ui.font = Copperplate_Gothic_Light_Regular.ttf
14 Dec 2016, 19:39:24.846 [  FINER] [   FXGL.SystemLogger] [     FXGL Launcher Thread] fs.savedir = saves/
14 Dec 2016, 19:39:24.847 [  FINER] [   FXGL.SystemLogger] [     FXGL Launcher Thread] fs.profilename = user.profile
14 Dec 2016, 19:39:24.848 [  FINER] [   FXGL.SystemLogger] [     FXGL Launcher Thread] ui.icon.name = fxgl_icon.png
14 Dec 2016, 19:39:24.848 [  FINER] [   FXGL.SystemLogger] [     FXGL Launcher Thread] sound.menu.press = menu/press.wav
14 Dec 2016, 19:39:24.849 [  FINER] [   FXGL.SystemLogger] [     FXGL Launcher Thread] Initializing user properties
14 Dec 2016, 19:39:24.850 [   INFO] [   FXGL.SystemLogger] [     FXGL Launcher Thread] User properties not found. Using system
14 Dec 2016, 19:39:24.852 [  FINER] [   FXGL.SystemLogger] [     FXGL Launcher Thread] Initializing app settings
14 Dec 2016, 19:39:24.875 [  FINER] [   FXGL.SystemLogger] [     FXGL Launcher Thread] Logging settings
Title: Missile Command
Version: 0.1
Width: 800
Height: 700
Fullscreen: false
Intro: false
Menus: false
Profiling: false
App Mode: DEVELOPER
Menu Style: FXGL_DEFAULT
Menu Key: ESCAPE
Services: []
14 Dec 2016, 19:39:26.739 [  FINER] [   FXGL.SystemLogger] [     FXGL Launcher Thread] FXGL configuration complete
14 Dec 2016, 19:39:26.741 [   INFO] [   FXGL.SystemLogger] [     FXGL Launcher Thread] FXGL configuration took:  1.999 sec
14 Dec 2016, 19:39:26.754 [  FINER] [   FXGL.SystemLogger] [JavaFX Application Thread] Running task: UpdaterTask
14 Dec 2016, 19:39:26.768 [  FINER] [   FXGL.SystemLogger] [     FXGL Launcher Thread] Running task: PreInitTask
14 Dec 2016, 19:39:26.969 [  FINER] [   FXGL.SystemLogger] [     FXGL Launcher Thread] Running task: InitScenesTask
14 Dec 2016, 19:39:27.622 [  FINER] [   FXGL.SystemLogger] [     FXGL Launcher Thread] Running task: InitEventHandlersTask
14 Dec 2016, 19:39:27.702 [  FINER] [   FXGL.SystemLogger] [     FXGL Launcher Thread] Running task: InitProfilerTask
14 Dec 2016, 19:39:27.713 [  FINER] [   FXGL.SystemLogger] [     FXGL Launcher Thread] Pausing main loop
14 Dec 2016, 19:39:27.720 [  FINER] [   FXGL.SystemLogger] [     FXGL Launcher Thread] Resetting FXGL application
14 Dec 2016, 19:39:27.969 [   INFO] [   FXGL.SystemLogger] [     FXGL Launcher Thread] Game configuration took:  1.201 sec
14 Dec 2016, 19:39:28.278 [   INFO] [   FXGL.SystemLogger] [ FXGL Background Thread 1] Game initialization took: 0.307 sec
14 Dec 2016, 19:39:28.340 [  FINER] [   FXGL.SystemLogger] [JavaFX Application Thread] Resuming main loop
14 Dec 2016, 19:39:33.796 [  FINER] [   FXGL.SystemLogger] [JavaFX Application Thread] Pausing main loop
14 Dec 2016, 19:39:48.709 [  FINER] [   FXGL.SystemLogger] [JavaFX Application Thread] Exiting Normally
14 Dec 2016, 19:39:48.725 [  FINER] [   FXGL.SystemLogger] [JavaFX Application Thread] Exiting FXGL
14 Dec 2016, 19:39:48.726 [  FINER] [   FXGL.SystemLogger] [JavaFX Application Thread] Logger is closing
