16 Dec 2016, 13:11:45.157 [   INFO] [   FXGL.SystemLogger] [JavaFX Application Thread] System Logger is initialized
16 Dec 2016, 13:11:45.181 [  FINER] [   FXGL.SystemLogger] [JavaFX Application Thread] Logging System Info
16 Dec 2016, 13:11:45.182 [  FINER] [   FXGL.SystemLogger] [JavaFX Application Thread] CPU cores: 4
16 Dec 2016, 13:11:45.186 [  FINER] [   FXGL.SystemLogger] [JavaFX Application Thread] Free Memory: 49MB
16 Dec 2016, 13:11:45.187 [  FINER] [   FXGL.SystemLogger] [JavaFX Application Thread] Max Memory: 866MB
16 Dec 2016, 13:11:45.189 [  FINER] [   FXGL.SystemLogger] [JavaFX Application Thread] Total Memory: 60MB
16 Dec 2016, 13:11:45.190 [  FINER] [   FXGL.SystemLogger] [JavaFX Application Thread] System Properties:
16 Dec 2016, 13:11:45.191 [  FINER] [   FXGL.SystemLogger] [JavaFX Application Thread] sun.cpu.isalist=amd64
16 Dec 2016, 13:11:45.192 [  FINER] [   FXGL.SystemLogger] [JavaFX Application Thread] sun.desktop=windows
16 Dec 2016, 13:11:45.193 [  FINER] [   FXGL.SystemLogger] [JavaFX Application Thread] sun.io.unicode.encoding=UnicodeLittle
16 Dec 2016, 13:11:45.193 [  FINER] [   FXGL.SystemLogger] [JavaFX Application Thread] sun.cpu.endian=little
16 Dec 2016, 13:11:45.194 [  FINER] [   FXGL.SystemLogger] [JavaFX Application Thread] java.vendor.url.bug=http://bugreport.sun.com/bugreport/
16 Dec 2016, 13:11:45.194 [  FINER] [   FXGL.SystemLogger] [JavaFX Application Thread] file.separator=\
16 Dec 2016, 13:11:45.195 [  FINER] [   FXGL.SystemLogger] [JavaFX Application Thread] java.vendor=Oracle Corporation
16 Dec 2016, 13:11:45.195 [  FINER] [   FXGL.SystemLogger] [JavaFX Application Thread] sun.boot.class.path=C:\Program Files\Java\jdk1.8.0_111\jre\lib\resources.jar;C:\Program Files\Java\jdk1.8.0_111\jre\lib\rt.jar;C:\Program Files\Java\jdk1.8.0_111\jre\lib\sunrsasign.jar;C:\Program Files\Java\jdk1.8.0_111\jre\lib\jsse.jar;C:\Program Files\Java\jdk1.8.0_111\jre\lib\jce.jar;C:\Program Files\Java\jdk1.8.0_111\jre\lib\charsets.jar;C:\Program Files\Java\jdk1.8.0_111\jre\lib\jfr.jar;C:\Program Files\Java\jdk1.8.0_111\jre\classes
16 Dec 2016, 13:11:45.196 [  FINER] [   FXGL.SystemLogger] [JavaFX Application Thread] java.ext.dirs=C:\Program Files\Java\jdk1.8.0_111\jre\lib\ext;C:\WINDOWS\Sun\Java\lib\ext
16 Dec 2016, 13:11:45.196 [  FINER] [   FXGL.SystemLogger] [JavaFX Application Thread] java.version=1.8.0_111
16 Dec 2016, 13:11:45.197 [  FINER] [   FXGL.SystemLogger] [JavaFX Application Thread] java.vm.info=mixed mode
16 Dec 2016, 13:11:45.197 [  FINER] [   FXGL.SystemLogger] [JavaFX Application Thread] awt.toolkit=sun.awt.windows.WToolkit
16 Dec 2016, 13:11:45.197 [  FINER] [   FXGL.SystemLogger] [JavaFX Application Thread] user.language=en
16 Dec 2016, 13:11:45.198 [  FINER] [   FXGL.SystemLogger] [JavaFX Application Thread] java.specification.vendor=Oracle Corporation
16 Dec 2016, 13:11:45.198 [  FINER] [   FXGL.SystemLogger] [JavaFX Application Thread] sun.java.command=com.tylere.mc.MissileCommandApp
16 Dec 2016, 13:11:45.199 [  FINER] [   FXGL.SystemLogger] [JavaFX Application Thread] java.home=C:\Program Files\Java\jdk1.8.0_111\jre
16 Dec 2016, 13:11:45.199 [  FINER] [   FXGL.SystemLogger] [JavaFX Application Thread] sun.arch.data.model=64
16 Dec 2016, 13:11:45.200 [  FINER] [   FXGL.SystemLogger] [JavaFX Application Thread] java.vm.specification.version=1.8
16 Dec 2016, 13:11:45.200 [  FINER] [   FXGL.SystemLogger] [JavaFX Application Thread] java.class.path=C:\Users\Tyler\Downloads\FXGL-0.2.8-uber.jar;C:\Users\Tyler\Documents\NetBeansProjects\MissileCommand\build\classes
16 Dec 2016, 13:11:45.201 [  FINER] [   FXGL.SystemLogger] [JavaFX Application Thread] user.name=Tyler
16 Dec 2016, 13:11:45.201 [  FINER] [   FXGL.SystemLogger] [JavaFX Application Thread] file.encoding=UTF-8
16 Dec 2016, 13:11:45.202 [  FINER] [   FXGL.SystemLogger] [JavaFX Application Thread] java.specification.version=1.8
16 Dec 2016, 13:11:45.204 [  FINER] [   FXGL.SystemLogger] [JavaFX Application Thread] java.awt.printerjob=sun.awt.windows.WPrinterJob
16 Dec 2016, 13:11:45.204 [  FINER] [   FXGL.SystemLogger] [JavaFX Application Thread] user.timezone=America/New_York
16 Dec 2016, 13:11:45.205 [  FINER] [   FXGL.SystemLogger] [JavaFX Application Thread] user.home=C:\Users\Tyler
16 Dec 2016, 13:11:45.206 [  FINER] [   FXGL.SystemLogger] [JavaFX Application Thread] os.version=10.0
16 Dec 2016, 13:11:45.208 [  FINER] [   FXGL.SystemLogger] [JavaFX Application Thread] sun.management.compiler=HotSpot 64-Bit Tiered Compilers
16 Dec 2016, 13:11:45.209 [  FINER] [   FXGL.SystemLogger] [JavaFX Application Thread] java.specification.name=Java Platform API Specification
16 Dec 2016, 13:11:45.211 [  FINER] [   FXGL.SystemLogger] [JavaFX Application Thread] java.class.version=52.0
16 Dec 2016, 13:11:45.212 [  FINER] [   FXGL.SystemLogger] [JavaFX Application Thread] java.library.path=C:\Program Files\Java\jdk1.8.0_111\bin;C:\WINDOWS\Sun\Java\bin;C:\WINDOWS\system32;C:\WINDOWS;C:\ProgramData\Oracle\Java\javapath;C:\Program Files (x86)\NVIDIA Corporation\PhysX\Common;C:\WINDOWS\system32;C:\WINDOWS;C:\WINDOWS\System32\Wbem;C:\WINDOWS\System32\WindowsPowerShell\v1.0\;C:\Program Files (x86)\QuickTime\QTSystem\;C:\Program Files (x86)\Calibre2\;C:\Program Files (x86)\Skype\Phone\;C:\Program Files (x86)\Extensis\Suitcase Fusion 6\;C:\Program Files (x86)\MiKTeX 2.9\miktex\bin\;C:\Program Files (x86)\Brackets\command;C:\Users\Tyler\AppData\Local\Programs\Python\Python35-32\Scripts\;C:\Users\Tyler\AppData\Local\Programs\Python\Python35-32\;%USERPROFILE%\AppData\Local\Microsoft\WindowsApps;;.
16 Dec 2016, 13:11:45.212 [  FINER] [   FXGL.SystemLogger] [JavaFX Application Thread] sun.jnu.encoding=Cp1252
16 Dec 2016, 13:11:45.213 [  FINER] [   FXGL.SystemLogger] [JavaFX Application Thread] os.name=Windows 10
16 Dec 2016, 13:11:45.213 [  FINER] [   FXGL.SystemLogger] [JavaFX Application Thread] user.variant=
16 Dec 2016, 13:11:45.215 [  FINER] [   FXGL.SystemLogger] [JavaFX Application Thread] java.vm.specification.vendor=Oracle Corporation
16 Dec 2016, 13:11:45.216 [  FINER] [   FXGL.SystemLogger] [JavaFX Application Thread] java.io.tmpdir=C:\Users\Tyler\AppData\Local\Temp\
16 Dec 2016, 13:11:45.216 [  FINER] [   FXGL.SystemLogger] [JavaFX Application Thread] line.separator=

16 Dec 2016, 13:11:45.217 [  FINER] [   FXGL.SystemLogger] [JavaFX Application Thread] java.endorsed.dirs=C:\Program Files\Java\jdk1.8.0_111\jre\lib\endorsed
16 Dec 2016, 13:11:45.217 [  FINER] [   FXGL.SystemLogger] [JavaFX Application Thread] os.arch=amd64
16 Dec 2016, 13:11:45.217 [  FINER] [   FXGL.SystemLogger] [JavaFX Application Thread] javafx.runtime.version=8.0.111-b14
16 Dec 2016, 13:11:45.218 [  FINER] [   FXGL.SystemLogger] [JavaFX Application Thread] java.awt.graphicsenv=sun.awt.Win32GraphicsEnvironment
16 Dec 2016, 13:11:45.218 [  FINER] [   FXGL.SystemLogger] [JavaFX Application Thread] java.runtime.version=1.8.0_111-b14
16 Dec 2016, 13:11:45.219 [  FINER] [   FXGL.SystemLogger] [JavaFX Application Thread] java.vm.specification.name=Java Virtual Machine Specification
16 Dec 2016, 13:11:45.219 [  FINER] [   FXGL.SystemLogger] [JavaFX Application Thread] user.dir=C:\Users\Tyler\Documents\NetBeansProjects\MissileCommand
16 Dec 2016, 13:11:45.219 [  FINER] [   FXGL.SystemLogger] [JavaFX Application Thread] user.country=GB
16 Dec 2016, 13:11:45.220 [  FINER] [   FXGL.SystemLogger] [JavaFX Application Thread] user.script=
16 Dec 2016, 13:11:45.220 [  FINER] [   FXGL.SystemLogger] [JavaFX Application Thread] sun.java.launcher=SUN_STANDARD
16 Dec 2016, 13:11:45.220 [  FINER] [   FXGL.SystemLogger] [JavaFX Application Thread] sun.os.patch.level=
16 Dec 2016, 13:11:45.221 [  FINER] [   FXGL.SystemLogger] [JavaFX Application Thread] java.vm.name=Java HotSpot(TM) 64-Bit Server VM
16 Dec 2016, 13:11:45.221 [  FINER] [   FXGL.SystemLogger] [JavaFX Application Thread] file.encoding.pkg=sun.io
16 Dec 2016, 13:11:45.222 [  FINER] [   FXGL.SystemLogger] [JavaFX Application Thread] path.separator=;
16 Dec 2016, 13:11:45.222 [  FINER] [   FXGL.SystemLogger] [JavaFX Application Thread] java.vm.vendor=Oracle Corporation
16 Dec 2016, 13:11:45.222 [  FINER] [   FXGL.SystemLogger] [JavaFX Application Thread] java.vendor.url=http://java.oracle.com/
16 Dec 2016, 13:11:45.223 [  FINER] [   FXGL.SystemLogger] [JavaFX Application Thread] sun.boot.library.path=C:\Program Files\Java\jdk1.8.0_111\jre\bin
16 Dec 2016, 13:11:45.223 [  FINER] [   FXGL.SystemLogger] [JavaFX Application Thread] java.vm.version=25.111-b14
16 Dec 2016, 13:11:45.224 [  FINER] [   FXGL.SystemLogger] [JavaFX Application Thread] java.runtime.name=Java(TM) SE Runtime Environment
16 Dec 2016, 13:11:45.224 [  FINER] [   FXGL.SystemLogger] [JavaFX Application Thread] javafx.version=8.0.111
16 Dec 2016, 13:11:45.234 [   INFO] [   FXGL.SystemLogger] [JavaFX Application Thread] FXGL-0.2.8
16 Dec 2016, 13:11:45.235 [   INFO] [   FXGL.SystemLogger] [JavaFX Application Thread] Source code and latest versions at: https://github.com/AlmasB/FXGL
16 Dec 2016, 13:11:45.238 [   INFO] [   FXGL.SystemLogger] [JavaFX Application Thread]              Join the FXGL chat at: https://gitter.im/AlmasB/FXGL
16 Dec 2016, 13:11:45.254 [  FINER] [   FXGL.SystemLogger] [JavaFX Application Thread] Starting JavaFX
16 Dec 2016, 13:11:45.257 [  FINER] [   FXGL.SystemLogger] [          JavaFX-Launcher] Initializing FXGL
16 Dec 2016, 13:11:45.292 [  FINER] [   FXGL.SystemLogger] [JavaFX Application Thread] Starting FXGL
16 Dec 2016, 13:11:45.702 [  FINER] [   FXGL.SystemLogger] [     FXGL Launcher Thread] Configuring FXGL
16 Dec 2016, 13:11:45.703 [  FINER] [   FXGL.SystemLogger] [     FXGL Launcher Thread] Initializing system properties
16 Dec 2016, 13:11:45.751 [  FINER] [   FXGL.SystemLogger] [     FXGL Launcher Thread] sound.notification = system/notification.wav
16 Dec 2016, 13:11:45.751 [  FINER] [   FXGL.SystemLogger] [     FXGL Launcher Thread] url.storage = https://raw.githubusercontent.com/AlmasB/git-server/master/storage/
16 Dec 2016, 13:11:45.752 [  FINER] [   FXGL.SystemLogger] [     FXGL Launcher Thread] asset.cache.size = 35
16 Dec 2016, 13:11:45.752 [  FINER] [   FXGL.SystemLogger] [     FXGL Launcher Thread] fs.profiledir = profiles/
16 Dec 2016, 13:11:45.753 [  FINER] [   FXGL.SystemLogger] [     FXGL Launcher Thread] url.pom = https://raw.githubusercontent.com/AlmasB/FXGL/master/pom.xml
16 Dec 2016, 13:11:45.754 [  FINER] [   FXGL.SystemLogger] [     FXGL Launcher Thread] fs.datafile.ext = .dat
16 Dec 2016, 13:11:45.754 [  FINER] [   FXGL.SystemLogger] [     FXGL Launcher Thread] sound.menu.back = menu/back.wav
16 Dec 2016, 13:11:45.759 [  FINER] [   FXGL.SystemLogger] [     FXGL Launcher Thread] sound.menu.select = menu/select.wav
16 Dec 2016, 13:11:45.759 [  FINER] [   FXGL.SystemLogger] [     FXGL Launcher Thread] url.github = https://github.com/AlmasB/FXGL
16 Dec 2016, 13:11:45.760 [  FINER] [   FXGL.SystemLogger] [     FXGL Launcher Thread] physics.ppm = 50.0
16 Dec 2016, 13:11:45.763 [  FINER] [   FXGL.SystemLogger] [     FXGL Launcher Thread] ui.css = fxgl.css
16 Dec 2016, 13:11:45.764 [  FINER] [   FXGL.SystemLogger] [     FXGL Launcher Thread] version.check.days = 7
16 Dec 2016, 13:11:45.764 [  FINER] [   FXGL.SystemLogger] [     FXGL Launcher Thread] fs.savefile.ext = .sav
16 Dec 2016, 13:11:45.765 [  FINER] [   FXGL.SystemLogger] [     FXGL Launcher Thread] pooling.initialSize = 128
16 Dec 2016, 13:11:45.766 [  FINER] [   FXGL.SystemLogger] [     FXGL Launcher Thread] ui.font = Copperplate_Gothic_Light_Regular.ttf
16 Dec 2016, 13:11:45.766 [  FINER] [   FXGL.SystemLogger] [     FXGL Launcher Thread] fs.savedir = saves/
16 Dec 2016, 13:11:45.767 [  FINER] [   FXGL.SystemLogger] [     FXGL Launcher Thread] fs.profilename = user.profile
16 Dec 2016, 13:11:45.767 [  FINER] [   FXGL.SystemLogger] [     FXGL Launcher Thread] ui.icon.name = fxgl_icon.png
16 Dec 2016, 13:11:45.768 [  FINER] [   FXGL.SystemLogger] [     FXGL Launcher Thread] sound.menu.press = menu/press.wav
16 Dec 2016, 13:11:45.768 [  FINER] [   FXGL.SystemLogger] [     FXGL Launcher Thread] Initializing user properties
16 Dec 2016, 13:11:45.769 [   INFO] [   FXGL.SystemLogger] [     FXGL Launcher Thread] User properties not found. Using system
16 Dec 2016, 13:11:45.771 [  FINER] [   FXGL.SystemLogger] [     FXGL Launcher Thread] Initializing app settings
16 Dec 2016, 13:11:45.784 [  FINER] [   FXGL.SystemLogger] [     FXGL Launcher Thread] Logging settings
Title: Missile Command
Version: 0.3
Width: 800
Height: 700
Fullscreen: false
Intro: false
Menus: false
Profiling: true
App Mode: DEVELOPER
Menu Style: FXGL_DEFAULT
Menu Key: ESCAPE
Services: []
16 Dec 2016, 13:11:46.877 [  FINER] [   FXGL.SystemLogger] [     FXGL Launcher Thread] FXGL configuration complete
16 Dec 2016, 13:11:46.878 [   INFO] [   FXGL.SystemLogger] [     FXGL Launcher Thread] FXGL configuration took:  1.175 sec
16 Dec 2016, 13:11:46.886 [  FINER] [   FXGL.SystemLogger] [JavaFX Application Thread] Running task: UpdaterTask
16 Dec 2016, 13:11:46.892 [  FINER] [   FXGL.SystemLogger] [     FXGL Launcher Thread] Running task: PreInitTask
16 Dec 2016, 13:11:47.017 [  FINER] [   FXGL.SystemLogger] [     FXGL Launcher Thread] Running task: InitScenesTask
16 Dec 2016, 13:11:47.351 [  FINER] [   FXGL.SystemLogger] [     FXGL Launcher Thread] Running task: InitEventHandlersTask
16 Dec 2016, 13:11:47.396 [  FINER] [   FXGL.SystemLogger] [     FXGL Launcher Thread] Running task: InitProfilerTask
16 Dec 2016, 13:11:47.404 [  FINER] [   FXGL.SystemLogger] [     FXGL Launcher Thread] Pausing main loop
16 Dec 2016, 13:11:47.408 [  FINER] [   FXGL.SystemLogger] [     FXGL Launcher Thread] Resetting FXGL application
16 Dec 2016, 13:11:47.544 [   INFO] [   FXGL.SystemLogger] [     FXGL Launcher Thread] Game configuration took:  0.652 sec
16 Dec 2016, 13:11:47.706 [   INFO] [   FXGL.SystemLogger] [ FXGL Background Thread 1] Game initialization took: 0.161 sec
16 Dec 2016, 13:11:47.773 [  FINER] [   FXGL.SystemLogger] [JavaFX Application Thread] Resuming main loop
16 Dec 2016, 13:12:59.287 [  FINER] [   FXGL.SystemLogger] [JavaFX Application Thread] Exiting Normally
16 Dec 2016, 13:12:59.289 [   INFO] [   FXGL.SystemLogger] [JavaFX Application Thread] Processed Frames: 2526
16 Dec 2016, 13:12:59.291 [   INFO] [   FXGL.SystemLogger] [JavaFX Application Thread] Average FPS: 59
16 Dec 2016, 13:12:59.292 [   INFO] [   FXGL.SystemLogger] [JavaFX Application Thread] Avg Performance: 311
16 Dec 2016, 13:12:59.293 [   INFO] [   FXGL.SystemLogger] [JavaFX Application Thread] Avg Memory Usage: 36 MB
16 Dec 2016, 13:12:59.294 [   INFO] [   FXGL.SystemLogger] [JavaFX Application Thread] Min Memory Usage: 14 MB
16 Dec 2016, 13:12:59.295 [   INFO] [   FXGL.SystemLogger] [JavaFX Application Thread] Max Memory Usage: 62 MB
16 Dec 2016, 13:12:59.296 [   INFO] [   FXGL.SystemLogger] [JavaFX Application Thread] Estimated GC runs: 6
16 Dec 2016, 13:12:59.313 [  FINER] [   FXGL.SystemLogger] [JavaFX Application Thread] Exiting FXGL
16 Dec 2016, 13:12:59.314 [  FINER] [   FXGL.SystemLogger] [JavaFX Application Thread] Logger is closing
