09 Dec 2016, 18:26:48.201 [   INFO] [   FXGL.SystemLogger] [JavaFX Application Thread] System Logger is initialized
09 Dec 2016, 18:26:48.246 [  FINER] [   FXGL.SystemLogger] [JavaFX Application Thread] Logging System Info
09 Dec 2016, 18:26:48.247 [  FINER] [   FXGL.SystemLogger] [JavaFX Application Thread] CPU cores: 4
09 Dec 2016, 18:26:48.254 [  FINER] [   FXGL.SystemLogger] [JavaFX Application Thread] Free Memory: 49MB
09 Dec 2016, 18:26:48.255 [  FINER] [   FXGL.SystemLogger] [JavaFX Application Thread] Max Memory: 866MB
09 Dec 2016, 18:26:48.257 [  FINER] [   FXGL.SystemLogger] [JavaFX Application Thread] Total Memory: 60MB
09 Dec 2016, 18:26:48.258 [  FINER] [   FXGL.SystemLogger] [JavaFX Application Thread] System Properties:
09 Dec 2016, 18:26:48.261 [  FINER] [   FXGL.SystemLogger] [JavaFX Application Thread] sun.cpu.isalist=amd64
09 Dec 2016, 18:26:48.262 [  FINER] [   FXGL.SystemLogger] [JavaFX Application Thread] sun.desktop=windows
09 Dec 2016, 18:26:48.263 [  FINER] [   FXGL.SystemLogger] [JavaFX Application Thread] sun.io.unicode.encoding=UnicodeLittle
09 Dec 2016, 18:26:48.264 [  FINER] [   FXGL.SystemLogger] [JavaFX Application Thread] sun.cpu.endian=little
09 Dec 2016, 18:26:48.265 [  FINER] [   FXGL.SystemLogger] [JavaFX Application Thread] java.vendor.url.bug=http://bugreport.sun.com/bugreport/
09 Dec 2016, 18:26:48.266 [  FINER] [   FXGL.SystemLogger] [JavaFX Application Thread] file.separator=\
09 Dec 2016, 18:26:48.267 [  FINER] [   FXGL.SystemLogger] [JavaFX Application Thread] java.vendor=Oracle Corporation
09 Dec 2016, 18:26:48.268 [  FINER] [   FXGL.SystemLogger] [JavaFX Application Thread] sun.boot.class.path=C:\Program Files\Java\jdk1.8.0_111\jre\lib\resources.jar;C:\Program Files\Java\jdk1.8.0_111\jre\lib\rt.jar;C:\Program Files\Java\jdk1.8.0_111\jre\lib\sunrsasign.jar;C:\Program Files\Java\jdk1.8.0_111\jre\lib\jsse.jar;C:\Program Files\Java\jdk1.8.0_111\jre\lib\jce.jar;C:\Program Files\Java\jdk1.8.0_111\jre\lib\charsets.jar;C:\Program Files\Java\jdk1.8.0_111\jre\lib\jfr.jar;C:\Program Files\Java\jdk1.8.0_111\jre\classes
09 Dec 2016, 18:26:48.269 [  FINER] [   FXGL.SystemLogger] [JavaFX Application Thread] java.ext.dirs=C:\Program Files\Java\jdk1.8.0_111\jre\lib\ext;C:\WINDOWS\Sun\Java\lib\ext
09 Dec 2016, 18:26:48.270 [  FINER] [   FXGL.SystemLogger] [JavaFX Application Thread] java.version=1.8.0_111
09 Dec 2016, 18:26:48.271 [  FINER] [   FXGL.SystemLogger] [JavaFX Application Thread] java.vm.info=mixed mode
09 Dec 2016, 18:26:48.271 [  FINER] [   FXGL.SystemLogger] [JavaFX Application Thread] awt.toolkit=sun.awt.windows.WToolkit
09 Dec 2016, 18:26:48.272 [  FINER] [   FXGL.SystemLogger] [JavaFX Application Thread] user.language=en
09 Dec 2016, 18:26:48.273 [  FINER] [   FXGL.SystemLogger] [JavaFX Application Thread] java.specification.vendor=Oracle Corporation
09 Dec 2016, 18:26:48.274 [  FINER] [   FXGL.SystemLogger] [JavaFX Application Thread] sun.java.command=com.tylere.mc.MissileCommandApp
09 Dec 2016, 18:26:48.275 [  FINER] [   FXGL.SystemLogger] [JavaFX Application Thread] java.home=C:\Program Files\Java\jdk1.8.0_111\jre
09 Dec 2016, 18:26:48.275 [  FINER] [   FXGL.SystemLogger] [JavaFX Application Thread] sun.arch.data.model=64
09 Dec 2016, 18:26:48.276 [  FINER] [   FXGL.SystemLogger] [JavaFX Application Thread] java.vm.specification.version=1.8
09 Dec 2016, 18:26:48.277 [  FINER] [   FXGL.SystemLogger] [JavaFX Application Thread] java.class.path=C:\Users\Tyler\Downloads\FXGL-0.2.8-uber.jar;C:\Users\Tyler\Documents\NetBeansProjects\MissileCommand\build\classes
09 Dec 2016, 18:26:48.278 [  FINER] [   FXGL.SystemLogger] [JavaFX Application Thread] user.name=Tyler
09 Dec 2016, 18:26:48.278 [  FINER] [   FXGL.SystemLogger] [JavaFX Application Thread] file.encoding=UTF-8
09 Dec 2016, 18:26:48.279 [  FINER] [   FXGL.SystemLogger] [JavaFX Application Thread] java.specification.version=1.8
09 Dec 2016, 18:26:48.279 [  FINER] [   FXGL.SystemLogger] [JavaFX Application Thread] java.awt.printerjob=sun.awt.windows.WPrinterJob
09 Dec 2016, 18:26:48.280 [  FINER] [   FXGL.SystemLogger] [JavaFX Application Thread] user.timezone=America/New_York
09 Dec 2016, 18:26:48.281 [  FINER] [   FXGL.SystemLogger] [JavaFX Application Thread] user.home=C:\Users\Tyler
09 Dec 2016, 18:26:48.282 [  FINER] [   FXGL.SystemLogger] [JavaFX Application Thread] os.version=10.0
09 Dec 2016, 18:26:48.283 [  FINER] [   FXGL.SystemLogger] [JavaFX Application Thread] sun.management.compiler=HotSpot 64-Bit Tiered Compilers
09 Dec 2016, 18:26:48.284 [  FINER] [   FXGL.SystemLogger] [JavaFX Application Thread] java.specification.name=Java Platform API Specification
09 Dec 2016, 18:26:48.285 [  FINER] [   FXGL.SystemLogger] [JavaFX Application Thread] java.class.version=52.0
09 Dec 2016, 18:26:48.285 [  FINER] [   FXGL.SystemLogger] [JavaFX Application Thread] java.library.path=C:\Program Files\Java\jdk1.8.0_111\bin;C:\WINDOWS\Sun\Java\bin;C:\WINDOWS\system32;C:\WINDOWS;C:\ProgramData\Oracle\Java\javapath;C:\Program Files (x86)\NVIDIA Corporation\PhysX\Common;C:\WINDOWS\system32;C:\WINDOWS;C:\WINDOWS\System32\Wbem;C:\WINDOWS\System32\WindowsPowerShell\v1.0\;C:\Program Files (x86)\QuickTime\QTSystem\;C:\Program Files (x86)\Calibre2\;C:\Program Files (x86)\Skype\Phone\;C:\Program Files (x86)\Extensis\Suitcase Fusion 6\;C:\Program Files (x86)\MiKTeX 2.9\miktex\bin\;C:\Program Files (x86)\Brackets\command;C:\Users\Tyler\AppData\Local\Programs\Python\Python35-32\Scripts\;C:\Users\Tyler\AppData\Local\Programs\Python\Python35-32\;%USERPROFILE%\AppData\Local\Microsoft\WindowsApps;;.
09 Dec 2016, 18:26:48.286 [  FINER] [   FXGL.SystemLogger] [JavaFX Application Thread] sun.jnu.encoding=Cp1252
09 Dec 2016, 18:26:48.287 [  FINER] [   FXGL.SystemLogger] [JavaFX Application Thread] os.name=Windows 10
09 Dec 2016, 18:26:48.288 [  FINER] [   FXGL.SystemLogger] [JavaFX Application Thread] user.variant=
09 Dec 2016, 18:26:48.289 [  FINER] [   FXGL.SystemLogger] [JavaFX Application Thread] java.vm.specification.vendor=Oracle Corporation
09 Dec 2016, 18:26:48.290 [  FINER] [   FXGL.SystemLogger] [JavaFX Application Thread] java.io.tmpdir=C:\Users\Tyler\AppData\Local\Temp\
09 Dec 2016, 18:26:48.291 [  FINER] [   FXGL.SystemLogger] [JavaFX Application Thread] line.separator=

09 Dec 2016, 18:26:48.292 [  FINER] [   FXGL.SystemLogger] [JavaFX Application Thread] java.endorsed.dirs=C:\Program Files\Java\jdk1.8.0_111\jre\lib\endorsed
09 Dec 2016, 18:26:48.293 [  FINER] [   FXGL.SystemLogger] [JavaFX Application Thread] os.arch=amd64
09 Dec 2016, 18:26:48.294 [  FINER] [   FXGL.SystemLogger] [JavaFX Application Thread] javafx.runtime.version=8.0.111-b14
09 Dec 2016, 18:26:48.294 [  FINER] [   FXGL.SystemLogger] [JavaFX Application Thread] java.awt.graphicsenv=sun.awt.Win32GraphicsEnvironment
09 Dec 2016, 18:26:48.295 [  FINER] [   FXGL.SystemLogger] [JavaFX Application Thread] java.runtime.version=1.8.0_111-b14
09 Dec 2016, 18:26:48.296 [  FINER] [   FXGL.SystemLogger] [JavaFX Application Thread] java.vm.specification.name=Java Virtual Machine Specification
09 Dec 2016, 18:26:48.296 [  FINER] [   FXGL.SystemLogger] [JavaFX Application Thread] user.dir=C:\Users\Tyler\Documents\NetBeansProjects\MissileCommand
09 Dec 2016, 18:26:48.297 [  FINER] [   FXGL.SystemLogger] [JavaFX Application Thread] user.country=GB
09 Dec 2016, 18:26:48.298 [  FINER] [   FXGL.SystemLogger] [JavaFX Application Thread] user.script=
09 Dec 2016, 18:26:48.299 [  FINER] [   FXGL.SystemLogger] [JavaFX Application Thread] sun.java.launcher=SUN_STANDARD
09 Dec 2016, 18:26:48.300 [  FINER] [   FXGL.SystemLogger] [JavaFX Application Thread] sun.os.patch.level=
09 Dec 2016, 18:26:48.301 [  FINER] [   FXGL.SystemLogger] [JavaFX Application Thread] java.vm.name=Java HotSpot(TM) 64-Bit Server VM
09 Dec 2016, 18:26:48.301 [  FINER] [   FXGL.SystemLogger] [JavaFX Application Thread] file.encoding.pkg=sun.io
09 Dec 2016, 18:26:48.302 [  FINER] [   FXGL.SystemLogger] [JavaFX Application Thread] path.separator=;
09 Dec 2016, 18:26:48.303 [  FINER] [   FXGL.SystemLogger] [JavaFX Application Thread] java.vm.vendor=Oracle Corporation
09 Dec 2016, 18:26:48.304 [  FINER] [   FXGL.SystemLogger] [JavaFX Application Thread] java.vendor.url=http://java.oracle.com/
09 Dec 2016, 18:26:48.305 [  FINER] [   FXGL.SystemLogger] [JavaFX Application Thread] sun.boot.library.path=C:\Program Files\Java\jdk1.8.0_111\jre\bin
09 Dec 2016, 18:26:48.305 [  FINER] [   FXGL.SystemLogger] [JavaFX Application Thread] java.vm.version=25.111-b14
09 Dec 2016, 18:26:48.306 [  FINER] [   FXGL.SystemLogger] [JavaFX Application Thread] java.runtime.name=Java(TM) SE Runtime Environment
09 Dec 2016, 18:26:48.307 [  FINER] [   FXGL.SystemLogger] [JavaFX Application Thread] javafx.version=8.0.111
09 Dec 2016, 18:26:48.320 [   INFO] [   FXGL.SystemLogger] [JavaFX Application Thread] FXGL-0.2.8
09 Dec 2016, 18:26:48.322 [   INFO] [   FXGL.SystemLogger] [JavaFX Application Thread] Source code and latest versions at: https://github.com/AlmasB/FXGL
09 Dec 2016, 18:26:48.324 [   INFO] [   FXGL.SystemLogger] [JavaFX Application Thread]              Join the FXGL chat at: https://gitter.im/AlmasB/FXGL
09 Dec 2016, 18:26:48.340 [  FINER] [   FXGL.SystemLogger] [JavaFX Application Thread] Starting JavaFX
09 Dec 2016, 18:26:48.345 [  FINER] [   FXGL.SystemLogger] [          JavaFX-Launcher] Initializing FXGL
09 Dec 2016, 18:26:48.401 [  FINER] [   FXGL.SystemLogger] [JavaFX Application Thread] Starting FXGL
09 Dec 2016, 18:26:49.093 [  FINER] [   FXGL.SystemLogger] [     FXGL Launcher Thread] Configuring FXGL
09 Dec 2016, 18:26:49.094 [  FINER] [   FXGL.SystemLogger] [     FXGL Launcher Thread] Initializing system properties
09 Dec 2016, 18:26:49.173 [  FINER] [   FXGL.SystemLogger] [     FXGL Launcher Thread] sound.notification = system/notification.wav
09 Dec 2016, 18:26:49.174 [  FINER] [   FXGL.SystemLogger] [     FXGL Launcher Thread] url.storage = https://raw.githubusercontent.com/AlmasB/git-server/master/storage/
09 Dec 2016, 18:26:49.175 [  FINER] [   FXGL.SystemLogger] [     FXGL Launcher Thread] asset.cache.size = 35
09 Dec 2016, 18:26:49.175 [  FINER] [   FXGL.SystemLogger] [     FXGL Launcher Thread] fs.profiledir = profiles/
09 Dec 2016, 18:26:49.176 [  FINER] [   FXGL.SystemLogger] [     FXGL Launcher Thread] url.pom = https://raw.githubusercontent.com/AlmasB/FXGL/master/pom.xml
09 Dec 2016, 18:26:49.177 [  FINER] [   FXGL.SystemLogger] [     FXGL Launcher Thread] fs.datafile.ext = .dat
09 Dec 2016, 18:26:49.178 [  FINER] [   FXGL.SystemLogger] [     FXGL Launcher Thread] sound.menu.back = menu/back.wav
09 Dec 2016, 18:26:49.181 [  FINER] [   FXGL.SystemLogger] [     FXGL Launcher Thread] sound.menu.select = menu/select.wav
09 Dec 2016, 18:26:49.182 [  FINER] [   FXGL.SystemLogger] [     FXGL Launcher Thread] url.github = https://github.com/AlmasB/FXGL
09 Dec 2016, 18:26:49.186 [  FINER] [   FXGL.SystemLogger] [     FXGL Launcher Thread] physics.ppm = 50.0
09 Dec 2016, 18:26:49.192 [  FINER] [   FXGL.SystemLogger] [     FXGL Launcher Thread] ui.css = fxgl.css
09 Dec 2016, 18:26:49.194 [  FINER] [   FXGL.SystemLogger] [     FXGL Launcher Thread] version.check.days = 7
09 Dec 2016, 18:26:49.195 [  FINER] [   FXGL.SystemLogger] [     FXGL Launcher Thread] fs.savefile.ext = .sav
09 Dec 2016, 18:26:49.195 [  FINER] [   FXGL.SystemLogger] [     FXGL Launcher Thread] pooling.initialSize = 128
09 Dec 2016, 18:26:49.196 [  FINER] [   FXGL.SystemLogger] [     FXGL Launcher Thread] ui.font = Copperplate_Gothic_Light_Regular.ttf
09 Dec 2016, 18:26:49.197 [  FINER] [   FXGL.SystemLogger] [     FXGL Launcher Thread] fs.savedir = saves/
09 Dec 2016, 18:26:49.198 [  FINER] [   FXGL.SystemLogger] [     FXGL Launcher Thread] fs.profilename = user.profile
09 Dec 2016, 18:26:49.198 [  FINER] [   FXGL.SystemLogger] [     FXGL Launcher Thread] ui.icon.name = fxgl_icon.png
09 Dec 2016, 18:26:49.199 [  FINER] [   FXGL.SystemLogger] [     FXGL Launcher Thread] sound.menu.press = menu/press.wav
09 Dec 2016, 18:26:49.200 [  FINER] [   FXGL.SystemLogger] [     FXGL Launcher Thread] Initializing user properties
09 Dec 2016, 18:26:49.202 [   INFO] [   FXGL.SystemLogger] [     FXGL Launcher Thread] User properties not found. Using system
09 Dec 2016, 18:26:49.203 [  FINER] [   FXGL.SystemLogger] [     FXGL Launcher Thread] Initializing app settings
09 Dec 2016, 18:26:49.232 [  FINER] [   FXGL.SystemLogger] [     FXGL Launcher Thread] Logging settings
Title: Missile Command
Version: 0.1
Width: 600
Height: 600
Fullscreen: false
Intro: false
Menus: false
Profiling: false
App Mode: DEVELOPER
Menu Style: FXGL_DEFAULT
Menu Key: ESCAPE
Services: []
09 Dec 2016, 18:26:51.394 [  FINER] [   FXGL.SystemLogger] [     FXGL Launcher Thread] FXGL configuration complete
09 Dec 2016, 18:26:51.395 [   INFO] [   FXGL.SystemLogger] [     FXGL Launcher Thread] FXGL configuration took:  2.300 sec
09 Dec 2016, 18:26:51.399 [  FINER] [   FXGL.SystemLogger] [JavaFX Application Thread] Running task: UpdaterTask
09 Dec 2016, 18:26:51.412 [  FINER] [   FXGL.SystemLogger] [     FXGL Launcher Thread] Running task: PreInitTask
09 Dec 2016, 18:26:51.651 [  FINER] [   FXGL.SystemLogger] [     FXGL Launcher Thread] Running task: InitScenesTask
09 Dec 2016, 18:26:52.345 [  FINER] [   FXGL.SystemLogger] [     FXGL Launcher Thread] Running task: InitEventHandlersTask
09 Dec 2016, 18:26:52.442 [  FINER] [   FXGL.SystemLogger] [     FXGL Launcher Thread] Running task: InitProfilerTask
09 Dec 2016, 18:26:52.457 [  FINER] [   FXGL.SystemLogger] [     FXGL Launcher Thread] Pausing main loop
09 Dec 2016, 18:26:52.467 [  FINER] [   FXGL.SystemLogger] [     FXGL Launcher Thread] Resetting FXGL application
09 Dec 2016, 18:26:52.711 [   INFO] [   FXGL.SystemLogger] [     FXGL Launcher Thread] Game configuration took:  1.299 sec
09 Dec 2016, 18:26:52.992 [   INFO] [   FXGL.SystemLogger] [ FXGL Background Thread 1] Game initialization took: 0.277 sec
09 Dec 2016, 18:26:53.138 [  FINER] [   FXGL.SystemLogger] [JavaFX Application Thread] Resuming main loop
09 Dec 2016, 18:27:05.543 [  FINER] [   FXGL.SystemLogger] [JavaFX Application Thread] Exiting Normally
09 Dec 2016, 18:27:05.559 [  FINER] [   FXGL.SystemLogger] [JavaFX Application Thread] Exiting FXGL
09 Dec 2016, 18:27:05.560 [  FINER] [   FXGL.SystemLogger] [JavaFX Application Thread] Logger is closing
