20 Dec 2016, 09:28:00.327 [   INFO] [   FXGL.SystemLogger] [JavaFX Application Thread] System Logger is initialized
20 Dec 2016, 09:28:00.379 [  FINER] [   FXGL.SystemLogger] [JavaFX Application Thread] Logging System Info
20 Dec 2016, 09:28:00.380 [  FINER] [   FXGL.SystemLogger] [JavaFX Application Thread] CPU cores: 4
20 Dec 2016, 09:28:00.390 [  FINER] [   FXGL.SystemLogger] [JavaFX Application Thread] Free Memory: 49MB
20 Dec 2016, 09:28:00.392 [  FINER] [   FXGL.SystemLogger] [JavaFX Application Thread] Max Memory: 866MB
20 Dec 2016, 09:28:00.393 [  FINER] [   FXGL.SystemLogger] [JavaFX Application Thread] Total Memory: 60MB
20 Dec 2016, 09:28:00.395 [  FINER] [   FXGL.SystemLogger] [JavaFX Application Thread] System Properties:
20 Dec 2016, 09:28:00.398 [  FINER] [   FXGL.SystemLogger] [JavaFX Application Thread] sun.cpu.isalist=amd64
20 Dec 2016, 09:28:00.399 [  FINER] [   FXGL.SystemLogger] [JavaFX Application Thread] sun.desktop=windows
20 Dec 2016, 09:28:00.400 [  FINER] [   FXGL.SystemLogger] [JavaFX Application Thread] sun.io.unicode.encoding=UnicodeLittle
20 Dec 2016, 09:28:00.401 [  FINER] [   FXGL.SystemLogger] [JavaFX Application Thread] sun.cpu.endian=little
20 Dec 2016, 09:28:00.402 [  FINER] [   FXGL.SystemLogger] [JavaFX Application Thread] java.vendor.url.bug=http://bugreport.sun.com/bugreport/
20 Dec 2016, 09:28:00.403 [  FINER] [   FXGL.SystemLogger] [JavaFX Application Thread] file.separator=\
20 Dec 2016, 09:28:00.404 [  FINER] [   FXGL.SystemLogger] [JavaFX Application Thread] java.vendor=Oracle Corporation
20 Dec 2016, 09:28:00.405 [  FINER] [   FXGL.SystemLogger] [JavaFX Application Thread] sun.boot.class.path=C:\Program Files\Java\jdk1.8.0_111\jre\lib\resources.jar;C:\Program Files\Java\jdk1.8.0_111\jre\lib\rt.jar;C:\Program Files\Java\jdk1.8.0_111\jre\lib\sunrsasign.jar;C:\Program Files\Java\jdk1.8.0_111\jre\lib\jsse.jar;C:\Program Files\Java\jdk1.8.0_111\jre\lib\jce.jar;C:\Program Files\Java\jdk1.8.0_111\jre\lib\charsets.jar;C:\Program Files\Java\jdk1.8.0_111\jre\lib\jfr.jar;C:\Program Files\Java\jdk1.8.0_111\jre\classes
20 Dec 2016, 09:28:00.406 [  FINER] [   FXGL.SystemLogger] [JavaFX Application Thread] java.ext.dirs=C:\Program Files\Java\jdk1.8.0_111\jre\lib\ext;C:\WINDOWS\Sun\Java\lib\ext
20 Dec 2016, 09:28:00.406 [  FINER] [   FXGL.SystemLogger] [JavaFX Application Thread] java.version=1.8.0_111
20 Dec 2016, 09:28:00.407 [  FINER] [   FXGL.SystemLogger] [JavaFX Application Thread] java.vm.info=mixed mode
20 Dec 2016, 09:28:00.408 [  FINER] [   FXGL.SystemLogger] [JavaFX Application Thread] awt.toolkit=sun.awt.windows.WToolkit
20 Dec 2016, 09:28:00.409 [  FINER] [   FXGL.SystemLogger] [JavaFX Application Thread] user.language=en
20 Dec 2016, 09:28:00.412 [  FINER] [   FXGL.SystemLogger] [JavaFX Application Thread] java.specification.vendor=Oracle Corporation
20 Dec 2016, 09:28:00.413 [  FINER] [   FXGL.SystemLogger] [JavaFX Application Thread] sun.java.command=com.tylere.mc.MissileCommandApp
20 Dec 2016, 09:28:00.413 [  FINER] [   FXGL.SystemLogger] [JavaFX Application Thread] java.home=C:\Program Files\Java\jdk1.8.0_111\jre
20 Dec 2016, 09:28:00.414 [  FINER] [   FXGL.SystemLogger] [JavaFX Application Thread] sun.arch.data.model=64
20 Dec 2016, 09:28:00.415 [  FINER] [   FXGL.SystemLogger] [JavaFX Application Thread] java.vm.specification.version=1.8
20 Dec 2016, 09:28:00.415 [  FINER] [   FXGL.SystemLogger] [JavaFX Application Thread] java.class.path=C:\Users\Tyler\Downloads\FXGL-0.2.8-uber.jar;C:\Users\Tyler\Documents\NetBeansProjects\MissileCommand\build\classes
20 Dec 2016, 09:28:00.416 [  FINER] [   FXGL.SystemLogger] [JavaFX Application Thread] user.name=Tyler
20 Dec 2016, 09:28:00.417 [  FINER] [   FXGL.SystemLogger] [JavaFX Application Thread] file.encoding=UTF-8
20 Dec 2016, 09:28:00.418 [  FINER] [   FXGL.SystemLogger] [JavaFX Application Thread] java.specification.version=1.8
20 Dec 2016, 09:28:00.419 [  FINER] [   FXGL.SystemLogger] [JavaFX Application Thread] java.awt.printerjob=sun.awt.windows.WPrinterJob
20 Dec 2016, 09:28:00.420 [  FINER] [   FXGL.SystemLogger] [JavaFX Application Thread] user.timezone=America/New_York
20 Dec 2016, 09:28:00.421 [  FINER] [   FXGL.SystemLogger] [JavaFX Application Thread] user.home=C:\Users\Tyler
20 Dec 2016, 09:28:00.424 [  FINER] [   FXGL.SystemLogger] [JavaFX Application Thread] os.version=10.0
20 Dec 2016, 09:28:00.425 [  FINER] [   FXGL.SystemLogger] [JavaFX Application Thread] sun.management.compiler=HotSpot 64-Bit Tiered Compilers
20 Dec 2016, 09:28:00.426 [  FINER] [   FXGL.SystemLogger] [JavaFX Application Thread] java.specification.name=Java Platform API Specification
20 Dec 2016, 09:28:00.427 [  FINER] [   FXGL.SystemLogger] [JavaFX Application Thread] java.class.version=52.0
20 Dec 2016, 09:28:00.428 [  FINER] [   FXGL.SystemLogger] [JavaFX Application Thread] java.library.path=C:\Program Files\Java\jdk1.8.0_111\bin;C:\WINDOWS\Sun\Java\bin;C:\WINDOWS\system32;C:\WINDOWS;C:\ProgramData\Oracle\Java\javapath;C:\Program Files (x86)\NVIDIA Corporation\PhysX\Common;C:\WINDOWS\system32;C:\WINDOWS;C:\WINDOWS\System32\Wbem;C:\WINDOWS\System32\WindowsPowerShell\v1.0\;C:\Program Files (x86)\QuickTime\QTSystem\;C:\Program Files (x86)\Calibre2\;C:\Program Files (x86)\Skype\Phone\;C:\Program Files (x86)\Extensis\Suitcase Fusion 6\;C:\Program Files (x86)\MiKTeX 2.9\miktex\bin\;C:\Program Files (x86)\Brackets\command;C:\Users\Tyler\AppData\Local\Programs\Python\Python35-32\Scripts\;C:\Users\Tyler\AppData\Local\Programs\Python\Python35-32\;%USERPROFILE%\AppData\Local\Microsoft\WindowsApps;;.
20 Dec 2016, 09:28:00.429 [  FINER] [   FXGL.SystemLogger] [JavaFX Application Thread] sun.jnu.encoding=Cp1252
20 Dec 2016, 09:28:00.430 [  FINER] [   FXGL.SystemLogger] [JavaFX Application Thread] os.name=Windows 10
20 Dec 2016, 09:28:00.431 [  FINER] [   FXGL.SystemLogger] [JavaFX Application Thread] user.variant=
20 Dec 2016, 09:28:00.432 [  FINER] [   FXGL.SystemLogger] [JavaFX Application Thread] java.vm.specification.vendor=Oracle Corporation
20 Dec 2016, 09:28:00.433 [  FINER] [   FXGL.SystemLogger] [JavaFX Application Thread] java.io.tmpdir=C:\Users\Tyler\AppData\Local\Temp\
20 Dec 2016, 09:28:00.434 [  FINER] [   FXGL.SystemLogger] [JavaFX Application Thread] line.separator=

20 Dec 2016, 09:28:00.437 [  FINER] [   FXGL.SystemLogger] [JavaFX Application Thread] java.endorsed.dirs=C:\Program Files\Java\jdk1.8.0_111\jre\lib\endorsed
20 Dec 2016, 09:28:00.438 [  FINER] [   FXGL.SystemLogger] [JavaFX Application Thread] os.arch=amd64
20 Dec 2016, 09:28:00.438 [  FINER] [   FXGL.SystemLogger] [JavaFX Application Thread] javafx.runtime.version=8.0.111-b14
20 Dec 2016, 09:28:00.439 [  FINER] [   FXGL.SystemLogger] [JavaFX Application Thread] java.awt.graphicsenv=sun.awt.Win32GraphicsEnvironment
20 Dec 2016, 09:28:00.440 [  FINER] [   FXGL.SystemLogger] [JavaFX Application Thread] java.runtime.version=1.8.0_111-b14
20 Dec 2016, 09:28:00.441 [  FINER] [   FXGL.SystemLogger] [JavaFX Application Thread] java.vm.specification.name=Java Virtual Machine Specification
20 Dec 2016, 09:28:00.442 [  FINER] [   FXGL.SystemLogger] [JavaFX Application Thread] user.dir=C:\Users\Tyler\Documents\NetBeansProjects\MissileCommand
20 Dec 2016, 09:28:00.443 [  FINER] [   FXGL.SystemLogger] [JavaFX Application Thread] user.country=GB
20 Dec 2016, 09:28:00.444 [  FINER] [   FXGL.SystemLogger] [JavaFX Application Thread] user.script=
20 Dec 2016, 09:28:00.445 [  FINER] [   FXGL.SystemLogger] [JavaFX Application Thread] sun.java.launcher=SUN_STANDARD
20 Dec 2016, 09:28:00.445 [  FINER] [   FXGL.SystemLogger] [JavaFX Application Thread] sun.os.patch.level=
20 Dec 2016, 09:28:00.446 [  FINER] [   FXGL.SystemLogger] [JavaFX Application Thread] java.vm.name=Java HotSpot(TM) 64-Bit Server VM
20 Dec 2016, 09:28:00.449 [  FINER] [   FXGL.SystemLogger] [JavaFX Application Thread] file.encoding.pkg=sun.io
20 Dec 2016, 09:28:00.450 [  FINER] [   FXGL.SystemLogger] [JavaFX Application Thread] path.separator=;
20 Dec 2016, 09:28:00.450 [  FINER] [   FXGL.SystemLogger] [JavaFX Application Thread] java.vm.vendor=Oracle Corporation
20 Dec 2016, 09:28:00.451 [  FINER] [   FXGL.SystemLogger] [JavaFX Application Thread] java.vendor.url=http://java.oracle.com/
20 Dec 2016, 09:28:00.452 [  FINER] [   FXGL.SystemLogger] [JavaFX Application Thread] sun.boot.library.path=C:\Program Files\Java\jdk1.8.0_111\jre\bin
20 Dec 2016, 09:28:00.453 [  FINER] [   FXGL.SystemLogger] [JavaFX Application Thread] java.vm.version=25.111-b14
20 Dec 2016, 09:28:00.454 [  FINER] [   FXGL.SystemLogger] [JavaFX Application Thread] java.runtime.name=Java(TM) SE Runtime Environment
20 Dec 2016, 09:28:00.455 [  FINER] [   FXGL.SystemLogger] [JavaFX Application Thread] javafx.version=8.0.111
20 Dec 2016, 09:28:00.471 [   INFO] [   FXGL.SystemLogger] [JavaFX Application Thread] FXGL-0.2.8
20 Dec 2016, 09:28:00.475 [   INFO] [   FXGL.SystemLogger] [JavaFX Application Thread] Source code and latest versions at: https://github.com/AlmasB/FXGL
20 Dec 2016, 09:28:00.479 [   INFO] [   FXGL.SystemLogger] [JavaFX Application Thread]              Join the FXGL chat at: https://gitter.im/AlmasB/FXGL
20 Dec 2016, 09:28:00.499 [  FINER] [   FXGL.SystemLogger] [JavaFX Application Thread] Starting JavaFX
20 Dec 2016, 09:28:00.502 [  FINER] [   FXGL.SystemLogger] [          JavaFX-Launcher] Initializing FXGL
20 Dec 2016, 09:28:00.566 [  FINER] [   FXGL.SystemLogger] [JavaFX Application Thread] Starting FXGL
20 Dec 2016, 09:28:01.329 [  FINER] [   FXGL.SystemLogger] [     FXGL Launcher Thread] Configuring FXGL
20 Dec 2016, 09:28:01.330 [  FINER] [   FXGL.SystemLogger] [     FXGL Launcher Thread] Initializing system properties
20 Dec 2016, 09:28:01.423 [  FINER] [   FXGL.SystemLogger] [     FXGL Launcher Thread] sound.notification = system/notification.wav
20 Dec 2016, 09:28:01.424 [  FINER] [   FXGL.SystemLogger] [     FXGL Launcher Thread] url.storage = https://raw.githubusercontent.com/AlmasB/git-server/master/storage/
20 Dec 2016, 09:28:01.425 [  FINER] [   FXGL.SystemLogger] [     FXGL Launcher Thread] asset.cache.size = 35
20 Dec 2016, 09:28:01.426 [  FINER] [   FXGL.SystemLogger] [     FXGL Launcher Thread] fs.profiledir = profiles/
20 Dec 2016, 09:28:01.429 [  FINER] [   FXGL.SystemLogger] [     FXGL Launcher Thread] url.pom = https://raw.githubusercontent.com/AlmasB/FXGL/master/pom.xml
20 Dec 2016, 09:28:01.430 [  FINER] [   FXGL.SystemLogger] [     FXGL Launcher Thread] fs.datafile.ext = .dat
20 Dec 2016, 09:28:01.431 [  FINER] [   FXGL.SystemLogger] [     FXGL Launcher Thread] sound.menu.back = menu/back.wav
20 Dec 2016, 09:28:01.431 [  FINER] [   FXGL.SystemLogger] [     FXGL Launcher Thread] sound.menu.select = menu/select.wav
20 Dec 2016, 09:28:01.432 [  FINER] [   FXGL.SystemLogger] [     FXGL Launcher Thread] url.github = https://github.com/AlmasB/FXGL
20 Dec 2016, 09:28:01.433 [  FINER] [   FXGL.SystemLogger] [     FXGL Launcher Thread] physics.ppm = 50.0
20 Dec 2016, 09:28:01.434 [  FINER] [   FXGL.SystemLogger] [     FXGL Launcher Thread] ui.css = fxgl.css
20 Dec 2016, 09:28:01.435 [  FINER] [   FXGL.SystemLogger] [     FXGL Launcher Thread] version.check.days = 7
20 Dec 2016, 09:28:01.436 [  FINER] [   FXGL.SystemLogger] [     FXGL Launcher Thread] fs.savefile.ext = .sav
20 Dec 2016, 09:28:01.437 [  FINER] [   FXGL.SystemLogger] [     FXGL Launcher Thread] pooling.initialSize = 128
20 Dec 2016, 09:28:01.438 [  FINER] [   FXGL.SystemLogger] [     FXGL Launcher Thread] ui.font = Copperplate_Gothic_Light_Regular.ttf
20 Dec 2016, 09:28:01.439 [  FINER] [   FXGL.SystemLogger] [     FXGL Launcher Thread] fs.savedir = saves/
20 Dec 2016, 09:28:01.440 [  FINER] [   FXGL.SystemLogger] [     FXGL Launcher Thread] fs.profilename = user.profile
20 Dec 2016, 09:28:01.441 [  FINER] [   FXGL.SystemLogger] [     FXGL Launcher Thread] ui.icon.name = fxgl_icon.png
20 Dec 2016, 09:28:01.441 [  FINER] [   FXGL.SystemLogger] [     FXGL Launcher Thread] sound.menu.press = menu/press.wav
20 Dec 2016, 09:28:01.442 [  FINER] [   FXGL.SystemLogger] [     FXGL Launcher Thread] Initializing user properties
20 Dec 2016, 09:28:01.443 [   INFO] [   FXGL.SystemLogger] [     FXGL Launcher Thread] User properties not found. Using system
20 Dec 2016, 09:28:01.445 [  FINER] [   FXGL.SystemLogger] [     FXGL Launcher Thread] Initializing app settings
20 Dec 2016, 09:28:01.465 [  FINER] [   FXGL.SystemLogger] [     FXGL Launcher Thread] Logging settings
Title: Missile Command
Version: 0.3
Width: 800
Height: 700
Fullscreen: false
Intro: false
Menus: false
Profiling: true
App Mode: DEVELOPER
Menu Style: FXGL_DEFAULT
Menu Key: ESCAPE
Services: []
20 Dec 2016, 09:28:03.418 [  FINER] [   FXGL.SystemLogger] [     FXGL Launcher Thread] FXGL configuration complete
20 Dec 2016, 09:28:03.419 [   INFO] [   FXGL.SystemLogger] [     FXGL Launcher Thread] FXGL configuration took:  2.088 sec
20 Dec 2016, 09:28:03.425 [  FINER] [   FXGL.SystemLogger] [JavaFX Application Thread] Running task: UpdaterTask
20 Dec 2016, 09:28:03.438 [  FINER] [   FXGL.SystemLogger] [     FXGL Launcher Thread] Running task: PreInitTask
20 Dec 2016, 09:28:03.646 [  FINER] [   FXGL.SystemLogger] [     FXGL Launcher Thread] Running task: InitScenesTask
20 Dec 2016, 09:28:04.333 [  FINER] [   FXGL.SystemLogger] [     FXGL Launcher Thread] Running task: InitEventHandlersTask
20 Dec 2016, 09:28:04.428 [  FINER] [   FXGL.SystemLogger] [     FXGL Launcher Thread] Running task: InitProfilerTask
20 Dec 2016, 09:28:04.444 [  FINER] [   FXGL.SystemLogger] [     FXGL Launcher Thread] Pausing main loop
20 Dec 2016, 09:28:04.453 [  FINER] [   FXGL.SystemLogger] [     FXGL Launcher Thread] Resetting FXGL application
20 Dec 2016, 09:28:04.675 [   INFO] [   FXGL.SystemLogger] [     FXGL Launcher Thread] Game configuration took:  1.237 sec
20 Dec 2016, 09:28:05.091 [   INFO] [   FXGL.SystemLogger] [ FXGL Background Thread 1] Game initialization took: 0.414 sec
20 Dec 2016, 09:28:05.120 [  FINER] [   FXGL.SystemLogger] [JavaFX Application Thread] Resuming main loop
20 Dec 2016, 09:28:08.973 [  FINER] [   FXGL.SystemLogger] [JavaFX Application Thread] Exiting Normally
20 Dec 2016, 09:28:08.975 [   INFO] [   FXGL.SystemLogger] [JavaFX Application Thread] Processed Frames: 201
20 Dec 2016, 09:28:08.976 [   INFO] [   FXGL.SystemLogger] [JavaFX Application Thread] Average FPS: 46
20 Dec 2016, 09:28:08.977 [   INFO] [   FXGL.SystemLogger] [JavaFX Application Thread] Avg Performance: 1140
20 Dec 2016, 09:28:08.979 [   INFO] [   FXGL.SystemLogger] [JavaFX Application Thread] Avg Memory Usage: 23 MB
20 Dec 2016, 09:28:08.980 [   INFO] [   FXGL.SystemLogger] [JavaFX Application Thread] Min Memory Usage: 19 MB
20 Dec 2016, 09:28:08.981 [   INFO] [   FXGL.SystemLogger] [JavaFX Application Thread] Max Memory Usage: 25 MB
20 Dec 2016, 09:28:08.982 [   INFO] [   FXGL.SystemLogger] [JavaFX Application Thread] Estimated GC runs: 0
20 Dec 2016, 09:28:08.998 [  FINER] [   FXGL.SystemLogger] [JavaFX Application Thread] Exiting FXGL
20 Dec 2016, 09:28:08.998 [  FINER] [   FXGL.SystemLogger] [JavaFX Application Thread] Logger is closing
