06 Dec 2016, 14:25:22.159 [   INFO] [   FXGL.SystemLogger] [JavaFX Application Thread] System Logger is initialized
06 Dec 2016, 14:25:22.179 [  FINER] [   FXGL.SystemLogger] [JavaFX Application Thread] Logging System Info
06 Dec 2016, 14:25:22.179 [  FINER] [   FXGL.SystemLogger] [JavaFX Application Thread] CPU cores: 4
06 Dec 2016, 14:25:22.182 [  FINER] [   FXGL.SystemLogger] [JavaFX Application Thread] Free Memory: 49MB
06 Dec 2016, 14:25:22.182 [  FINER] [   FXGL.SystemLogger] [JavaFX Application Thread] Max Memory: 866MB
06 Dec 2016, 14:25:22.183 [  FINER] [   FXGL.SystemLogger] [JavaFX Application Thread] Total Memory: 60MB
06 Dec 2016, 14:25:22.199 [  FINER] [   FXGL.SystemLogger] [JavaFX Application Thread] System Properties:
06 Dec 2016, 14:25:22.202 [  FINER] [   FXGL.SystemLogger] [JavaFX Application Thread] sun.cpu.isalist=amd64
06 Dec 2016, 14:25:22.203 [  FINER] [   FXGL.SystemLogger] [JavaFX Application Thread] sun.desktop=windows
06 Dec 2016, 14:25:22.203 [  FINER] [   FXGL.SystemLogger] [JavaFX Application Thread] sun.io.unicode.encoding=UnicodeLittle
06 Dec 2016, 14:25:22.205 [  FINER] [   FXGL.SystemLogger] [JavaFX Application Thread] sun.cpu.endian=little
06 Dec 2016, 14:25:22.205 [  FINER] [   FXGL.SystemLogger] [JavaFX Application Thread] java.vendor.url.bug=http://bugreport.sun.com/bugreport/
06 Dec 2016, 14:25:22.206 [  FINER] [   FXGL.SystemLogger] [JavaFX Application Thread] file.separator=\
06 Dec 2016, 14:25:22.207 [  FINER] [   FXGL.SystemLogger] [JavaFX Application Thread] java.vendor=Oracle Corporation
06 Dec 2016, 14:25:22.207 [  FINER] [   FXGL.SystemLogger] [JavaFX Application Thread] sun.boot.class.path=C:\Program Files\Java\jdk1.8.0_111\jre\lib\resources.jar;C:\Program Files\Java\jdk1.8.0_111\jre\lib\rt.jar;C:\Program Files\Java\jdk1.8.0_111\jre\lib\sunrsasign.jar;C:\Program Files\Java\jdk1.8.0_111\jre\lib\jsse.jar;C:\Program Files\Java\jdk1.8.0_111\jre\lib\jce.jar;C:\Program Files\Java\jdk1.8.0_111\jre\lib\charsets.jar;C:\Program Files\Java\jdk1.8.0_111\jre\lib\jfr.jar;C:\Program Files\Java\jdk1.8.0_111\jre\classes
06 Dec 2016, 14:25:22.208 [  FINER] [   FXGL.SystemLogger] [JavaFX Application Thread] java.ext.dirs=C:\Program Files\Java\jdk1.8.0_111\jre\lib\ext;C:\WINDOWS\Sun\Java\lib\ext
06 Dec 2016, 14:25:22.209 [  FINER] [   FXGL.SystemLogger] [JavaFX Application Thread] java.version=1.8.0_111
06 Dec 2016, 14:25:22.209 [  FINER] [   FXGL.SystemLogger] [JavaFX Application Thread] java.vm.info=mixed mode
06 Dec 2016, 14:25:22.210 [  FINER] [   FXGL.SystemLogger] [JavaFX Application Thread] awt.toolkit=sun.awt.windows.WToolkit
06 Dec 2016, 14:25:22.210 [  FINER] [   FXGL.SystemLogger] [JavaFX Application Thread] user.language=en
06 Dec 2016, 14:25:22.211 [  FINER] [   FXGL.SystemLogger] [JavaFX Application Thread] java.specification.vendor=Oracle Corporation
06 Dec 2016, 14:25:22.211 [  FINER] [   FXGL.SystemLogger] [JavaFX Application Thread] sun.java.command=com.tylere.mc.MissileCommandApp
06 Dec 2016, 14:25:22.211 [  FINER] [   FXGL.SystemLogger] [JavaFX Application Thread] java.home=C:\Program Files\Java\jdk1.8.0_111\jre
06 Dec 2016, 14:25:22.212 [  FINER] [   FXGL.SystemLogger] [JavaFX Application Thread] sun.arch.data.model=64
06 Dec 2016, 14:25:22.212 [  FINER] [   FXGL.SystemLogger] [JavaFX Application Thread] java.vm.specification.version=1.8
06 Dec 2016, 14:25:22.213 [  FINER] [   FXGL.SystemLogger] [JavaFX Application Thread] java.class.path=C:\Users\Tyler\Downloads\FXGL-0.2.8-uber.jar;C:\Users\Tyler\Documents\NetBeansProjects\MissileCommand\build\classes
06 Dec 2016, 14:25:22.214 [  FINER] [   FXGL.SystemLogger] [JavaFX Application Thread] user.name=Tyler
06 Dec 2016, 14:25:22.215 [  FINER] [   FXGL.SystemLogger] [JavaFX Application Thread] file.encoding=UTF-8
06 Dec 2016, 14:25:22.216 [  FINER] [   FXGL.SystemLogger] [JavaFX Application Thread] java.specification.version=1.8
06 Dec 2016, 14:25:22.216 [  FINER] [   FXGL.SystemLogger] [JavaFX Application Thread] java.awt.printerjob=sun.awt.windows.WPrinterJob
06 Dec 2016, 14:25:22.217 [  FINER] [   FXGL.SystemLogger] [JavaFX Application Thread] user.timezone=America/New_York
06 Dec 2016, 14:25:22.218 [  FINER] [   FXGL.SystemLogger] [JavaFX Application Thread] user.home=C:\Users\Tyler
06 Dec 2016, 14:25:22.218 [  FINER] [   FXGL.SystemLogger] [JavaFX Application Thread] os.version=10.0
06 Dec 2016, 14:25:22.219 [  FINER] [   FXGL.SystemLogger] [JavaFX Application Thread] sun.management.compiler=HotSpot 64-Bit Tiered Compilers
06 Dec 2016, 14:25:22.220 [  FINER] [   FXGL.SystemLogger] [JavaFX Application Thread] java.specification.name=Java Platform API Specification
06 Dec 2016, 14:25:22.226 [  FINER] [   FXGL.SystemLogger] [JavaFX Application Thread] java.class.version=52.0
06 Dec 2016, 14:25:22.227 [  FINER] [   FXGL.SystemLogger] [JavaFX Application Thread] java.library.path=C:\Program Files\Java\jdk1.8.0_111\bin;C:\WINDOWS\Sun\Java\bin;C:\WINDOWS\system32;C:\WINDOWS;C:\ProgramData\Oracle\Java\javapath;C:\Program Files (x86)\NVIDIA Corporation\PhysX\Common;C:\WINDOWS\system32;C:\WINDOWS;C:\WINDOWS\System32\Wbem;C:\WINDOWS\System32\WindowsPowerShell\v1.0\;C:\Program Files (x86)\QuickTime\QTSystem\;C:\Program Files (x86)\Calibre2\;C:\Program Files (x86)\Skype\Phone\;C:\Program Files (x86)\Extensis\Suitcase Fusion 6\;C:\Program Files (x86)\Brackets\command;C:\Program Files (x86)\MiKTeX 2.9\miktex\bin\;C:\Users\Tyler\AppData\Local\Programs\Python\Python35-32\Scripts\;C:\Users\Tyler\AppData\Local\Programs\Python\Python35-32\;%USERPROFILE%\AppData\Local\Microsoft\WindowsApps;;.
06 Dec 2016, 14:25:22.227 [  FINER] [   FXGL.SystemLogger] [JavaFX Application Thread] sun.jnu.encoding=Cp1252
06 Dec 2016, 14:25:22.228 [  FINER] [   FXGL.SystemLogger] [JavaFX Application Thread] os.name=Windows 10
06 Dec 2016, 14:25:22.228 [  FINER] [   FXGL.SystemLogger] [JavaFX Application Thread] user.variant=
06 Dec 2016, 14:25:22.229 [  FINER] [   FXGL.SystemLogger] [JavaFX Application Thread] java.vm.specification.vendor=Oracle Corporation
06 Dec 2016, 14:25:22.229 [  FINER] [   FXGL.SystemLogger] [JavaFX Application Thread] java.io.tmpdir=C:\Users\Tyler\AppData\Local\Temp\
06 Dec 2016, 14:25:22.230 [  FINER] [   FXGL.SystemLogger] [JavaFX Application Thread] line.separator=

06 Dec 2016, 14:25:22.230 [  FINER] [   FXGL.SystemLogger] [JavaFX Application Thread] java.endorsed.dirs=C:\Program Files\Java\jdk1.8.0_111\jre\lib\endorsed
06 Dec 2016, 14:25:22.231 [  FINER] [   FXGL.SystemLogger] [JavaFX Application Thread] os.arch=amd64
06 Dec 2016, 14:25:22.231 [  FINER] [   FXGL.SystemLogger] [JavaFX Application Thread] javafx.runtime.version=8.0.111-b14
06 Dec 2016, 14:25:22.232 [  FINER] [   FXGL.SystemLogger] [JavaFX Application Thread] java.awt.graphicsenv=sun.awt.Win32GraphicsEnvironment
06 Dec 2016, 14:25:22.232 [  FINER] [   FXGL.SystemLogger] [JavaFX Application Thread] java.runtime.version=1.8.0_111-b14
06 Dec 2016, 14:25:22.232 [  FINER] [   FXGL.SystemLogger] [JavaFX Application Thread] java.vm.specification.name=Java Virtual Machine Specification
06 Dec 2016, 14:25:22.233 [  FINER] [   FXGL.SystemLogger] [JavaFX Application Thread] user.dir=C:\Users\Tyler\Documents\NetBeansProjects\MissileCommand
06 Dec 2016, 14:25:22.233 [  FINER] [   FXGL.SystemLogger] [JavaFX Application Thread] user.country=GB
06 Dec 2016, 14:25:22.234 [  FINER] [   FXGL.SystemLogger] [JavaFX Application Thread] user.script=
06 Dec 2016, 14:25:22.234 [  FINER] [   FXGL.SystemLogger] [JavaFX Application Thread] sun.java.launcher=SUN_STANDARD
06 Dec 2016, 14:25:22.234 [  FINER] [   FXGL.SystemLogger] [JavaFX Application Thread] sun.os.patch.level=
06 Dec 2016, 14:25:22.235 [  FINER] [   FXGL.SystemLogger] [JavaFX Application Thread] java.vm.name=Java HotSpot(TM) 64-Bit Server VM
06 Dec 2016, 14:25:22.235 [  FINER] [   FXGL.SystemLogger] [JavaFX Application Thread] file.encoding.pkg=sun.io
06 Dec 2016, 14:25:22.236 [  FINER] [   FXGL.SystemLogger] [JavaFX Application Thread] path.separator=;
06 Dec 2016, 14:25:22.236 [  FINER] [   FXGL.SystemLogger] [JavaFX Application Thread] java.vm.vendor=Oracle Corporation
06 Dec 2016, 14:25:22.237 [  FINER] [   FXGL.SystemLogger] [JavaFX Application Thread] java.vendor.url=http://java.oracle.com/
06 Dec 2016, 14:25:22.237 [  FINER] [   FXGL.SystemLogger] [JavaFX Application Thread] sun.boot.library.path=C:\Program Files\Java\jdk1.8.0_111\jre\bin
06 Dec 2016, 14:25:22.238 [  FINER] [   FXGL.SystemLogger] [JavaFX Application Thread] java.vm.version=25.111-b14
06 Dec 2016, 14:25:22.238 [  FINER] [   FXGL.SystemLogger] [JavaFX Application Thread] java.runtime.name=Java(TM) SE Runtime Environment
06 Dec 2016, 14:25:22.239 [  FINER] [   FXGL.SystemLogger] [JavaFX Application Thread] javafx.version=8.0.111
06 Dec 2016, 14:25:22.249 [   INFO] [   FXGL.SystemLogger] [JavaFX Application Thread] FXGL-0.2.8
06 Dec 2016, 14:25:22.250 [   INFO] [   FXGL.SystemLogger] [JavaFX Application Thread] Source code and latest versions at: https://github.com/AlmasB/FXGL
06 Dec 2016, 14:25:22.252 [   INFO] [   FXGL.SystemLogger] [JavaFX Application Thread]              Join the FXGL chat at: https://gitter.im/AlmasB/FXGL
06 Dec 2016, 14:25:22.267 [  FINER] [   FXGL.SystemLogger] [JavaFX Application Thread] Starting JavaFX
06 Dec 2016, 14:25:22.270 [  FINER] [   FXGL.SystemLogger] [          JavaFX-Launcher] Initializing FXGL
06 Dec 2016, 14:25:22.305 [  FINER] [   FXGL.SystemLogger] [JavaFX Application Thread] Starting FXGL
06 Dec 2016, 14:25:22.667 [  FINER] [   FXGL.SystemLogger] [     FXGL Launcher Thread] Configuring FXGL
06 Dec 2016, 14:25:22.668 [  FINER] [   FXGL.SystemLogger] [     FXGL Launcher Thread] Initializing system properties
06 Dec 2016, 14:25:22.714 [  FINER] [   FXGL.SystemLogger] [     FXGL Launcher Thread] sound.notification = system/notification.wav
06 Dec 2016, 14:25:22.715 [  FINER] [   FXGL.SystemLogger] [     FXGL Launcher Thread] url.storage = https://raw.githubusercontent.com/AlmasB/git-server/master/storage/
06 Dec 2016, 14:25:22.716 [  FINER] [   FXGL.SystemLogger] [     FXGL Launcher Thread] asset.cache.size = 35
06 Dec 2016, 14:25:22.716 [  FINER] [   FXGL.SystemLogger] [     FXGL Launcher Thread] fs.profiledir = profiles/
06 Dec 2016, 14:25:22.716 [  FINER] [   FXGL.SystemLogger] [     FXGL Launcher Thread] url.pom = https://raw.githubusercontent.com/AlmasB/FXGL/master/pom.xml
06 Dec 2016, 14:25:22.717 [  FINER] [   FXGL.SystemLogger] [     FXGL Launcher Thread] fs.datafile.ext = .dat
06 Dec 2016, 14:25:22.717 [  FINER] [   FXGL.SystemLogger] [     FXGL Launcher Thread] sound.menu.back = menu/back.wav
06 Dec 2016, 14:25:22.722 [  FINER] [   FXGL.SystemLogger] [     FXGL Launcher Thread] sound.menu.select = menu/select.wav
06 Dec 2016, 14:25:22.723 [  FINER] [   FXGL.SystemLogger] [     FXGL Launcher Thread] url.github = https://github.com/AlmasB/FXGL
06 Dec 2016, 14:25:22.723 [  FINER] [   FXGL.SystemLogger] [     FXGL Launcher Thread] physics.ppm = 50.0
06 Dec 2016, 14:25:22.724 [  FINER] [   FXGL.SystemLogger] [     FXGL Launcher Thread] ui.css = fxgl.css
06 Dec 2016, 14:25:22.725 [  FINER] [   FXGL.SystemLogger] [     FXGL Launcher Thread] version.check.days = 7
06 Dec 2016, 14:25:22.725 [  FINER] [   FXGL.SystemLogger] [     FXGL Launcher Thread] fs.savefile.ext = .sav
06 Dec 2016, 14:25:22.726 [  FINER] [   FXGL.SystemLogger] [     FXGL Launcher Thread] pooling.initialSize = 128
06 Dec 2016, 14:25:22.726 [  FINER] [   FXGL.SystemLogger] [     FXGL Launcher Thread] ui.font = Copperplate_Gothic_Light_Regular.ttf
06 Dec 2016, 14:25:22.727 [  FINER] [   FXGL.SystemLogger] [     FXGL Launcher Thread] fs.savedir = saves/
06 Dec 2016, 14:25:22.728 [  FINER] [   FXGL.SystemLogger] [     FXGL Launcher Thread] fs.profilename = user.profile
06 Dec 2016, 14:25:22.729 [  FINER] [   FXGL.SystemLogger] [     FXGL Launcher Thread] ui.icon.name = fxgl_icon.png
06 Dec 2016, 14:25:22.729 [  FINER] [   FXGL.SystemLogger] [     FXGL Launcher Thread] sound.menu.press = menu/press.wav
06 Dec 2016, 14:25:22.729 [  FINER] [   FXGL.SystemLogger] [     FXGL Launcher Thread] Initializing user properties
06 Dec 2016, 14:25:22.730 [   INFO] [   FXGL.SystemLogger] [     FXGL Launcher Thread] User properties not found. Using system
06 Dec 2016, 14:25:22.731 [  FINER] [   FXGL.SystemLogger] [     FXGL Launcher Thread] Initializing app settings
06 Dec 2016, 14:25:22.744 [  FINER] [   FXGL.SystemLogger] [     FXGL Launcher Thread] Logging settings
Title: Missile Command
Version: 0.1
Width: 600
Height: 600
Fullscreen: false
Intro: false
Menus: false
Profiling: false
App Mode: DEVELOPER
Menu Style: FXGL_DEFAULT
Menu Key: ESCAPE
Services: []
06 Dec 2016, 14:25:23.700 [  FINER] [   FXGL.SystemLogger] [     FXGL Launcher Thread] FXGL configuration complete
06 Dec 2016, 14:25:23.701 [   INFO] [   FXGL.SystemLogger] [     FXGL Launcher Thread] FXGL configuration took:  1.033 sec
06 Dec 2016, 14:25:23.703 [  FINER] [   FXGL.SystemLogger] [JavaFX Application Thread] Running task: UpdaterTask
06 Dec 2016, 14:25:23.708 [  FINER] [   FXGL.SystemLogger] [     FXGL Launcher Thread] Running task: PreInitTask
06 Dec 2016, 14:25:23.810 [  FINER] [   FXGL.SystemLogger] [     FXGL Launcher Thread] Running task: InitScenesTask
06 Dec 2016, 14:25:24.155 [  FINER] [   FXGL.SystemLogger] [     FXGL Launcher Thread] Running task: InitEventHandlersTask
06 Dec 2016, 14:25:24.193 [  FINER] [   FXGL.SystemLogger] [     FXGL Launcher Thread] Running task: InitProfilerTask
06 Dec 2016, 14:25:24.200 [  FINER] [   FXGL.SystemLogger] [     FXGL Launcher Thread] Pausing main loop
06 Dec 2016, 14:25:24.206 [  FINER] [   FXGL.SystemLogger] [     FXGL Launcher Thread] Resetting FXGL application
06 Dec 2016, 14:25:24.330 [   INFO] [   FXGL.SystemLogger] [     FXGL Launcher Thread] Game configuration took:  0.622 sec
06 Dec 2016, 14:25:26.236 [   INFO] [   FXGL.SystemLogger] [ FXGL Background Thread 1] Game initialization took: 1.905 sec
06 Dec 2016, 14:25:26.238 [  FINER] [   FXGL.SystemLogger] [JavaFX Application Thread] Resuming main loop
06 Dec 2016, 14:25:28.245 [  FINER] [   FXGL.SystemLogger] [JavaFX Application Thread] Exiting Normally
06 Dec 2016, 14:25:28.254 [  FINER] [   FXGL.SystemLogger] [JavaFX Application Thread] Exiting FXGL
06 Dec 2016, 14:25:28.254 [  FINER] [   FXGL.SystemLogger] [JavaFX Application Thread] Logger is closing
