12:13:29.277 [FXGL Launcher Thread     ] DEBUG FXGLLoggerFactory    - Service [LoggerFactory] initialized
12:13:29.284 [FXGL Launcher Thread     ] DEBUG FXGL                 - FXGL configuration complete
12:13:29.285 [FXGL Launcher Thread     ] DEBUG FXGL                 - Loading FXGL system data
12:13:29.289 [FXGL Launcher Thread     ] DEBUG IOTask               - Executing task: readDataTask(system/fxgl.bundle)
12:13:29.295 [FXGL Launcher Thread     ] DEBUG FS                   - Reading from: system\fxgl.bundle
12:13:29.302 [FXGL Launcher Thread     ] DEBUG IOTask               - Task succeeded: readDataTask(system/fxgl.bundle)
12:13:29.302 [FXGL Launcher Thread     ] DEBUG Bundle               - Logging bundle: FXGL
12:13:29.303 [FXGL Launcher Thread     ] DEBUG Bundle               - FXGL.offline.timer.version.check=2016-12-12T22:03:51.120
12:13:29.313 [FXGL Launcher Thread     ] DEBUG GameApplication      - Configuring GameApplication
12:13:29.318 [FXGL Launcher Thread     ] DEBUG FXGLExceptionHandler - Service [ExceptionHandler] initialized
12:13:29.320 [FXGL Launcher Thread     ] DEBUG FXGLEventBus         - Service [EventBus] initialized
12:13:29.326 [FXGL Launcher Thread     ] DEBUG FXGLExecutor         - Service [Executor] initialized
12:13:29.326 [FXGL Launcher Thread     ] DEBUG PreInitTask          - Injecting gameWorld & physicsWorld
12:13:29.336 [FXGL Launcher Thread     ] DEBUG GameWorld            - Game world initialized
12:13:29.389 [FXGL Launcher Thread     ] DEBUG FXGLPooler           - Service [Pooler] initialized with default size = 128
12:13:29.390 [FXGL Launcher Thread     ] DEBUG PhysicsWorld         - Physics world initialized: appHeight=700.0, physics.ppm=50.0
12:13:29.392 [FXGL Launcher Thread     ] DEBUG FXGLInput            - Service [Input] initialized
12:13:29.416 [FXGL Launcher Thread     ] DEBUG FXGLInput            - Registered new binding: Screenshot - P
12:13:29.417 [FXGL Launcher Thread     ] DEBUG FXGLInput            - Registered new binding: Dev Options - CTRL+0
12:13:29.417 [FXGL Launcher Thread     ] DEBUG FXGLInput            - Registered new binding: Spawn Anti-Ballistic - PRIMARY
12:13:29.456 [FXGL Launcher Thread     ] DEBUG GameScene            - Game scene initialized: 800.0x700.0
12:13:29.480 [FXGL Launcher Thread     ] DEBUG FXGLAssetLoader      - Service [AssetLoader] initialized: cacheSize=35
12:13:29.483 [FXGL Launcher Thread     ] DEBUG FXGLAssetLoader      - Loading from disk: /assets/sounds/system/notification.wav
12:13:29.528 [FXGL Launcher Thread     ] DEBUG FXGLAssetLoader      - Loading from disk: /assets/sounds/menu/select.wav
12:13:29.548 [FXGL Launcher Thread     ] DEBUG FXGLAssetLoader      - Loading from disk: /assets/sounds/menu/back.wav
12:13:29.551 [FXGL Launcher Thread     ] DEBUG FXGLAssetLoader      - Loading from disk: /assets/sounds/menu/press.wav
12:13:29.555 [FXGL Launcher Thread     ] DEBUG FXGLAssetLoader      - Loading from disk: /assets/ui/fonts/Copperplate_Gothic_Light_Regular.ttf
12:13:29.697 [FXGL Launcher Thread     ] DEBUG FXGLAssetLoader      - Loading from disk: /assets/ui/css/fxgl.css
12:13:29.697 [FXGL Launcher Thread     ] DEBUG FXGLAssetLoader      - Loading from disk: /assets/ui/icons/fxgl_icon.png
12:13:29.754 [FXGL Launcher Thread     ] DEBUG FXGLAssetLoader      - Loading from disk: /assets/ui/css/fxgl_dark.css
12:13:29.766 [FXGL Launcher Thread     ] DEBUG FXGLDisplay          - Target size: DoubleProperty [value: 800.0] x DoubleProperty [value: 700.0] @ 1.0
12:13:29.766 [FXGL Launcher Thread     ] DEBUG FXGLDisplay          - New size:    800.0 x 700.0 @ DoubleProperty [value: 1.0]
12:13:29.767 [FXGL Launcher Thread     ] DEBUG FXGLDisplay          - Service [Display] initialized
12:13:29.767 [FXGL Launcher Thread     ] DEBUG FXGLDisplay          - Using CSS: CSS(externalForm=jar:file:/C:/Users/Tyler/Downloads/FXGL-0.2.8-uber.jar!/assets/ui/css/fxgl_dark.css)
12:13:29.768 [FXGL Launcher Thread     ] DEBUG InitScenesTask       - Injecting loadingScene & gameScene
12:13:29.797 [FXGL Launcher Thread     ] DEBUG FXGLMasterTimer      - Service [MasterTimer] initialized
12:13:29.800 [FXGL Launcher Thread     ] DEBUG FXGLAudioPlayer      - Service [AudioPlayer] initialized
12:13:29.810 [FXGL Launcher Thread     ] DEBUG GameApplication      - Starting new game
12:13:29.813 [FXGL Launcher Thread     ] DEBUG GameApplication      - Initializing App
12:13:29.815 [FXGL Launcher Thread     ] DEBUG FXGLInput            - Clearing active input actions
12:13:29.815 [FXGL Launcher Thread     ] DEBUG FXGLMasterTimer      - Stopping master timer
12:13:29.816 [FXGL Launcher Thread     ] DEBUG GameApplication      - State: STARTUP -> PAUSED
12:13:29.816 [FXGL Launcher Thread     ] DEBUG FXGLEventBus         - Firing event: FXGLEvent[type=PAUSE]
12:13:29.819 [FXGL Launcher Thread     ] DEBUG FXGLInput            - Clearing active input actions
12:13:29.819 [FXGL Launcher Thread     ] DEBUG FXGLMasterTimer      - Resetting ticks and clearing all actions
12:13:29.819 [FXGL Launcher Thread     ] DEBUG GameWorld            - Resetting game world
12:13:29.819 [FXGL Launcher Thread     ] TRACE EntityWorld          - Resetting entity world
12:13:29.821 [FXGL Launcher Thread     ] DEBUG PhysicsWorld         - Resetting physics world
12:13:29.821 [FXGL Launcher Thread     ] DEBUG GameScene            - Resetting game scene
12:13:29.821 [FXGL Launcher Thread     ] DEBUG FXGLEventBus         - Firing event: FXGLEvent[type=RESET]
12:13:29.894 [FXGL Launcher Thread     ] DEBUG GameApplication      - State: PAUSED -> LOADING
12:13:29.936 [FXGL Background Thread 1 ] DEBUG InitAppTask          - Initializing Assets
12:13:29.938 [FXGL Background Thread 1 ] DEBUG InitAppTask          - Initializing Game
12:13:30.028 [JavaFX Application Thread] DEBUG FXGLDisplay          - Showing stage
12:13:30.028 [JavaFX Application Thread] DEBUG FXGLDisplay          - Root size: 800.0x700.0
12:13:30.028 [JavaFX Application Thread] DEBUG FXGLDisplay          - Scene size: 800.0x700.0
12:13:30.028 [JavaFX Application Thread] DEBUG FXGLDisplay          - Stage size: 816.0x739.0
12:13:30.032 [FXGL Background Thread 1 ] DEBUG FXGLAssetLoader      - Loading from disk: /assets/ui/cursors/crosshair.png
12:13:30.053 [FXGL Background Thread 1 ] DEBUG FXGLAssetLoader      - Loading from disk: /assets/textures/city.png
12:13:30.063 [FXGL Background Thread 1 ] DEBUG FXGLAssetLoader      - Loading from cache: /assets/textures/city.png
12:13:30.065 [FXGL Background Thread 1 ] DEBUG FXGLAssetLoader      - Loading from cache: /assets/textures/city.png
12:13:30.067 [FXGL Background Thread 1 ] DEBUG FXGLAssetLoader      - Loading from cache: /assets/textures/city.png
12:13:30.068 [FXGL Background Thread 1 ] DEBUG FXGLAssetLoader      - Loading from cache: /assets/textures/city.png
12:13:30.070 [FXGL Background Thread 1 ] DEBUG FXGLAssetLoader      - Loading from cache: /assets/textures/city.png
12:13:30.078 [FXGL Background Thread 1 ] DEBUG InitAppTask          - Initializing Physics
12:13:30.079 [FXGL Background Thread 1 ] DEBUG InitAppTask          - Initializing UI
12:13:30.089 [FXGL Background Thread 1 ] DEBUG GameScene            - Adding UI node: Text[text="Missile Command", x=0.0, y=0.0, alignment=LEFT, origin=BASELINE, boundsType=LOGICAL, font=Font[name=Copperplate Gothic Light, family=Copperplate Gothic Light, style=Regular, size=48.0], fontSmoothingType=GRAY, fill=0x0000ffff]
12:13:30.092 [FXGL Background Thread 1 ] DEBUG FXGLAssetLoader      - Loading from disk: /assets/textures/bg.jpg
12:13:30.114 [FXGL Background Thread 1 ] DEBUG GameScene            - Creating render group for layer: TOP(2147483647)
12:13:30.117 [FXGL Background Thread 1 ] DEBUG InitAppTask          - Initialization Complete
12:13:30.171 [JavaFX Application Thread] DEBUG FXGLInput            - Clearing active input actions
12:13:30.172 [JavaFX Application Thread] DEBUG FXGLMasterTimer      - Starting master timer
12:13:30.172 [JavaFX Application Thread] DEBUG GameApplication      - State: LOADING -> PLAYING
12:13:30.182 [JavaFX Application Thread] DEBUG FXGLEventBus         - Firing event: FXGLEvent[type=RESUME]
12:13:30.187 [JavaFX Application Thread] DEBUG GameScene            - Entity added to scene
12:13:30.188 [JavaFX Application Thread] DEBUG GameScene            - Added MainViewComponent
12:13:30.188 [JavaFX Application Thread] DEBUG GameScene            - Creating render group for layer: BACKGROUND(1000)
12:13:30.192 [JavaFX Application Thread] DEBUG GameScene            - Entity added to scene
12:13:30.192 [JavaFX Application Thread] DEBUG GameScene            - Added MainViewComponent
12:13:30.193 [JavaFX Application Thread] DEBUG GameScene            - Entity added to scene
12:13:30.193 [JavaFX Application Thread] DEBUG GameScene            - Added MainViewComponent
12:13:30.193 [JavaFX Application Thread] DEBUG GameScene            - Entity added to scene
12:13:30.193 [JavaFX Application Thread] DEBUG GameScene            - Added MainViewComponent
12:13:30.194 [JavaFX Application Thread] DEBUG GameScene            - Entity added to scene
12:13:30.194 [JavaFX Application Thread] DEBUG GameScene            - Added MainViewComponent
12:13:30.194 [JavaFX Application Thread] DEBUG GameScene            - Entity added to scene
12:13:30.194 [JavaFX Application Thread] DEBUG GameScene            - Added MainViewComponent
12:13:30.195 [JavaFX Application Thread] DEBUG GameScene            - Entity added to scene
12:13:30.195 [JavaFX Application Thread] DEBUG GameScene            - Added MainViewComponent
12:13:30.196 [JavaFX Application Thread] DEBUG GameScene            - Entity added to scene
12:13:30.196 [JavaFX Application Thread] DEBUG GameScene            - Added MainViewComponent
12:13:30.198 [JavaFX Application Thread] DEBUG GameScene            - Entity added to scene
12:13:30.198 [JavaFX Application Thread] DEBUG GameScene            - Added MainViewComponent
12:13:30.198 [JavaFX Application Thread] DEBUG GameScene            - Entity added to scene
12:13:30.198 [JavaFX Application Thread] DEBUG GameScene            - Added MainViewComponent
12:13:30.520 [JavaFX Application Thread] DEBUG FXGLAssetLoader      - Loading from disk: /assets/textures/missile.png
12:13:30.530 [JavaFX Application Thread] DEBUG GameScene            - Entity added to scene
12:13:30.530 [JavaFX Application Thread] DEBUG GameScene            - Added MainViewComponent
12:13:30.809 [JavaFX Application Thread] DEBUG FXGLAssetLoader      - Loading from cache: /assets/textures/missile.png
12:13:30.810 [JavaFX Application Thread] DEBUG GameScene            - Entity added to scene
12:13:30.810 [JavaFX Application Thread] DEBUG GameScene            - Added MainViewComponent
12:13:31.080 [JavaFX Application Thread] DEBUG FXGLAssetLoader      - Loading from cache: /assets/textures/missile.png
12:13:31.081 [JavaFX Application Thread] DEBUG GameScene            - Entity added to scene
12:13:31.081 [JavaFX Application Thread] DEBUG GameScene            - Added MainViewComponent
12:13:31.352 [JavaFX Application Thread] DEBUG FXGLAssetLoader      - Loading from cache: /assets/textures/missile.png
12:13:31.353 [JavaFX Application Thread] DEBUG GameScene            - Entity added to scene
12:13:31.354 [JavaFX Application Thread] DEBUG GameScene            - Added MainViewComponent
12:13:31.608 [JavaFX Application Thread] DEBUG FXGLAssetLoader      - Loading from cache: /assets/textures/missile.png
12:13:31.609 [JavaFX Application Thread] DEBUG GameScene            - Entity added to scene
12:13:31.609 [JavaFX Application Thread] DEBUG GameScene            - Added MainViewComponent
12:13:31.881 [JavaFX Application Thread] DEBUG FXGLAssetLoader      - Loading from cache: /assets/textures/missile.png
12:13:31.881 [JavaFX Application Thread] DEBUG GameScene            - Entity added to scene
12:13:31.882 [JavaFX Application Thread] DEBUG GameScene            - Added MainViewComponent
12:13:32.152 [JavaFX Application Thread] DEBUG FXGLAssetLoader      - Loading from cache: /assets/textures/missile.png
12:13:32.152 [JavaFX Application Thread] DEBUG GameScene            - Entity added to scene
12:13:32.152 [JavaFX Application Thread] DEBUG GameScene            - Added MainViewComponent
12:13:32.424 [JavaFX Application Thread] DEBUG FXGLAssetLoader      - Loading from cache: /assets/textures/missile.png
12:13:32.425 [JavaFX Application Thread] DEBUG GameScene            - Entity added to scene
12:13:32.425 [JavaFX Application Thread] DEBUG GameScene            - Added MainViewComponent
12:13:32.680 [JavaFX Application Thread] DEBUG FXGLAssetLoader      - Loading from cache: /assets/textures/missile.png
12:13:32.682 [JavaFX Application Thread] DEBUG GameScene            - Entity added to scene
12:13:32.682 [JavaFX Application Thread] DEBUG GameScene            - Added MainViewComponent
12:13:32.953 [JavaFX Application Thread] DEBUG FXGLAssetLoader      - Loading from cache: /assets/textures/missile.png
12:13:32.954 [JavaFX Application Thread] DEBUG GameScene            - Entity added to scene
12:13:32.954 [JavaFX Application Thread] DEBUG GameScene            - Added MainViewComponent
12:13:33.224 [JavaFX Application Thread] DEBUG FXGLAssetLoader      - Loading from cache: /assets/textures/missile.png
12:13:33.225 [JavaFX Application Thread] DEBUG GameScene            - Entity added to scene
12:13:33.225 [JavaFX Application Thread] DEBUG GameScene            - Added MainViewComponent
12:13:33.496 [JavaFX Application Thread] DEBUG FXGLAssetLoader      - Loading from cache: /assets/textures/missile.png
12:13:33.497 [JavaFX Application Thread] DEBUG GameScene            - Entity added to scene
12:13:33.498 [JavaFX Application Thread] DEBUG GameScene            - Added MainViewComponent
12:13:33.752 [JavaFX Application Thread] DEBUG FXGLAssetLoader      - Loading from cache: /assets/textures/missile.png
12:13:33.753 [JavaFX Application Thread] DEBUG GameScene            - Entity added to scene
12:13:33.753 [JavaFX Application Thread] DEBUG GameScene            - Added MainViewComponent
12:13:34.025 [JavaFX Application Thread] DEBUG FXGLAssetLoader      - Loading from cache: /assets/textures/missile.png
12:13:34.025 [JavaFX Application Thread] DEBUG GameScene            - Entity added to scene
12:13:34.026 [JavaFX Application Thread] DEBUG GameScene            - Added MainViewComponent
12:13:34.104 [JavaFX Application Thread] DEBUG GameScene            - Removing UI node: Text[text="Missile Command", x=0.0, y=0.0, alignment=LEFT, origin=BASELINE, boundsType=LOGICAL, font=Font[name=Copperplate Gothic Light, family=Copperplate Gothic Light, style=Regular, size=48.0], fontSmoothingType=GRAY, fill=0x0000ffff]
12:13:34.296 [JavaFX Application Thread] DEBUG FXGLAssetLoader      - Loading from cache: /assets/textures/missile.png
12:13:34.297 [JavaFX Application Thread] DEBUG GameScene            - Entity added to scene
12:13:34.298 [JavaFX Application Thread] DEBUG GameScene            - Added MainViewComponent
12:13:34.568 [JavaFX Application Thread] DEBUG FXGLAssetLoader      - Loading from cache: /assets/textures/missile.png
12:13:34.569 [JavaFX Application Thread] DEBUG GameScene            - Entity added to scene
12:13:34.569 [JavaFX Application Thread] DEBUG GameScene            - Added MainViewComponent
12:13:34.791 [JavaFX Application Thread] DEBUG GameScene            - Entity removed from scene
12:13:34.792 [JavaFX Application Thread] DEBUG GameScene            - Removed MainViewComponent
12:13:34.823 [JavaFX Application Thread] DEBUG FXGLAssetLoader      - Loading from cache: /assets/textures/missile.png
12:13:34.824 [JavaFX Application Thread] DEBUG GameScene            - Entity added to scene
12:13:34.824 [JavaFX Application Thread] DEBUG GameScene            - Added MainViewComponent
12:13:34.919 [JavaFX Application Thread] DEBUG GameScene            - Entity removed from scene
12:13:34.919 [JavaFX Application Thread] DEBUG GameScene            - Removed MainViewComponent
12:13:35.000 [JavaFX Application Thread] DEBUG GameScene            - Entity removed from scene
12:13:35.000 [JavaFX Application Thread] DEBUG GameScene            - Removed MainViewComponent
12:13:35.000 [JavaFX Application Thread] DEBUG GameScene            - Entity removed from scene
12:13:35.000 [JavaFX Application Thread] DEBUG GameScene            - Removed MainViewComponent
12:13:35.104 [JavaFX Application Thread] DEBUG FXGLAssetLoader      - Loading from cache: /assets/textures/missile.png
12:13:35.107 [JavaFX Application Thread] DEBUG GameScene            - Entity added to scene
12:13:35.107 [JavaFX Application Thread] DEBUG GameScene            - Added MainViewComponent
12:13:35.480 [JavaFX Application Thread] DEBUG FXGLAssetLoader      - Loading from cache: /assets/textures/missile.png
12:13:35.481 [JavaFX Application Thread] DEBUG GameScene            - Entity added to scene
12:13:35.481 [JavaFX Application Thread] DEBUG GameScene            - Added MainViewComponent
12:13:35.544 [JavaFX Application Thread] DEBUG GameScene            - Entity removed from scene
12:13:35.544 [JavaFX Application Thread] DEBUG GameScene            - Removed MainViewComponent
12:13:35.755 [JavaFX Application Thread] DEBUG FXGLAssetLoader      - Loading from cache: /assets/textures/missile.png
12:13:35.757 [JavaFX Application Thread] DEBUG GameScene            - Entity added to scene
12:13:35.758 [JavaFX Application Thread] DEBUG GameScene            - Added MainViewComponent
12:13:36.007 [JavaFX Application Thread] DEBUG GameScene            - Entity removed from scene
12:13:36.007 [JavaFX Application Thread] DEBUG GameScene            - Removed MainViewComponent
12:13:36.039 [JavaFX Application Thread] DEBUG FXGLAssetLoader      - Loading from cache: /assets/textures/missile.png
12:13:36.041 [JavaFX Application Thread] DEBUG GameScene            - Entity added to scene
12:13:36.041 [JavaFX Application Thread] DEBUG GameScene            - Added MainViewComponent
12:13:36.071 [JavaFX Application Thread] DEBUG GameScene            - Entity removed from scene
12:13:36.099 [JavaFX Application Thread] DEBUG GameScene            - Removed MainViewComponent
12:13:36.329 [JavaFX Application Thread] DEBUG FXGLAssetLoader      - Loading from cache: /assets/textures/missile.png
12:13:36.330 [JavaFX Application Thread] DEBUG GameScene            - Entity added to scene
12:13:36.330 [JavaFX Application Thread] DEBUG GameScene            - Added MainViewComponent
12:13:36.584 [JavaFX Application Thread] DEBUG FXGLAssetLoader      - Loading from cache: /assets/textures/missile.png
12:13:36.585 [JavaFX Application Thread] DEBUG GameScene            - Entity added to scene
12:13:36.585 [JavaFX Application Thread] DEBUG GameScene            - Added MainViewComponent
12:13:36.775 [JavaFX Application Thread] DEBUG GameScene            - Entity removed from scene
12:13:36.775 [JavaFX Application Thread] DEBUG GameScene            - Removed MainViewComponent
12:13:36.855 [JavaFX Application Thread] DEBUG FXGLAssetLoader      - Loading from cache: /assets/textures/missile.png
12:13:36.856 [JavaFX Application Thread] DEBUG GameScene            - Entity added to scene
12:13:36.856 [JavaFX Application Thread] DEBUG GameScene            - Added MainViewComponent
12:13:37.144 [JavaFX Application Thread] DEBUG FXGLAssetLoader      - Loading from cache: /assets/textures/missile.png
12:13:37.145 [JavaFX Application Thread] DEBUG GameScene            - Entity added to scene
12:13:37.145 [JavaFX Application Thread] DEBUG GameScene            - Added MainViewComponent
12:13:37.191 [JavaFX Application Thread] DEBUG GameScene            - Entity removed from scene
12:13:37.191 [JavaFX Application Thread] DEBUG GameScene            - Removed MainViewComponent
12:13:37.417 [JavaFX Application Thread] DEBUG FXGLAssetLoader      - Loading from cache: /assets/textures/missile.png
12:13:37.418 [JavaFX Application Thread] DEBUG GameScene            - Entity added to scene
12:13:37.418 [JavaFX Application Thread] DEBUG GameScene            - Added MainViewComponent
12:13:37.559 [JavaFX Application Thread] DEBUG GameScene            - Entity removed from scene
12:13:37.581 [JavaFX Application Thread] DEBUG GameScene            - Removed MainViewComponent
12:13:37.704 [JavaFX Application Thread] DEBUG FXGLAssetLoader      - Loading from cache: /assets/textures/missile.png
12:13:37.705 [JavaFX Application Thread] DEBUG GameScene            - Entity added to scene
12:13:37.705 [JavaFX Application Thread] DEBUG GameScene            - Added MainViewComponent
12:13:37.863 [JavaFX Application Thread] DEBUG GameScene            - Entity removed from scene
12:13:37.863 [JavaFX Application Thread] DEBUG GameScene            - Removed MainViewComponent
12:13:37.959 [JavaFX Application Thread] DEBUG FXGLAssetLoader      - Loading from cache: /assets/textures/missile.png
12:13:37.960 [JavaFX Application Thread] DEBUG GameScene            - Entity added to scene
12:13:37.960 [JavaFX Application Thread] DEBUG GameScene            - Added MainViewComponent
12:13:38.215 [JavaFX Application Thread] DEBUG GameScene            - Entity removed from scene
12:13:38.215 [JavaFX Application Thread] DEBUG GameScene            - Removed MainViewComponent
12:13:38.231 [JavaFX Application Thread] DEBUG FXGLAssetLoader      - Loading from cache: /assets/textures/missile.png
12:13:38.232 [JavaFX Application Thread] DEBUG GameScene            - Entity added to scene
12:13:38.232 [JavaFX Application Thread] DEBUG GameScene            - Added MainViewComponent
12:13:38.504 [JavaFX Application Thread] DEBUG FXGLAssetLoader      - Loading from cache: /assets/textures/missile.png
12:13:38.505 [JavaFX Application Thread] DEBUG GameScene            - Entity added to scene
12:13:38.506 [JavaFX Application Thread] DEBUG GameScene            - Added MainViewComponent
12:13:38.600 [JavaFX Application Thread] DEBUG GameScene            - Entity removed from scene
12:13:38.600 [JavaFX Application Thread] DEBUG GameScene            - Removed MainViewComponent
12:13:38.775 [JavaFX Application Thread] DEBUG FXGLAssetLoader      - Loading from cache: /assets/textures/missile.png
12:13:38.776 [JavaFX Application Thread] DEBUG GameScene            - Entity added to scene
12:13:38.776 [JavaFX Application Thread] DEBUG GameScene            - Added MainViewComponent
12:13:39.047 [JavaFX Application Thread] DEBUG FXGLAssetLoader      - Loading from cache: /assets/textures/missile.png
12:13:39.048 [JavaFX Application Thread] DEBUG GameScene            - Entity added to scene
12:13:39.048 [JavaFX Application Thread] DEBUG GameScene            - Added MainViewComponent
12:13:39.320 [JavaFX Application Thread] DEBUG FXGLAssetLoader      - Loading from cache: /assets/textures/missile.png
12:13:39.321 [JavaFX Application Thread] DEBUG GameScene            - Entity added to scene
12:13:39.321 [JavaFX Application Thread] DEBUG GameScene            - Added MainViewComponent
12:13:39.593 [JavaFX Application Thread] DEBUG FXGLAssetLoader      - Loading from cache: /assets/textures/missile.png
12:13:39.594 [JavaFX Application Thread] DEBUG GameScene            - Entity added to scene
12:13:39.594 [JavaFX Application Thread] DEBUG GameScene            - Added MainViewComponent
12:13:39.864 [JavaFX Application Thread] DEBUG FXGLAssetLoader      - Loading from cache: /assets/textures/missile.png
12:13:39.865 [JavaFX Application Thread] DEBUG GameScene            - Entity added to scene
12:13:39.865 [JavaFX Application Thread] DEBUG GameScene            - Added MainViewComponent
12:13:39.991 [JavaFX Application Thread] DEBUG GameScene            - Entity removed from scene
12:13:39.991 [JavaFX Application Thread] DEBUG GameScene            - Removed MainViewComponent
12:13:40.055 [JavaFX Application Thread] DEBUG GameScene            - Entity removed from scene
12:13:40.055 [JavaFX Application Thread] DEBUG GameScene            - Removed MainViewComponent
12:13:40.120 [JavaFX Application Thread] DEBUG FXGLAssetLoader      - Loading from cache: /assets/textures/missile.png
12:13:40.121 [JavaFX Application Thread] DEBUG GameScene            - Entity added to scene
12:13:40.121 [JavaFX Application Thread] DEBUG GameScene            - Added MainViewComponent
12:13:40.199 [JavaFX Application Thread] DEBUG GameScene            - Entity removed from scene
12:13:40.199 [JavaFX Application Thread] DEBUG GameScene            - Removed MainViewComponent
12:13:40.392 [JavaFX Application Thread] DEBUG FXGLAssetLoader      - Loading from cache: /assets/textures/missile.png
12:13:40.393 [JavaFX Application Thread] DEBUG GameScene            - Entity added to scene
12:13:40.393 [JavaFX Application Thread] DEBUG GameScene            - Added MainViewComponent
12:13:40.568 [JavaFX Application Thread] DEBUG GameScene            - Entity removed from scene
12:13:40.568 [JavaFX Application Thread] DEBUG GameScene            - Removed MainViewComponent
12:13:40.664 [JavaFX Application Thread] DEBUG FXGLAssetLoader      - Loading from cache: /assets/textures/missile.png
12:13:40.665 [JavaFX Application Thread] DEBUG GameScene            - Entity added to scene
12:13:40.665 [JavaFX Application Thread] DEBUG GameScene            - Added MainViewComponent
12:13:40.712 [JavaFX Application Thread] DEBUG GameScene            - Entity removed from scene
12:13:40.712 [JavaFX Application Thread] DEBUG GameScene            - Removed MainViewComponent
12:13:40.936 [JavaFX Application Thread] DEBUG FXGLAssetLoader      - Loading from cache: /assets/textures/missile.png
12:13:40.937 [JavaFX Application Thread] DEBUG GameScene            - Entity added to scene
12:13:40.937 [JavaFX Application Thread] DEBUG GameScene            - Added MainViewComponent
12:13:40.951 [JavaFX Application Thread] DEBUG GameScene            - Entity removed from scene
12:13:40.951 [JavaFX Application Thread] DEBUG GameScene            - Removed MainViewComponent
12:13:41.223 [JavaFX Application Thread] DEBUG FXGLAssetLoader      - Loading from cache: /assets/textures/missile.png
12:13:41.224 [JavaFX Application Thread] DEBUG GameScene            - Entity added to scene
12:13:41.224 [JavaFX Application Thread] DEBUG GameScene            - Added MainViewComponent
12:13:41.479 [JavaFX Application Thread] DEBUG FXGLAssetLoader      - Loading from cache: /assets/textures/missile.png
12:13:41.480 [JavaFX Application Thread] DEBUG GameScene            - Entity added to scene
12:13:41.481 [JavaFX Application Thread] DEBUG GameScene            - Added MainViewComponent
12:13:41.543 [JavaFX Application Thread] DEBUG GameScene            - Entity removed from scene
12:13:41.543 [JavaFX Application Thread] DEBUG GameScene            - Removed MainViewComponent
12:13:41.752 [JavaFX Application Thread] DEBUG FXGLAssetLoader      - Loading from cache: /assets/textures/missile.png
12:13:41.753 [JavaFX Application Thread] DEBUG GameScene            - Entity added to scene
12:13:41.753 [JavaFX Application Thread] DEBUG GameScene            - Added MainViewComponent
12:13:42.039 [JavaFX Application Thread] DEBUG FXGLAssetLoader      - Loading from cache: /assets/textures/missile.png
12:13:42.040 [JavaFX Application Thread] DEBUG GameScene            - Entity added to scene
12:13:42.040 [JavaFX Application Thread] DEBUG GameScene            - Added MainViewComponent
12:13:42.199 [JavaFX Application Thread] DEBUG GameScene            - Entity removed from scene
12:13:42.199 [JavaFX Application Thread] DEBUG GameScene            - Removed MainViewComponent
12:13:42.311 [JavaFX Application Thread] DEBUG GameScene            - Entity removed from scene
12:13:42.311 [JavaFX Application Thread] DEBUG GameScene            - Removed MainViewComponent
12:13:42.328 [JavaFX Application Thread] DEBUG FXGLAssetLoader      - Loading from cache: /assets/textures/missile.png
12:13:42.329 [JavaFX Application Thread] DEBUG GameScene            - Entity added to scene
12:13:42.329 [JavaFX Application Thread] DEBUG GameScene            - Added MainViewComponent
12:13:42.485 [JavaFX Application Thread] DEBUG GameScene            - Entity removed from scene
12:13:42.485 [JavaFX Application Thread] DEBUG GameScene            - Removed MainViewComponent
12:13:42.631 [JavaFX Application Thread] DEBUG FXGLAssetLoader      - Loading from cache: /assets/textures/missile.png
12:13:42.632 [JavaFX Application Thread] DEBUG GameScene            - Entity added to scene
12:13:42.632 [JavaFX Application Thread] DEBUG GameScene            - Added MainViewComponent
12:13:42.905 [JavaFX Application Thread] DEBUG FXGLAssetLoader      - Loading from cache: /assets/textures/missile.png
12:13:42.905 [JavaFX Application Thread] DEBUG GameScene            - Entity added to scene
12:13:42.906 [JavaFX Application Thread] DEBUG GameScene            - Added MainViewComponent
12:13:43.095 [JavaFX Application Thread] DEBUG GameScene            - Entity removed from scene
12:13:43.095 [JavaFX Application Thread] DEBUG GameScene            - Removed MainViewComponent
12:13:43.191 [JavaFX Application Thread] DEBUG FXGLAssetLoader      - Loading from cache: /assets/textures/missile.png
12:13:43.192 [JavaFX Application Thread] DEBUG GameScene            - Entity added to scene
12:13:43.193 [JavaFX Application Thread] DEBUG GameScene            - Added MainViewComponent
12:13:43.463 [JavaFX Application Thread] DEBUG FXGLAssetLoader      - Loading from cache: /assets/textures/missile.png
12:13:43.464 [JavaFX Application Thread] DEBUG GameScene            - Entity added to scene
12:13:43.464 [JavaFX Application Thread] DEBUG GameScene            - Added MainViewComponent
12:13:43.736 [JavaFX Application Thread] DEBUG FXGLAssetLoader      - Loading from cache: /assets/textures/missile.png
12:13:43.737 [JavaFX Application Thread] DEBUG GameScene            - Entity added to scene
12:13:43.737 [JavaFX Application Thread] DEBUG GameScene            - Added MainViewComponent
12:13:43.783 [JavaFX Application Thread] DEBUG GameScene            - Entity removed from scene
12:13:43.783 [JavaFX Application Thread] DEBUG GameScene            - Removed MainViewComponent
12:13:43.992 [JavaFX Application Thread] DEBUG FXGLAssetLoader      - Loading from cache: /assets/textures/missile.png
12:13:43.993 [JavaFX Application Thread] DEBUG GameScene            - Entity added to scene
12:13:43.993 [JavaFX Application Thread] DEBUG GameScene            - Added MainViewComponent
12:13:44.206 [JavaFX Application Thread] DEBUG GameScene            - Entity removed from scene
12:13:44.206 [JavaFX Application Thread] DEBUG GameScene            - Removed MainViewComponent
12:13:44.263 [JavaFX Application Thread] DEBUG FXGLAssetLoader      - Loading from cache: /assets/textures/missile.png
12:13:44.264 [JavaFX Application Thread] DEBUG GameScene            - Entity added to scene
12:13:44.264 [JavaFX Application Thread] DEBUG GameScene            - Added MainViewComponent
12:13:44.535 [JavaFX Application Thread] DEBUG FXGLAssetLoader      - Loading from cache: /assets/textures/missile.png
12:13:44.536 [JavaFX Application Thread] DEBUG GameScene            - Entity added to scene
12:13:44.537 [JavaFX Application Thread] DEBUG GameScene            - Added MainViewComponent
12:13:44.551 [JavaFX Application Thread] DEBUG GameScene            - Entity removed from scene
12:13:44.551 [JavaFX Application Thread] DEBUG GameScene            - Removed MainViewComponent
12:13:44.808 [JavaFX Application Thread] DEBUG FXGLAssetLoader      - Loading from cache: /assets/textures/missile.png
12:13:44.809 [JavaFX Application Thread] DEBUG GameScene            - Entity added to scene
12:13:44.809 [JavaFX Application Thread] DEBUG GameScene            - Added MainViewComponent
12:13:45.182 [JavaFX Application Thread] DEBUG GameScene            - Entity removed from scene
12:13:45.183 [JavaFX Application Thread] DEBUG GameScene            - Removed MainViewComponent
12:13:45.193 [JavaFX Application Thread] DEBUG FXGLAssetLoader      - Loading from cache: /assets/textures/missile.png
12:13:45.193 [JavaFX Application Thread] DEBUG GameScene            - Entity added to scene
12:13:45.194 [JavaFX Application Thread] DEBUG GameScene            - Added MainViewComponent
12:13:45.463 [JavaFX Application Thread] DEBUG GameScene            - Entity removed from scene
12:13:45.463 [JavaFX Application Thread] DEBUG GameScene            - Removed MainViewComponent
12:13:45.544 [JavaFX Application Thread] DEBUG FXGLAssetLoader      - Loading from cache: /assets/textures/missile.png
12:13:45.545 [JavaFX Application Thread] DEBUG GameScene            - Entity added to scene
12:13:45.545 [JavaFX Application Thread] DEBUG GameScene            - Added MainViewComponent
12:13:45.700 [JavaFX Application Thread] DEBUG FXGLEventBus         - Firing event: DisplayEvent[type=CLOSE_REQUEST]
12:13:45.702 [JavaFX Application Thread] DEBUG FXGLEventBus         - Firing event: FXGLEvent[type=EXIT]
12:13:45.702 [JavaFX Application Thread] DEBUG FXGL                 - Saving FXGL system data
12:13:45.704 [JavaFX Application Thread] DEBUG IOTask               - Executing task: writeDataTask(system/fxgl.bundle)
12:13:45.706 [JavaFX Application Thread] DEBUG FS                   - Writing to: system\fxgl.bundle
12:13:45.710 [JavaFX Application Thread] DEBUG IOTask               - Task succeeded: writeDataTask(system/fxgl.bundle)
