18:26:05.940 [FXGL Launcher Thread     ] DEBUG FXGLLoggerFactory    - Service [LoggerFactory] initialized
18:26:05.955 [FXGL Launcher Thread     ] DEBUG FXGL                 - FXGL configuration complete
18:26:05.956 [FXGL Launcher Thread     ] DEBUG FXGL                 - Loading FXGL system data
18:26:05.967 [FXGL Launcher Thread     ] DEBUG IOTask               - Executing task: readDataTask(system/fxgl.bundle)
18:26:05.976 [FXGL Launcher Thread     ] DEBUG FS                   - Reading from: system\fxgl.bundle
18:26:05.992 [FXGL Launcher Thread     ] DEBUG IOTask               - Task succeeded: readDataTask(system/fxgl.bundle)
18:26:05.993 [FXGL Launcher Thread     ] DEBUG Bundle               - Logging bundle: FXGL
18:26:05.996 [FXGL Launcher Thread     ] DEBUG Bundle               - FXGL.offline.timer.version.check=2016-12-04T23:31:25.587
18:26:06.013 [FXGL Launcher Thread     ] DEBUG GameApplication      - Configuring GameApplication
18:26:06.027 [FXGL Launcher Thread     ] DEBUG FXGLExceptionHandler - Service [ExceptionHandler] initialized
18:26:06.029 [FXGL Launcher Thread     ] DEBUG FXGLEventBus         - Service [EventBus] initialized
18:26:06.038 [FXGL Launcher Thread     ] DEBUG FXGLExecutor         - Service [Executor] initialized
18:26:06.039 [FXGL Launcher Thread     ] DEBUG PreInitTask          - Injecting gameWorld & physicsWorld
18:26:06.055 [FXGL Launcher Thread     ] DEBUG GameWorld            - Game world initialized
18:26:06.179 [FXGL Launcher Thread     ] DEBUG FXGLPooler           - Service [Pooler] initialized with default size = 128
18:26:06.180 [FXGL Launcher Thread     ] DEBUG PhysicsWorld         - Physics world initialized: appHeight=600.0, physics.ppm=50.0
18:26:06.184 [FXGL Launcher Thread     ] DEBUG FXGLInput            - Service [Input] initialized
18:26:06.251 [FXGL Launcher Thread     ] DEBUG FXGLInput            - Registered new binding: Screenshot - P
18:26:06.252 [FXGL Launcher Thread     ] DEBUG FXGLInput            - Registered new binding: Dev Options - CTRL+0
18:26:06.253 [FXGL Launcher Thread     ] DEBUG FXGLInput            - Registered new binding: Spawn Anti-Ballastic - PRIMARY
18:26:06.253 [FXGL Launcher Thread     ] DEBUG FXGLInput            - Registered new binding: Spawn Box - SECONDARY
18:26:06.351 [FXGL Launcher Thread     ] DEBUG GameScene            - Game scene initialized: 600.0x600.0
18:26:06.379 [FXGL Launcher Thread     ] DEBUG FXGLAssetLoader      - Service [AssetLoader] initialized: cacheSize=35
18:26:06.386 [FXGL Launcher Thread     ] DEBUG FXGLAssetLoader      - Loading from disk: /assets/sounds/system/notification.wav
18:26:06.492 [FXGL Launcher Thread     ] DEBUG FXGLAssetLoader      - Loading from disk: /assets/sounds/menu/select.wav
18:26:06.497 [FXGL Launcher Thread     ] DEBUG FXGLAssetLoader      - Loading from disk: /assets/sounds/menu/back.wav
18:26:06.503 [FXGL Launcher Thread     ] DEBUG FXGLAssetLoader      - Loading from disk: /assets/sounds/menu/press.wav
18:26:06.513 [FXGL Launcher Thread     ] DEBUG FXGLAssetLoader      - Loading from disk: /assets/ui/fonts/Copperplate_Gothic_Light_Regular.ttf
18:26:06.775 [FXGL Launcher Thread     ] DEBUG FXGLAssetLoader      - Loading from disk: /assets/ui/css/fxgl.css
18:26:06.776 [FXGL Launcher Thread     ] DEBUG FXGLAssetLoader      - Loading from disk: /assets/ui/icons/fxgl_icon.png
18:26:06.937 [FXGL Launcher Thread     ] DEBUG FXGLAssetLoader      - Loading from disk: /assets/ui/css/fxgl_dark.css
18:26:06.966 [FXGL Launcher Thread     ] DEBUG FXGLDisplay          - Target size: DoubleProperty [value: 600.0] x DoubleProperty [value: 600.0] @ 1.0
18:26:06.966 [FXGL Launcher Thread     ] DEBUG FXGLDisplay          - New size:    600.0 x 600.0 @ DoubleProperty [value: 1.0]
18:26:06.967 [FXGL Launcher Thread     ] DEBUG FXGLDisplay          - Service [Display] initialized
18:26:06.968 [FXGL Launcher Thread     ] DEBUG FXGLDisplay          - Using CSS: CSS(externalForm=jar:file:/C:/Users/Tyler/Downloads/FXGL-0.2.8-uber.jar!/assets/ui/css/fxgl_dark.css)
18:26:06.969 [FXGL Launcher Thread     ] DEBUG InitScenesTask       - Injecting loadingScene & gameScene
18:26:07.032 [FXGL Launcher Thread     ] DEBUG FXGLMasterTimer      - Service [MasterTimer] initialized
18:26:07.040 [FXGL Launcher Thread     ] DEBUG FXGLAudioPlayer      - Service [AudioPlayer] initialized
18:26:07.062 [FXGL Launcher Thread     ] DEBUG GameApplication      - Starting new game
18:26:07.070 [FXGL Launcher Thread     ] DEBUG GameApplication      - Initializing App
18:26:07.074 [FXGL Launcher Thread     ] DEBUG FXGLInput            - Clearing active input actions
18:26:07.075 [FXGL Launcher Thread     ] DEBUG FXGLMasterTimer      - Stopping master timer
18:26:07.075 [FXGL Launcher Thread     ] DEBUG GameApplication      - State: STARTUP -> PAUSED
18:26:07.077 [FXGL Launcher Thread     ] DEBUG FXGLEventBus         - Firing event: FXGLEvent[type=PAUSE]
18:26:07.082 [FXGL Launcher Thread     ] DEBUG FXGLInput            - Clearing active input actions
18:26:07.082 [FXGL Launcher Thread     ] DEBUG FXGLMasterTimer      - Resetting ticks and clearing all actions
18:26:07.083 [FXGL Launcher Thread     ] DEBUG GameWorld            - Resetting game world
18:26:07.083 [FXGL Launcher Thread     ] TRACE EntityWorld          - Resetting entity world
18:26:07.088 [FXGL Launcher Thread     ] DEBUG PhysicsWorld         - Resetting physics world
18:26:07.088 [FXGL Launcher Thread     ] DEBUG GameScene            - Resetting game scene
18:26:07.089 [FXGL Launcher Thread     ] DEBUG FXGLEventBus         - Firing event: FXGLEvent[type=RESET]
18:26:07.246 [FXGL Launcher Thread     ] DEBUG GameApplication      - State: PAUSED -> LOADING
18:26:07.344 [FXGL Background Thread 1 ] DEBUG InitAppTask          - Initializing Assets
18:26:07.349 [FXGL Background Thread 1 ] DEBUG InitAppTask          - Initializing Game
18:26:07.518 [JavaFX Application Thread] DEBUG FXGLDisplay          - Showing stage
18:26:07.519 [JavaFX Application Thread] DEBUG FXGLDisplay          - Root size: 600.0x600.0
18:26:07.519 [JavaFX Application Thread] DEBUG FXGLDisplay          - Scene size: 600.0x600.0
18:26:07.519 [JavaFX Application Thread] DEBUG FXGLDisplay          - Stage size: 616.0x639.0
18:26:07.520 [FXGL Background Thread 1 ] DEBUG FXGLAssetLoader      - Loading from disk: /assets/ui/cursors/crosshair.png
18:26:07.605 [FXGL Background Thread 1 ] DEBUG FXGLAssetLoader      - Loading from disk: /assets/textures/city.png
18:26:07.624 [FXGL Background Thread 1 ] DEBUG FXGLAssetLoader      - Loading from cache: /assets/textures/city.png
18:26:07.627 [FXGL Background Thread 1 ] DEBUG FXGLAssetLoader      - Loading from cache: /assets/textures/city.png
18:26:07.630 [FXGL Background Thread 1 ] DEBUG FXGLAssetLoader      - Loading from cache: /assets/textures/city.png
18:26:07.633 [FXGL Background Thread 1 ] DEBUG FXGLAssetLoader      - Loading from cache: /assets/textures/city.png
18:26:07.636 [FXGL Background Thread 1 ] DEBUG FXGLAssetLoader      - Loading from cache: /assets/textures/city.png
18:26:07.641 [FXGL Background Thread 1 ] DEBUG InitAppTask          - Initializing Physics
18:26:07.643 [FXGL Background Thread 1 ] DEBUG InitAppTask          - Initializing UI
18:26:07.660 [FXGL Background Thread 1 ] DEBUG GameScene            - Adding UI node: Text[text="Missile Command", x=0.0, y=0.0, alignment=LEFT, origin=BASELINE, boundsType=LOGICAL, font=Font[name=Copperplate Gothic Light, family=Copperplate Gothic Light, style=Regular, size=48.0], fontSmoothingType=GRAY, fill=0x0000ffff]
18:26:07.665 [FXGL Background Thread 1 ] DEBUG InitAppTask          - Initialization Complete
18:26:07.777 [JavaFX Application Thread] DEBUG FXGLInput            - Clearing active input actions
18:26:07.778 [JavaFX Application Thread] DEBUG FXGLMasterTimer      - Starting master timer
18:26:07.778 [JavaFX Application Thread] DEBUG GameApplication      - State: LOADING -> PLAYING
18:26:07.794 [JavaFX Application Thread] DEBUG FXGLEventBus         - Firing event: FXGLEvent[type=RESUME]
18:26:07.807 [JavaFX Application Thread] DEBUG GameScene            - Entity added to scene
18:26:07.809 [JavaFX Application Thread] DEBUG GameScene            - Added MainViewComponent
18:26:07.814 [JavaFX Application Thread] DEBUG GameScene            - Creating render group for layer: BACKGROUND(1000)
18:26:07.826 [JavaFX Application Thread] DEBUG GameScene            - Entity added to scene
18:26:07.826 [JavaFX Application Thread] DEBUG GameScene            - Added MainViewComponent
18:26:07.826 [JavaFX Application Thread] DEBUG GameScene            - Creating render group for layer: TOP(2147483647)
18:26:07.830 [JavaFX Application Thread] DEBUG GameScene            - Entity added to scene
18:26:07.830 [JavaFX Application Thread] DEBUG GameScene            - Added MainViewComponent
18:26:07.831 [JavaFX Application Thread] DEBUG GameScene            - Entity added to scene
18:26:07.831 [JavaFX Application Thread] DEBUG GameScene            - Added MainViewComponent
18:26:07.832 [JavaFX Application Thread] DEBUG GameScene            - Entity added to scene
18:26:07.832 [JavaFX Application Thread] DEBUG GameScene            - Added MainViewComponent
18:26:07.833 [JavaFX Application Thread] DEBUG GameScene            - Entity added to scene
18:26:07.833 [JavaFX Application Thread] DEBUG GameScene            - Added MainViewComponent
18:26:07.834 [JavaFX Application Thread] DEBUG GameScene            - Entity added to scene
18:26:07.834 [JavaFX Application Thread] DEBUG GameScene            - Added MainViewComponent
18:26:08.324 [JavaFX Application Thread] DEBUG FXGLAssetLoader      - Loading from disk: /assets/textures/missile.png
18:26:08.329 [JavaFX Application Thread] DEBUG GameScene            - Entity added to scene
18:26:08.329 [JavaFX Application Thread] DEBUG GameScene            - Added MainViewComponent
18:26:08.599 [JavaFX Application Thread] DEBUG GameScene            - Entity added to scene
18:26:08.599 [JavaFX Application Thread] DEBUG GameScene            - Added MainViewComponent
18:26:08.605 [JavaFX Application Thread] DEBUG FXGLAssetLoader      - Loading from cache: /assets/textures/missile.png
18:26:08.607 [JavaFX Application Thread] DEBUG GameScene            - Entity added to scene
18:26:08.607 [JavaFX Application Thread] DEBUG GameScene            - Added MainViewComponent
18:26:08.876 [JavaFX Application Thread] DEBUG FXGLAssetLoader      - Loading from cache: /assets/textures/missile.png
18:26:08.878 [JavaFX Application Thread] DEBUG GameScene            - Entity added to scene
18:26:08.878 [JavaFX Application Thread] DEBUG GameScene            - Added MainViewComponent
18:26:09.047 [JavaFX Application Thread] DEBUG GameScene            - Entity added to scene
18:26:09.048 [JavaFX Application Thread] DEBUG GameScene            - Added MainViewComponent
18:26:09.144 [JavaFX Application Thread] DEBUG FXGLAssetLoader      - Loading from cache: /assets/textures/missile.png
18:26:09.146 [JavaFX Application Thread] DEBUG GameScene            - Entity added to scene
18:26:09.146 [JavaFX Application Thread] DEBUG GameScene            - Added MainViewComponent
18:26:09.316 [JavaFX Application Thread] DEBUG GameScene            - Entity added to scene
18:26:09.317 [JavaFX Application Thread] DEBUG GameScene            - Added MainViewComponent
18:26:09.413 [JavaFX Application Thread] DEBUG FXGLAssetLoader      - Loading from cache: /assets/textures/missile.png
18:26:09.415 [JavaFX Application Thread] DEBUG GameScene            - Entity added to scene
18:26:09.415 [JavaFX Application Thread] DEBUG GameScene            - Added MainViewComponent
18:26:09.517 [JavaFX Application Thread] DEBUG GameScene            - Entity added to scene
18:26:09.517 [JavaFX Application Thread] DEBUG GameScene            - Added MainViewComponent
18:26:09.681 [JavaFX Application Thread] DEBUG FXGLAssetLoader      - Loading from cache: /assets/textures/missile.png
18:26:09.682 [JavaFX Application Thread] DEBUG GameScene            - Entity added to scene
18:26:09.683 [JavaFX Application Thread] DEBUG GameScene            - Added MainViewComponent
18:26:09.700 [JavaFX Application Thread] DEBUG GameScene            - Entity added to scene
18:26:09.701 [JavaFX Application Thread] DEBUG GameScene            - Added MainViewComponent
18:26:09.949 [JavaFX Application Thread] DEBUG FXGLAssetLoader      - Loading from cache: /assets/textures/missile.png
18:26:09.950 [JavaFX Application Thread] DEBUG GameScene            - Entity added to scene
18:26:09.951 [JavaFX Application Thread] DEBUG GameScene            - Added MainViewComponent
18:26:10.051 [JavaFX Application Thread] DEBUG GameScene            - Entity added to scene
18:26:10.052 [JavaFX Application Thread] DEBUG GameScene            - Added MainViewComponent
18:26:10.222 [JavaFX Application Thread] DEBUG FXGLAssetLoader      - Loading from cache: /assets/textures/missile.png
18:26:10.224 [JavaFX Application Thread] DEBUG GameScene            - Entity added to scene
18:26:10.224 [JavaFX Application Thread] DEBUG GameScene            - Added MainViewComponent
18:26:10.225 [JavaFX Application Thread] DEBUG GameScene            - Entity added to scene
18:26:10.225 [JavaFX Application Thread] DEBUG GameScene            - Added MainViewComponent
18:26:10.437 [JavaFX Application Thread] DEBUG GameScene            - Entity added to scene
18:26:10.437 [JavaFX Application Thread] DEBUG GameScene            - Added MainViewComponent
18:26:10.487 [JavaFX Application Thread] DEBUG FXGLAssetLoader      - Loading from cache: /assets/textures/missile.png
18:26:10.489 [JavaFX Application Thread] DEBUG GameScene            - Entity added to scene
18:26:10.489 [JavaFX Application Thread] DEBUG GameScene            - Added MainViewComponent
18:26:10.606 [JavaFX Application Thread] DEBUG GameScene            - Entity added to scene
18:26:10.606 [JavaFX Application Thread] DEBUG GameScene            - Added MainViewComponent
18:26:10.753 [JavaFX Application Thread] DEBUG FXGLAssetLoader      - Loading from cache: /assets/textures/missile.png
18:26:10.755 [JavaFX Application Thread] DEBUG GameScene            - Entity added to scene
18:26:10.755 [JavaFX Application Thread] DEBUG GameScene            - Added MainViewComponent
18:26:10.956 [JavaFX Application Thread] DEBUG GameScene            - Entity added to scene
18:26:10.956 [JavaFX Application Thread] DEBUG GameScene            - Added MainViewComponent
18:26:11.020 [JavaFX Application Thread] DEBUG FXGLAssetLoader      - Loading from cache: /assets/textures/missile.png
18:26:11.022 [JavaFX Application Thread] DEBUG GameScene            - Entity added to scene
18:26:11.022 [JavaFX Application Thread] DEBUG GameScene            - Added MainViewComponent
18:26:11.157 [JavaFX Application Thread] DEBUG GameScene            - Entity added to scene
18:26:11.157 [JavaFX Application Thread] DEBUG GameScene            - Added MainViewComponent
18:26:11.289 [JavaFX Application Thread] DEBUG FXGLAssetLoader      - Loading from cache: /assets/textures/missile.png
18:26:11.290 [JavaFX Application Thread] DEBUG GameScene            - Entity added to scene
18:26:11.290 [JavaFX Application Thread] DEBUG GameScene            - Added MainViewComponent
18:26:11.359 [JavaFX Application Thread] DEBUG GameScene            - Entity added to scene
18:26:11.359 [JavaFX Application Thread] DEBUG GameScene            - Added MainViewComponent
18:26:11.543 [JavaFX Application Thread] DEBUG GameScene            - Entity added to scene
18:26:11.544 [JavaFX Application Thread] DEBUG GameScene            - Added MainViewComponent
18:26:11.558 [JavaFX Application Thread] DEBUG FXGLAssetLoader      - Loading from cache: /assets/textures/missile.png
18:26:11.560 [JavaFX Application Thread] DEBUG GameScene            - Entity added to scene
18:26:11.560 [JavaFX Application Thread] DEBUG GameScene            - Added MainViewComponent
18:26:11.676 [JavaFX Application Thread] DEBUG GameScene            - Removing UI node: Text[text="Missile Command", x=0.0, y=0.0, alignment=LEFT, origin=BASELINE, boundsType=LOGICAL, font=Font[name=Copperplate Gothic Light, family=Copperplate Gothic Light, style=Regular, size=48.0], fontSmoothingType=GRAY, fill=0x0000ffff]
18:26:11.727 [JavaFX Application Thread] DEBUG GameScene            - Entity added to scene
18:26:11.727 [JavaFX Application Thread] DEBUG GameScene            - Added MainViewComponent
18:26:11.826 [JavaFX Application Thread] DEBUG FXGLAssetLoader      - Loading from cache: /assets/textures/missile.png
18:26:11.827 [JavaFX Application Thread] DEBUG GameScene            - Entity added to scene
18:26:11.827 [JavaFX Application Thread] DEBUG GameScene            - Added MainViewComponent
18:26:11.912 [JavaFX Application Thread] DEBUG GameScene            - Entity added to scene
18:26:11.912 [JavaFX Application Thread] DEBUG GameScene            - Added MainViewComponent
18:26:12.094 [JavaFX Application Thread] DEBUG FXGLAssetLoader      - Loading from cache: /assets/textures/missile.png
18:26:12.095 [JavaFX Application Thread] DEBUG GameScene            - Entity added to scene
18:26:12.095 [JavaFX Application Thread] DEBUG GameScene            - Added MainViewComponent
18:26:12.368 [JavaFX Application Thread] DEBUG FXGLAssetLoader      - Loading from cache: /assets/textures/missile.png
18:26:12.370 [JavaFX Application Thread] DEBUG GameScene            - Entity added to scene
18:26:12.370 [JavaFX Application Thread] DEBUG GameScene            - Added MainViewComponent
18:26:12.371 [JavaFX Application Thread] DEBUG GameScene            - Entity added to scene
18:26:12.371 [JavaFX Application Thread] DEBUG GameScene            - Added MainViewComponent
18:26:12.582 [JavaFX Application Thread] DEBUG GameScene            - Entity added to scene
18:26:12.582 [JavaFX Application Thread] DEBUG GameScene            - Added MainViewComponent
18:26:12.629 [JavaFX Application Thread] DEBUG FXGLAssetLoader      - Loading from cache: /assets/textures/missile.png
18:26:12.630 [JavaFX Application Thread] DEBUG GameScene            - Entity added to scene
18:26:12.630 [JavaFX Application Thread] DEBUG GameScene            - Added MainViewComponent
18:26:12.901 [JavaFX Application Thread] DEBUG FXGLAssetLoader      - Loading from cache: /assets/textures/missile.png
18:26:12.903 [JavaFX Application Thread] DEBUG GameScene            - Entity added to scene
18:26:12.903 [JavaFX Application Thread] DEBUG GameScene            - Added MainViewComponent
18:26:12.904 [JavaFX Application Thread] DEBUG GameScene            - Entity added to scene
18:26:12.904 [JavaFX Application Thread] DEBUG GameScene            - Added MainViewComponent
18:26:13.151 [JavaFX Application Thread] DEBUG GameScene            - Entity added to scene
18:26:13.151 [JavaFX Application Thread] DEBUG GameScene            - Added MainViewComponent
18:26:13.166 [JavaFX Application Thread] DEBUG FXGLAssetLoader      - Loading from cache: /assets/textures/missile.png
18:26:13.167 [JavaFX Application Thread] DEBUG GameScene            - Entity added to scene
18:26:13.167 [JavaFX Application Thread] DEBUG GameScene            - Added MainViewComponent
18:26:13.433 [JavaFX Application Thread] DEBUG FXGLAssetLoader      - Loading from cache: /assets/textures/missile.png
18:26:13.434 [JavaFX Application Thread] DEBUG GameScene            - Entity added to scene
18:26:13.434 [JavaFX Application Thread] DEBUG GameScene            - Added MainViewComponent
18:26:13.556 [JavaFX Application Thread] DEBUG GameScene            - Entity added to scene
18:26:13.556 [JavaFX Application Thread] DEBUG GameScene            - Added MainViewComponent
18:26:13.701 [JavaFX Application Thread] DEBUG FXGLAssetLoader      - Loading from cache: /assets/textures/missile.png
18:26:13.703 [JavaFX Application Thread] DEBUG GameScene            - Entity added to scene
18:26:13.703 [JavaFX Application Thread] DEBUG GameScene            - Added MainViewComponent
18:26:13.739 [JavaFX Application Thread] DEBUG GameScene            - Entity added to scene
18:26:13.739 [JavaFX Application Thread] DEBUG GameScene            - Added MainViewComponent
18:26:13.970 [JavaFX Application Thread] DEBUG FXGLAssetLoader      - Loading from cache: /assets/textures/missile.png
18:26:13.971 [JavaFX Application Thread] DEBUG GameScene            - Entity added to scene
18:26:13.971 [JavaFX Application Thread] DEBUG GameScene            - Added MainViewComponent
18:26:14.089 [JavaFX Application Thread] DEBUG GameScene            - Entity added to scene
18:26:14.089 [JavaFX Application Thread] DEBUG GameScene            - Added MainViewComponent
18:26:14.239 [JavaFX Application Thread] DEBUG FXGLAssetLoader      - Loading from cache: /assets/textures/missile.png
18:26:14.240 [JavaFX Application Thread] DEBUG GameScene            - Entity added to scene
18:26:14.240 [JavaFX Application Thread] DEBUG GameScene            - Added MainViewComponent
18:26:14.325 [JavaFX Application Thread] DEBUG GameScene            - Entity added to scene
18:26:14.325 [JavaFX Application Thread] DEBUG GameScene            - Added MainViewComponent
18:26:14.506 [JavaFX Application Thread] DEBUG FXGLAssetLoader      - Loading from cache: /assets/textures/missile.png
18:26:14.508 [JavaFX Application Thread] DEBUG GameScene            - Entity added to scene
18:26:14.508 [JavaFX Application Thread] DEBUG GameScene            - Added MainViewComponent
18:26:14.643 [JavaFX Application Thread] DEBUG GameScene            - Entity added to scene
18:26:14.643 [JavaFX Application Thread] DEBUG GameScene            - Added MainViewComponent
18:26:14.773 [JavaFX Application Thread] DEBUG FXGLAssetLoader      - Loading from cache: /assets/textures/missile.png
18:26:14.775 [JavaFX Application Thread] DEBUG GameScene            - Entity added to scene
18:26:14.775 [JavaFX Application Thread] DEBUG GameScene            - Added MainViewComponent
18:26:14.944 [JavaFX Application Thread] DEBUG GameScene            - Entity added to scene
18:26:14.944 [JavaFX Application Thread] DEBUG GameScene            - Added MainViewComponent
18:26:15.042 [JavaFX Application Thread] DEBUG FXGLAssetLoader      - Loading from cache: /assets/textures/missile.png
18:26:15.043 [JavaFX Application Thread] DEBUG GameScene            - Entity added to scene
18:26:15.044 [JavaFX Application Thread] DEBUG GameScene            - Added MainViewComponent
18:26:15.310 [JavaFX Application Thread] DEBUG FXGLAssetLoader      - Loading from cache: /assets/textures/missile.png
18:26:15.312 [JavaFX Application Thread] DEBUG GameScene            - Entity added to scene
18:26:15.312 [JavaFX Application Thread] DEBUG GameScene            - Added MainViewComponent
18:26:15.578 [JavaFX Application Thread] DEBUG FXGLAssetLoader      - Loading from cache: /assets/textures/missile.png
18:26:15.579 [JavaFX Application Thread] DEBUG GameScene            - Entity added to scene
18:26:15.579 [JavaFX Application Thread] DEBUG GameScene            - Added MainViewComponent
18:26:15.846 [JavaFX Application Thread] DEBUG FXGLAssetLoader      - Loading from cache: /assets/textures/missile.png
18:26:15.848 [JavaFX Application Thread] DEBUG GameScene            - Entity added to scene
18:26:15.849 [JavaFX Application Thread] DEBUG GameScene            - Added MainViewComponent
18:26:15.983 [JavaFX Application Thread] DEBUG GameScene            - Entity added to scene
18:26:15.983 [JavaFX Application Thread] DEBUG GameScene            - Added MainViewComponent
18:26:16.115 [JavaFX Application Thread] DEBUG FXGLAssetLoader      - Loading from cache: /assets/textures/missile.png
18:26:16.117 [JavaFX Application Thread] DEBUG GameScene            - Entity added to scene
18:26:16.117 [JavaFX Application Thread] DEBUG GameScene            - Added MainViewComponent
18:26:16.318 [JavaFX Application Thread] DEBUG GameScene            - Entity added to scene
18:26:16.318 [JavaFX Application Thread] DEBUG GameScene            - Added MainViewComponent
18:26:16.383 [JavaFX Application Thread] DEBUG FXGLAssetLoader      - Loading from cache: /assets/textures/missile.png
18:26:16.384 [JavaFX Application Thread] DEBUG GameScene            - Entity added to scene
18:26:16.384 [JavaFX Application Thread] DEBUG GameScene            - Added MainViewComponent
18:26:16.650 [JavaFX Application Thread] DEBUG FXGLAssetLoader      - Loading from cache: /assets/textures/missile.png
18:26:16.652 [JavaFX Application Thread] DEBUG GameScene            - Entity added to scene
18:26:16.652 [JavaFX Application Thread] DEBUG GameScene            - Added MainViewComponent
18:26:16.919 [JavaFX Application Thread] DEBUG FXGLAssetLoader      - Loading from cache: /assets/textures/missile.png
18:26:16.920 [JavaFX Application Thread] DEBUG GameScene            - Entity added to scene
18:26:16.920 [JavaFX Application Thread] DEBUG GameScene            - Added MainViewComponent
18:26:17.187 [JavaFX Application Thread] DEBUG FXGLAssetLoader      - Loading from cache: /assets/textures/missile.png
18:26:17.188 [JavaFX Application Thread] DEBUG GameScene            - Entity added to scene
18:26:17.188 [JavaFX Application Thread] DEBUG GameScene            - Added MainViewComponent
18:26:17.455 [JavaFX Application Thread] DEBUG FXGLAssetLoader      - Loading from cache: /assets/textures/missile.png
18:26:17.456 [JavaFX Application Thread] DEBUG GameScene            - Entity added to scene
18:26:17.456 [JavaFX Application Thread] DEBUG GameScene            - Added MainViewComponent
18:26:17.723 [JavaFX Application Thread] DEBUG FXGLAssetLoader      - Loading from cache: /assets/textures/missile.png
18:26:17.724 [JavaFX Application Thread] DEBUG GameScene            - Entity added to scene
18:26:17.724 [JavaFX Application Thread] DEBUG GameScene            - Added MainViewComponent
18:26:17.776 [JavaFX Application Thread] DEBUG GameScene            - Entity added to scene
18:26:17.776 [JavaFX Application Thread] DEBUG GameScene            - Added MainViewComponent
18:26:17.991 [JavaFX Application Thread] DEBUG FXGLAssetLoader      - Loading from cache: /assets/textures/missile.png
18:26:17.992 [JavaFX Application Thread] DEBUG GameScene            - Entity added to scene
18:26:17.993 [JavaFX Application Thread] DEBUG GameScene            - Added MainViewComponent
18:26:18.259 [JavaFX Application Thread] DEBUG FXGLAssetLoader      - Loading from cache: /assets/textures/missile.png
18:26:18.260 [JavaFX Application Thread] DEBUG GameScene            - Entity added to scene
18:26:18.260 [JavaFX Application Thread] DEBUG GameScene            - Added MainViewComponent
18:26:18.527 [JavaFX Application Thread] DEBUG FXGLAssetLoader      - Loading from cache: /assets/textures/missile.png
18:26:18.528 [JavaFX Application Thread] DEBUG GameScene            - Entity added to scene
18:26:18.528 [JavaFX Application Thread] DEBUG GameScene            - Added MainViewComponent
18:26:18.662 [JavaFX Application Thread] DEBUG GameScene            - Entity added to scene
18:26:18.663 [JavaFX Application Thread] DEBUG GameScene            - Added MainViewComponent
18:26:18.794 [JavaFX Application Thread] DEBUG FXGLAssetLoader      - Loading from cache: /assets/textures/missile.png
18:26:18.795 [JavaFX Application Thread] DEBUG GameScene            - Entity added to scene
18:26:18.795 [JavaFX Application Thread] DEBUG GameScene            - Added MainViewComponent
18:26:19.063 [JavaFX Application Thread] DEBUG FXGLAssetLoader      - Loading from cache: /assets/textures/missile.png
18:26:19.064 [JavaFX Application Thread] DEBUG GameScene            - Entity added to scene
18:26:19.064 [JavaFX Application Thread] DEBUG GameScene            - Added MainViewComponent
18:26:19.331 [JavaFX Application Thread] DEBUG FXGLAssetLoader      - Loading from cache: /assets/textures/missile.png
18:26:19.332 [JavaFX Application Thread] DEBUG GameScene            - Entity added to scene
18:26:19.332 [JavaFX Application Thread] DEBUG GameScene            - Added MainViewComponent
18:26:19.599 [JavaFX Application Thread] DEBUG FXGLAssetLoader      - Loading from cache: /assets/textures/missile.png
18:26:19.600 [JavaFX Application Thread] DEBUG GameScene            - Entity added to scene
18:26:19.600 [JavaFX Application Thread] DEBUG GameScene            - Added MainViewComponent
18:26:19.868 [JavaFX Application Thread] DEBUG FXGLAssetLoader      - Loading from cache: /assets/textures/missile.png
18:26:19.869 [JavaFX Application Thread] DEBUG GameScene            - Entity added to scene
18:26:19.870 [JavaFX Application Thread] DEBUG GameScene            - Added MainViewComponent
18:26:20.104 [JavaFX Application Thread] DEBUG GameScene            - Entity added to scene
18:26:20.105 [JavaFX Application Thread] DEBUG GameScene            - Added MainViewComponent
18:26:20.135 [JavaFX Application Thread] DEBUG FXGLAssetLoader      - Loading from cache: /assets/textures/missile.png
18:26:20.136 [JavaFX Application Thread] DEBUG GameScene            - Entity added to scene
18:26:20.136 [JavaFX Application Thread] DEBUG GameScene            - Added MainViewComponent
18:26:20.404 [JavaFX Application Thread] DEBUG FXGLAssetLoader      - Loading from cache: /assets/textures/missile.png
18:26:20.405 [JavaFX Application Thread] DEBUG GameScene            - Entity added to scene
18:26:20.405 [JavaFX Application Thread] DEBUG GameScene            - Added MainViewComponent
18:26:20.540 [JavaFX Application Thread] DEBUG GameScene            - Entity added to scene
18:26:20.540 [JavaFX Application Thread] DEBUG GameScene            - Added MainViewComponent
18:26:20.672 [JavaFX Application Thread] DEBUG FXGLAssetLoader      - Loading from cache: /assets/textures/missile.png
18:26:20.672 [JavaFX Application Thread] DEBUG GameScene            - Entity added to scene
18:26:20.672 [JavaFX Application Thread] DEBUG GameScene            - Added MainViewComponent
18:26:20.939 [JavaFX Application Thread] DEBUG FXGLAssetLoader      - Loading from cache: /assets/textures/missile.png
18:26:20.940 [JavaFX Application Thread] DEBUG GameScene            - Entity added to scene
18:26:20.940 [JavaFX Application Thread] DEBUG GameScene            - Added MainViewComponent
18:26:21.208 [JavaFX Application Thread] DEBUG FXGLAssetLoader      - Loading from cache: /assets/textures/missile.png
18:26:21.245 [JavaFX Application Thread] DEBUG GameScene            - Entity added to scene
18:26:21.245 [JavaFX Application Thread] DEBUG GameScene            - Added MainViewComponent
18:26:21.492 [JavaFX Application Thread] DEBUG FXGLAssetLoader      - Loading from cache: /assets/textures/missile.png
18:26:21.493 [JavaFX Application Thread] DEBUG GameScene            - Entity added to scene
18:26:21.493 [JavaFX Application Thread] DEBUG GameScene            - Added MainViewComponent
18:26:21.712 [JavaFX Application Thread] DEBUG GameScene            - Entity added to scene
18:26:21.712 [JavaFX Application Thread] DEBUG GameScene            - Added MainViewComponent
18:26:21.760 [JavaFX Application Thread] DEBUG FXGLAssetLoader      - Loading from cache: /assets/textures/missile.png
18:26:21.761 [JavaFX Application Thread] DEBUG GameScene            - Entity added to scene
18:26:21.761 [JavaFX Application Thread] DEBUG GameScene            - Added MainViewComponent
18:26:22.029 [JavaFX Application Thread] DEBUG FXGLAssetLoader      - Loading from cache: /assets/textures/missile.png
18:26:22.030 [JavaFX Application Thread] DEBUG GameScene            - Entity added to scene
18:26:22.030 [JavaFX Application Thread] DEBUG GameScene            - Added MainViewComponent
18:26:22.296 [JavaFX Application Thread] DEBUG FXGLAssetLoader      - Loading from cache: /assets/textures/missile.png
18:26:22.297 [JavaFX Application Thread] DEBUG GameScene            - Entity added to scene
18:26:22.297 [JavaFX Application Thread] DEBUG GameScene            - Added MainViewComponent
18:26:22.466 [JavaFX Application Thread] DEBUG GameScene            - Entity added to scene
18:26:22.466 [JavaFX Application Thread] DEBUG GameScene            - Added MainViewComponent
18:26:22.565 [JavaFX Application Thread] DEBUG FXGLAssetLoader      - Loading from cache: /assets/textures/missile.png
18:26:22.566 [JavaFX Application Thread] DEBUG GameScene            - Entity added to scene
18:26:22.566 [JavaFX Application Thread] DEBUG GameScene            - Added MainViewComponent
18:26:22.833 [JavaFX Application Thread] DEBUG FXGLAssetLoader      - Loading from cache: /assets/textures/missile.png
18:26:22.834 [JavaFX Application Thread] DEBUG GameScene            - Entity added to scene
18:26:22.834 [JavaFX Application Thread] DEBUG GameScene            - Added MainViewComponent
18:26:23.101 [JavaFX Application Thread] DEBUG FXGLAssetLoader      - Loading from cache: /assets/textures/missile.png
18:26:23.102 [JavaFX Application Thread] DEBUG GameScene            - Entity added to scene
18:26:23.102 [JavaFX Application Thread] DEBUG GameScene            - Added MainViewComponent
18:26:23.370 [JavaFX Application Thread] DEBUG FXGLAssetLoader      - Loading from cache: /assets/textures/missile.png
18:26:23.371 [JavaFX Application Thread] DEBUG GameScene            - Entity added to scene
18:26:23.371 [JavaFX Application Thread] DEBUG GameScene            - Added MainViewComponent
18:26:23.638 [JavaFX Application Thread] DEBUG FXGLAssetLoader      - Loading from cache: /assets/textures/missile.png
18:26:23.638 [JavaFX Application Thread] DEBUG GameScene            - Entity added to scene
18:26:23.638 [JavaFX Application Thread] DEBUG GameScene            - Added MainViewComponent
18:26:23.905 [JavaFX Application Thread] DEBUG FXGLAssetLoader      - Loading from cache: /assets/textures/missile.png
18:26:23.906 [JavaFX Application Thread] DEBUG GameScene            - Entity added to scene
18:26:23.906 [JavaFX Application Thread] DEBUG GameScene            - Added MainViewComponent
18:26:24.075 [JavaFX Application Thread] DEBUG GameScene            - Entity added to scene
18:26:24.075 [JavaFX Application Thread] DEBUG GameScene            - Added MainViewComponent
18:26:24.173 [JavaFX Application Thread] DEBUG FXGLAssetLoader      - Loading from cache: /assets/textures/missile.png
18:26:24.174 [JavaFX Application Thread] DEBUG GameScene            - Entity added to scene
18:26:24.174 [JavaFX Application Thread] DEBUG GameScene            - Added MainViewComponent
18:26:24.441 [JavaFX Application Thread] DEBUG FXGLAssetLoader      - Loading from cache: /assets/textures/missile.png
18:26:24.442 [JavaFX Application Thread] DEBUG GameScene            - Entity added to scene
18:26:24.442 [JavaFX Application Thread] DEBUG GameScene            - Added MainViewComponent
18:26:24.562 [JavaFX Application Thread] DEBUG GameScene            - Entity added to scene
18:26:24.562 [JavaFX Application Thread] DEBUG GameScene            - Added MainViewComponent
18:26:24.710 [JavaFX Application Thread] DEBUG FXGLAssetLoader      - Loading from cache: /assets/textures/missile.png
18:26:24.711 [JavaFX Application Thread] DEBUG GameScene            - Entity added to scene
18:26:24.711 [JavaFX Application Thread] DEBUG GameScene            - Added MainViewComponent
18:26:24.979 [JavaFX Application Thread] DEBUG FXGLAssetLoader      - Loading from cache: /assets/textures/missile.png
18:26:24.980 [JavaFX Application Thread] DEBUG GameScene            - Entity added to scene
18:26:24.981 [JavaFX Application Thread] DEBUG GameScene            - Added MainViewComponent
18:26:25.247 [JavaFX Application Thread] DEBUG FXGLAssetLoader      - Loading from cache: /assets/textures/missile.png
18:26:25.247 [JavaFX Application Thread] DEBUG GameScene            - Entity added to scene
18:26:25.247 [JavaFX Application Thread] DEBUG GameScene            - Added MainViewComponent
18:26:25.449 [JavaFX Application Thread] DEBUG GameScene            - Entity added to scene
18:26:25.450 [JavaFX Application Thread] DEBUG GameScene            - Added MainViewComponent
18:26:25.515 [JavaFX Application Thread] DEBUG FXGLAssetLoader      - Loading from cache: /assets/textures/missile.png
18:26:25.516 [JavaFX Application Thread] DEBUG GameScene            - Entity added to scene
18:26:25.516 [JavaFX Application Thread] DEBUG GameScene            - Added MainViewComponent
18:26:25.783 [JavaFX Application Thread] DEBUG FXGLAssetLoader      - Loading from cache: /assets/textures/missile.png
18:26:25.785 [JavaFX Application Thread] DEBUG GameScene            - Entity added to scene
18:26:25.786 [JavaFX Application Thread] DEBUG GameScene            - Added MainViewComponent
18:26:26.050 [JavaFX Application Thread] DEBUG FXGLAssetLoader      - Loading from cache: /assets/textures/missile.png
18:26:26.051 [JavaFX Application Thread] DEBUG GameScene            - Entity added to scene
18:26:26.051 [JavaFX Application Thread] DEBUG GameScene            - Added MainViewComponent
18:26:26.086 [JavaFX Application Thread] DEBUG GameScene            - Entity added to scene
18:26:26.087 [JavaFX Application Thread] DEBUG GameScene            - Added MainViewComponent
18:26:26.318 [JavaFX Application Thread] DEBUG FXGLAssetLoader      - Loading from cache: /assets/textures/missile.png
18:26:26.319 [JavaFX Application Thread] DEBUG GameScene            - Entity added to scene
18:26:26.319 [JavaFX Application Thread] DEBUG GameScene            - Added MainViewComponent
18:26:26.587 [JavaFX Application Thread] DEBUG FXGLAssetLoader      - Loading from cache: /assets/textures/missile.png
18:26:26.588 [JavaFX Application Thread] DEBUG GameScene            - Entity added to scene
18:26:26.588 [JavaFX Application Thread] DEBUG GameScene            - Added MainViewComponent
18:26:26.855 [JavaFX Application Thread] DEBUG FXGLAssetLoader      - Loading from cache: /assets/textures/missile.png
18:26:26.856 [JavaFX Application Thread] DEBUG GameScene            - Entity added to scene
18:26:26.856 [JavaFX Application Thread] DEBUG GameScene            - Added MainViewComponent
18:26:27.091 [JavaFX Application Thread] DEBUG GameScene            - Entity added to scene
18:26:27.091 [JavaFX Application Thread] DEBUG GameScene            - Added MainViewComponent
18:26:27.122 [JavaFX Application Thread] DEBUG FXGLAssetLoader      - Loading from cache: /assets/textures/missile.png
18:26:27.123 [JavaFX Application Thread] DEBUG GameScene            - Entity added to scene
18:26:27.123 [JavaFX Application Thread] DEBUG GameScene            - Added MainViewComponent
18:26:27.392 [JavaFX Application Thread] DEBUG FXGLAssetLoader      - Loading from cache: /assets/textures/missile.png
18:26:27.393 [JavaFX Application Thread] DEBUG GameScene            - Entity added to scene
18:26:27.394 [JavaFX Application Thread] DEBUG GameScene            - Added MainViewComponent
18:26:27.659 [JavaFX Application Thread] DEBUG FXGLAssetLoader      - Loading from cache: /assets/textures/missile.png
18:26:27.660 [JavaFX Application Thread] DEBUG GameScene            - Entity added to scene
18:26:27.660 [JavaFX Application Thread] DEBUG GameScene            - Added MainViewComponent
18:26:27.896 [JavaFX Application Thread] DEBUG GameScene            - Entity added to scene
18:26:27.896 [JavaFX Application Thread] DEBUG GameScene            - Added MainViewComponent
18:26:27.927 [JavaFX Application Thread] DEBUG FXGLAssetLoader      - Loading from cache: /assets/textures/missile.png
18:26:27.928 [JavaFX Application Thread] DEBUG GameScene            - Entity added to scene
18:26:27.928 [JavaFX Application Thread] DEBUG GameScene            - Added MainViewComponent
18:26:28.195 [JavaFX Application Thread] DEBUG FXGLAssetLoader      - Loading from cache: /assets/textures/missile.png
18:26:28.196 [JavaFX Application Thread] DEBUG GameScene            - Entity added to scene
18:26:28.196 [JavaFX Application Thread] DEBUG GameScene            - Added MainViewComponent
18:26:28.464 [JavaFX Application Thread] DEBUG FXGLAssetLoader      - Loading from cache: /assets/textures/missile.png
18:26:28.465 [JavaFX Application Thread] DEBUG GameScene            - Entity added to scene
18:26:28.465 [JavaFX Application Thread] DEBUG GameScene            - Added MainViewComponent
18:26:28.733 [JavaFX Application Thread] DEBUG FXGLAssetLoader      - Loading from cache: /assets/textures/missile.png
18:26:28.733 [JavaFX Application Thread] DEBUG GameScene            - Entity added to scene
18:26:28.734 [JavaFX Application Thread] DEBUG GameScene            - Added MainViewComponent
18:26:28.999 [JavaFX Application Thread] DEBUG FXGLAssetLoader      - Loading from cache: /assets/textures/missile.png
18:26:29.000 [JavaFX Application Thread] DEBUG GameScene            - Entity added to scene
18:26:29.000 [JavaFX Application Thread] DEBUG GameScene            - Added MainViewComponent
18:26:29.268 [JavaFX Application Thread] DEBUG FXGLAssetLoader      - Loading from cache: /assets/textures/missile.png
18:26:29.269 [JavaFX Application Thread] DEBUG GameScene            - Entity added to scene
18:26:29.269 [JavaFX Application Thread] DEBUG GameScene            - Added MainViewComponent
18:26:29.355 [JavaFX Application Thread] DEBUG GameScene            - Entity added to scene
18:26:29.355 [JavaFX Application Thread] DEBUG GameScene            - Added MainViewComponent
18:26:29.536 [JavaFX Application Thread] DEBUG FXGLAssetLoader      - Loading from cache: /assets/textures/missile.png
18:26:29.537 [JavaFX Application Thread] DEBUG GameScene            - Entity added to scene
18:26:29.537 [JavaFX Application Thread] DEBUG GameScene            - Added MainViewComponent
18:26:29.804 [JavaFX Application Thread] DEBUG FXGLAssetLoader      - Loading from cache: /assets/textures/missile.png
18:26:29.805 [JavaFX Application Thread] DEBUG GameScene            - Entity added to scene
18:26:29.805 [JavaFX Application Thread] DEBUG GameScene            - Added MainViewComponent
18:26:30.071 [JavaFX Application Thread] DEBUG FXGLAssetLoader      - Loading from cache: /assets/textures/missile.png
18:26:30.073 [JavaFX Application Thread] DEBUG GameScene            - Entity added to scene
18:26:30.074 [JavaFX Application Thread] DEBUG GameScene            - Added MainViewComponent
18:26:30.157 [JavaFX Application Thread] DEBUG GameScene            - Entity added to scene
18:26:30.158 [JavaFX Application Thread] DEBUG GameScene            - Added MainViewComponent
18:26:30.340 [JavaFX Application Thread] DEBUG FXGLAssetLoader      - Loading from cache: /assets/textures/missile.png
18:26:30.341 [JavaFX Application Thread] DEBUG GameScene            - Entity added to scene
18:26:30.341 [JavaFX Application Thread] DEBUG GameScene            - Added MainViewComponent
18:26:30.608 [JavaFX Application Thread] DEBUG FXGLAssetLoader      - Loading from cache: /assets/textures/missile.png
18:26:30.609 [JavaFX Application Thread] DEBUG GameScene            - Entity added to scene
18:26:30.609 [JavaFX Application Thread] DEBUG GameScene            - Added MainViewComponent
18:26:30.876 [JavaFX Application Thread] DEBUG FXGLAssetLoader      - Loading from cache: /assets/textures/missile.png
18:26:30.877 [JavaFX Application Thread] DEBUG GameScene            - Entity added to scene
18:26:30.877 [JavaFX Application Thread] DEBUG GameScene            - Added MainViewComponent
18:26:31.144 [JavaFX Application Thread] DEBUG FXGLAssetLoader      - Loading from cache: /assets/textures/missile.png
18:26:31.145 [JavaFX Application Thread] DEBUG GameScene            - Entity added to scene
18:26:31.145 [JavaFX Application Thread] DEBUG GameScene            - Added MainViewComponent
18:26:31.413 [JavaFX Application Thread] DEBUG FXGLAssetLoader      - Loading from cache: /assets/textures/missile.png
18:26:31.413 [JavaFX Application Thread] DEBUG GameScene            - Entity added to scene
18:26:31.413 [JavaFX Application Thread] DEBUG GameScene            - Added MainViewComponent
18:26:31.680 [JavaFX Application Thread] DEBUG FXGLAssetLoader      - Loading from cache: /assets/textures/missile.png
18:26:31.681 [JavaFX Application Thread] DEBUG GameScene            - Entity added to scene
18:26:31.681 [JavaFX Application Thread] DEBUG GameScene            - Added MainViewComponent
18:26:31.948 [JavaFX Application Thread] DEBUG FXGLAssetLoader      - Loading from cache: /assets/textures/missile.png
18:26:31.949 [JavaFX Application Thread] DEBUG GameScene            - Entity added to scene
18:26:31.949 [JavaFX Application Thread] DEBUG GameScene            - Added MainViewComponent
18:26:32.216 [JavaFX Application Thread] DEBUG FXGLAssetLoader      - Loading from cache: /assets/textures/missile.png
18:26:32.217 [JavaFX Application Thread] DEBUG GameScene            - Entity added to scene
18:26:32.217 [JavaFX Application Thread] DEBUG GameScene            - Added MainViewComponent
18:26:32.484 [JavaFX Application Thread] DEBUG FXGLAssetLoader      - Loading from cache: /assets/textures/missile.png
18:26:32.485 [JavaFX Application Thread] DEBUG GameScene            - Entity added to scene
18:26:32.485 [JavaFX Application Thread] DEBUG GameScene            - Added MainViewComponent
18:26:32.753 [JavaFX Application Thread] DEBUG FXGLAssetLoader      - Loading from cache: /assets/textures/missile.png
18:26:32.753 [JavaFX Application Thread] DEBUG GameScene            - Entity added to scene
18:26:32.753 [JavaFX Application Thread] DEBUG GameScene            - Added MainViewComponent
18:26:33.022 [JavaFX Application Thread] DEBUG FXGLAssetLoader      - Loading from cache: /assets/textures/missile.png
18:26:33.023 [JavaFX Application Thread] DEBUG GameScene            - Entity added to scene
18:26:33.023 [JavaFX Application Thread] DEBUG GameScene            - Added MainViewComponent
18:26:33.289 [JavaFX Application Thread] DEBUG FXGLAssetLoader      - Loading from cache: /assets/textures/missile.png
18:26:33.290 [JavaFX Application Thread] DEBUG GameScene            - Entity added to scene
18:26:33.290 [JavaFX Application Thread] DEBUG GameScene            - Added MainViewComponent
18:26:33.557 [JavaFX Application Thread] DEBUG FXGLAssetLoader      - Loading from cache: /assets/textures/missile.png
18:26:33.558 [JavaFX Application Thread] DEBUG GameScene            - Entity added to scene
18:26:33.558 [JavaFX Application Thread] DEBUG GameScene            - Added MainViewComponent
18:26:33.825 [JavaFX Application Thread] DEBUG FXGLAssetLoader      - Loading from cache: /assets/textures/missile.png
18:26:33.826 [JavaFX Application Thread] DEBUG GameScene            - Entity added to scene
18:26:33.826 [JavaFX Application Thread] DEBUG GameScene            - Added MainViewComponent
18:26:34.093 [JavaFX Application Thread] DEBUG FXGLAssetLoader      - Loading from cache: /assets/textures/missile.png
18:26:34.094 [JavaFX Application Thread] DEBUG GameScene            - Entity added to scene
18:26:34.094 [JavaFX Application Thread] DEBUG GameScene            - Added MainViewComponent
18:26:34.362 [JavaFX Application Thread] DEBUG FXGLAssetLoader      - Loading from cache: /assets/textures/missile.png
18:26:34.363 [JavaFX Application Thread] DEBUG GameScene            - Entity added to scene
18:26:34.363 [JavaFX Application Thread] DEBUG GameScene            - Added MainViewComponent
18:26:34.630 [JavaFX Application Thread] DEBUG FXGLAssetLoader      - Loading from cache: /assets/textures/missile.png
18:26:34.631 [JavaFX Application Thread] DEBUG GameScene            - Entity added to scene
18:26:34.631 [JavaFX Application Thread] DEBUG GameScene            - Added MainViewComponent
18:26:34.899 [JavaFX Application Thread] DEBUG FXGLAssetLoader      - Loading from cache: /assets/textures/missile.png
18:26:34.899 [JavaFX Application Thread] DEBUG GameScene            - Entity added to scene
18:26:34.899 [JavaFX Application Thread] DEBUG GameScene            - Added MainViewComponent
18:26:35.166 [JavaFX Application Thread] DEBUG FXGLAssetLoader      - Loading from cache: /assets/textures/missile.png
18:26:35.166 [JavaFX Application Thread] DEBUG GameScene            - Entity added to scene
18:26:35.166 [JavaFX Application Thread] DEBUG GameScene            - Added MainViewComponent
18:26:35.434 [JavaFX Application Thread] DEBUG FXGLAssetLoader      - Loading from cache: /assets/textures/missile.png
18:26:35.435 [JavaFX Application Thread] DEBUG GameScene            - Entity added to scene
18:26:35.435 [JavaFX Application Thread] DEBUG GameScene            - Added MainViewComponent
18:26:35.703 [JavaFX Application Thread] DEBUG FXGLAssetLoader      - Loading from cache: /assets/textures/missile.png
18:26:35.703 [JavaFX Application Thread] DEBUG GameScene            - Entity added to scene
18:26:35.703 [JavaFX Application Thread] DEBUG GameScene            - Added MainViewComponent
18:26:35.971 [JavaFX Application Thread] DEBUG FXGLAssetLoader      - Loading from cache: /assets/textures/missile.png
18:26:35.971 [JavaFX Application Thread] DEBUG GameScene            - Entity added to scene
18:26:35.971 [JavaFX Application Thread] DEBUG GameScene            - Added MainViewComponent
18:26:36.238 [JavaFX Application Thread] DEBUG FXGLAssetLoader      - Loading from cache: /assets/textures/missile.png
18:26:36.239 [JavaFX Application Thread] DEBUG GameScene            - Entity added to scene
18:26:36.239 [JavaFX Application Thread] DEBUG GameScene            - Added MainViewComponent
18:26:36.506 [JavaFX Application Thread] DEBUG FXGLAssetLoader      - Loading from cache: /assets/textures/missile.png
18:26:36.507 [JavaFX Application Thread] DEBUG GameScene            - Entity added to scene
18:26:36.507 [JavaFX Application Thread] DEBUG GameScene            - Added MainViewComponent
18:26:36.775 [JavaFX Application Thread] DEBUG FXGLAssetLoader      - Loading from cache: /assets/textures/missile.png
18:26:36.775 [JavaFX Application Thread] DEBUG GameScene            - Entity added to scene
18:26:36.775 [JavaFX Application Thread] DEBUG GameScene            - Added MainViewComponent
18:26:37.042 [JavaFX Application Thread] DEBUG FXGLAssetLoader      - Loading from cache: /assets/textures/missile.png
18:26:37.043 [JavaFX Application Thread] DEBUG GameScene            - Entity added to scene
18:26:37.043 [JavaFX Application Thread] DEBUG GameScene            - Added MainViewComponent
18:26:37.311 [JavaFX Application Thread] DEBUG FXGLAssetLoader      - Loading from cache: /assets/textures/missile.png
18:26:37.311 [JavaFX Application Thread] DEBUG GameScene            - Entity added to scene
18:26:37.311 [JavaFX Application Thread] DEBUG GameScene            - Added MainViewComponent
18:26:37.580 [JavaFX Application Thread] DEBUG FXGLAssetLoader      - Loading from cache: /assets/textures/missile.png
18:26:37.581 [JavaFX Application Thread] DEBUG GameScene            - Entity added to scene
18:26:37.581 [JavaFX Application Thread] DEBUG GameScene            - Added MainViewComponent
18:26:37.847 [JavaFX Application Thread] DEBUG FXGLAssetLoader      - Loading from cache: /assets/textures/missile.png
18:26:37.848 [JavaFX Application Thread] DEBUG GameScene            - Entity added to scene
18:26:37.848 [JavaFX Application Thread] DEBUG GameScene            - Added MainViewComponent
18:26:38.115 [JavaFX Application Thread] DEBUG FXGLAssetLoader      - Loading from cache: /assets/textures/missile.png
18:26:38.116 [JavaFX Application Thread] DEBUG GameScene            - Entity added to scene
18:26:38.116 [JavaFX Application Thread] DEBUG GameScene            - Added MainViewComponent
18:26:38.383 [JavaFX Application Thread] DEBUG FXGLAssetLoader      - Loading from cache: /assets/textures/missile.png
18:26:38.384 [JavaFX Application Thread] DEBUG GameScene            - Entity added to scene
18:26:38.384 [JavaFX Application Thread] DEBUG GameScene            - Added MainViewComponent
18:26:38.652 [JavaFX Application Thread] DEBUG FXGLAssetLoader      - Loading from cache: /assets/textures/missile.png
18:26:38.653 [JavaFX Application Thread] DEBUG GameScene            - Entity added to scene
18:26:38.653 [JavaFX Application Thread] DEBUG GameScene            - Added MainViewComponent
18:26:38.919 [JavaFX Application Thread] DEBUG FXGLAssetLoader      - Loading from cache: /assets/textures/missile.png
18:26:38.920 [JavaFX Application Thread] DEBUG GameScene            - Entity added to scene
18:26:38.920 [JavaFX Application Thread] DEBUG GameScene            - Added MainViewComponent
18:26:39.188 [JavaFX Application Thread] DEBUG FXGLAssetLoader      - Loading from cache: /assets/textures/missile.png
18:26:39.188 [JavaFX Application Thread] DEBUG GameScene            - Entity added to scene
18:26:39.189 [JavaFX Application Thread] DEBUG GameScene            - Added MainViewComponent
18:26:39.532 [JavaFX Application Thread] DEBUG FXGLEventBus         - Firing event: DisplayEvent[type=CLOSE_REQUEST]
18:26:39.534 [JavaFX Application Thread] DEBUG FXGLEventBus         - Firing event: FXGLEvent[type=EXIT]
18:26:39.535 [JavaFX Application Thread] DEBUG FXGL                 - Saving FXGL system data
18:26:39.537 [JavaFX Application Thread] DEBUG IOTask               - Executing task: writeDataTask(system/fxgl.bundle)
18:26:39.541 [JavaFX Application Thread] DEBUG FS                   - Writing to: system\fxgl.bundle
18:26:39.549 [JavaFX Application Thread] DEBUG IOTask               - Task succeeded: writeDataTask(system/fxgl.bundle)
