19:37:29.485 [FXGL Launcher Thread     ] DEBUG FXGLLoggerFactory    - Service [LoggerFactory] initialized
19:37:29.499 [FXGL Launcher Thread     ] DEBUG FXGL                 - FXGL configuration complete
19:37:29.499 [FXGL Launcher Thread     ] DEBUG FXGL                 - Loading FXGL system data
19:37:29.507 [FXGL Launcher Thread     ] DEBUG IOTask               - Executing task: readDataTask(system/fxgl.bundle)
19:37:29.515 [FXGL Launcher Thread     ] DEBUG FS                   - Reading from: system\fxgl.bundle
19:37:29.532 [FXGL Launcher Thread     ] DEBUG IOTask               - Task succeeded: readDataTask(system/fxgl.bundle)
19:37:29.532 [FXGL Launcher Thread     ] DEBUG Bundle               - Logging bundle: FXGL
19:37:29.534 [FXGL Launcher Thread     ] DEBUG Bundle               - FXGL.offline.timer.version.check=2016-12-12T22:03:51.120
19:37:29.550 [FXGL Launcher Thread     ] DEBUG GameApplication      - Configuring GameApplication
19:37:29.561 [FXGL Launcher Thread     ] DEBUG FXGLExceptionHandler - Service [ExceptionHandler] initialized
19:37:29.563 [FXGL Launcher Thread     ] DEBUG FXGLEventBus         - Service [EventBus] initialized
19:37:29.571 [FXGL Launcher Thread     ] DEBUG FXGLExecutor         - Service [Executor] initialized
19:37:29.571 [FXGL Launcher Thread     ] DEBUG PreInitTask          - Injecting gameWorld & physicsWorld
19:37:29.585 [FXGL Launcher Thread     ] DEBUG GameWorld            - Game world initialized
19:37:29.693 [FXGL Launcher Thread     ] DEBUG FXGLPooler           - Service [Pooler] initialized with default size = 128
19:37:29.694 [FXGL Launcher Thread     ] DEBUG PhysicsWorld         - Physics world initialized: appHeight=700.0, physics.ppm=50.0
19:37:29.697 [FXGL Launcher Thread     ] DEBUG FXGLInput            - Service [Input] initialized
19:37:29.749 [FXGL Launcher Thread     ] DEBUG FXGLInput            - Registered new binding: Screenshot - P
19:37:29.750 [FXGL Launcher Thread     ] DEBUG FXGLInput            - Registered new binding: Dev Options - CTRL+0
19:37:29.751 [FXGL Launcher Thread     ] DEBUG FXGLInput            - Registered new binding: Spawn Anti-Ballistic - PRIMARY
19:37:29.833 [FXGL Launcher Thread     ] DEBUG GameScene            - Game scene initialized: 800.0x700.0
19:37:29.870 [FXGL Launcher Thread     ] DEBUG FXGLAssetLoader      - Service [AssetLoader] initialized: cacheSize=35
19:37:29.881 [FXGL Launcher Thread     ] DEBUG FXGLAssetLoader      - Loading from disk: /assets/sounds/system/notification.wav
19:37:29.976 [FXGL Launcher Thread     ] DEBUG FXGLAssetLoader      - Loading from disk: /assets/sounds/menu/select.wav
19:37:30.011 [FXGL Launcher Thread     ] DEBUG FXGLAssetLoader      - Loading from disk: /assets/sounds/menu/back.wav
19:37:30.016 [FXGL Launcher Thread     ] DEBUG FXGLAssetLoader      - Loading from disk: /assets/sounds/menu/press.wav
19:37:30.025 [FXGL Launcher Thread     ] DEBUG FXGLAssetLoader      - Loading from disk: /assets/ui/fonts/Copperplate_Gothic_Light_Regular.ttf
19:37:30.266 [FXGL Launcher Thread     ] DEBUG FXGLAssetLoader      - Loading from disk: /assets/ui/css/fxgl.css
19:37:30.266 [FXGL Launcher Thread     ] DEBUG FXGLAssetLoader      - Loading from disk: /assets/ui/icons/fxgl_icon.png
19:37:30.392 [FXGL Launcher Thread     ] DEBUG FXGLAssetLoader      - Loading from disk: /assets/ui/css/fxgl_dark.css
19:37:30.417 [FXGL Launcher Thread     ] DEBUG FXGLDisplay          - Target size: DoubleProperty [value: 800.0] x DoubleProperty [value: 700.0] @ 1.0
19:37:30.417 [FXGL Launcher Thread     ] DEBUG FXGLDisplay          - New size:    800.0 x 700.0 @ DoubleProperty [value: 1.0]
19:37:30.418 [FXGL Launcher Thread     ] DEBUG FXGLDisplay          - Service [Display] initialized
19:37:30.418 [FXGL Launcher Thread     ] DEBUG FXGLDisplay          - Using CSS: CSS(externalForm=jar:file:/C:/Users/Tyler/Downloads/FXGL-0.2.8-uber.jar!/assets/ui/css/fxgl_dark.css)
19:37:30.419 [FXGL Launcher Thread     ] DEBUG InitScenesTask       - Injecting loadingScene & gameScene
19:37:30.483 [FXGL Launcher Thread     ] DEBUG FXGLMasterTimer      - Service [MasterTimer] initialized
19:37:30.489 [FXGL Launcher Thread     ] DEBUG FXGLAudioPlayer      - Service [AudioPlayer] initialized
19:37:30.510 [FXGL Launcher Thread     ] DEBUG GameApplication      - Starting new game
19:37:30.516 [FXGL Launcher Thread     ] DEBUG GameApplication      - Initializing App
19:37:30.520 [FXGL Launcher Thread     ] DEBUG FXGLInput            - Clearing active input actions
19:37:30.521 [FXGL Launcher Thread     ] DEBUG FXGLMasterTimer      - Stopping master timer
19:37:30.521 [FXGL Launcher Thread     ] DEBUG GameApplication      - State: STARTUP -> PAUSED
19:37:30.523 [FXGL Launcher Thread     ] DEBUG FXGLEventBus         - Firing event: FXGLEvent[type=PAUSE]
19:37:30.526 [FXGL Launcher Thread     ] DEBUG FXGLInput            - Clearing active input actions
19:37:30.526 [FXGL Launcher Thread     ] DEBUG FXGLMasterTimer      - Resetting ticks and clearing all actions
19:37:30.526 [FXGL Launcher Thread     ] DEBUG GameWorld            - Resetting game world
19:37:30.527 [FXGL Launcher Thread     ] TRACE EntityWorld          - Resetting entity world
19:37:30.531 [FXGL Launcher Thread     ] DEBUG PhysicsWorld         - Resetting physics world
19:37:30.532 [FXGL Launcher Thread     ] DEBUG GameScene            - Resetting game scene
19:37:30.532 [FXGL Launcher Thread     ] DEBUG FXGLEventBus         - Firing event: FXGLEvent[type=RESET]
19:37:30.685 [FXGL Launcher Thread     ] DEBUG GameApplication      - State: PAUSED -> LOADING
19:37:30.771 [FXGL Background Thread 1 ] DEBUG InitAppTask          - Initializing Assets
19:37:30.773 [FXGL Background Thread 1 ] DEBUG InitAppTask          - Initializing Game
19:37:30.917 [FXGL Background Thread 1 ] DEBUG FXGLAssetLoader      - Loading from disk: /assets/ui/cursors/crosshair.png
19:37:30.938 [JavaFX Application Thread] DEBUG FXGLDisplay          - Showing stage
19:37:30.939 [JavaFX Application Thread] DEBUG FXGLDisplay          - Root size: 800.0x700.0
19:37:30.939 [JavaFX Application Thread] DEBUG FXGLDisplay          - Scene size: 800.0x700.0
19:37:30.939 [JavaFX Application Thread] DEBUG FXGLDisplay          - Stage size: 816.0x739.0
19:37:30.991 [FXGL Background Thread 1 ] DEBUG FXGLAssetLoader      - Loading from disk: /assets/textures/city.png
19:37:31.014 [FXGL Background Thread 1 ] DEBUG FXGLAssetLoader      - Loading from cache: /assets/textures/city.png
19:37:31.017 [FXGL Background Thread 1 ] DEBUG FXGLAssetLoader      - Loading from cache: /assets/textures/city.png
19:37:31.019 [FXGL Background Thread 1 ] DEBUG FXGLAssetLoader      - Loading from cache: /assets/textures/city.png
19:37:31.022 [FXGL Background Thread 1 ] DEBUG FXGLAssetLoader      - Loading from cache: /assets/textures/city.png
19:37:31.024 [FXGL Background Thread 1 ] DEBUG FXGLAssetLoader      - Loading from cache: /assets/textures/city.png
19:37:31.037 [FXGL Background Thread 1 ] DEBUG InitAppTask          - Initializing Physics
19:37:31.039 [FXGL Background Thread 1 ] DEBUG InitAppTask          - Initializing UI
19:37:31.052 [FXGL Background Thread 1 ] DEBUG GameScene            - Adding UI node: Text[text="Missile Command", x=0.0, y=0.0, alignment=LEFT, origin=BASELINE, boundsType=LOGICAL, font=Font[name=Copperplate Gothic Light, family=Copperplate Gothic Light, style=Regular, size=48.0], fontSmoothingType=GRAY, fill=0x0000ffff]
19:37:31.065 [FXGL Background Thread 1 ] DEBUG FXGLAssetLoader      - Loading from disk: /assets/textures/bg.jpg
19:37:31.121 [FXGL Background Thread 1 ] DEBUG GameScene            - Creating render group for layer: TOP(2147483647)
19:37:31.125 [FXGL Background Thread 1 ] DEBUG InitAppTask          - Initialization Complete
19:37:31.156 [JavaFX Application Thread] DEBUG FXGLInput            - Clearing active input actions
19:37:31.158 [JavaFX Application Thread] DEBUG FXGLMasterTimer      - Starting master timer
19:37:31.158 [JavaFX Application Thread] DEBUG GameApplication      - State: LOADING -> PLAYING
19:37:31.174 [JavaFX Application Thread] DEBUG FXGLEventBus         - Firing event: FXGLEvent[type=RESUME]
19:37:31.192 [JavaFX Application Thread] DEBUG GameScene            - Entity added to scene
19:37:31.194 [JavaFX Application Thread] DEBUG GameScene            - Added MainViewComponent
19:37:31.195 [JavaFX Application Thread] DEBUG GameScene            - Creating render group for layer: BACKGROUND(1000)
19:37:31.204 [JavaFX Application Thread] DEBUG GameScene            - Entity added to scene
19:37:31.204 [JavaFX Application Thread] DEBUG GameScene            - Added MainViewComponent
19:37:31.205 [JavaFX Application Thread] DEBUG GameScene            - Entity added to scene
19:37:31.206 [JavaFX Application Thread] DEBUG GameScene            - Added MainViewComponent
19:37:31.207 [JavaFX Application Thread] DEBUG GameScene            - Entity added to scene
19:37:31.207 [JavaFX Application Thread] DEBUG GameScene            - Added MainViewComponent
19:37:31.208 [JavaFX Application Thread] DEBUG GameScene            - Entity added to scene
19:37:31.208 [JavaFX Application Thread] DEBUG GameScene            - Added MainViewComponent
19:37:31.209 [JavaFX Application Thread] DEBUG GameScene            - Entity added to scene
19:37:31.209 [JavaFX Application Thread] DEBUG GameScene            - Added MainViewComponent
19:37:31.210 [JavaFX Application Thread] DEBUG GameScene            - Entity added to scene
19:37:31.210 [JavaFX Application Thread] DEBUG GameScene            - Added MainViewComponent
19:37:31.211 [JavaFX Application Thread] DEBUG GameScene            - Entity added to scene
19:37:31.211 [JavaFX Application Thread] DEBUG GameScene            - Added MainViewComponent
19:37:31.212 [JavaFX Application Thread] DEBUG GameScene            - Entity added to scene
19:37:31.212 [JavaFX Application Thread] DEBUG GameScene            - Added MainViewComponent
19:37:31.213 [JavaFX Application Thread] DEBUG GameScene            - Entity added to scene
19:37:31.214 [JavaFX Application Thread] DEBUG GameScene            - Added MainViewComponent
19:37:31.625 [JavaFX Application Thread] DEBUG FXGLAssetLoader      - Loading from disk: /assets/textures/missile.png
19:37:31.632 [JavaFX Application Thread] DEBUG GameScene            - Entity added to scene
19:37:31.633 [JavaFX Application Thread] DEBUG GameScene            - Added MainViewComponent
19:37:31.912 [JavaFX Application Thread] DEBUG FXGLAssetLoader      - Loading from cache: /assets/textures/missile.png
19:37:31.913 [JavaFX Application Thread] DEBUG GameScene            - Entity added to scene
19:37:31.913 [JavaFX Application Thread] DEBUG GameScene            - Added MainViewComponent
19:37:32.184 [JavaFX Application Thread] DEBUG FXGLAssetLoader      - Loading from cache: /assets/textures/missile.png
19:37:32.185 [JavaFX Application Thread] DEBUG GameScene            - Entity added to scene
19:37:32.185 [JavaFX Application Thread] DEBUG GameScene            - Added MainViewComponent
19:37:32.441 [JavaFX Application Thread] DEBUG FXGLAssetLoader      - Loading from cache: /assets/textures/missile.png
19:37:32.443 [JavaFX Application Thread] DEBUG GameScene            - Entity added to scene
19:37:32.443 [JavaFX Application Thread] DEBUG GameScene            - Added MainViewComponent
19:37:32.677 [JavaFX Application Thread] DEBUG GameScene            - Entity added to scene
19:37:32.677 [JavaFX Application Thread] DEBUG GameScene            - Added MainViewComponent
19:37:32.692 [JavaFX Application Thread] DEBUG GameScene            - Entity added to scene
19:37:32.692 [JavaFX Application Thread] DEBUG GameScene            - Added MainViewComponent
19:37:32.710 [JavaFX Application Thread] DEBUG GameScene            - Entity added to scene
19:37:32.710 [JavaFX Application Thread] DEBUG GameScene            - Added MainViewComponent
19:37:32.725 [JavaFX Application Thread] DEBUG FXGLAssetLoader      - Loading from cache: /assets/textures/missile.png
19:37:32.728 [JavaFX Application Thread] DEBUG GameScene            - Entity added to scene
19:37:32.728 [JavaFX Application Thread] DEBUG GameScene            - Added MainViewComponent
19:37:32.729 [JavaFX Application Thread] DEBUG GameScene            - Entity added to scene
19:37:32.729 [JavaFX Application Thread] DEBUG GameScene            - Added MainViewComponent
19:37:32.742 [JavaFX Application Thread] DEBUG GameScene            - Entity added to scene
19:37:32.742 [JavaFX Application Thread] DEBUG GameScene            - Added MainViewComponent
19:37:32.938 [JavaFX Application Thread] DEBUG GameScene            - Entity removed from scene
19:37:32.939 [JavaFX Application Thread] DEBUG GameScene            - Removed MainViewComponent
19:37:32.953 [JavaFX Application Thread] DEBUG GameScene            - Entity removed from scene
19:37:32.954 [JavaFX Application Thread] DEBUG GameScene            - Removed MainViewComponent
19:37:32.969 [JavaFX Application Thread] DEBUG GameScene            - Entity removed from scene
19:37:32.970 [JavaFX Application Thread] DEBUG GameScene            - Removed MainViewComponent
19:37:32.986 [JavaFX Application Thread] DEBUG FXGLAssetLoader      - Loading from cache: /assets/textures/missile.png
19:37:32.988 [JavaFX Application Thread] DEBUG GameScene            - Entity added to scene
19:37:32.989 [JavaFX Application Thread] DEBUG GameScene            - Added MainViewComponent
19:37:32.990 [JavaFX Application Thread] DEBUG GameScene            - Entity removed from scene
19:37:32.990 [JavaFX Application Thread] DEBUG GameScene            - Removed MainViewComponent
19:37:33.001 [JavaFX Application Thread] DEBUG GameScene            - Entity removed from scene
19:37:33.001 [JavaFX Application Thread] DEBUG GameScene            - Removed MainViewComponent
19:37:33.257 [JavaFX Application Thread] DEBUG FXGLAssetLoader      - Loading from cache: /assets/textures/missile.png
19:37:33.258 [JavaFX Application Thread] DEBUG GameScene            - Entity added to scene
19:37:33.259 [JavaFX Application Thread] DEBUG GameScene            - Added MainViewComponent
19:37:33.528 [JavaFX Application Thread] DEBUG FXGLAssetLoader      - Loading from cache: /assets/textures/missile.png
19:37:33.530 [JavaFX Application Thread] DEBUG GameScene            - Entity added to scene
19:37:33.530 [JavaFX Application Thread] DEBUG GameScene            - Added MainViewComponent
19:37:33.784 [JavaFX Application Thread] DEBUG FXGLAssetLoader      - Loading from cache: /assets/textures/missile.png
19:37:33.785 [JavaFX Application Thread] DEBUG GameScene            - Entity added to scene
19:37:33.785 [JavaFX Application Thread] DEBUG GameScene            - Added MainViewComponent
19:37:34.057 [JavaFX Application Thread] DEBUG FXGLAssetLoader      - Loading from cache: /assets/textures/missile.png
19:37:34.058 [JavaFX Application Thread] DEBUG GameScene            - Entity added to scene
19:37:34.058 [JavaFX Application Thread] DEBUG GameScene            - Added MainViewComponent
19:37:34.138 [JavaFX Application Thread] DEBUG GameScene            - Entity added to scene
19:37:34.139 [JavaFX Application Thread] DEBUG GameScene            - Added MainViewComponent
19:37:34.152 [JavaFX Application Thread] DEBUG GameScene            - Entity added to scene
19:37:34.152 [JavaFX Application Thread] DEBUG GameScene            - Added MainViewComponent
19:37:34.169 [JavaFX Application Thread] DEBUG GameScene            - Entity added to scene
19:37:34.169 [JavaFX Application Thread] DEBUG GameScene            - Added MainViewComponent
19:37:34.185 [JavaFX Application Thread] DEBUG GameScene            - Entity added to scene
19:37:34.185 [JavaFX Application Thread] DEBUG GameScene            - Added MainViewComponent
19:37:34.201 [JavaFX Application Thread] DEBUG GameScene            - Entity added to scene
19:37:34.201 [JavaFX Application Thread] DEBUG GameScene            - Added MainViewComponent
19:37:34.217 [JavaFX Application Thread] DEBUG GameScene            - Entity added to scene
19:37:34.217 [JavaFX Application Thread] DEBUG GameScene            - Added MainViewComponent
19:37:34.249 [JavaFX Application Thread] DEBUG GameScene            - Entity added to scene
19:37:34.250 [JavaFX Application Thread] DEBUG GameScene            - Added MainViewComponent
19:37:34.328 [JavaFX Application Thread] DEBUG FXGLAssetLoader      - Loading from cache: /assets/textures/missile.png
19:37:34.329 [JavaFX Application Thread] DEBUG GameScene            - Entity added to scene
19:37:34.329 [JavaFX Application Thread] DEBUG GameScene            - Added MainViewComponent
19:37:34.393 [JavaFX Application Thread] DEBUG GameScene            - Entity removed from scene
19:37:34.393 [JavaFX Application Thread] DEBUG GameScene            - Removed MainViewComponent
19:37:34.408 [JavaFX Application Thread] DEBUG GameScene            - Entity removed from scene
19:37:34.408 [JavaFX Application Thread] DEBUG GameScene            - Removed MainViewComponent
19:37:34.424 [JavaFX Application Thread] DEBUG GameScene            - Entity removed from scene
19:37:34.424 [JavaFX Application Thread] DEBUG GameScene            - Removed MainViewComponent
19:37:34.441 [JavaFX Application Thread] DEBUG GameScene            - Entity removed from scene
19:37:34.442 [JavaFX Application Thread] DEBUG GameScene            - Removed MainViewComponent
19:37:34.457 [JavaFX Application Thread] DEBUG GameScene            - Entity removed from scene
19:37:34.457 [JavaFX Application Thread] DEBUG GameScene            - Removed MainViewComponent
19:37:34.472 [JavaFX Application Thread] DEBUG GameScene            - Entity removed from scene
19:37:34.473 [JavaFX Application Thread] DEBUG GameScene            - Removed MainViewComponent
19:37:34.505 [JavaFX Application Thread] DEBUG GameScene            - Entity removed from scene
19:37:34.505 [JavaFX Application Thread] DEBUG GameScene            - Removed MainViewComponent
19:37:34.600 [JavaFX Application Thread] DEBUG FXGLAssetLoader      - Loading from cache: /assets/textures/missile.png
19:37:34.601 [JavaFX Application Thread] DEBUG GameScene            - Entity added to scene
19:37:34.602 [JavaFX Application Thread] DEBUG GameScene            - Added MainViewComponent
19:37:34.857 [JavaFX Application Thread] DEBUG FXGLAssetLoader      - Loading from cache: /assets/textures/missile.png
19:37:34.858 [JavaFX Application Thread] DEBUG GameScene            - Entity added to scene
19:37:34.858 [JavaFX Application Thread] DEBUG GameScene            - Added MainViewComponent
19:37:35.080 [JavaFX Application Thread] DEBUG GameScene            - Removing UI node: Text[text="Missile Command", x=0.0, y=0.0, alignment=LEFT, origin=BASELINE, boundsType=LOGICAL, font=Font[name=Copperplate Gothic Light, family=Copperplate Gothic Light, style=Regular, size=48.0], fontSmoothingType=GRAY, fill=0x0000ffff]
19:37:35.081 [JavaFX Application Thread] DEBUG GameScene            - Entity added to scene
19:37:35.082 [JavaFX Application Thread] DEBUG GameScene            - Added MainViewComponent
19:37:35.096 [JavaFX Application Thread] DEBUG GameScene            - Entity added to scene
19:37:35.096 [JavaFX Application Thread] DEBUG GameScene            - Added MainViewComponent
19:37:35.112 [JavaFX Application Thread] DEBUG GameScene            - Entity added to scene
19:37:35.112 [JavaFX Application Thread] DEBUG GameScene            - Added MainViewComponent
19:37:35.128 [JavaFX Application Thread] DEBUG FXGLAssetLoader      - Loading from cache: /assets/textures/missile.png
19:37:35.129 [JavaFX Application Thread] DEBUG GameScene            - Entity added to scene
19:37:35.130 [JavaFX Application Thread] DEBUG GameScene            - Added MainViewComponent
19:37:35.130 [JavaFX Application Thread] DEBUG GameScene            - Entity added to scene
19:37:35.130 [JavaFX Application Thread] DEBUG GameScene            - Added MainViewComponent
19:37:35.144 [JavaFX Application Thread] DEBUG GameScene            - Entity added to scene
19:37:35.144 [JavaFX Application Thread] DEBUG GameScene            - Added MainViewComponent
19:37:35.160 [JavaFX Application Thread] DEBUG GameScene            - Entity added to scene
19:37:35.161 [JavaFX Application Thread] DEBUG GameScene            - Added MainViewComponent
19:37:35.239 [JavaFX Application Thread] DEBUG GameScene            - Entity added to scene
19:37:35.239 [JavaFX Application Thread] DEBUG GameScene            - Added MainViewComponent
19:37:35.240 [JavaFX Application Thread] DEBUG GameScene            - Entity removed from scene
19:37:35.240 [JavaFX Application Thread] DEBUG GameScene            - Removed MainViewComponent
19:37:35.337 [JavaFX Application Thread] DEBUG GameScene            - Entity removed from scene
19:37:35.338 [JavaFX Application Thread] DEBUG GameScene            - Removed MainViewComponent
19:37:35.353 [JavaFX Application Thread] DEBUG GameScene            - Entity removed from scene
19:37:35.353 [JavaFX Application Thread] DEBUG GameScene            - Removed MainViewComponent
19:37:35.369 [JavaFX Application Thread] DEBUG GameScene            - Entity removed from scene
19:37:35.369 [JavaFX Application Thread] DEBUG GameScene            - Removed MainViewComponent
19:37:35.385 [JavaFX Application Thread] DEBUG GameScene            - Entity removed from scene
19:37:35.385 [JavaFX Application Thread] DEBUG GameScene            - Removed MainViewComponent
19:37:35.401 [JavaFX Application Thread] DEBUG FXGLAssetLoader      - Loading from cache: /assets/textures/missile.png
19:37:35.403 [JavaFX Application Thread] DEBUG GameScene            - Entity added to scene
19:37:35.403 [JavaFX Application Thread] DEBUG GameScene            - Added MainViewComponent
19:37:35.404 [JavaFX Application Thread] DEBUG GameScene            - Entity removed from scene
19:37:35.404 [JavaFX Application Thread] DEBUG GameScene            - Removed MainViewComponent
19:37:35.416 [JavaFX Application Thread] DEBUG GameScene            - Entity removed from scene
19:37:35.416 [JavaFX Application Thread] DEBUG GameScene            - Removed MainViewComponent
19:37:35.417 [JavaFX Application Thread] DEBUG GameScene            - Entity removed from scene
19:37:35.417 [JavaFX Application Thread] DEBUG GameScene            - Removed MainViewComponent
19:37:35.464 [JavaFX Application Thread] DEBUG GameScene            - Entity added to scene
19:37:35.464 [JavaFX Application Thread] DEBUG GameScene            - Added MainViewComponent
19:37:35.465 [JavaFX Application Thread] DEBUG GameScene            - Entity removed from scene
19:37:35.465 [JavaFX Application Thread] DEBUG GameScene            - Removed MainViewComponent
19:37:35.481 [JavaFX Application Thread] DEBUG GameScene            - Entity removed from scene
19:37:35.494 [JavaFX Application Thread] DEBUG GameScene            - Removed MainViewComponent
19:37:35.559 [JavaFX Application Thread] DEBUG GameScene            - Entity added to scene
19:37:35.559 [JavaFX Application Thread] DEBUG GameScene            - Added MainViewComponent
19:37:35.560 [JavaFX Application Thread] DEBUG GameScene            - Entity removed from scene
19:37:35.560 [JavaFX Application Thread] DEBUG GameScene            - Removed MainViewComponent
19:37:35.688 [JavaFX Application Thread] DEBUG FXGLAssetLoader      - Loading from cache: /assets/textures/missile.png
19:37:35.689 [JavaFX Application Thread] DEBUG GameScene            - Entity added to scene
19:37:35.689 [JavaFX Application Thread] DEBUG GameScene            - Added MainViewComponent
19:37:35.705 [JavaFX Application Thread] DEBUG GameScene            - Entity removed from scene
19:37:35.705 [JavaFX Application Thread] DEBUG GameScene            - Removed MainViewComponent
19:37:35.801 [JavaFX Application Thread] DEBUG GameScene            - Entity removed from scene
19:37:35.802 [JavaFX Application Thread] DEBUG GameScene            - Removed MainViewComponent
19:37:35.833 [JavaFX Application Thread] DEBUG GameScene            - Entity added to scene
19:37:35.833 [JavaFX Application Thread] DEBUG GameScene            - Added MainViewComponent
19:37:35.849 [JavaFX Application Thread] DEBUG GameScene            - Entity added to scene
19:37:35.850 [JavaFX Application Thread] DEBUG GameScene            - Added MainViewComponent
19:37:35.865 [JavaFX Application Thread] DEBUG GameScene            - Entity added to scene
19:37:35.866 [JavaFX Application Thread] DEBUG GameScene            - Added MainViewComponent
19:37:35.881 [JavaFX Application Thread] DEBUG GameScene            - Entity added to scene
19:37:35.882 [JavaFX Application Thread] DEBUG GameScene            - Added MainViewComponent
19:37:35.897 [JavaFX Application Thread] DEBUG GameScene            - Entity added to scene
19:37:35.897 [JavaFX Application Thread] DEBUG GameScene            - Added MainViewComponent
19:37:35.921 [JavaFX Application Thread] DEBUG GameScene            - Entity added to scene
19:37:35.921 [JavaFX Application Thread] DEBUG GameScene            - Added MainViewComponent
19:37:35.931 [JavaFX Application Thread] DEBUG GameScene            - Entity added to scene
19:37:35.931 [JavaFX Application Thread] DEBUG GameScene            - Added MainViewComponent
19:37:35.945 [JavaFX Application Thread] DEBUG GameScene            - Entity added to scene
19:37:35.945 [JavaFX Application Thread] DEBUG GameScene            - Added MainViewComponent
19:37:35.961 [JavaFX Application Thread] DEBUG FXGLAssetLoader      - Loading from cache: /assets/textures/missile.png
19:37:35.964 [JavaFX Application Thread] DEBUG GameScene            - Entity added to scene
19:37:35.964 [JavaFX Application Thread] DEBUG GameScene            - Added MainViewComponent
19:37:35.965 [JavaFX Application Thread] DEBUG GameScene            - Entity added to scene
19:37:35.966 [JavaFX Application Thread] DEBUG GameScene            - Added MainViewComponent
19:37:35.980 [JavaFX Application Thread] DEBUG GameScene            - Entity added to scene
19:37:35.980 [JavaFX Application Thread] DEBUG GameScene            - Added MainViewComponent
19:37:36.009 [JavaFX Application Thread] DEBUG GameScene            - Entity added to scene
19:37:36.010 [JavaFX Application Thread] DEBUG GameScene            - Added MainViewComponent
19:37:36.026 [JavaFX Application Thread] DEBUG GameScene            - Entity added to scene
19:37:36.026 [JavaFX Application Thread] DEBUG GameScene            - Added MainViewComponent
19:37:36.042 [JavaFX Application Thread] DEBUG GameScene            - Entity added to scene
19:37:36.042 [JavaFX Application Thread] DEBUG GameScene            - Added MainViewComponent
19:37:36.059 [JavaFX Application Thread] DEBUG GameScene            - Entity added to scene
19:37:36.059 [JavaFX Application Thread] DEBUG GameScene            - Added MainViewComponent
19:37:36.074 [JavaFX Application Thread] DEBUG GameScene            - Entity added to scene
19:37:36.074 [JavaFX Application Thread] DEBUG GameScene            - Added MainViewComponent
19:37:36.093 [JavaFX Application Thread] DEBUG GameScene            - Entity added to scene
19:37:36.093 [JavaFX Application Thread] DEBUG GameScene            - Added MainViewComponent
19:37:36.094 [JavaFX Application Thread] DEBUG GameScene            - Entity removed from scene
19:37:36.095 [JavaFX Application Thread] DEBUG GameScene            - Removed MainViewComponent
19:37:36.106 [JavaFX Application Thread] DEBUG GameScene            - Entity added to scene
19:37:36.108 [JavaFX Application Thread] DEBUG GameScene            - Added MainViewComponent
19:37:36.110 [JavaFX Application Thread] DEBUG GameScene            - Entity removed from scene
19:37:36.110 [JavaFX Application Thread] DEBUG GameScene            - Removed MainViewComponent
19:37:36.122 [JavaFX Application Thread] DEBUG GameScene            - Entity added to scene
19:37:36.122 [JavaFX Application Thread] DEBUG GameScene            - Added MainViewComponent
19:37:36.123 [JavaFX Application Thread] DEBUG GameScene            - Entity added to scene
19:37:36.123 [JavaFX Application Thread] DEBUG GameScene            - Added MainViewComponent
19:37:36.124 [JavaFX Application Thread] DEBUG GameScene            - Entity removed from scene
19:37:36.124 [JavaFX Application Thread] DEBUG GameScene            - Removed MainViewComponent
19:37:36.125 [JavaFX Application Thread] DEBUG GameScene            - Entity removed from scene
19:37:36.125 [JavaFX Application Thread] DEBUG GameScene            - Removed MainViewComponent
19:37:36.138 [JavaFX Application Thread] DEBUG GameScene            - Entity added to scene
19:37:36.138 [JavaFX Application Thread] DEBUG GameScene            - Added MainViewComponent
19:37:36.139 [JavaFX Application Thread] DEBUG GameScene            - Entity removed from scene
19:37:36.139 [JavaFX Application Thread] DEBUG GameScene            - Removed MainViewComponent
19:37:36.154 [JavaFX Application Thread] DEBUG GameScene            - Entity added to scene
19:37:36.154 [JavaFX Application Thread] DEBUG GameScene            - Added MainViewComponent
19:37:36.155 [JavaFX Application Thread] DEBUG GameScene            - Entity removed from scene
19:37:36.155 [JavaFX Application Thread] DEBUG GameScene            - Removed MainViewComponent
19:37:36.168 [JavaFX Application Thread] DEBUG GameScene            - Entity added to scene
19:37:36.169 [JavaFX Application Thread] DEBUG GameScene            - Added MainViewComponent
19:37:36.187 [JavaFX Application Thread] DEBUG GameScene            - Entity added to scene
19:37:36.187 [JavaFX Application Thread] DEBUG GameScene            - Added MainViewComponent
19:37:36.188 [JavaFX Application Thread] DEBUG GameScene            - Entity removed from scene
19:37:36.188 [JavaFX Application Thread] DEBUG GameScene            - Removed MainViewComponent
19:37:36.189 [JavaFX Application Thread] DEBUG GameScene            - Entity removed from scene
19:37:36.189 [JavaFX Application Thread] DEBUG GameScene            - Removed MainViewComponent
19:37:36.202 [JavaFX Application Thread] DEBUG GameScene            - Entity added to scene
19:37:36.202 [JavaFX Application Thread] DEBUG GameScene            - Added MainViewComponent
19:37:36.203 [JavaFX Application Thread] DEBUG GameScene            - Entity removed from scene
19:37:36.203 [JavaFX Application Thread] DEBUG GameScene            - Removed MainViewComponent
19:37:36.218 [JavaFX Application Thread] DEBUG GameScene            - Entity added to scene
19:37:36.219 [JavaFX Application Thread] DEBUG GameScene            - Added MainViewComponent
19:37:36.220 [JavaFX Application Thread] DEBUG GameScene            - Entity removed from scene
19:37:36.220 [JavaFX Application Thread] DEBUG GameScene            - Removed MainViewComponent
19:37:36.233 [JavaFX Application Thread] DEBUG FXGLAssetLoader      - Loading from cache: /assets/textures/missile.png
19:37:36.235 [JavaFX Application Thread] DEBUG GameScene            - Entity added to scene
19:37:36.235 [JavaFX Application Thread] DEBUG GameScene            - Added MainViewComponent
19:37:36.236 [JavaFX Application Thread] DEBUG GameScene            - Entity added to scene
19:37:36.236 [JavaFX Application Thread] DEBUG GameScene            - Added MainViewComponent
19:37:36.237 [JavaFX Application Thread] DEBUG GameScene            - Entity removed from scene
19:37:36.237 [JavaFX Application Thread] DEBUG GameScene            - Removed MainViewComponent
19:37:36.248 [JavaFX Application Thread] DEBUG GameScene            - Entity added to scene
19:37:36.249 [JavaFX Application Thread] DEBUG GameScene            - Added MainViewComponent
19:37:36.267 [JavaFX Application Thread] DEBUG GameScene            - Entity added to scene
19:37:36.267 [JavaFX Application Thread] DEBUG GameScene            - Added MainViewComponent
19:37:36.268 [JavaFX Application Thread] DEBUG GameScene            - Entity removed from scene
19:37:36.268 [JavaFX Application Thread] DEBUG GameScene            - Removed MainViewComponent
19:37:36.282 [JavaFX Application Thread] DEBUG GameScene            - Entity added to scene
19:37:36.282 [JavaFX Application Thread] DEBUG GameScene            - Added MainViewComponent
19:37:36.283 [JavaFX Application Thread] DEBUG GameScene            - Entity removed from scene
19:37:36.283 [JavaFX Application Thread] DEBUG GameScene            - Removed MainViewComponent
19:37:36.298 [JavaFX Application Thread] DEBUG GameScene            - Entity added to scene
19:37:36.298 [JavaFX Application Thread] DEBUG GameScene            - Added MainViewComponent
19:37:36.299 [JavaFX Application Thread] DEBUG GameScene            - Entity removed from scene
19:37:36.299 [JavaFX Application Thread] DEBUG GameScene            - Removed MainViewComponent
19:37:36.314 [JavaFX Application Thread] DEBUG GameScene            - Entity added to scene
19:37:36.314 [JavaFX Application Thread] DEBUG GameScene            - Added MainViewComponent
19:37:36.315 [JavaFX Application Thread] DEBUG GameScene            - Entity removed from scene
19:37:36.315 [JavaFX Application Thread] DEBUG GameScene            - Removed MainViewComponent
19:37:36.347 [JavaFX Application Thread] DEBUG GameScene            - Entity added to scene
19:37:36.347 [JavaFX Application Thread] DEBUG GameScene            - Added MainViewComponent
19:37:36.348 [JavaFX Application Thread] DEBUG GameScene            - Entity removed from scene
19:37:36.348 [JavaFX Application Thread] DEBUG GameScene            - Removed MainViewComponent
19:37:36.349 [JavaFX Application Thread] DEBUG GameScene            - Entity removed from scene
19:37:36.349 [JavaFX Application Thread] DEBUG GameScene            - Removed MainViewComponent
19:37:36.363 [JavaFX Application Thread] DEBUG GameScene            - Entity added to scene
19:37:36.363 [JavaFX Application Thread] DEBUG GameScene            - Added MainViewComponent
19:37:36.364 [JavaFX Application Thread] DEBUG GameScene            - Entity removed from scene
19:37:36.365 [JavaFX Application Thread] DEBUG GameScene            - Removed MainViewComponent
19:37:36.380 [JavaFX Application Thread] DEBUG GameScene            - Entity added to scene
19:37:36.380 [JavaFX Application Thread] DEBUG GameScene            - Added MainViewComponent
19:37:36.381 [JavaFX Application Thread] DEBUG GameScene            - Entity removed from scene
19:37:36.381 [JavaFX Application Thread] DEBUG GameScene            - Removed MainViewComponent
19:37:36.382 [JavaFX Application Thread] DEBUG GameScene            - Entity removed from scene
19:37:36.382 [JavaFX Application Thread] DEBUG GameScene            - Removed MainViewComponent
19:37:36.396 [JavaFX Application Thread] DEBUG GameScene            - Entity added to scene
19:37:36.397 [JavaFX Application Thread] DEBUG GameScene            - Added MainViewComponent
19:37:36.397 [JavaFX Application Thread] DEBUG GameScene            - Entity removed from scene
19:37:36.398 [JavaFX Application Thread] DEBUG GameScene            - Removed MainViewComponent
19:37:36.410 [JavaFX Application Thread] DEBUG GameScene            - Entity added to scene
19:37:36.410 [JavaFX Application Thread] DEBUG GameScene            - Added MainViewComponent
19:37:36.411 [JavaFX Application Thread] DEBUG GameScene            - Entity removed from scene
19:37:36.412 [JavaFX Application Thread] DEBUG GameScene            - Removed MainViewComponent
19:37:36.426 [JavaFX Application Thread] DEBUG GameScene            - Entity added to scene
19:37:36.426 [JavaFX Application Thread] DEBUG GameScene            - Added MainViewComponent
19:37:36.427 [JavaFX Application Thread] DEBUG GameScene            - Entity removed from scene
19:37:36.427 [JavaFX Application Thread] DEBUG GameScene            - Removed MainViewComponent
19:37:36.442 [JavaFX Application Thread] DEBUG GameScene            - Entity added to scene
19:37:36.442 [JavaFX Application Thread] DEBUG GameScene            - Added MainViewComponent
19:37:36.443 [JavaFX Application Thread] DEBUG GameScene            - Entity removed from scene
19:37:36.443 [JavaFX Application Thread] DEBUG GameScene            - Removed MainViewComponent
19:37:36.458 [JavaFX Application Thread] DEBUG GameScene            - Entity added to scene
19:37:36.458 [JavaFX Application Thread] DEBUG GameScene            - Added MainViewComponent
19:37:36.459 [JavaFX Application Thread] DEBUG GameScene            - Entity removed from scene
19:37:36.459 [JavaFX Application Thread] DEBUG GameScene            - Removed MainViewComponent
19:37:36.474 [JavaFX Application Thread] DEBUG GameScene            - Entity added to scene
19:37:36.475 [JavaFX Application Thread] DEBUG GameScene            - Added MainViewComponent
19:37:36.475 [JavaFX Application Thread] DEBUG GameScene            - Entity removed from scene
19:37:36.475 [JavaFX Application Thread] DEBUG GameScene            - Removed MainViewComponent
19:37:36.490 [JavaFX Application Thread] DEBUG GameScene            - Entity added to scene
19:37:36.490 [JavaFX Application Thread] DEBUG GameScene            - Added MainViewComponent
19:37:36.491 [JavaFX Application Thread] DEBUG GameScene            - Entity removed from scene
19:37:36.491 [JavaFX Application Thread] DEBUG GameScene            - Removed MainViewComponent
19:37:36.519 [JavaFX Application Thread] DEBUG FXGLAssetLoader      - Loading from cache: /assets/textures/missile.png
19:37:36.529 [JavaFX Application Thread] DEBUG GameScene            - Entity added to scene
19:37:36.529 [JavaFX Application Thread] DEBUG GameScene            - Added MainViewComponent
19:37:36.530 [JavaFX Application Thread] DEBUG GameScene            - Entity added to scene
19:37:36.530 [JavaFX Application Thread] DEBUG GameScene            - Added MainViewComponent
19:37:36.531 [JavaFX Application Thread] DEBUG GameScene            - Entity removed from scene
19:37:36.531 [JavaFX Application Thread] DEBUG GameScene            - Removed MainViewComponent
19:37:36.554 [JavaFX Application Thread] DEBUG GameScene            - Entity removed from scene
19:37:36.555 [JavaFX Application Thread] DEBUG GameScene            - Removed MainViewComponent
19:37:36.555 [JavaFX Application Thread] DEBUG GameScene            - Entity removed from scene
19:37:36.555 [JavaFX Application Thread] DEBUG GameScene            - Removed MainViewComponent
19:37:36.556 [JavaFX Application Thread] DEBUG GameScene            - Entity removed from scene
19:37:36.556 [JavaFX Application Thread] DEBUG GameScene            - Removed MainViewComponent
19:37:36.568 [JavaFX Application Thread] DEBUG GameScene            - Entity removed from scene
19:37:36.569 [JavaFX Application Thread] DEBUG GameScene            - Removed MainViewComponent
19:37:36.601 [JavaFX Application Thread] DEBUG GameScene            - Entity removed from scene
19:37:36.601 [JavaFX Application Thread] DEBUG GameScene            - Removed MainViewComponent
19:37:36.616 [JavaFX Application Thread] DEBUG GameScene            - Entity removed from scene
19:37:36.616 [JavaFX Application Thread] DEBUG GameScene            - Removed MainViewComponent
19:37:36.633 [JavaFX Application Thread] DEBUG GameScene            - Entity removed from scene
19:37:36.633 [JavaFX Application Thread] DEBUG GameScene            - Removed MainViewComponent
19:37:36.648 [JavaFX Application Thread] DEBUG GameScene            - Entity removed from scene
19:37:36.648 [JavaFX Application Thread] DEBUG GameScene            - Removed MainViewComponent
19:37:36.664 [JavaFX Application Thread] DEBUG GameScene            - Entity removed from scene
19:37:36.664 [JavaFX Application Thread] DEBUG GameScene            - Removed MainViewComponent
19:37:36.680 [JavaFX Application Thread] DEBUG GameScene            - Entity removed from scene
19:37:36.680 [JavaFX Application Thread] DEBUG GameScene            - Removed MainViewComponent
19:37:36.713 [JavaFX Application Thread] DEBUG GameScene            - Entity added to scene
19:37:36.714 [JavaFX Application Thread] DEBUG GameScene            - Added MainViewComponent
19:37:36.714 [JavaFX Application Thread] DEBUG GameScene            - Entity removed from scene
19:37:36.715 [JavaFX Application Thread] DEBUG GameScene            - Removed MainViewComponent
19:37:36.715 [JavaFX Application Thread] DEBUG GameScene            - Entity removed from scene
19:37:36.715 [JavaFX Application Thread] DEBUG GameScene            - Removed MainViewComponent
19:37:36.716 [JavaFX Application Thread] DEBUG GameScene            - Entity removed from scene
19:37:36.716 [JavaFX Application Thread] DEBUG GameScene            - Removed MainViewComponent
19:37:36.728 [JavaFX Application Thread] DEBUG GameScene            - Entity removed from scene
19:37:36.728 [JavaFX Application Thread] DEBUG GameScene            - Removed MainViewComponent
19:37:36.744 [JavaFX Application Thread] DEBUG GameScene            - Entity removed from scene
19:37:36.744 [JavaFX Application Thread] DEBUG GameScene            - Removed MainViewComponent
19:37:36.791 [JavaFX Application Thread] DEBUG GameScene            - Entity removed from scene
19:37:36.791 [JavaFX Application Thread] DEBUG GameScene            - Removed MainViewComponent
19:37:36.807 [JavaFX Application Thread] DEBUG FXGLAssetLoader      - Loading from cache: /assets/textures/missile.png
19:37:36.808 [JavaFX Application Thread] DEBUG GameScene            - Entity added to scene
19:37:36.809 [JavaFX Application Thread] DEBUG GameScene            - Added MainViewComponent
19:37:36.855 [JavaFX Application Thread] DEBUG GameScene            - Entity added to scene
19:37:36.855 [JavaFX Application Thread] DEBUG GameScene            - Added MainViewComponent
19:37:36.856 [JavaFX Application Thread] DEBUG GameScene            - Entity removed from scene
19:37:36.856 [JavaFX Application Thread] DEBUG GameScene            - Removed MainViewComponent
19:37:36.937 [JavaFX Application Thread] DEBUG GameScene            - Entity removed from scene
19:37:36.938 [JavaFX Application Thread] DEBUG GameScene            - Removed MainViewComponent
19:37:37.080 [JavaFX Application Thread] DEBUG FXGLAssetLoader      - Loading from cache: /assets/textures/missile.png
19:37:37.081 [JavaFX Application Thread] DEBUG GameScene            - Entity added to scene
19:37:37.081 [JavaFX Application Thread] DEBUG GameScene            - Added MainViewComponent
19:37:37.096 [JavaFX Application Thread] DEBUG GameScene            - Entity removed from scene
19:37:37.096 [JavaFX Application Thread] DEBUG GameScene            - Removed MainViewComponent
19:37:37.223 [JavaFX Application Thread] DEBUG GameScene            - Entity added to scene
19:37:37.223 [JavaFX Application Thread] DEBUG GameScene            - Added MainViewComponent
19:37:37.224 [JavaFX Application Thread] DEBUG GameScene            - Entity added to scene
19:37:37.224 [JavaFX Application Thread] DEBUG GameScene            - Added MainViewComponent
19:37:37.224 [JavaFX Application Thread] DEBUG GameScene            - Entity removed from scene
19:37:37.224 [JavaFX Application Thread] DEBUG GameScene            - Removed MainViewComponent
19:37:37.225 [JavaFX Application Thread] DEBUG GameScene            - Entity removed from scene
19:37:37.225 [JavaFX Application Thread] DEBUG GameScene            - Removed MainViewComponent
19:37:37.336 [JavaFX Application Thread] DEBUG FXGLAssetLoader      - Loading from cache: /assets/textures/missile.png
19:37:37.338 [JavaFX Application Thread] DEBUG GameScene            - Entity added to scene
19:37:37.338 [JavaFX Application Thread] DEBUG GameScene            - Added MainViewComponent
19:37:37.466 [JavaFX Application Thread] DEBUG GameScene            - Entity removed from scene
19:37:37.466 [JavaFX Application Thread] DEBUG GameScene            - Removed MainViewComponent
19:37:37.467 [JavaFX Application Thread] DEBUG GameScene            - Entity removed from scene
19:37:37.467 [JavaFX Application Thread] DEBUG GameScene            - Removed MainViewComponent
19:37:37.607 [JavaFX Application Thread] DEBUG FXGLAssetLoader      - Loading from cache: /assets/textures/missile.png
19:37:37.608 [JavaFX Application Thread] DEBUG GameScene            - Entity added to scene
19:37:37.608 [JavaFX Application Thread] DEBUG GameScene            - Added MainViewComponent
19:37:37.879 [JavaFX Application Thread] DEBUG FXGLAssetLoader      - Loading from cache: /assets/textures/missile.png
19:37:37.880 [JavaFX Application Thread] DEBUG GameScene            - Entity added to scene
19:37:37.880 [JavaFX Application Thread] DEBUG GameScene            - Added MainViewComponent
19:37:37.959 [JavaFX Application Thread] DEBUG GameScene            - Entity added to scene
19:37:37.959 [JavaFX Application Thread] DEBUG GameScene            - Added MainViewComponent
19:37:37.961 [JavaFX Application Thread] DEBUG GameScene            - Entity removed from scene
19:37:37.961 [JavaFX Application Thread] DEBUG GameScene            - Removed MainViewComponent
19:37:37.975 [JavaFX Application Thread] DEBUG GameScene            - Entity added to scene
19:37:37.975 [JavaFX Application Thread] DEBUG GameScene            - Added MainViewComponent
19:37:37.976 [JavaFX Application Thread] DEBUG GameScene            - Entity removed from scene
19:37:37.976 [JavaFX Application Thread] DEBUG GameScene            - Removed MainViewComponent
19:37:38.103 [JavaFX Application Thread] DEBUG GameScene            - Entity added to scene
19:37:38.103 [JavaFX Application Thread] DEBUG GameScene            - Added MainViewComponent
19:37:38.104 [JavaFX Application Thread] DEBUG GameScene            - Entity removed from scene
19:37:38.104 [JavaFX Application Thread] DEBUG GameScene            - Removed MainViewComponent
19:37:38.152 [JavaFX Application Thread] DEBUG FXGLAssetLoader      - Loading from cache: /assets/textures/missile.png
19:37:38.153 [JavaFX Application Thread] DEBUG GameScene            - Entity added to scene
19:37:38.153 [JavaFX Application Thread] DEBUG GameScene            - Added MainViewComponent
19:37:38.200 [JavaFX Application Thread] DEBUG GameScene            - Entity removed from scene
19:37:38.200 [JavaFX Application Thread] DEBUG GameScene            - Removed MainViewComponent
19:37:38.216 [JavaFX Application Thread] DEBUG GameScene            - Entity removed from scene
19:37:38.216 [JavaFX Application Thread] DEBUG GameScene            - Removed MainViewComponent
19:37:38.344 [JavaFX Application Thread] DEBUG GameScene            - Entity removed from scene
19:37:38.344 [JavaFX Application Thread] DEBUG GameScene            - Removed MainViewComponent
19:37:38.409 [JavaFX Application Thread] DEBUG FXGLAssetLoader      - Loading from cache: /assets/textures/missile.png
19:37:38.410 [JavaFX Application Thread] DEBUG GameScene            - Entity added to scene
19:37:38.410 [JavaFX Application Thread] DEBUG GameScene            - Added MainViewComponent
19:37:38.456 [JavaFX Application Thread] DEBUG GameScene            - Entity added to scene
19:37:38.456 [JavaFX Application Thread] DEBUG GameScene            - Added MainViewComponent
19:37:38.457 [JavaFX Application Thread] DEBUG GameScene            - Entity removed from scene
19:37:38.457 [JavaFX Application Thread] DEBUG GameScene            - Removed MainViewComponent
19:37:38.680 [JavaFX Application Thread] DEBUG FXGLAssetLoader      - Loading from cache: /assets/textures/missile.png
19:37:38.681 [JavaFX Application Thread] DEBUG GameScene            - Entity added to scene
19:37:38.681 [JavaFX Application Thread] DEBUG GameScene            - Added MainViewComponent
19:37:38.697 [JavaFX Application Thread] DEBUG GameScene            - Entity removed from scene
19:37:38.697 [JavaFX Application Thread] DEBUG GameScene            - Removed MainViewComponent
19:37:38.951 [JavaFX Application Thread] DEBUG FXGLAssetLoader      - Loading from cache: /assets/textures/missile.png
19:37:38.952 [JavaFX Application Thread] DEBUG GameScene            - Entity added to scene
19:37:38.952 [JavaFX Application Thread] DEBUG GameScene            - Added MainViewComponent
19:37:39.191 [JavaFX Application Thread] DEBUG GameScene            - Entity added to scene
19:37:39.191 [JavaFX Application Thread] DEBUG GameScene            - Added MainViewComponent
19:37:39.192 [JavaFX Application Thread] DEBUG GameScene            - Entity removed from scene
19:37:39.192 [JavaFX Application Thread] DEBUG GameScene            - Removed MainViewComponent
19:37:39.224 [JavaFX Application Thread] DEBUG FXGLAssetLoader      - Loading from cache: /assets/textures/missile.png
19:37:39.225 [JavaFX Application Thread] DEBUG GameScene            - Entity added to scene
19:37:39.226 [JavaFX Application Thread] DEBUG GameScene            - Added MainViewComponent
19:37:39.303 [JavaFX Application Thread] DEBUG GameScene            - Entity added to scene
19:37:39.303 [JavaFX Application Thread] DEBUG GameScene            - Added MainViewComponent
19:37:39.304 [JavaFX Application Thread] DEBUG GameScene            - Entity removed from scene
19:37:39.304 [JavaFX Application Thread] DEBUG GameScene            - Removed MainViewComponent
19:37:39.416 [JavaFX Application Thread] DEBUG GameScene            - Entity removed from scene
19:37:39.416 [JavaFX Application Thread] DEBUG GameScene            - Removed MainViewComponent
19:37:39.447 [JavaFX Application Thread] DEBUG GameScene            - Entity added to scene
19:37:39.447 [JavaFX Application Thread] DEBUG GameScene            - Added MainViewComponent
19:37:39.448 [JavaFX Application Thread] DEBUG GameScene            - Entity removed from scene
19:37:39.448 [JavaFX Application Thread] DEBUG GameScene            - Removed MainViewComponent
19:37:39.479 [JavaFX Application Thread] DEBUG FXGLAssetLoader      - Loading from cache: /assets/textures/missile.png
19:37:39.480 [JavaFX Application Thread] DEBUG GameScene            - Entity added to scene
19:37:39.480 [JavaFX Application Thread] DEBUG GameScene            - Added MainViewComponent
19:37:39.544 [JavaFX Application Thread] DEBUG GameScene            - Entity removed from scene
19:37:39.544 [JavaFX Application Thread] DEBUG GameScene            - Removed MainViewComponent
19:37:39.688 [JavaFX Application Thread] DEBUG GameScene            - Entity removed from scene
19:37:39.688 [JavaFX Application Thread] DEBUG GameScene            - Removed MainViewComponent
19:37:39.719 [JavaFX Application Thread] DEBUG GameScene            - Entity added to scene
19:37:39.719 [JavaFX Application Thread] DEBUG GameScene            - Added MainViewComponent
19:37:39.720 [JavaFX Application Thread] DEBUG GameScene            - Entity removed from scene
19:37:39.720 [JavaFX Application Thread] DEBUG GameScene            - Removed MainViewComponent
19:37:39.752 [JavaFX Application Thread] DEBUG FXGLAssetLoader      - Loading from cache: /assets/textures/missile.png
19:37:39.753 [JavaFX Application Thread] DEBUG GameScene            - Entity added to scene
19:37:39.754 [JavaFX Application Thread] DEBUG GameScene            - Added MainViewComponent
19:37:39.800 [JavaFX Application Thread] DEBUG GameScene            - Entity added to scene
19:37:39.800 [JavaFX Application Thread] DEBUG GameScene            - Added MainViewComponent
19:37:39.801 [JavaFX Application Thread] DEBUG GameScene            - Entity removed from scene
19:37:39.801 [JavaFX Application Thread] DEBUG GameScene            - Removed MainViewComponent
19:37:39.960 [JavaFX Application Thread] DEBUG GameScene            - Entity removed from scene
19:37:39.960 [JavaFX Application Thread] DEBUG GameScene            - Removed MainViewComponent
19:37:40.024 [JavaFX Application Thread] DEBUG FXGLAssetLoader      - Loading from cache: /assets/textures/missile.png
19:37:40.024 [JavaFX Application Thread] DEBUG GameScene            - Entity added to scene
19:37:40.024 [JavaFX Application Thread] DEBUG GameScene            - Added MainViewComponent
19:37:40.040 [JavaFX Application Thread] DEBUG GameScene            - Entity removed from scene
19:37:40.040 [JavaFX Application Thread] DEBUG GameScene            - Removed MainViewComponent
19:37:40.248 [JavaFX Application Thread] DEBUG GameScene            - Entity added to scene
19:37:40.248 [JavaFX Application Thread] DEBUG GameScene            - Added MainViewComponent
19:37:40.249 [JavaFX Application Thread] DEBUG GameScene            - Entity removed from scene
19:37:40.249 [JavaFX Application Thread] DEBUG GameScene            - Removed MainViewComponent
19:37:40.295 [JavaFX Application Thread] DEBUG FXGLAssetLoader      - Loading from cache: /assets/textures/missile.png
19:37:40.296 [JavaFX Application Thread] DEBUG GameScene            - Entity added to scene
19:37:40.296 [JavaFX Application Thread] DEBUG GameScene            - Added MainViewComponent
19:37:40.359 [JavaFX Application Thread] DEBUG GameScene            - Entity added to scene
19:37:40.359 [JavaFX Application Thread] DEBUG GameScene            - Added MainViewComponent
19:37:40.360 [JavaFX Application Thread] DEBUG GameScene            - Entity removed from scene
19:37:40.360 [JavaFX Application Thread] DEBUG GameScene            - Removed MainViewComponent
19:37:40.456 [JavaFX Application Thread] DEBUG GameScene            - Entity added to scene
19:37:40.456 [JavaFX Application Thread] DEBUG GameScene            - Added MainViewComponent
19:37:40.457 [JavaFX Application Thread] DEBUG GameScene            - Entity removed from scene
19:37:40.457 [JavaFX Application Thread] DEBUG GameScene            - Removed MainViewComponent
19:37:40.489 [JavaFX Application Thread] DEBUG GameScene            - Entity removed from scene
19:37:40.489 [JavaFX Application Thread] DEBUG GameScene            - Removed MainViewComponent
19:37:40.552 [JavaFX Application Thread] DEBUG FXGLAssetLoader      - Loading from cache: /assets/textures/missile.png
19:37:40.553 [JavaFX Application Thread] DEBUG GameScene            - Entity added to scene
19:37:40.553 [JavaFX Application Thread] DEBUG GameScene            - Added MainViewComponent
19:37:40.617 [JavaFX Application Thread] DEBUG GameScene            - Entity removed from scene
19:37:40.617 [JavaFX Application Thread] DEBUG GameScene            - Removed MainViewComponent
19:37:40.696 [JavaFX Application Thread] DEBUG GameScene            - Entity removed from scene
19:37:40.696 [JavaFX Application Thread] DEBUG GameScene            - Removed MainViewComponent
19:37:40.823 [JavaFX Application Thread] DEBUG FXGLAssetLoader      - Loading from cache: /assets/textures/missile.png
19:37:40.824 [JavaFX Application Thread] DEBUG GameScene            - Entity added to scene
19:37:40.824 [JavaFX Application Thread] DEBUG GameScene            - Added MainViewComponent
19:37:40.922 [JavaFX Application Thread] DEBUG FXGLEventBus         - Firing event: DisplayEvent[type=CLOSE_REQUEST]
19:37:40.925 [JavaFX Application Thread] DEBUG FXGLEventBus         - Firing event: FXGLEvent[type=EXIT]
19:37:40.926 [JavaFX Application Thread] DEBUG FXGL                 - Saving FXGL system data
19:37:40.928 [JavaFX Application Thread] DEBUG IOTask               - Executing task: writeDataTask(system/fxgl.bundle)
19:37:40.933 [JavaFX Application Thread] DEBUG FS                   - Writing to: system\fxgl.bundle
19:37:40.943 [JavaFX Application Thread] DEBUG IOTask               - Task succeeded: writeDataTask(system/fxgl.bundle)
