19:39:26.681 [FXGL Launcher Thread     ] DEBUG FXGLLoggerFactory    - Service [LoggerFactory] initialized
19:39:26.694 [FXGL Launcher Thread     ] DEBUG FXGL                 - FXGL configuration complete
19:39:26.695 [FXGL Launcher Thread     ] DEBUG FXGL                 - Loading FXGL system data
19:39:26.702 [FXGL Launcher Thread     ] DEBUG IOTask               - Executing task: readDataTask(system/fxgl.bundle)
19:39:26.711 [FXGL Launcher Thread     ] DEBUG FS                   - Reading from: system\fxgl.bundle
19:39:26.727 [FXGL Launcher Thread     ] DEBUG IOTask               - Task succeeded: readDataTask(system/fxgl.bundle)
19:39:26.728 [FXGL Launcher Thread     ] DEBUG Bundle               - Logging bundle: FXGL
19:39:26.739 [FXGL Launcher Thread     ] DEBUG Bundle               - FXGL.offline.timer.version.check=2016-12-12T22:03:51.120
19:39:26.767 [FXGL Launcher Thread     ] DEBUG GameApplication      - Configuring GameApplication
19:39:26.778 [FXGL Launcher Thread     ] DEBUG FXGLExceptionHandler - Service [ExceptionHandler] initialized
19:39:26.779 [FXGL Launcher Thread     ] DEBUG FXGLEventBus         - Service [EventBus] initialized
19:39:26.790 [FXGL Launcher Thread     ] DEBUG FXGLExecutor         - Service [Executor] initialized
19:39:26.790 [FXGL Launcher Thread     ] DEBUG PreInitTask          - Injecting gameWorld & physicsWorld
19:39:26.804 [FXGL Launcher Thread     ] DEBUG GameWorld            - Game world initialized
19:39:26.909 [FXGL Launcher Thread     ] DEBUG FXGLPooler           - Service [Pooler] initialized with default size = 128
19:39:26.910 [FXGL Launcher Thread     ] DEBUG PhysicsWorld         - Physics world initialized: appHeight=700.0, physics.ppm=50.0
19:39:26.912 [FXGL Launcher Thread     ] DEBUG FXGLInput            - Service [Input] initialized
19:39:26.965 [FXGL Launcher Thread     ] DEBUG FXGLInput            - Registered new binding: Screenshot - P
19:39:26.966 [FXGL Launcher Thread     ] DEBUG FXGLInput            - Registered new binding: Dev Options - CTRL+0
19:39:26.967 [FXGL Launcher Thread     ] DEBUG FXGLInput            - Registered new binding: Spawn Anti-Ballistic - PRIMARY
19:39:27.046 [FXGL Launcher Thread     ] DEBUG GameScene            - Game scene initialized: 800.0x700.0
19:39:27.076 [FXGL Launcher Thread     ] DEBUG FXGLAssetLoader      - Service [AssetLoader] initialized: cacheSize=35
19:39:27.090 [FXGL Launcher Thread     ] DEBUG FXGLAssetLoader      - Loading from disk: /assets/sounds/system/notification.wav
19:39:27.182 [FXGL Launcher Thread     ] DEBUG FXGLAssetLoader      - Loading from disk: /assets/sounds/menu/select.wav
19:39:27.186 [FXGL Launcher Thread     ] DEBUG FXGLAssetLoader      - Loading from disk: /assets/sounds/menu/back.wav
19:39:27.192 [FXGL Launcher Thread     ] DEBUG FXGLAssetLoader      - Loading from disk: /assets/sounds/menu/press.wav
19:39:27.199 [FXGL Launcher Thread     ] DEBUG FXGLAssetLoader      - Loading from disk: /assets/ui/fonts/Copperplate_Gothic_Light_Regular.ttf
19:39:27.455 [FXGL Launcher Thread     ] DEBUG FXGLAssetLoader      - Loading from disk: /assets/ui/css/fxgl.css
19:39:27.456 [FXGL Launcher Thread     ] DEBUG FXGLAssetLoader      - Loading from disk: /assets/ui/icons/fxgl_icon.png
19:39:27.592 [FXGL Launcher Thread     ] DEBUG FXGLAssetLoader      - Loading from disk: /assets/ui/css/fxgl_dark.css
19:39:27.618 [FXGL Launcher Thread     ] DEBUG FXGLDisplay          - Target size: DoubleProperty [value: 800.0] x DoubleProperty [value: 700.0] @ 1.0
19:39:27.619 [FXGL Launcher Thread     ] DEBUG FXGLDisplay          - New size:    800.0 x 700.0 @ DoubleProperty [value: 1.0]
19:39:27.619 [FXGL Launcher Thread     ] DEBUG FXGLDisplay          - Service [Display] initialized
19:39:27.620 [FXGL Launcher Thread     ] DEBUG FXGLDisplay          - Using CSS: CSS(externalForm=jar:file:/C:/Users/Tyler/Downloads/FXGL-0.2.8-uber.jar!/assets/ui/css/fxgl_dark.css)
19:39:27.621 [FXGL Launcher Thread     ] DEBUG InitScenesTask       - Injecting loadingScene & gameScene
19:39:27.684 [FXGL Launcher Thread     ] DEBUG FXGLMasterTimer      - Service [MasterTimer] initialized
19:39:27.691 [FXGL Launcher Thread     ] DEBUG FXGLAudioPlayer      - Service [AudioPlayer] initialized
19:39:27.709 [FXGL Launcher Thread     ] DEBUG GameApplication      - Starting new game
19:39:27.713 [FXGL Launcher Thread     ] DEBUG GameApplication      - Initializing App
19:39:27.716 [FXGL Launcher Thread     ] DEBUG FXGLInput            - Clearing active input actions
19:39:27.717 [FXGL Launcher Thread     ] DEBUG FXGLMasterTimer      - Stopping master timer
19:39:27.717 [FXGL Launcher Thread     ] DEBUG GameApplication      - State: STARTUP -> PAUSED
19:39:27.718 [FXGL Launcher Thread     ] DEBUG FXGLEventBus         - Firing event: FXGLEvent[type=PAUSE]
19:39:27.722 [FXGL Launcher Thread     ] DEBUG FXGLInput            - Clearing active input actions
19:39:27.722 [FXGL Launcher Thread     ] DEBUG FXGLMasterTimer      - Resetting ticks and clearing all actions
19:39:27.722 [FXGL Launcher Thread     ] DEBUG GameWorld            - Resetting game world
19:39:27.722 [FXGL Launcher Thread     ] TRACE EntityWorld          - Resetting entity world
19:39:27.727 [FXGL Launcher Thread     ] DEBUG PhysicsWorld         - Resetting physics world
19:39:27.727 [FXGL Launcher Thread     ] DEBUG GameScene            - Resetting game scene
19:39:27.727 [FXGL Launcher Thread     ] DEBUG FXGLEventBus         - Firing event: FXGLEvent[type=RESET]
19:39:27.883 [FXGL Launcher Thread     ] DEBUG GameApplication      - State: PAUSED -> LOADING
19:39:27.970 [FXGL Background Thread 1 ] DEBUG InitAppTask          - Initializing Assets
19:39:27.973 [FXGL Background Thread 1 ] DEBUG InitAppTask          - Initializing Game
19:39:28.096 [FXGL Background Thread 1 ] DEBUG FXGLAssetLoader      - Loading from disk: /assets/ui/cursors/crosshair.png
19:39:28.152 [JavaFX Application Thread] DEBUG FXGLDisplay          - Showing stage
19:39:28.152 [JavaFX Application Thread] DEBUG FXGLDisplay          - Root size: 800.0x700.0
19:39:28.152 [JavaFX Application Thread] DEBUG FXGLDisplay          - Scene size: 800.0x700.0
19:39:28.153 [JavaFX Application Thread] DEBUG FXGLDisplay          - Stage size: 816.0x739.0
19:39:28.168 [FXGL Background Thread 1 ] DEBUG FXGLAssetLoader      - Loading from disk: /assets/textures/city.png
19:39:28.187 [FXGL Background Thread 1 ] DEBUG FXGLAssetLoader      - Loading from cache: /assets/textures/city.png
19:39:28.189 [FXGL Background Thread 1 ] DEBUG FXGLAssetLoader      - Loading from cache: /assets/textures/city.png
19:39:28.192 [FXGL Background Thread 1 ] DEBUG FXGLAssetLoader      - Loading from cache: /assets/textures/city.png
19:39:28.194 [FXGL Background Thread 1 ] DEBUG FXGLAssetLoader      - Loading from cache: /assets/textures/city.png
19:39:28.197 [FXGL Background Thread 1 ] DEBUG FXGLAssetLoader      - Loading from cache: /assets/textures/city.png
19:39:28.211 [FXGL Background Thread 1 ] DEBUG InitAppTask          - Initializing Physics
19:39:28.213 [FXGL Background Thread 1 ] DEBUG InitAppTask          - Initializing UI
19:39:28.227 [FXGL Background Thread 1 ] DEBUG GameScene            - Adding UI node: Text[text="Missile Command", x=0.0, y=0.0, alignment=LEFT, origin=BASELINE, boundsType=LOGICAL, font=Font[name=Copperplate Gothic Light, family=Copperplate Gothic Light, style=Regular, size=48.0], fontSmoothingType=GRAY, fill=0x0000ffff]
19:39:28.232 [FXGL Background Thread 1 ] DEBUG FXGLAssetLoader      - Loading from disk: /assets/textures/bg.jpg
19:39:28.273 [FXGL Background Thread 1 ] DEBUG GameScene            - Creating render group for layer: TOP(2147483647)
19:39:28.277 [FXGL Background Thread 1 ] DEBUG InitAppTask          - Initialization Complete
19:39:28.342 [JavaFX Application Thread] DEBUG FXGLInput            - Clearing active input actions
19:39:28.343 [JavaFX Application Thread] DEBUG FXGLMasterTimer      - Starting master timer
19:39:28.343 [JavaFX Application Thread] DEBUG GameApplication      - State: LOADING -> PLAYING
19:39:28.360 [JavaFX Application Thread] DEBUG FXGLEventBus         - Firing event: FXGLEvent[type=RESUME]
19:39:28.370 [JavaFX Application Thread] DEBUG GameScene            - Entity added to scene
19:39:28.372 [JavaFX Application Thread] DEBUG GameScene            - Added MainViewComponent
19:39:28.373 [JavaFX Application Thread] DEBUG GameScene            - Creating render group for layer: BACKGROUND(1000)
19:39:28.382 [JavaFX Application Thread] DEBUG GameScene            - Entity added to scene
19:39:28.382 [JavaFX Application Thread] DEBUG GameScene            - Added MainViewComponent
19:39:28.383 [JavaFX Application Thread] DEBUG GameScene            - Entity added to scene
19:39:28.384 [JavaFX Application Thread] DEBUG GameScene            - Added MainViewComponent
19:39:28.385 [JavaFX Application Thread] DEBUG GameScene            - Entity added to scene
19:39:28.385 [JavaFX Application Thread] DEBUG GameScene            - Added MainViewComponent
19:39:28.386 [JavaFX Application Thread] DEBUG GameScene            - Entity added to scene
19:39:28.386 [JavaFX Application Thread] DEBUG GameScene            - Added MainViewComponent
19:39:28.387 [JavaFX Application Thread] DEBUG GameScene            - Entity added to scene
19:39:28.388 [JavaFX Application Thread] DEBUG GameScene            - Added MainViewComponent
19:39:28.389 [JavaFX Application Thread] DEBUG GameScene            - Entity added to scene
19:39:28.389 [JavaFX Application Thread] DEBUG GameScene            - Added MainViewComponent
19:39:28.390 [JavaFX Application Thread] DEBUG GameScene            - Entity added to scene
19:39:28.390 [JavaFX Application Thread] DEBUG GameScene            - Added MainViewComponent
19:39:28.391 [JavaFX Application Thread] DEBUG GameScene            - Entity added to scene
19:39:28.391 [JavaFX Application Thread] DEBUG GameScene            - Added MainViewComponent
19:39:28.392 [JavaFX Application Thread] DEBUG GameScene            - Entity added to scene
19:39:28.392 [JavaFX Application Thread] DEBUG GameScene            - Added MainViewComponent
19:39:28.817 [JavaFX Application Thread] DEBUG FXGLAssetLoader      - Loading from disk: /assets/textures/missile.png
19:39:28.826 [JavaFX Application Thread] DEBUG GameScene            - Entity added to scene
19:39:28.827 [JavaFX Application Thread] DEBUG GameScene            - Added MainViewComponent
19:39:29.085 [JavaFX Application Thread] DEBUG FXGLAssetLoader      - Loading from cache: /assets/textures/missile.png
19:39:29.086 [JavaFX Application Thread] DEBUG GameScene            - Entity added to scene
19:39:29.086 [JavaFX Application Thread] DEBUG GameScene            - Added MainViewComponent
19:39:29.353 [JavaFX Application Thread] DEBUG FXGLAssetLoader      - Loading from cache: /assets/textures/missile.png
19:39:29.355 [JavaFX Application Thread] DEBUG GameScene            - Entity added to scene
19:39:29.355 [JavaFX Application Thread] DEBUG GameScene            - Added MainViewComponent
19:39:29.621 [JavaFX Application Thread] DEBUG FXGLAssetLoader      - Loading from cache: /assets/textures/missile.png
19:39:29.623 [JavaFX Application Thread] DEBUG GameScene            - Entity added to scene
19:39:29.623 [JavaFX Application Thread] DEBUG GameScene            - Added MainViewComponent
19:39:29.889 [JavaFX Application Thread] DEBUG FXGLAssetLoader      - Loading from cache: /assets/textures/missile.png
19:39:29.891 [JavaFX Application Thread] DEBUG GameScene            - Entity added to scene
19:39:29.891 [JavaFX Application Thread] DEBUG GameScene            - Added MainViewComponent
19:39:30.157 [JavaFX Application Thread] DEBUG FXGLAssetLoader      - Loading from cache: /assets/textures/missile.png
19:39:30.159 [JavaFX Application Thread] DEBUG GameScene            - Entity added to scene
19:39:30.159 [JavaFX Application Thread] DEBUG GameScene            - Added MainViewComponent
19:39:30.426 [JavaFX Application Thread] DEBUG FXGLAssetLoader      - Loading from cache: /assets/textures/missile.png
19:39:30.427 [JavaFX Application Thread] DEBUG GameScene            - Entity added to scene
19:39:30.427 [JavaFX Application Thread] DEBUG GameScene            - Added MainViewComponent
19:39:30.692 [JavaFX Application Thread] DEBUG FXGLAssetLoader      - Loading from cache: /assets/textures/missile.png
19:39:30.694 [JavaFX Application Thread] DEBUG GameScene            - Entity added to scene
19:39:30.694 [JavaFX Application Thread] DEBUG GameScene            - Added MainViewComponent
19:39:30.961 [JavaFX Application Thread] DEBUG FXGLAssetLoader      - Loading from cache: /assets/textures/missile.png
19:39:30.962 [JavaFX Application Thread] DEBUG GameScene            - Entity added to scene
19:39:30.963 [JavaFX Application Thread] DEBUG GameScene            - Added MainViewComponent
19:39:31.230 [JavaFX Application Thread] DEBUG FXGLAssetLoader      - Loading from cache: /assets/textures/missile.png
19:39:31.231 [JavaFX Application Thread] DEBUG GameScene            - Entity added to scene
19:39:31.231 [JavaFX Application Thread] DEBUG GameScene            - Added MainViewComponent
19:39:31.497 [JavaFX Application Thread] DEBUG FXGLAssetLoader      - Loading from cache: /assets/textures/missile.png
19:39:31.498 [JavaFX Application Thread] DEBUG GameScene            - Entity added to scene
19:39:31.499 [JavaFX Application Thread] DEBUG GameScene            - Added MainViewComponent
19:39:31.765 [JavaFX Application Thread] DEBUG FXGLAssetLoader      - Loading from cache: /assets/textures/missile.png
19:39:31.767 [JavaFX Application Thread] DEBUG GameScene            - Entity added to scene
19:39:31.767 [JavaFX Application Thread] DEBUG GameScene            - Added MainViewComponent
19:39:32.034 [JavaFX Application Thread] DEBUG FXGLAssetLoader      - Loading from cache: /assets/textures/missile.png
19:39:32.036 [JavaFX Application Thread] DEBUG GameScene            - Entity added to scene
19:39:32.036 [JavaFX Application Thread] DEBUG GameScene            - Added MainViewComponent
19:39:32.235 [JavaFX Application Thread] DEBUG GameScene            - Removing UI node: Text[text="Missile Command", x=0.0, y=0.0, alignment=LEFT, origin=BASELINE, boundsType=LOGICAL, font=Font[name=Copperplate Gothic Light, family=Copperplate Gothic Light, style=Regular, size=48.0], fontSmoothingType=GRAY, fill=0x0000ffff]
19:39:32.235 [JavaFX Application Thread] DEBUG GameScene            - Entity added to scene
19:39:32.236 [JavaFX Application Thread] DEBUG GameScene            - Added MainViewComponent
19:39:32.237 [JavaFX Application Thread] DEBUG GameScene            - Entity removed from scene
19:39:32.238 [JavaFX Application Thread] DEBUG GameScene            - Removed MainViewComponent
19:39:32.301 [JavaFX Application Thread] DEBUG FXGLAssetLoader      - Loading from cache: /assets/textures/missile.png
19:39:32.302 [JavaFX Application Thread] DEBUG GameScene            - Entity added to scene
19:39:32.303 [JavaFX Application Thread] DEBUG GameScene            - Added MainViewComponent
19:39:32.569 [JavaFX Application Thread] DEBUG FXGLAssetLoader      - Loading from cache: /assets/textures/missile.png
19:39:32.570 [JavaFX Application Thread] DEBUG GameScene            - Entity added to scene
19:39:32.570 [JavaFX Application Thread] DEBUG GameScene            - Added MainViewComponent
19:39:32.803 [JavaFX Application Thread] DEBUG GameScene            - Entity added to scene
19:39:32.803 [JavaFX Application Thread] DEBUG GameScene            - Added MainViewComponent
19:39:32.804 [JavaFX Application Thread] DEBUG GameScene            - Entity removed from scene
19:39:32.805 [JavaFX Application Thread] DEBUG GameScene            - Removed MainViewComponent
19:39:32.838 [JavaFX Application Thread] DEBUG FXGLAssetLoader      - Loading from cache: /assets/textures/missile.png
19:39:32.839 [JavaFX Application Thread] DEBUG GameScene            - Entity added to scene
19:39:32.839 [JavaFX Application Thread] DEBUG GameScene            - Added MainViewComponent
19:39:33.055 [JavaFX Application Thread] DEBUG GameScene            - Entity added to scene
19:39:33.055 [JavaFX Application Thread] DEBUG GameScene            - Added MainViewComponent
19:39:33.057 [JavaFX Application Thread] DEBUG GameScene            - Entity removed from scene
19:39:33.057 [JavaFX Application Thread] DEBUG GameScene            - Removed MainViewComponent
19:39:33.058 [JavaFX Application Thread] DEBUG GameScene            - Entity removed from scene
19:39:33.058 [JavaFX Application Thread] DEBUG GameScene            - Removed MainViewComponent
19:39:33.071 [JavaFX Application Thread] DEBUG GameScene            - Entity added to scene
19:39:33.071 [JavaFX Application Thread] DEBUG GameScene            - Added MainViewComponent
19:39:33.072 [JavaFX Application Thread] DEBUG GameScene            - Entity removed from scene
19:39:33.073 [JavaFX Application Thread] DEBUG GameScene            - Removed MainViewComponent
19:39:33.105 [JavaFX Application Thread] DEBUG FXGLAssetLoader      - Loading from cache: /assets/textures/missile.png
19:39:33.107 [JavaFX Application Thread] DEBUG GameScene            - Entity added to scene
19:39:33.107 [JavaFX Application Thread] DEBUG GameScene            - Added MainViewComponent
19:39:33.323 [JavaFX Application Thread] DEBUG GameScene            - Entity removed from scene
19:39:33.324 [JavaFX Application Thread] DEBUG GameScene            - Removed MainViewComponent
19:39:33.374 [JavaFX Application Thread] DEBUG FXGLAssetLoader      - Loading from cache: /assets/textures/missile.png
19:39:33.376 [JavaFX Application Thread] DEBUG GameScene            - Entity added to scene
19:39:33.376 [JavaFX Application Thread] DEBUG GameScene            - Added MainViewComponent
19:39:33.474 [JavaFX Application Thread] DEBUG GameScene            - Entity added to scene
19:39:33.474 [JavaFX Application Thread] DEBUG GameScene            - Added MainViewComponent
19:39:33.475 [JavaFX Application Thread] DEBUG GameScene            - Entity removed from scene
19:39:33.475 [JavaFX Application Thread] DEBUG GameScene            - Removed MainViewComponent
19:39:33.643 [JavaFX Application Thread] DEBUG FXGLAssetLoader      - Loading from cache: /assets/textures/missile.png
19:39:33.645 [JavaFX Application Thread] DEBUG GameScene            - Entity added to scene
19:39:33.645 [JavaFX Application Thread] DEBUG GameScene            - Added MainViewComponent
19:39:33.793 [JavaFX Application Thread] FATAL FXGLExceptionHandler - Uncaught Exception:
19:39:33.796 [JavaFX Application Thread] FATAL FXGLExceptionHandler - 

Exception occurred: java.lang.NullPointerException : null
E: com.almasb.fxgl.entity.component.MainViewComponent.generateBBox(MainViewComponent.java:226)
E: com.almasb.fxgl.entity.component.MainViewComponent.setView(MainViewComponent.java:164)
E: com.tylere.mc.EntityFactory.lambda$newExplosion$0(EntityFactory.java:120)
E: com.sun.scenario.animation.shared.TimelineClipCore.visitKeyFrame(TimelineClipCore.java:239)
E: com.sun.scenario.animation.shared.TimelineClipCore.playTo(TimelineClipCore.java:180)
E: javafx.animation.Timeline.impl_playTo(Timeline.java:176)
E: javafx.animation.AnimationAccessorImpl.playTo(AnimationAccessorImpl.java:39)
E: com.sun.scenario.animation.shared.SingleLoopClipEnvelope.timePulse(SingleLoopClipEnvelope.java:99)
E: javafx.animation.Animation.impl_timePulse(Animation.java:1102)
E: javafx.animation.Animation$1.lambda$timePulse$25(Animation.java:186)
E: java.security.AccessController.doPrivileged(Native Method)
E: javafx.animation.Animation$1.timePulse(Animation.java:185)
E: com.sun.scenario.animation.AbstractMasterTimer.timePulseImpl(AbstractMasterTimer.java:344)
E: com.sun.scenario.animation.AbstractMasterTimer$MainLoop.run(AbstractMasterTimer.java:267)
E: com.sun.javafx.tk.quantum.QuantumToolkit.pulse(QuantumToolkit.java:506)
E: com.sun.javafx.tk.quantum.QuantumToolkit.pulse(QuantumToolkit.java:490)
E: com.sun.javafx.tk.quantum.QuantumToolkit.lambda$runToolkit$404(QuantumToolkit.java:319)
E: com.sun.glass.ui.InvokeLaterDispatcher$Future.run(InvokeLaterDispatcher.java:95)
E: com.sun.glass.ui.win.WinApplication._runLoop(Native Method)
E: com.sun.glass.ui.win.WinApplication.lambda$null$148(WinApplication.java:191)
E: java.lang.Thread.run(Thread.java:745)

19:39:33.796 [JavaFX Application Thread] FATAL FXGLExceptionHandler - Application will now exit
19:39:33.797 [JavaFX Application Thread] DEBUG FXGLInput            - Clearing active input actions
19:39:33.797 [JavaFX Application Thread] DEBUG FXGLMasterTimer      - Stopping master timer
19:39:33.797 [JavaFX Application Thread] DEBUG GameApplication      - State: PLAYING -> PAUSED
19:39:33.798 [JavaFX Application Thread] DEBUG FXGLEventBus         - Firing event: FXGLEvent[type=PAUSE]
19:39:48.709 [JavaFX Application Thread] DEBUG FXGLEventBus         - Firing event: DisplayEvent[type=CLOSE_REQUEST]
19:39:48.711 [JavaFX Application Thread] DEBUG FXGLEventBus         - Firing event: FXGLEvent[type=EXIT]
19:39:48.711 [JavaFX Application Thread] DEBUG FXGL                 - Saving FXGL system data
19:39:48.714 [JavaFX Application Thread] DEBUG IOTask               - Executing task: writeDataTask(system/fxgl.bundle)
19:39:48.717 [JavaFX Application Thread] DEBUG FS                   - Writing to: system\fxgl.bundle
19:39:48.725 [JavaFX Application Thread] DEBUG IOTask               - Task succeeded: writeDataTask(system/fxgl.bundle)
