23:10:49.259 [FXGL Launcher Thread     ] DEBUG FXGLLoggerFactory    - Service [LoggerFactory] initialized
23:10:49.264 [FXGL Launcher Thread     ] DEBUG FXGL                 - FXGL configuration complete
23:10:49.264 [FXGL Launcher Thread     ] DEBUG FXGL                 - Loading FXGL system data
23:10:49.268 [FXGL Launcher Thread     ] DEBUG IOTask               - Executing task: readDataTask(system/fxgl.bundle)
23:10:49.272 [FXGL Launcher Thread     ] DEBUG FS                   - Reading from: system\fxgl.bundle
23:10:49.278 [FXGL Launcher Thread     ] DEBUG IOTask               - Task succeeded: readDataTask(system/fxgl.bundle)
23:10:49.278 [FXGL Launcher Thread     ] DEBUG Bundle               - Logging bundle: FXGL
23:10:49.278 [FXGL Launcher Thread     ] DEBUG Bundle               - FXGL.offline.timer.version.check=2016-12-04T23:31:25.587
23:10:49.290 [FXGL Launcher Thread     ] DEBUG GameApplication      - Configuring GameApplication
23:10:49.294 [FXGL Launcher Thread     ] DEBUG FXGLExceptionHandler - Service [ExceptionHandler] initialized
23:10:49.294 [FXGL Launcher Thread     ] DEBUG FXGLEventBus         - Service [EventBus] initialized
23:10:49.297 [FXGL Launcher Thread     ] DEBUG FXGLExecutor         - Service [Executor] initialized
23:10:49.297 [FXGL Launcher Thread     ] DEBUG PreInitTask          - Injecting gameWorld & physicsWorld
23:10:49.303 [FXGL Launcher Thread     ] DEBUG GameWorld            - Game world initialized
23:10:49.346 [FXGL Launcher Thread     ] DEBUG FXGLPooler           - Service [Pooler] initialized with default size = 128
23:10:49.347 [FXGL Launcher Thread     ] DEBUG PhysicsWorld         - Physics world initialized: appHeight=700.0, physics.ppm=50.0
23:10:49.348 [FXGL Launcher Thread     ] DEBUG FXGLInput            - Service [Input] initialized
23:10:49.374 [FXGL Launcher Thread     ] DEBUG FXGLInput            - Registered new binding: Screenshot - P
23:10:49.375 [FXGL Launcher Thread     ] DEBUG FXGLInput            - Registered new binding: Dev Options - CTRL+0
23:10:49.375 [FXGL Launcher Thread     ] DEBUG FXGLInput            - Registered new binding: Spawn Anti-Ballistic - PRIMARY
23:10:49.405 [FXGL Launcher Thread     ] DEBUG GameScene            - Game scene initialized: 800.0x700.0
23:10:49.411 [FXGL Launcher Thread     ] DEBUG FXGLAssetLoader      - Service [AssetLoader] initialized: cacheSize=35
23:10:49.413 [FXGL Launcher Thread     ] DEBUG FXGLAssetLoader      - Loading from disk: /assets/sounds/system/notification.wav
23:10:49.455 [FXGL Launcher Thread     ] DEBUG FXGLAssetLoader      - Loading from disk: /assets/sounds/menu/select.wav
23:10:49.457 [FXGL Launcher Thread     ] DEBUG FXGLAssetLoader      - Loading from disk: /assets/sounds/menu/back.wav
23:10:49.459 [FXGL Launcher Thread     ] DEBUG FXGLAssetLoader      - Loading from disk: /assets/sounds/menu/press.wav
23:10:49.462 [FXGL Launcher Thread     ] DEBUG FXGLAssetLoader      - Loading from disk: /assets/ui/fonts/Copperplate_Gothic_Light_Regular.ttf
23:10:49.549 [FXGL Launcher Thread     ] DEBUG FXGLAssetLoader      - Loading from disk: /assets/ui/css/fxgl.css
23:10:49.549 [FXGL Launcher Thread     ] DEBUG FXGLAssetLoader      - Loading from disk: /assets/ui/icons/fxgl_icon.png
23:10:49.593 [FXGL Launcher Thread     ] DEBUG FXGLAssetLoader      - Loading from disk: /assets/ui/css/fxgl_dark.css
23:10:49.603 [FXGL Launcher Thread     ] DEBUG FXGLDisplay          - Target size: DoubleProperty [value: 800.0] x DoubleProperty [value: 700.0] @ 1.0
23:10:49.604 [FXGL Launcher Thread     ] DEBUG FXGLDisplay          - New size:    800.0 x 700.0 @ DoubleProperty [value: 1.0]
23:10:49.604 [FXGL Launcher Thread     ] DEBUG FXGLDisplay          - Service [Display] initialized
23:10:49.604 [FXGL Launcher Thread     ] DEBUG FXGLDisplay          - Using CSS: CSS(externalForm=jar:file:/C:/Users/Shane/Downloads/FXGL-0.2.8-uber.jar!/assets/ui/css/fxgl_dark.css)
23:10:49.605 [FXGL Launcher Thread     ] DEBUG InitScenesTask       - Injecting loadingScene & gameScene
23:10:49.648 [FXGL Launcher Thread     ] DEBUG FXGLMasterTimer      - Service [MasterTimer] initialized
23:10:49.656 [FXGL Launcher Thread     ] DEBUG FXGLAudioPlayer      - Service [AudioPlayer] initialized
23:10:49.664 [FXGL Launcher Thread     ] DEBUG GameApplication      - Starting new game
23:10:49.666 [FXGL Launcher Thread     ] DEBUG GameApplication      - Initializing App
23:10:49.667 [FXGL Launcher Thread     ] DEBUG FXGLInput            - Clearing active input actions
23:10:49.668 [FXGL Launcher Thread     ] DEBUG FXGLMasterTimer      - Stopping master timer
23:10:49.669 [FXGL Launcher Thread     ] DEBUG GameApplication      - State: STARTUP -> PAUSED
23:10:49.670 [FXGL Launcher Thread     ] DEBUG FXGLEventBus         - Firing event: FXGLEvent[type=PAUSE]
23:10:49.672 [FXGL Launcher Thread     ] DEBUG FXGLInput            - Clearing active input actions
23:10:49.672 [FXGL Launcher Thread     ] DEBUG FXGLMasterTimer      - Resetting ticks and clearing all actions
23:10:49.672 [FXGL Launcher Thread     ] DEBUG GameWorld            - Resetting game world
23:10:49.672 [FXGL Launcher Thread     ] TRACE EntityWorld          - Resetting entity world
23:10:49.674 [FXGL Launcher Thread     ] DEBUG PhysicsWorld         - Resetting physics world
23:10:49.674 [FXGL Launcher Thread     ] DEBUG GameScene            - Resetting game scene
23:10:49.674 [FXGL Launcher Thread     ] DEBUG FXGLEventBus         - Firing event: FXGLEvent[type=RESET]
23:10:49.738 [FXGL Launcher Thread     ] DEBUG GameApplication      - State: PAUSED -> LOADING
23:10:49.775 [FXGL Background Thread 1 ] DEBUG InitAppTask          - Initializing Assets
23:10:49.776 [FXGL Background Thread 1 ] DEBUG InitAppTask          - Initializing Game
23:10:49.821 [FXGL Background Thread 1 ] DEBUG FXGLAssetLoader      - Loading from disk: /assets/ui/cursors/crosshair.png
23:10:49.837 [FXGL Background Thread 1 ] DEBUG FXGLAssetLoader      - Loading from disk: /assets/textures/city.png
23:10:49.844 [FXGL Background Thread 1 ] DEBUG FXGLAssetLoader      - Loading from cache: /assets/textures/city.png
23:10:49.845 [FXGL Background Thread 1 ] DEBUG FXGLAssetLoader      - Loading from cache: /assets/textures/city.png
23:10:49.846 [FXGL Background Thread 1 ] DEBUG FXGLAssetLoader      - Loading from cache: /assets/textures/city.png
23:10:49.847 [FXGL Background Thread 1 ] DEBUG FXGLAssetLoader      - Loading from cache: /assets/textures/city.png
23:10:49.848 [FXGL Background Thread 1 ] DEBUG FXGLAssetLoader      - Loading from cache: /assets/textures/city.png
23:10:49.850 [FXGL Background Thread 1 ] DEBUG InitAppTask          - Initializing Physics
23:10:49.850 [FXGL Background Thread 1 ] DEBUG InitAppTask          - Initializing UI
23:10:49.853 [JavaFX Application Thread] DEBUG FXGLDisplay          - Showing stage
23:10:49.853 [JavaFX Application Thread] DEBUG FXGLDisplay          - Root size: 800.0x700.0
23:10:49.854 [JavaFX Application Thread] DEBUG FXGLDisplay          - Scene size: 800.0x700.0
23:10:49.854 [JavaFX Application Thread] DEBUG FXGLDisplay          - Stage size: 816.0x739.0
23:10:49.857 [FXGL Background Thread 1 ] DEBUG GameScene            - Adding UI node: Text[text="Missile Command", x=0.0, y=0.0, alignment=LEFT, origin=BASELINE, boundsType=LOGICAL, font=Font[name=Copperplate Gothic Light, family=Copperplate Gothic Light, style=Regular, size=48.0], fontSmoothingType=GRAY, fill=0x0000ffff]
23:10:49.859 [FXGL Background Thread 1 ] DEBUG FXGLAssetLoader      - Loading from disk: /assets/textures/bg.jpg
23:10:49.875 [FXGL Background Thread 1 ] DEBUG GameScene            - Creating render group for layer: TOP(2147483647)
23:10:49.876 [FXGL Background Thread 1 ] DEBUG InitAppTask          - Initialization Complete
23:10:49.925 [JavaFX Application Thread] DEBUG FXGLInput            - Clearing active input actions
23:10:49.925 [JavaFX Application Thread] DEBUG FXGLMasterTimer      - Starting master timer
23:10:49.925 [JavaFX Application Thread] DEBUG GameApplication      - State: LOADING -> PLAYING
23:10:49.932 [JavaFX Application Thread] DEBUG FXGLEventBus         - Firing event: FXGLEvent[type=RESUME]
23:10:49.937 [JavaFX Application Thread] DEBUG GameScene            - Entity added to scene
23:10:49.937 [JavaFX Application Thread] DEBUG GameScene            - Added MainViewComponent
23:10:49.937 [JavaFX Application Thread] DEBUG GameScene            - Creating render group for layer: BACKGROUND(1000)
23:10:49.940 [JavaFX Application Thread] DEBUG GameScene            - Entity added to scene
23:10:49.940 [JavaFX Application Thread] DEBUG GameScene            - Added MainViewComponent
23:10:49.940 [JavaFX Application Thread] DEBUG GameScene            - Entity added to scene
23:10:49.940 [JavaFX Application Thread] DEBUG GameScene            - Added MainViewComponent
23:10:49.940 [JavaFX Application Thread] DEBUG GameScene            - Entity added to scene
23:10:49.940 [JavaFX Application Thread] DEBUG GameScene            - Added MainViewComponent
23:10:49.941 [JavaFX Application Thread] DEBUG GameScene            - Entity added to scene
23:10:49.941 [JavaFX Application Thread] DEBUG GameScene            - Added MainViewComponent
23:10:49.941 [JavaFX Application Thread] DEBUG GameScene            - Entity added to scene
23:10:49.941 [JavaFX Application Thread] DEBUG GameScene            - Added MainViewComponent
23:10:49.941 [JavaFX Application Thread] DEBUG GameScene            - Entity added to scene
23:10:49.941 [JavaFX Application Thread] DEBUG GameScene            - Added MainViewComponent
23:10:50.246 [JavaFX Application Thread] DEBUG FXGLAssetLoader      - Loading from disk: /assets/textures/missile.png
23:10:50.250 [JavaFX Application Thread] DEBUG GameScene            - Entity added to scene
23:10:50.250 [JavaFX Application Thread] DEBUG GameScene            - Added MainViewComponent
23:10:50.519 [JavaFX Application Thread] DEBUG FXGLAssetLoader      - Loading from cache: /assets/textures/missile.png
23:10:50.520 [JavaFX Application Thread] DEBUG GameScene            - Entity added to scene
23:10:50.520 [JavaFX Application Thread] DEBUG GameScene            - Added MainViewComponent
23:10:50.774 [JavaFX Application Thread] DEBUG FXGLAssetLoader      - Loading from cache: /assets/textures/missile.png
23:10:50.775 [JavaFX Application Thread] DEBUG GameScene            - Entity added to scene
23:10:50.775 [JavaFX Application Thread] DEBUG GameScene            - Added MainViewComponent
23:10:51.047 [JavaFX Application Thread] DEBUG FXGLAssetLoader      - Loading from cache: /assets/textures/missile.png
23:10:51.047 [JavaFX Application Thread] DEBUG GameScene            - Entity added to scene
23:10:51.047 [JavaFX Application Thread] DEBUG GameScene            - Added MainViewComponent
23:10:51.318 [JavaFX Application Thread] DEBUG FXGLAssetLoader      - Loading from cache: /assets/textures/missile.png
23:10:51.319 [JavaFX Application Thread] DEBUG GameScene            - Entity added to scene
23:10:51.319 [JavaFX Application Thread] DEBUG GameScene            - Added MainViewComponent
23:10:51.575 [JavaFX Application Thread] DEBUG FXGLAssetLoader      - Loading from cache: /assets/textures/missile.png
23:10:51.575 [JavaFX Application Thread] DEBUG GameScene            - Entity added to scene
23:10:51.575 [JavaFX Application Thread] DEBUG GameScene            - Added MainViewComponent
23:10:51.846 [JavaFX Application Thread] DEBUG FXGLAssetLoader      - Loading from cache: /assets/textures/missile.png
23:10:51.847 [JavaFX Application Thread] DEBUG GameScene            - Entity added to scene
23:10:51.847 [JavaFX Application Thread] DEBUG GameScene            - Added MainViewComponent
23:10:52.119 [JavaFX Application Thread] DEBUG FXGLAssetLoader      - Loading from cache: /assets/textures/missile.png
23:10:52.120 [JavaFX Application Thread] DEBUG GameScene            - Entity added to scene
23:10:52.120 [JavaFX Application Thread] DEBUG GameScene            - Added MainViewComponent
23:10:52.374 [JavaFX Application Thread] DEBUG FXGLAssetLoader      - Loading from cache: /assets/textures/missile.png
23:10:52.374 [JavaFX Application Thread] DEBUG GameScene            - Entity added to scene
23:10:52.375 [JavaFX Application Thread] DEBUG GameScene            - Added MainViewComponent
23:10:52.647 [JavaFX Application Thread] DEBUG FXGLAssetLoader      - Loading from cache: /assets/textures/missile.png
23:10:52.647 [JavaFX Application Thread] DEBUG GameScene            - Entity added to scene
23:10:52.647 [JavaFX Application Thread] DEBUG GameScene            - Added MainViewComponent
23:10:52.903 [JavaFX Application Thread] DEBUG FXGLAssetLoader      - Loading from cache: /assets/textures/missile.png
23:10:52.904 [JavaFX Application Thread] DEBUG GameScene            - Entity added to scene
23:10:52.904 [JavaFX Application Thread] DEBUG GameScene            - Added MainViewComponent
23:10:53.174 [JavaFX Application Thread] DEBUG FXGLAssetLoader      - Loading from cache: /assets/textures/missile.png
23:10:53.175 [JavaFX Application Thread] DEBUG GameScene            - Entity added to scene
23:10:53.175 [JavaFX Application Thread] DEBUG GameScene            - Added MainViewComponent
23:10:53.446 [JavaFX Application Thread] DEBUG FXGLAssetLoader      - Loading from cache: /assets/textures/missile.png
23:10:53.446 [JavaFX Application Thread] DEBUG GameScene            - Entity added to scene
23:10:53.446 [JavaFX Application Thread] DEBUG GameScene            - Added MainViewComponent
23:10:53.548 [JavaFX Application Thread] DEBUG FXGLEventBus         - Firing event: DisplayEvent[type=CLOSE_REQUEST]
23:10:53.549 [JavaFX Application Thread] DEBUG FXGLEventBus         - Firing event: FXGLEvent[type=EXIT]
23:10:53.549 [JavaFX Application Thread] DEBUG FXGL                 - Saving FXGL system data
23:10:53.550 [JavaFX Application Thread] DEBUG IOTask               - Executing task: writeDataTask(system/fxgl.bundle)
23:10:53.553 [JavaFX Application Thread] DEBUG FS                   - Writing to: system\fxgl.bundle
23:10:53.557 [JavaFX Application Thread] DEBUG IOTask               - Task succeeded: writeDataTask(system/fxgl.bundle)
