13:14:23.180 [FXGL Launcher Thread     ] DEBUG FXGLLoggerFactory    - Service [LoggerFactory] initialized
13:14:23.193 [FXGL Launcher Thread     ] DEBUG FXGL                 - FXGL configuration complete
13:14:23.194 [FXGL Launcher Thread     ] DEBUG FXGL                 - Loading FXGL system data
13:14:23.204 [FXGL Launcher Thread     ] DEBUG IOTask               - Executing task: readDataTask(system/fxgl.bundle)
13:14:23.216 [FXGL Launcher Thread     ] DEBUG FS                   - Reading from: system\fxgl.bundle
13:14:23.238 [FXGL Launcher Thread     ] DEBUG IOTask               - Task succeeded: readDataTask(system/fxgl.bundle)
13:14:23.239 [FXGL Launcher Thread     ] DEBUG Bundle               - Logging bundle: FXGL
13:14:23.241 [FXGL Launcher Thread     ] DEBUG Bundle               - FXGL.offline.timer.version.check=2016-12-12T22:03:51.120
13:14:23.261 [FXGL Launcher Thread     ] DEBUG GameApplication      - Configuring GameApplication
13:14:23.276 [FXGL Launcher Thread     ] DEBUG FXGLExceptionHandler - Service [ExceptionHandler] initialized
13:14:23.278 [FXGL Launcher Thread     ] DEBUG FXGLEventBus         - Service [EventBus] initialized
13:14:23.290 [FXGL Launcher Thread     ] DEBUG FXGLExecutor         - Service [Executor] initialized
13:14:23.291 [FXGL Launcher Thread     ] DEBUG PreInitTask          - Injecting gameWorld & physicsWorld
13:14:23.310 [FXGL Launcher Thread     ] DEBUG GameWorld            - Game world initialized
13:14:23.429 [FXGL Launcher Thread     ] DEBUG FXGLPooler           - Service [Pooler] initialized with default size = 128
13:14:23.430 [FXGL Launcher Thread     ] DEBUG PhysicsWorld         - Physics world initialized: appHeight=700.0, physics.ppm=50.0
13:14:23.433 [FXGL Launcher Thread     ] DEBUG FXGLInput            - Service [Input] initialized
13:14:23.488 [FXGL Launcher Thread     ] DEBUG FXGLInput            - Registered new binding: Screenshot - P
13:14:23.489 [FXGL Launcher Thread     ] DEBUG FXGLInput            - Registered new binding: Dev Options - CTRL+0
13:14:23.491 [FXGL Launcher Thread     ] DEBUG FXGLInput            - Registered new binding: Spawn Anti-Ballistic - PRIMARY
13:14:23.572 [FXGL Launcher Thread     ] DEBUG GameScene            - Game scene initialized: 800.0x700.0
13:14:23.589 [FXGL Launcher Thread     ] DEBUG FXGLAssetLoader      - Service [AssetLoader] initialized: cacheSize=35
13:14:23.599 [FXGL Launcher Thread     ] DEBUG FXGLAssetLoader      - Loading from disk: /assets/sounds/system/notification.wav
13:14:23.681 [FXGL Launcher Thread     ] DEBUG FXGLAssetLoader      - Loading from disk: /assets/sounds/menu/select.wav
13:14:23.685 [FXGL Launcher Thread     ] DEBUG FXGLAssetLoader      - Loading from disk: /assets/sounds/menu/back.wav
13:14:23.691 [FXGL Launcher Thread     ] DEBUG FXGLAssetLoader      - Loading from disk: /assets/sounds/menu/press.wav
13:14:23.699 [FXGL Launcher Thread     ] DEBUG FXGLAssetLoader      - Loading from disk: /assets/ui/fonts/Copperplate_Gothic_Light_Regular.ttf
13:14:23.971 [FXGL Launcher Thread     ] DEBUG FXGLAssetLoader      - Loading from disk: /assets/ui/css/fxgl.css
13:14:23.971 [FXGL Launcher Thread     ] DEBUG FXGLAssetLoader      - Loading from disk: /assets/ui/icons/fxgl_icon.png
13:14:24.088 [FXGL Launcher Thread     ] DEBUG FXGLAssetLoader      - Loading from disk: /assets/ui/css/fxgl_dark.css
13:14:24.112 [FXGL Launcher Thread     ] DEBUG FXGLDisplay          - Target size: DoubleProperty [value: 800.0] x DoubleProperty [value: 700.0] @ 1.0
13:14:24.112 [FXGL Launcher Thread     ] DEBUG FXGLDisplay          - New size:    800.0 x 700.0 @ DoubleProperty [value: 1.0]
13:14:24.113 [FXGL Launcher Thread     ] DEBUG FXGLDisplay          - Service [Display] initialized
13:14:24.114 [FXGL Launcher Thread     ] DEBUG FXGLDisplay          - Using CSS: CSS(externalForm=jar:file:/C:/Users/Tyler/Downloads/FXGL-0.2.8-uber.jar!/assets/ui/css/fxgl_dark.css)
13:14:24.115 [FXGL Launcher Thread     ] DEBUG InitScenesTask       - Injecting loadingScene & gameScene
13:14:24.179 [FXGL Launcher Thread     ] DEBUG FXGLMasterTimer      - Service [MasterTimer] initialized
13:14:24.190 [FXGL Launcher Thread     ] DEBUG FXGLAudioPlayer      - Service [AudioPlayer] initialized
13:14:24.218 [FXGL Launcher Thread     ] DEBUG InitProfilerTask     - Injecting profiler
13:14:24.218 [FXGL Launcher Thread     ] DEBUG GameApplication      - Starting new game
13:14:24.225 [FXGL Launcher Thread     ] DEBUG GameApplication      - Initializing App
13:14:24.229 [FXGL Launcher Thread     ] DEBUG FXGLInput            - Clearing active input actions
13:14:24.230 [FXGL Launcher Thread     ] DEBUG FXGLMasterTimer      - Stopping master timer
13:14:24.231 [FXGL Launcher Thread     ] DEBUG GameApplication      - State: STARTUP -> PAUSED
13:14:24.233 [FXGL Launcher Thread     ] DEBUG FXGLEventBus         - Firing event: FXGLEvent[type=PAUSE]
13:14:24.237 [FXGL Launcher Thread     ] DEBUG FXGLInput            - Clearing active input actions
13:14:24.238 [FXGL Launcher Thread     ] DEBUG FXGLMasterTimer      - Resetting ticks and clearing all actions
13:14:24.238 [FXGL Launcher Thread     ] DEBUG GameWorld            - Resetting game world
13:14:24.238 [FXGL Launcher Thread     ] TRACE EntityWorld          - Resetting entity world
13:14:24.244 [FXGL Launcher Thread     ] DEBUG PhysicsWorld         - Resetting physics world
13:14:24.244 [FXGL Launcher Thread     ] DEBUG GameScene            - Resetting game scene
13:14:24.245 [FXGL Launcher Thread     ] DEBUG FXGLEventBus         - Firing event: FXGLEvent[type=RESET]
13:14:24.402 [FXGL Launcher Thread     ] DEBUG GameApplication      - State: PAUSED -> LOADING
13:14:24.490 [FXGL Background Thread 1 ] DEBUG InitAppTask          - Initializing Assets
13:14:24.494 [FXGL Background Thread 1 ] DEBUG InitAppTask          - Initializing Game
13:14:24.633 [FXGL Background Thread 1 ] DEBUG FXGLAssetLoader      - Loading from disk: /assets/ui/cursors/crosshair.png
13:14:24.703 [FXGL Background Thread 1 ] DEBUG FXGLAssetLoader      - Loading from disk: /assets/textures/city.png
13:14:24.703 [JavaFX Application Thread] DEBUG FXGLDisplay          - Showing stage
13:14:24.704 [JavaFX Application Thread] DEBUG FXGLDisplay          - Root size: 800.0x700.0
13:14:24.704 [JavaFX Application Thread] DEBUG FXGLDisplay          - Scene size: 800.0x700.0
13:14:24.704 [JavaFX Application Thread] DEBUG FXGLDisplay          - Stage size: 816.0x739.0
13:14:24.722 [FXGL Background Thread 1 ] DEBUG FXGLAssetLoader      - Loading from cache: /assets/textures/city.png
13:14:24.725 [FXGL Background Thread 1 ] DEBUG FXGLAssetLoader      - Loading from cache: /assets/textures/city.png
13:14:24.727 [FXGL Background Thread 1 ] DEBUG FXGLAssetLoader      - Loading from cache: /assets/textures/city.png
13:14:24.730 [FXGL Background Thread 1 ] DEBUG FXGLAssetLoader      - Loading from cache: /assets/textures/city.png
13:14:24.733 [FXGL Background Thread 1 ] DEBUG FXGLAssetLoader      - Loading from cache: /assets/textures/city.png
13:14:24.749 [FXGL Background Thread 1 ] DEBUG InitAppTask          - Initializing Physics
13:14:24.751 [FXGL Background Thread 1 ] DEBUG InitAppTask          - Initializing UI
13:14:24.767 [FXGL Background Thread 1 ] DEBUG GameScene            - Adding UI node: Text[text="Missile Command", x=0.0, y=0.0, alignment=LEFT, origin=BASELINE, boundsType=LOGICAL, font=Font[name=Copperplate Gothic Light, family=Copperplate Gothic Light, style=Regular, size=48.0], fontSmoothingType=GRAY, fill=0x0000ffff]
13:14:24.774 [FXGL Background Thread 1 ] DEBUG FXGLAssetLoader      - Loading from disk: /assets/textures/bg.jpg
13:14:24.820 [FXGL Background Thread 1 ] DEBUG GameScene            - Creating render group for layer: TOP(2147483647)
13:14:24.825 [FXGL Background Thread 1 ] DEBUG InitAppTask          - Initialization Complete
13:14:24.922 [JavaFX Application Thread] DEBUG FXGLInput            - Clearing active input actions
13:14:24.923 [JavaFX Application Thread] DEBUG FXGLMasterTimer      - Starting master timer
13:14:24.923 [JavaFX Application Thread] DEBUG GameApplication      - State: LOADING -> PLAYING
13:14:24.957 [JavaFX Application Thread] DEBUG FXGLEventBus         - Firing event: FXGLEvent[type=RESUME]
13:14:24.974 [JavaFX Application Thread] DEBUG GameScene            - Entity added to scene
13:14:24.976 [JavaFX Application Thread] DEBUG GameScene            - Added MainViewComponent
13:14:24.977 [JavaFX Application Thread] DEBUG GameScene            - Creating render group for layer: BACKGROUND(1000)
13:14:24.986 [JavaFX Application Thread] DEBUG GameScene            - Entity added to scene
13:14:24.986 [JavaFX Application Thread] DEBUG GameScene            - Added MainViewComponent
13:14:24.987 [JavaFX Application Thread] DEBUG GameScene            - Entity added to scene
13:14:24.988 [JavaFX Application Thread] DEBUG GameScene            - Added MainViewComponent
13:14:24.988 [JavaFX Application Thread] DEBUG GameScene            - Entity added to scene
13:14:24.988 [JavaFX Application Thread] DEBUG GameScene            - Added MainViewComponent
13:14:24.990 [JavaFX Application Thread] DEBUG GameScene            - Entity added to scene
13:14:24.990 [JavaFX Application Thread] DEBUG GameScene            - Added MainViewComponent
13:14:24.991 [JavaFX Application Thread] DEBUG GameScene            - Entity added to scene
13:14:24.991 [JavaFX Application Thread] DEBUG GameScene            - Added MainViewComponent
13:14:24.992 [JavaFX Application Thread] DEBUG GameScene            - Entity added to scene
13:14:24.992 [JavaFX Application Thread] DEBUG GameScene            - Added MainViewComponent
13:14:24.993 [JavaFX Application Thread] DEBUG GameScene            - Entity added to scene
13:14:24.993 [JavaFX Application Thread] DEBUG GameScene            - Added MainViewComponent
13:14:24.994 [JavaFX Application Thread] DEBUG GameScene            - Entity added to scene
13:14:24.994 [JavaFX Application Thread] DEBUG GameScene            - Added MainViewComponent
13:14:24.994 [JavaFX Application Thread] DEBUG GameScene            - Entity added to scene
13:14:24.994 [JavaFX Application Thread] DEBUG GameScene            - Added MainViewComponent
13:14:25.568 [JavaFX Application Thread] DEBUG FXGLAssetLoader      - Loading from disk: /assets/textures/missile.png
13:14:25.572 [JavaFX Application Thread] DEBUG GameScene            - Entity added to scene
13:14:25.573 [JavaFX Application Thread] DEBUG GameScene            - Added MainViewComponent
13:14:25.577 [JavaFX Application Thread] DEBUG FXGLAssetLoader      - Loading from cache: /assets/textures/missile.png
13:14:25.579 [JavaFX Application Thread] DEBUG GameScene            - Entity added to scene
13:14:25.579 [JavaFX Application Thread] DEBUG GameScene            - Added MainViewComponent
13:14:25.591 [JavaFX Application Thread] DEBUG FXGLAssetLoader      - Loading from cache: /assets/textures/missile.png
13:14:25.592 [JavaFX Application Thread] DEBUG GameScene            - Entity added to scene
13:14:25.593 [JavaFX Application Thread] DEBUG GameScene            - Added MainViewComponent
13:14:25.608 [JavaFX Application Thread] DEBUG FXGLAssetLoader      - Loading from cache: /assets/textures/missile.png
13:14:25.609 [JavaFX Application Thread] DEBUG GameScene            - Entity added to scene
13:14:25.609 [JavaFX Application Thread] DEBUG GameScene            - Added MainViewComponent
13:14:25.625 [JavaFX Application Thread] DEBUG FXGLAssetLoader      - Loading from cache: /assets/textures/missile.png
13:14:25.626 [JavaFX Application Thread] DEBUG GameScene            - Entity added to scene
13:14:25.626 [JavaFX Application Thread] DEBUG GameScene            - Added MainViewComponent
13:14:25.642 [JavaFX Application Thread] DEBUG FXGLAssetLoader      - Loading from cache: /assets/textures/missile.png
13:14:25.643 [JavaFX Application Thread] DEBUG GameScene            - Entity added to scene
13:14:25.643 [JavaFX Application Thread] DEBUG GameScene            - Added MainViewComponent
13:14:25.658 [JavaFX Application Thread] DEBUG FXGLAssetLoader      - Loading from cache: /assets/textures/missile.png
13:14:25.660 [JavaFX Application Thread] DEBUG GameScene            - Entity added to scene
13:14:25.660 [JavaFX Application Thread] DEBUG GameScene            - Added MainViewComponent
13:14:26.063 [JavaFX Application Thread] DEBUG FXGLAssetLoader      - Loading from cache: /assets/textures/missile.png
13:14:26.065 [JavaFX Application Thread] DEBUG GameScene            - Entity added to scene
13:14:26.065 [JavaFX Application Thread] DEBUG GameScene            - Added MainViewComponent
13:14:26.077 [JavaFX Application Thread] DEBUG FXGLAssetLoader      - Loading from cache: /assets/textures/missile.png
13:14:26.078 [JavaFX Application Thread] DEBUG GameScene            - Entity added to scene
13:14:26.079 [JavaFX Application Thread] DEBUG GameScene            - Added MainViewComponent
13:14:26.094 [JavaFX Application Thread] DEBUG FXGLAssetLoader      - Loading from cache: /assets/textures/missile.png
13:14:26.095 [JavaFX Application Thread] DEBUG GameScene            - Entity added to scene
13:14:26.095 [JavaFX Application Thread] DEBUG GameScene            - Added MainViewComponent
13:14:26.111 [JavaFX Application Thread] DEBUG FXGLAssetLoader      - Loading from cache: /assets/textures/missile.png
13:14:26.112 [JavaFX Application Thread] DEBUG GameScene            - Entity added to scene
13:14:26.112 [JavaFX Application Thread] DEBUG GameScene            - Added MainViewComponent
13:14:26.127 [JavaFX Application Thread] DEBUG FXGLAssetLoader      - Loading from cache: /assets/textures/missile.png
13:14:26.128 [JavaFX Application Thread] DEBUG GameScene            - Entity added to scene
13:14:26.129 [JavaFX Application Thread] DEBUG GameScene            - Added MainViewComponent
13:14:26.144 [JavaFX Application Thread] DEBUG FXGLAssetLoader      - Loading from cache: /assets/textures/missile.png
13:14:26.145 [JavaFX Application Thread] DEBUG GameScene            - Entity added to scene
13:14:26.145 [JavaFX Application Thread] DEBUG GameScene            - Added MainViewComponent
13:14:26.161 [JavaFX Application Thread] DEBUG FXGLAssetLoader      - Loading from cache: /assets/textures/missile.png
13:14:26.162 [JavaFX Application Thread] DEBUG GameScene            - Entity added to scene
13:14:26.162 [JavaFX Application Thread] DEBUG GameScene            - Added MainViewComponent
13:14:26.178 [JavaFX Application Thread] DEBUG FXGLAssetLoader      - Loading from cache: /assets/textures/missile.png
13:14:26.179 [JavaFX Application Thread] DEBUG GameScene            - Entity added to scene
13:14:26.179 [JavaFX Application Thread] DEBUG GameScene            - Added MainViewComponent
13:14:26.213 [JavaFX Application Thread] DEBUG FXGLAssetLoader      - Loading from cache: /assets/textures/missile.png
13:14:26.214 [JavaFX Application Thread] DEBUG GameScene            - Entity added to scene
13:14:26.215 [JavaFX Application Thread] DEBUG GameScene            - Added MainViewComponent
13:14:26.221 [JavaFX Application Thread] DEBUG FXGLAssetLoader      - Loading from cache: /assets/textures/missile.png
13:14:26.222 [JavaFX Application Thread] DEBUG GameScene            - Entity added to scene
13:14:26.222 [JavaFX Application Thread] DEBUG GameScene            - Added MainViewComponent
13:14:26.233 [JavaFX Application Thread] DEBUG FXGLAssetLoader      - Loading from cache: /assets/textures/missile.png
13:14:26.235 [JavaFX Application Thread] DEBUG GameScene            - Entity added to scene
13:14:26.235 [JavaFX Application Thread] DEBUG GameScene            - Added MainViewComponent
13:14:26.250 [JavaFX Application Thread] DEBUG FXGLAssetLoader      - Loading from cache: /assets/textures/missile.png
13:14:26.251 [JavaFX Application Thread] DEBUG GameScene            - Entity added to scene
13:14:26.251 [JavaFX Application Thread] DEBUG GameScene            - Added MainViewComponent
13:14:26.266 [JavaFX Application Thread] DEBUG FXGLAssetLoader      - Loading from cache: /assets/textures/missile.png
13:14:26.268 [JavaFX Application Thread] DEBUG GameScene            - Entity added to scene
13:14:26.268 [JavaFX Application Thread] DEBUG GameScene            - Added MainViewComponent
13:14:26.280 [JavaFX Application Thread] DEBUG FXGLAssetLoader      - Loading from cache: /assets/textures/missile.png
13:14:26.294 [JavaFX Application Thread] DEBUG FXGLAssetLoader      - Loading from cache: /assets/textures/missile.png
13:14:26.295 [JavaFX Application Thread] DEBUG GameScene            - Entity added to scene
13:14:26.296 [JavaFX Application Thread] DEBUG GameScene            - Added MainViewComponent
13:14:26.297 [JavaFX Application Thread] DEBUG GameScene            - Entity added to scene
13:14:26.297 [JavaFX Application Thread] DEBUG GameScene            - Added MainViewComponent
13:14:26.315 [JavaFX Application Thread] DEBUG FXGLAssetLoader      - Loading from cache: /assets/textures/missile.png
13:14:26.317 [JavaFX Application Thread] DEBUG GameScene            - Entity added to scene
13:14:26.317 [JavaFX Application Thread] DEBUG GameScene            - Added MainViewComponent
13:14:26.327 [JavaFX Application Thread] DEBUG FXGLAssetLoader      - Loading from cache: /assets/textures/missile.png
13:14:26.329 [JavaFX Application Thread] DEBUG GameScene            - Entity added to scene
13:14:26.329 [JavaFX Application Thread] DEBUG GameScene            - Added MainViewComponent
13:14:26.347 [JavaFX Application Thread] DEBUG FXGLAssetLoader      - Loading from cache: /assets/textures/missile.png
13:14:26.348 [JavaFX Application Thread] DEBUG GameScene            - Entity added to scene
13:14:26.348 [JavaFX Application Thread] DEBUG GameScene            - Added MainViewComponent
13:14:26.364 [JavaFX Application Thread] DEBUG FXGLAssetLoader      - Loading from cache: /assets/textures/missile.png
13:14:26.365 [JavaFX Application Thread] DEBUG GameScene            - Entity added to scene
13:14:26.365 [JavaFX Application Thread] DEBUG GameScene            - Added MainViewComponent
13:14:26.385 [JavaFX Application Thread] DEBUG FXGLAssetLoader      - Loading from cache: /assets/textures/missile.png
13:14:26.386 [JavaFX Application Thread] DEBUG GameScene            - Entity added to scene
13:14:26.386 [JavaFX Application Thread] DEBUG GameScene            - Added MainViewComponent
13:14:26.405 [JavaFX Application Thread] DEBUG FXGLAssetLoader      - Loading from cache: /assets/textures/missile.png
13:14:26.406 [JavaFX Application Thread] DEBUG GameScene            - Entity added to scene
13:14:26.406 [JavaFX Application Thread] DEBUG GameScene            - Added MainViewComponent
13:14:26.414 [JavaFX Application Thread] DEBUG FXGLAssetLoader      - Loading from cache: /assets/textures/missile.png
13:14:26.415 [JavaFX Application Thread] DEBUG GameScene            - Entity added to scene
13:14:26.415 [JavaFX Application Thread] DEBUG GameScene            - Added MainViewComponent
13:14:26.430 [JavaFX Application Thread] DEBUG FXGLAssetLoader      - Loading from cache: /assets/textures/missile.png
13:14:26.432 [JavaFX Application Thread] DEBUG GameScene            - Entity added to scene
13:14:26.432 [JavaFX Application Thread] DEBUG GameScene            - Added MainViewComponent
13:14:26.446 [JavaFX Application Thread] DEBUG FXGLAssetLoader      - Loading from cache: /assets/textures/missile.png
13:14:26.448 [JavaFX Application Thread] DEBUG GameScene            - Entity added to scene
13:14:26.448 [JavaFX Application Thread] DEBUG GameScene            - Added MainViewComponent
13:14:26.463 [JavaFX Application Thread] DEBUG FXGLAssetLoader      - Loading from cache: /assets/textures/missile.png
13:14:26.465 [JavaFX Application Thread] DEBUG GameScene            - Entity added to scene
13:14:26.465 [JavaFX Application Thread] DEBUG GameScene            - Added MainViewComponent
13:14:26.480 [JavaFX Application Thread] DEBUG FXGLAssetLoader      - Loading from cache: /assets/textures/missile.png
13:14:26.482 [JavaFX Application Thread] DEBUG GameScene            - Entity added to scene
13:14:26.482 [JavaFX Application Thread] DEBUG GameScene            - Added MainViewComponent
13:14:26.496 [JavaFX Application Thread] DEBUG FXGLAssetLoader      - Loading from cache: /assets/textures/missile.png
13:14:26.497 [JavaFX Application Thread] DEBUG GameScene            - Entity added to scene
13:14:26.497 [JavaFX Application Thread] DEBUG GameScene            - Added MainViewComponent
13:14:26.513 [JavaFX Application Thread] DEBUG FXGLAssetLoader      - Loading from cache: /assets/textures/missile.png
13:14:26.514 [JavaFX Application Thread] DEBUG GameScene            - Entity added to scene
13:14:26.514 [JavaFX Application Thread] DEBUG GameScene            - Added MainViewComponent
13:14:26.529 [JavaFX Application Thread] DEBUG FXGLAssetLoader      - Loading from cache: /assets/textures/missile.png
13:14:26.530 [JavaFX Application Thread] DEBUG GameScene            - Entity added to scene
13:14:26.531 [JavaFX Application Thread] DEBUG GameScene            - Added MainViewComponent
13:14:26.546 [JavaFX Application Thread] DEBUG FXGLAssetLoader      - Loading from cache: /assets/textures/missile.png
13:14:26.548 [JavaFX Application Thread] DEBUG GameScene            - Entity added to scene
13:14:26.548 [JavaFX Application Thread] DEBUG GameScene            - Added MainViewComponent
13:14:26.563 [JavaFX Application Thread] DEBUG FXGLAssetLoader      - Loading from cache: /assets/textures/missile.png
13:14:26.565 [JavaFX Application Thread] DEBUG GameScene            - Entity added to scene
13:14:26.565 [JavaFX Application Thread] DEBUG GameScene            - Added MainViewComponent
13:14:26.581 [JavaFX Application Thread] DEBUG FXGLAssetLoader      - Loading from cache: /assets/textures/missile.png
13:14:26.582 [JavaFX Application Thread] DEBUG GameScene            - Entity added to scene
13:14:26.583 [JavaFX Application Thread] DEBUG GameScene            - Added MainViewComponent
13:14:27.119 [JavaFX Application Thread] DEBUG FXGLAssetLoader      - Loading from cache: /assets/textures/missile.png
13:14:27.120 [JavaFX Application Thread] DEBUG GameScene            - Entity added to scene
13:14:27.120 [JavaFX Application Thread] DEBUG GameScene            - Added MainViewComponent
13:14:27.134 [JavaFX Application Thread] DEBUG FXGLAssetLoader      - Loading from cache: /assets/textures/missile.png
13:14:27.135 [JavaFX Application Thread] DEBUG GameScene            - Entity added to scene
13:14:27.135 [JavaFX Application Thread] DEBUG GameScene            - Added MainViewComponent
13:14:27.151 [JavaFX Application Thread] DEBUG FXGLAssetLoader      - Loading from cache: /assets/textures/missile.png
13:14:27.152 [JavaFX Application Thread] DEBUG GameScene            - Entity added to scene
13:14:27.152 [JavaFX Application Thread] DEBUG GameScene            - Added MainViewComponent
13:14:27.166 [JavaFX Application Thread] DEBUG FXGLAssetLoader      - Loading from cache: /assets/textures/missile.png
13:14:27.168 [JavaFX Application Thread] DEBUG GameScene            - Entity added to scene
13:14:27.168 [JavaFX Application Thread] DEBUG GameScene            - Added MainViewComponent
13:14:27.184 [JavaFX Application Thread] DEBUG FXGLAssetLoader      - Loading from cache: /assets/textures/missile.png
13:14:27.185 [JavaFX Application Thread] DEBUG GameScene            - Entity added to scene
13:14:27.185 [JavaFX Application Thread] DEBUG GameScene            - Added MainViewComponent
13:14:27.200 [JavaFX Application Thread] DEBUG FXGLAssetLoader      - Loading from cache: /assets/textures/missile.png
13:14:27.203 [JavaFX Application Thread] DEBUG GameScene            - Entity added to scene
13:14:27.203 [JavaFX Application Thread] DEBUG GameScene            - Added MainViewComponent
13:14:27.217 [JavaFX Application Thread] DEBUG FXGLAssetLoader      - Loading from cache: /assets/textures/missile.png
13:14:27.218 [JavaFX Application Thread] DEBUG GameScene            - Entity added to scene
13:14:27.218 [JavaFX Application Thread] DEBUG GameScene            - Added MainViewComponent
13:14:27.234 [JavaFX Application Thread] DEBUG FXGLAssetLoader      - Loading from cache: /assets/textures/missile.png
13:14:27.235 [JavaFX Application Thread] DEBUG GameScene            - Entity added to scene
13:14:27.236 [JavaFX Application Thread] DEBUG GameScene            - Added MainViewComponent
13:14:27.252 [JavaFX Application Thread] DEBUG FXGLAssetLoader      - Loading from cache: /assets/textures/missile.png
13:14:27.253 [JavaFX Application Thread] DEBUG GameScene            - Entity added to scene
13:14:27.253 [JavaFX Application Thread] DEBUG GameScene            - Added MainViewComponent
13:14:27.268 [JavaFX Application Thread] DEBUG FXGLAssetLoader      - Loading from cache: /assets/textures/missile.png
13:14:27.269 [JavaFX Application Thread] DEBUG GameScene            - Entity added to scene
13:14:27.269 [JavaFX Application Thread] DEBUG GameScene            - Added MainViewComponent
13:14:27.283 [JavaFX Application Thread] DEBUG FXGLAssetLoader      - Loading from cache: /assets/textures/missile.png
13:14:27.284 [JavaFX Application Thread] DEBUG GameScene            - Entity added to scene
13:14:27.285 [JavaFX Application Thread] DEBUG GameScene            - Added MainViewComponent
13:14:27.300 [JavaFX Application Thread] DEBUG FXGLAssetLoader      - Loading from cache: /assets/textures/missile.png
13:14:27.301 [JavaFX Application Thread] DEBUG GameScene            - Entity added to scene
13:14:27.301 [JavaFX Application Thread] DEBUG GameScene            - Added MainViewComponent
13:14:27.317 [JavaFX Application Thread] DEBUG FXGLAssetLoader      - Loading from cache: /assets/textures/missile.png
13:14:27.318 [JavaFX Application Thread] DEBUG GameScene            - Entity added to scene
13:14:27.318 [JavaFX Application Thread] DEBUG GameScene            - Added MainViewComponent
13:14:27.334 [JavaFX Application Thread] DEBUG FXGLAssetLoader      - Loading from cache: /assets/textures/missile.png
13:14:27.335 [JavaFX Application Thread] DEBUG GameScene            - Entity added to scene
13:14:27.335 [JavaFX Application Thread] DEBUG GameScene            - Added MainViewComponent
13:14:27.351 [JavaFX Application Thread] DEBUG FXGLAssetLoader      - Loading from cache: /assets/textures/missile.png
13:14:27.354 [JavaFX Application Thread] DEBUG FXGLAssetLoader      - Loading from cache: /assets/textures/missile.png
13:14:27.355 [JavaFX Application Thread] DEBUG GameScene            - Entity added to scene
13:14:27.355 [JavaFX Application Thread] DEBUG GameScene            - Added MainViewComponent
13:14:27.356 [JavaFX Application Thread] DEBUG GameScene            - Entity added to scene
13:14:27.356 [JavaFX Application Thread] DEBUG GameScene            - Added MainViewComponent
13:14:27.368 [JavaFX Application Thread] DEBUG FXGLAssetLoader      - Loading from cache: /assets/textures/missile.png
13:14:27.369 [JavaFX Application Thread] DEBUG GameScene            - Entity added to scene
13:14:27.369 [JavaFX Application Thread] DEBUG GameScene            - Added MainViewComponent
13:14:28.389 [JavaFX Application Thread] DEBUG FXGLAssetLoader      - Loading from cache: /assets/textures/missile.png
13:14:28.390 [JavaFX Application Thread] DEBUG GameScene            - Entity added to scene
13:14:28.391 [JavaFX Application Thread] DEBUG GameScene            - Added MainViewComponent
13:14:28.442 [JavaFX Application Thread] DEBUG FXGLAssetLoader      - Loading from cache: /assets/textures/missile.png
13:14:28.443 [JavaFX Application Thread] DEBUG GameScene            - Entity added to scene
13:14:28.443 [JavaFX Application Thread] DEBUG GameScene            - Added MainViewComponent
13:14:28.456 [JavaFX Application Thread] DEBUG FXGLAssetLoader      - Loading from cache: /assets/textures/missile.png
13:14:28.457 [JavaFX Application Thread] DEBUG GameScene            - Entity added to scene
13:14:28.457 [JavaFX Application Thread] DEBUG GameScene            - Added MainViewComponent
13:14:28.473 [JavaFX Application Thread] DEBUG FXGLAssetLoader      - Loading from cache: /assets/textures/missile.png
13:14:28.474 [JavaFX Application Thread] DEBUG GameScene            - Entity added to scene
13:14:28.475 [JavaFX Application Thread] DEBUG GameScene            - Added MainViewComponent
13:14:28.490 [JavaFX Application Thread] DEBUG FXGLAssetLoader      - Loading from cache: /assets/textures/missile.png
13:14:28.491 [JavaFX Application Thread] DEBUG GameScene            - Entity added to scene
13:14:28.491 [JavaFX Application Thread] DEBUG GameScene            - Added MainViewComponent
13:14:28.775 [JavaFX Application Thread] DEBUG GameScene            - Removing UI node: Text[text="Missile Command", x=0.0, y=0.0, alignment=LEFT, origin=BASELINE, boundsType=LOGICAL, font=Font[name=Copperplate Gothic Light, family=Copperplate Gothic Light, style=Regular, size=48.0], fontSmoothingType=GRAY, fill=0x0000ffff]
13:14:29.111 [JavaFX Application Thread] DEBUG FXGLAssetLoader      - Loading from cache: /assets/textures/missile.png
13:14:29.112 [JavaFX Application Thread] DEBUG GameScene            - Entity added to scene
13:14:29.112 [JavaFX Application Thread] DEBUG GameScene            - Added MainViewComponent
13:14:29.126 [JavaFX Application Thread] DEBUG FXGLAssetLoader      - Loading from cache: /assets/textures/missile.png
13:14:29.126 [JavaFX Application Thread] DEBUG GameScene            - Entity added to scene
13:14:29.126 [JavaFX Application Thread] DEBUG GameScene            - Added MainViewComponent
13:14:29.142 [JavaFX Application Thread] DEBUG FXGLAssetLoader      - Loading from cache: /assets/textures/missile.png
13:14:29.143 [JavaFX Application Thread] DEBUG GameScene            - Entity added to scene
13:14:29.144 [JavaFX Application Thread] DEBUG GameScene            - Added MainViewComponent
13:14:29.159 [JavaFX Application Thread] DEBUG FXGLAssetLoader      - Loading from cache: /assets/textures/missile.png
13:14:29.160 [JavaFX Application Thread] DEBUG GameScene            - Entity added to scene
13:14:29.160 [JavaFX Application Thread] DEBUG GameScene            - Added MainViewComponent
13:14:29.176 [JavaFX Application Thread] DEBUG FXGLAssetLoader      - Loading from cache: /assets/textures/missile.png
13:14:29.177 [JavaFX Application Thread] DEBUG GameScene            - Entity added to scene
13:14:29.177 [JavaFX Application Thread] DEBUG GameScene            - Added MainViewComponent
13:14:29.193 [JavaFX Application Thread] DEBUG FXGLAssetLoader      - Loading from cache: /assets/textures/missile.png
13:14:29.194 [JavaFX Application Thread] DEBUG GameScene            - Entity added to scene
13:14:29.194 [JavaFX Application Thread] DEBUG GameScene            - Added MainViewComponent
13:14:29.461 [JavaFX Application Thread] DEBUG FXGLAssetLoader      - Loading from cache: /assets/textures/missile.png
13:14:29.463 [JavaFX Application Thread] DEBUG GameScene            - Entity added to scene
13:14:29.463 [JavaFX Application Thread] DEBUG GameScene            - Added MainViewComponent
13:14:29.848 [JavaFX Application Thread] DEBUG FXGLAssetLoader      - Loading from disk: /assets/textures/explosionTwo.gif
13:14:29.871 [JavaFX Application Thread] DEBUG GameScene            - Entity added to scene
13:14:29.871 [JavaFX Application Thread] DEBUG GameScene            - Added MainViewComponent
13:14:29.872 [JavaFX Application Thread] DEBUG GameScene            - Entity removed from scene
13:14:29.874 [JavaFX Application Thread] DEBUG GameScene            - Removed MainViewComponent
13:14:30.046 [JavaFX Application Thread] DEBUG FXGLEventBus         - Firing event: DisplayEvent[type=CLOSE_REQUEST]
13:14:30.048 [JavaFX Application Thread] DEBUG FXGLEventBus         - Firing event: FXGLEvent[type=EXIT]
13:14:30.057 [JavaFX Application Thread] DEBUG FXGL                 - Saving FXGL system data
13:14:30.060 [JavaFX Application Thread] DEBUG IOTask               - Executing task: writeDataTask(system/fxgl.bundle)
13:14:30.064 [JavaFX Application Thread] DEBUG FS                   - Writing to: system\fxgl.bundle
13:14:30.072 [JavaFX Application Thread] DEBUG IOTask               - Task succeeded: writeDataTask(system/fxgl.bundle)
