09:28:19.268 [FXGL Launcher Thread     ] DEBUG FXGLLoggerFactory    - Service [LoggerFactory] initialized
09:28:19.282 [FXGL Launcher Thread     ] DEBUG FXGL                 - FXGL configuration complete
09:28:19.282 [FXGL Launcher Thread     ] DEBUG FXGL                 - Loading FXGL system data
09:28:19.292 [FXGL Launcher Thread     ] DEBUG IOTask               - Executing task: readDataTask(system/fxgl.bundle)
09:28:19.302 [FXGL Launcher Thread     ] DEBUG FS                   - Reading from: system\fxgl.bundle
09:28:19.319 [FXGL Launcher Thread     ] DEBUG IOTask               - Task succeeded: readDataTask(system/fxgl.bundle)
09:28:19.320 [FXGL Launcher Thread     ] DEBUG Bundle               - Logging bundle: FXGL
09:28:19.321 [FXGL Launcher Thread     ] DEBUG Bundle               - FXGL.offline.timer.version.check=2016-12-20T08:49:00.039
09:28:19.335 [FXGL Launcher Thread     ] DEBUG GameApplication      - Configuring GameApplication
09:28:19.346 [FXGL Launcher Thread     ] DEBUG FXGLExceptionHandler - Service [ExceptionHandler] initialized
09:28:19.347 [FXGL Launcher Thread     ] DEBUG FXGLEventBus         - Service [EventBus] initialized
09:28:19.357 [FXGL Launcher Thread     ] DEBUG FXGLExecutor         - Service [Executor] initialized
09:28:19.357 [FXGL Launcher Thread     ] DEBUG PreInitTask          - Injecting gameWorld & physicsWorld
09:28:19.375 [FXGL Launcher Thread     ] DEBUG GameWorld            - Game world initialized
09:28:19.479 [FXGL Launcher Thread     ] DEBUG FXGLPooler           - Service [Pooler] initialized with default size = 128
09:28:19.480 [FXGL Launcher Thread     ] DEBUG PhysicsWorld         - Physics world initialized: appHeight=700.0, physics.ppm=50.0
09:28:19.482 [FXGL Launcher Thread     ] DEBUG FXGLInput            - Service [Input] initialized
09:28:19.534 [FXGL Launcher Thread     ] DEBUG FXGLInput            - Registered new binding: Screenshot - P
09:28:19.535 [FXGL Launcher Thread     ] DEBUG FXGLInput            - Registered new binding: Dev Options - CTRL+0
09:28:19.536 [FXGL Launcher Thread     ] DEBUG FXGLInput            - Registered new binding: Spawn Anti-Ballistic - PRIMARY
09:28:19.612 [FXGL Launcher Thread     ] DEBUG GameScene            - Game scene initialized: 800.0x700.0
09:28:19.638 [FXGL Launcher Thread     ] DEBUG FXGLAssetLoader      - Service [AssetLoader] initialized: cacheSize=35
09:28:19.645 [FXGL Launcher Thread     ] DEBUG FXGLAssetLoader      - Loading from disk: /assets/sounds/system/notification.wav
09:28:19.734 [FXGL Launcher Thread     ] DEBUG FXGLAssetLoader      - Loading from disk: /assets/sounds/menu/select.wav
09:28:19.739 [FXGL Launcher Thread     ] DEBUG FXGLAssetLoader      - Loading from disk: /assets/sounds/menu/back.wav
09:28:19.744 [FXGL Launcher Thread     ] DEBUG FXGLAssetLoader      - Loading from disk: /assets/sounds/menu/press.wav
09:28:19.755 [FXGL Launcher Thread     ] DEBUG FXGLAssetLoader      - Loading from disk: /assets/ui/fonts/Copperplate_Gothic_Light_Regular.ttf
09:28:20.023 [FXGL Launcher Thread     ] DEBUG FXGLAssetLoader      - Loading from disk: /assets/ui/css/fxgl.css
09:28:20.024 [FXGL Launcher Thread     ] DEBUG FXGLAssetLoader      - Loading from disk: /assets/ui/icons/fxgl_icon.png
09:28:20.144 [FXGL Launcher Thread     ] DEBUG FXGLAssetLoader      - Loading from disk: /assets/ui/css/fxgl_dark.css
09:28:20.167 [FXGL Launcher Thread     ] DEBUG FXGLDisplay          - Target size: DoubleProperty [value: 800.0] x DoubleProperty [value: 700.0] @ 1.0
09:28:20.167 [FXGL Launcher Thread     ] DEBUG FXGLDisplay          - New size:    800.0 x 700.0 @ DoubleProperty [value: 1.0]
09:28:20.168 [FXGL Launcher Thread     ] DEBUG FXGLDisplay          - Service [Display] initialized
09:28:20.169 [FXGL Launcher Thread     ] DEBUG FXGLDisplay          - Using CSS: CSS(externalForm=jar:file:/C:/Users/Tyler/Downloads/FXGL-0.2.8-uber.jar!/assets/ui/css/fxgl_dark.css)
09:28:20.170 [FXGL Launcher Thread     ] DEBUG InitScenesTask       - Injecting loadingScene & gameScene
09:28:20.229 [FXGL Launcher Thread     ] DEBUG FXGLMasterTimer      - Service [MasterTimer] initialized
09:28:20.235 [FXGL Launcher Thread     ] DEBUG FXGLAudioPlayer      - Service [AudioPlayer] initialized
09:28:20.257 [FXGL Launcher Thread     ] DEBUG InitProfilerTask     - Injecting profiler
09:28:20.258 [FXGL Launcher Thread     ] DEBUG GameApplication      - Starting new game
09:28:20.262 [FXGL Launcher Thread     ] DEBUG GameApplication      - Initializing App
09:28:20.266 [FXGL Launcher Thread     ] DEBUG FXGLInput            - Clearing active input actions
09:28:20.267 [FXGL Launcher Thread     ] DEBUG FXGLMasterTimer      - Stopping master timer
09:28:20.267 [FXGL Launcher Thread     ] DEBUG GameApplication      - State: STARTUP -> PAUSED
09:28:20.268 [FXGL Launcher Thread     ] DEBUG FXGLEventBus         - Firing event: FXGLEvent[type=PAUSE]
09:28:20.272 [FXGL Launcher Thread     ] DEBUG FXGLInput            - Clearing active input actions
09:28:20.272 [FXGL Launcher Thread     ] DEBUG FXGLMasterTimer      - Resetting ticks and clearing all actions
09:28:20.272 [FXGL Launcher Thread     ] DEBUG GameWorld            - Resetting game world
09:28:20.273 [FXGL Launcher Thread     ] TRACE EntityWorld          - Resetting entity world
09:28:20.276 [FXGL Launcher Thread     ] DEBUG PhysicsWorld         - Resetting physics world
09:28:20.276 [FXGL Launcher Thread     ] DEBUG GameScene            - Resetting game scene
09:28:20.276 [FXGL Launcher Thread     ] DEBUG FXGLEventBus         - Firing event: FXGLEvent[type=RESET]
09:28:20.412 [FXGL Launcher Thread     ] DEBUG GameApplication      - State: PAUSED -> LOADING
09:28:20.494 [FXGL Background Thread 1 ] DEBUG InitAppTask          - Initializing Assets
09:28:20.497 [FXGL Background Thread 1 ] DEBUG InitAppTask          - Initializing Game
09:28:20.621 [FXGL Background Thread 1 ] DEBUG FXGLAssetLoader      - Loading from disk: /assets/ui/cursors/crosshair.png
09:28:20.703 [JavaFX Application Thread] DEBUG FXGLDisplay          - Showing stage
09:28:20.704 [JavaFX Application Thread] DEBUG FXGLDisplay          - Root size: 800.0x700.0
09:28:20.704 [JavaFX Application Thread] DEBUG FXGLDisplay          - Scene size: 800.0x700.0
09:28:20.704 [JavaFX Application Thread] DEBUG FXGLDisplay          - Stage size: 816.0x739.0
09:28:20.721 [FXGL Background Thread 1 ] DEBUG FXGLAssetLoader      - Loading from disk: /assets/textures/city.png
09:28:20.740 [FXGL Background Thread 1 ] DEBUG FXGLAssetLoader      - Loading from cache: /assets/textures/city.png
09:28:20.743 [FXGL Background Thread 1 ] DEBUG FXGLAssetLoader      - Loading from cache: /assets/textures/city.png
09:28:20.746 [FXGL Background Thread 1 ] DEBUG FXGLAssetLoader      - Loading from cache: /assets/textures/city.png
09:28:20.749 [FXGL Background Thread 1 ] DEBUG FXGLAssetLoader      - Loading from cache: /assets/textures/city.png
09:28:20.751 [FXGL Background Thread 1 ] DEBUG FXGLAssetLoader      - Loading from cache: /assets/textures/city.png
09:28:20.765 [FXGL Background Thread 1 ] DEBUG InitAppTask          - Initializing Physics
09:28:20.767 [FXGL Background Thread 1 ] DEBUG InitAppTask          - Initializing UI
09:28:20.783 [FXGL Background Thread 1 ] DEBUG GameScene            - Adding UI node: Text[text="Missile Command", x=0.0, y=0.0, alignment=LEFT, origin=BASELINE, boundsType=LOGICAL, font=Font[name=Copperplate Gothic Light, family=Copperplate Gothic Light, style=Regular, size=48.0], fontSmoothingType=GRAY, fill=0x0000ffff]
09:28:20.794 [FXGL Background Thread 1 ] DEBUG GameScene            - Adding UI node: Text[text="Cities Remaining: 6", x=0.0, y=0.0, alignment=LEFT, origin=BASELINE, boundsType=LOGICAL, font=Font[name=Copperplate Gothic Light, family=Copperplate Gothic Light, style=Regular, size=20.0], fontSmoothingType=GRAY, fill=0xffffffff]
09:28:20.795 [FXGL Background Thread 1 ] DEBUG FXGLAssetLoader      - Loading from disk: /assets/textures/bg.jpg
09:28:20.843 [FXGL Background Thread 1 ] DEBUG GameScene            - Creating render group for layer: TOP(2147483647)
09:28:20.847 [FXGL Background Thread 1 ] DEBUG InitAppTask          - Initialization Complete
09:28:20.917 [JavaFX Application Thread] DEBUG FXGLInput            - Clearing active input actions
09:28:20.918 [JavaFX Application Thread] DEBUG FXGLMasterTimer      - Starting master timer
09:28:20.919 [JavaFX Application Thread] DEBUG GameApplication      - State: LOADING -> PLAYING
09:28:20.935 [JavaFX Application Thread] DEBUG FXGLEventBus         - Firing event: FXGLEvent[type=RESUME]
09:28:20.946 [JavaFX Application Thread] DEBUG GameScene            - Entity added to scene
09:28:20.947 [JavaFX Application Thread] DEBUG GameScene            - Added MainViewComponent
09:28:20.948 [JavaFX Application Thread] DEBUG GameScene            - Creating render group for layer: BACKGROUND(1000)
09:28:20.957 [JavaFX Application Thread] DEBUG GameScene            - Entity added to scene
09:28:20.957 [JavaFX Application Thread] DEBUG GameScene            - Added MainViewComponent
09:28:20.958 [JavaFX Application Thread] DEBUG GameScene            - Entity added to scene
09:28:20.959 [JavaFX Application Thread] DEBUG GameScene            - Added MainViewComponent
09:28:20.960 [JavaFX Application Thread] DEBUG GameScene            - Entity added to scene
09:28:20.960 [JavaFX Application Thread] DEBUG GameScene            - Added MainViewComponent
09:28:20.968 [JavaFX Application Thread] DEBUG GameScene            - Entity added to scene
09:28:20.969 [JavaFX Application Thread] DEBUG GameScene            - Added MainViewComponent
09:28:20.970 [JavaFX Application Thread] DEBUG GameScene            - Entity added to scene
09:28:20.970 [JavaFX Application Thread] DEBUG GameScene            - Added MainViewComponent
09:28:20.971 [JavaFX Application Thread] DEBUG GameScene            - Entity added to scene
09:28:20.971 [JavaFX Application Thread] DEBUG GameScene            - Added MainViewComponent
09:28:20.972 [JavaFX Application Thread] DEBUG GameScene            - Entity added to scene
09:28:20.972 [JavaFX Application Thread] DEBUG GameScene            - Added MainViewComponent
09:28:20.973 [JavaFX Application Thread] DEBUG GameScene            - Entity added to scene
09:28:20.973 [JavaFX Application Thread] DEBUG GameScene            - Added MainViewComponent
09:28:20.974 [JavaFX Application Thread] DEBUG GameScene            - Entity added to scene
09:28:20.974 [JavaFX Application Thread] DEBUG GameScene            - Added MainViewComponent
09:28:22.000 [JavaFX Application Thread] DEBUG FXGLAssetLoader      - Loading from disk: /assets/textures/missile.png
09:28:22.005 [JavaFX Application Thread] DEBUG GameScene            - Entity added to scene
09:28:22.005 [JavaFX Application Thread] DEBUG GameScene            - Added MainViewComponent
09:28:22.260 [JavaFX Application Thread] DEBUG FXGLAssetLoader      - Loading from cache: /assets/textures/missile.png
09:28:22.270 [JavaFX Application Thread] DEBUG GameScene            - Entity added to scene
09:28:22.271 [JavaFX Application Thread] DEBUG GameScene            - Added MainViewComponent
09:28:22.712 [JavaFX Application Thread] DEBUG FXGLAssetLoader      - Loading from disk: /assets/textures/explosionTwo.gif
09:28:22.738 [JavaFX Application Thread] DEBUG GameScene            - Entity added to scene
09:28:22.738 [JavaFX Application Thread] DEBUG GameScene            - Added MainViewComponent
09:28:22.739 [JavaFX Application Thread] DEBUG GameScene            - Entity removed from scene
09:28:22.740 [JavaFX Application Thread] DEBUG GameScene            - Removed MainViewComponent
09:28:22.997 [JavaFX Application Thread] DEBUG GameScene            - Entity removed from scene
09:28:22.997 [JavaFX Application Thread] DEBUG GameScene            - Removed MainViewComponent
09:28:23.301 [JavaFX Application Thread] DEBUG FXGLAssetLoader      - Loading from cache: /assets/textures/missile.png
09:28:23.304 [JavaFX Application Thread] DEBUG GameScene            - Entity added to scene
09:28:23.305 [JavaFX Application Thread] DEBUG GameScene            - Added MainViewComponent
09:28:23.986 [JavaFX Application Thread] DEBUG FXGLAssetLoader      - Loading from cache: /assets/textures/missile.png
09:28:23.987 [JavaFX Application Thread] DEBUG GameScene            - Entity added to scene
09:28:23.988 [JavaFX Application Thread] DEBUG GameScene            - Added MainViewComponent
09:28:24.321 [JavaFX Application Thread] DEBUG FXGLAssetLoader      - Loading from cache: /assets/textures/missile.png
09:28:24.322 [JavaFX Application Thread] DEBUG GameScene            - Entity added to scene
09:28:24.323 [JavaFX Application Thread] DEBUG GameScene            - Added MainViewComponent
09:28:24.606 [JavaFX Application Thread] DEBUG FXGLAssetLoader      - Loading from cache: /assets/textures/explosionTwo.gif
09:28:24.621 [JavaFX Application Thread] DEBUG GameScene            - Entity added to scene
09:28:24.621 [JavaFX Application Thread] DEBUG GameScene            - Added MainViewComponent
09:28:24.622 [JavaFX Application Thread] DEBUG GameScene            - Entity removed from scene
09:28:24.623 [JavaFX Application Thread] DEBUG GameScene            - Removed MainViewComponent
09:28:24.789 [JavaFX Application Thread] DEBUG GameScene            - Removing UI node: Text[text="Missile Command", x=0.0, y=0.0, alignment=LEFT, origin=BASELINE, boundsType=LOGICAL, font=Font[name=Copperplate Gothic Light, family=Copperplate Gothic Light, style=Regular, size=48.0], fontSmoothingType=GRAY, fill=0x0000ffff]
09:28:24.805 [JavaFX Application Thread] DEBUG GameScene            - Entity removed from scene
09:28:24.805 [JavaFX Application Thread] DEBUG GameScene            - Removed MainViewComponent
09:28:24.873 [JavaFX Application Thread] DEBUG GameScene            - Entity removed from scene
09:28:24.873 [JavaFX Application Thread] DEBUG GameScene            - Removed MainViewComponent
09:28:25.341 [JavaFX Application Thread] DEBUG FXGLAssetLoader      - Loading from cache: /assets/textures/missile.png
09:28:25.343 [JavaFX Application Thread] DEBUG GameScene            - Entity added to scene
09:28:25.343 [JavaFX Application Thread] DEBUG GameScene            - Added MainViewComponent
09:28:25.629 [JavaFX Application Thread] DEBUG FXGLAssetLoader      - Loading from cache: /assets/textures/missile.png
09:28:25.630 [JavaFX Application Thread] DEBUG GameScene            - Entity added to scene
09:28:25.630 [JavaFX Application Thread] DEBUG GameScene            - Added MainViewComponent
09:28:26.047 [JavaFX Application Thread] DEBUG FXGLAssetLoader      - Loading from cache: /assets/textures/explosionTwo.gif
09:28:26.062 [JavaFX Application Thread] DEBUG GameScene            - Entity added to scene
09:28:26.062 [JavaFX Application Thread] DEBUG GameScene            - Added MainViewComponent
09:28:26.063 [JavaFX Application Thread] DEBUG GameScene            - Entity removed from scene
09:28:26.063 [JavaFX Application Thread] DEBUG GameScene            - Removed MainViewComponent
09:28:26.181 [JavaFX Application Thread] DEBUG FXGLAssetLoader      - Loading from cache: /assets/textures/explosionTwo.gif
09:28:26.196 [JavaFX Application Thread] DEBUG GameScene            - Entity added to scene
09:28:26.197 [JavaFX Application Thread] DEBUG GameScene            - Added MainViewComponent
09:28:26.198 [JavaFX Application Thread] DEBUG GameScene            - Entity removed from scene
09:28:26.198 [JavaFX Application Thread] DEBUG GameScene            - Removed MainViewComponent
09:28:26.313 [JavaFX Application Thread] DEBUG GameScene            - Entity removed from scene
09:28:26.313 [JavaFX Application Thread] DEBUG GameScene            - Removed MainViewComponent
09:28:26.364 [JavaFX Application Thread] DEBUG FXGLAssetLoader      - Loading from cache: /assets/textures/missile.png
09:28:26.366 [JavaFX Application Thread] DEBUG GameScene            - Entity added to scene
09:28:26.366 [JavaFX Application Thread] DEBUG GameScene            - Added MainViewComponent
09:28:26.447 [JavaFX Application Thread] DEBUG GameScene            - Entity removed from scene
09:28:26.447 [JavaFX Application Thread] DEBUG GameScene            - Removed MainViewComponent
09:28:27.353 [JavaFX Application Thread] DEBUG FXGLAssetLoader      - Loading from cache: /assets/textures/missile.png
09:28:27.354 [JavaFX Application Thread] DEBUG GameScene            - Entity added to scene
09:28:27.354 [JavaFX Application Thread] DEBUG GameScene            - Added MainViewComponent
09:28:27.385 [JavaFX Application Thread] DEBUG FXGLAssetLoader      - Loading from cache: /assets/textures/missile.png
09:28:27.387 [JavaFX Application Thread] DEBUG GameScene            - Entity added to scene
09:28:27.387 [JavaFX Application Thread] DEBUG GameScene            - Added MainViewComponent
09:28:27.604 [JavaFX Application Thread] DEBUG FXGLAssetLoader      - Loading from disk: /assets/textures/cityDE.png
09:28:27.607 [JavaFX Application Thread] DEBUG FXGLAssetLoader      - Loading from cache: /assets/textures/explosionTwo.gif
09:28:27.620 [JavaFX Application Thread] DEBUG GameScene            - Entity added to scene
09:28:27.620 [JavaFX Application Thread] DEBUG GameScene            - Added MainViewComponent
09:28:27.621 [JavaFX Application Thread] DEBUG GameScene            - Entity removed from scene
09:28:27.621 [JavaFX Application Thread] DEBUG GameScene            - Removed MainViewComponent
09:28:27.871 [JavaFX Application Thread] DEBUG GameScene            - Entity removed from scene
09:28:27.872 [JavaFX Application Thread] DEBUG GameScene            - Removed MainViewComponent
09:28:27.940 [JavaFX Application Thread] DEBUG FXGLAssetLoader      - Loading from cache: /assets/textures/explosionTwo.gif
09:28:27.955 [JavaFX Application Thread] DEBUG GameScene            - Entity added to scene
09:28:27.956 [JavaFX Application Thread] DEBUG GameScene            - Added MainViewComponent
09:28:27.957 [JavaFX Application Thread] DEBUG GameScene            - Entity removed from scene
09:28:27.957 [JavaFX Application Thread] DEBUG GameScene            - Removed MainViewComponent
09:28:28.207 [JavaFX Application Thread] DEBUG GameScene            - Entity removed from scene
09:28:28.208 [JavaFX Application Thread] DEBUG GameScene            - Removed MainViewComponent
09:28:28.408 [JavaFX Application Thread] DEBUG FXGLAssetLoader      - Loading from cache: /assets/textures/missile.png
09:28:28.410 [JavaFX Application Thread] DEBUG GameScene            - Entity added to scene
09:28:28.410 [JavaFX Application Thread] DEBUG GameScene            - Added MainViewComponent
09:28:28.810 [JavaFX Application Thread] DEBUG FXGLAssetLoader      - Loading from cache: /assets/textures/cityDE.png
09:28:28.812 [JavaFX Application Thread] DEBUG FXGLAssetLoader      - Loading from cache: /assets/textures/explosionTwo.gif
09:28:28.827 [JavaFX Application Thread] DEBUG GameScene            - Entity added to scene
09:28:28.828 [JavaFX Application Thread] DEBUG GameScene            - Added MainViewComponent
09:28:28.829 [JavaFX Application Thread] DEBUG GameScene            - Entity removed from scene
09:28:28.829 [JavaFX Application Thread] DEBUG GameScene            - Removed MainViewComponent
09:28:29.078 [JavaFX Application Thread] DEBUG GameScene            - Entity removed from scene
09:28:29.078 [JavaFX Application Thread] DEBUG GameScene            - Removed MainViewComponent
09:28:29.179 [JavaFX Application Thread] DEBUG FXGLAssetLoader      - Loading from cache: /assets/textures/missile.png
09:28:29.180 [JavaFX Application Thread] DEBUG GameScene            - Entity added to scene
09:28:29.180 [JavaFX Application Thread] DEBUG GameScene            - Added MainViewComponent
09:28:29.431 [JavaFX Application Thread] DEBUG FXGLAssetLoader      - Loading from cache: /assets/textures/missile.png
09:28:29.433 [JavaFX Application Thread] DEBUG GameScene            - Entity added to scene
09:28:29.433 [JavaFX Application Thread] DEBUG GameScene            - Added MainViewComponent
09:28:29.531 [JavaFX Application Thread] DEBUG FXGLAssetLoader      - Loading from cache: /assets/textures/explosionTwo.gif
09:28:29.547 [JavaFX Application Thread] DEBUG GameScene            - Entity added to scene
09:28:29.547 [JavaFX Application Thread] DEBUG GameScene            - Added MainViewComponent
09:28:29.548 [JavaFX Application Thread] DEBUG GameScene            - Entity removed from scene
09:28:29.548 [JavaFX Application Thread] DEBUG GameScene            - Removed MainViewComponent
09:28:29.798 [JavaFX Application Thread] DEBUG GameScene            - Entity removed from scene
09:28:29.798 [JavaFX Application Thread] DEBUG GameScene            - Removed MainViewComponent
09:28:30.235 [JavaFX Application Thread] DEBUG FXGLAssetLoader      - Loading from cache: /assets/textures/explosionTwo.gif
09:28:30.251 [JavaFX Application Thread] DEBUG GameScene            - Entity added to scene
09:28:30.251 [JavaFX Application Thread] DEBUG GameScene            - Added MainViewComponent
09:28:30.252 [JavaFX Application Thread] DEBUG GameScene            - Entity removed from scene
09:28:30.252 [JavaFX Application Thread] DEBUG GameScene            - Removed MainViewComponent
09:28:30.453 [JavaFX Application Thread] DEBUG FXGLAssetLoader      - Loading from cache: /assets/textures/missile.png
09:28:30.455 [JavaFX Application Thread] DEBUG GameScene            - Entity added to scene
09:28:30.455 [JavaFX Application Thread] DEBUG GameScene            - Added MainViewComponent
09:28:30.502 [JavaFX Application Thread] DEBUG GameScene            - Entity removed from scene
09:28:30.502 [JavaFX Application Thread] DEBUG GameScene            - Removed MainViewComponent
09:28:30.538 [JavaFX Application Thread] DEBUG FXGLAssetLoader      - Loading from cache: /assets/textures/missile.png
09:28:30.539 [JavaFX Application Thread] DEBUG GameScene            - Entity added to scene
09:28:30.540 [JavaFX Application Thread] DEBUG GameScene            - Added MainViewComponent
09:28:30.838 [JavaFX Application Thread] DEBUG FXGLAssetLoader      - Loading from cache: /assets/textures/explosionTwo.gif
09:28:30.854 [JavaFX Application Thread] DEBUG GameScene            - Entity added to scene
09:28:30.854 [JavaFX Application Thread] DEBUG GameScene            - Added MainViewComponent
09:28:30.855 [JavaFX Application Thread] DEBUG GameScene            - Entity removed from scene
09:28:30.855 [JavaFX Application Thread] DEBUG GameScene            - Removed MainViewComponent
09:28:30.906 [JavaFX Application Thread] DEBUG FXGLAssetLoader      - Loading from cache: /assets/textures/missile.png
09:28:30.907 [JavaFX Application Thread] DEBUG GameScene            - Entity added to scene
09:28:30.907 [JavaFX Application Thread] DEBUG GameScene            - Added MainViewComponent
09:28:31.105 [JavaFX Application Thread] DEBUG GameScene            - Entity removed from scene
09:28:31.105 [JavaFX Application Thread] DEBUG GameScene            - Removed MainViewComponent
09:28:31.241 [JavaFX Application Thread] DEBUG FXGLAssetLoader      - Loading from cache: /assets/textures/missile.png
09:28:31.242 [JavaFX Application Thread] DEBUG GameScene            - Entity added to scene
09:28:31.242 [JavaFX Application Thread] DEBUG GameScene            - Added MainViewComponent
09:28:31.475 [JavaFX Application Thread] DEBUG FXGLAssetLoader      - Loading from cache: /assets/textures/missile.png
09:28:31.476 [JavaFX Application Thread] DEBUG GameScene            - Entity added to scene
09:28:31.476 [JavaFX Application Thread] DEBUG GameScene            - Added MainViewComponent
09:28:31.576 [JavaFX Application Thread] DEBUG GameScene            - Entity added to scene
09:28:31.576 [JavaFX Application Thread] DEBUG GameScene            - Added MainViewComponent
09:28:31.593 [JavaFX Application Thread] DEBUG FXGLAssetLoader      - Loading from cache: /assets/textures/explosionTwo.gif
09:28:31.608 [JavaFX Application Thread] DEBUG GameScene            - Entity added to scene
09:28:31.608 [JavaFX Application Thread] DEBUG GameScene            - Added MainViewComponent
09:28:31.609 [JavaFX Application Thread] DEBUG GameScene            - Entity removed from scene
09:28:31.609 [JavaFX Application Thread] DEBUG GameScene            - Removed MainViewComponent
09:28:31.859 [JavaFX Application Thread] DEBUG GameScene            - Entity removed from scene
09:28:31.859 [JavaFX Application Thread] DEBUG GameScene            - Removed MainViewComponent
09:28:31.929 [JavaFX Application Thread] DEBUG GameScene            - Entity added to scene
09:28:31.929 [JavaFX Application Thread] DEBUG GameScene            - Added MainViewComponent
09:28:31.962 [JavaFX Application Thread] DEBUG FXGLAssetLoader      - Loading from cache: /assets/textures/explosionTwo.gif
09:28:31.964 [JavaFX Application Thread] DEBUG FXGLAssetLoader      - Loading from cache: /assets/textures/cityDE.png
09:28:31.966 [JavaFX Application Thread] DEBUG FXGLAssetLoader      - Loading from cache: /assets/textures/explosionTwo.gif
09:28:31.977 [JavaFX Application Thread] DEBUG GameScene            - Entity added to scene
09:28:31.978 [JavaFX Application Thread] DEBUG GameScene            - Added MainViewComponent
09:28:31.979 [JavaFX Application Thread] DEBUG GameScene            - Entity added to scene
09:28:31.979 [JavaFX Application Thread] DEBUG GameScene            - Added MainViewComponent
09:28:31.980 [JavaFX Application Thread] DEBUG GameScene            - Entity removed from scene
09:28:31.980 [JavaFX Application Thread] DEBUG GameScene            - Removed MainViewComponent
09:28:31.981 [JavaFX Application Thread] DEBUG GameScene            - Entity removed from scene
09:28:31.981 [JavaFX Application Thread] DEBUG GameScene            - Removed MainViewComponent
09:28:32.228 [JavaFX Application Thread] DEBUG GameScene            - Entity removed from scene
09:28:32.229 [JavaFX Application Thread] DEBUG GameScene            - Removed MainViewComponent
09:28:32.230 [JavaFX Application Thread] DEBUG GameScene            - Entity removed from scene
09:28:32.231 [JavaFX Application Thread] DEBUG GameScene            - Removed MainViewComponent
09:28:32.313 [JavaFX Application Thread] DEBUG FXGLAssetLoader      - Loading from cache: /assets/textures/explosionTwo.gif
09:28:32.328 [JavaFX Application Thread] DEBUG GameScene            - Entity added to scene
09:28:32.329 [JavaFX Application Thread] DEBUG GameScene            - Added MainViewComponent
09:28:32.330 [JavaFX Application Thread] DEBUG GameScene            - Entity removed from scene
09:28:32.330 [JavaFX Application Thread] DEBUG GameScene            - Removed MainViewComponent
09:28:32.513 [JavaFX Application Thread] DEBUG FXGLAssetLoader      - Loading from cache: /assets/textures/missile.png
09:28:32.515 [JavaFX Application Thread] DEBUG GameScene            - Entity added to scene
09:28:32.515 [JavaFX Application Thread] DEBUG GameScene            - Added MainViewComponent
09:28:32.532 [JavaFX Application Thread] DEBUG GameScene            - Entity added to scene
09:28:32.532 [JavaFX Application Thread] DEBUG GameScene            - Added MainViewComponent
09:28:32.580 [JavaFX Application Thread] DEBUG GameScene            - Entity removed from scene
09:28:32.580 [JavaFX Application Thread] DEBUG GameScene            - Removed MainViewComponent
09:28:32.816 [JavaFX Application Thread] DEBUG GameScene            - Entity added to scene
09:28:32.816 [JavaFX Application Thread] DEBUG GameScene            - Added MainViewComponent
09:28:33.135 [JavaFX Application Thread] DEBUG GameScene            - Entity added to scene
09:28:33.135 [JavaFX Application Thread] DEBUG GameScene            - Added MainViewComponent
09:28:33.302 [JavaFX Application Thread] DEBUG FXGLAssetLoader      - Loading from cache: /assets/textures/explosionTwo.gif
09:28:33.317 [JavaFX Application Thread] DEBUG GameScene            - Entity added to scene
09:28:33.317 [JavaFX Application Thread] DEBUG GameScene            - Added MainViewComponent
09:28:33.318 [JavaFX Application Thread] DEBUG GameScene            - Entity removed from scene
09:28:33.318 [JavaFX Application Thread] DEBUG GameScene            - Removed MainViewComponent
09:28:33.536 [JavaFX Application Thread] DEBUG FXGLAssetLoader      - Loading from cache: /assets/textures/missile.png
09:28:33.537 [JavaFX Application Thread] DEBUG GameScene            - Entity added to scene
09:28:33.538 [JavaFX Application Thread] DEBUG GameScene            - Added MainViewComponent
09:28:33.568 [JavaFX Application Thread] DEBUG GameScene            - Entity removed from scene
09:28:33.569 [JavaFX Application Thread] DEBUG GameScene            - Removed MainViewComponent
09:28:33.787 [JavaFX Application Thread] DEBUG FXGLAssetLoader      - Loading from cache: /assets/textures/explosionTwo.gif
09:28:33.803 [JavaFX Application Thread] DEBUG GameScene            - Entity added to scene
09:28:33.803 [JavaFX Application Thread] DEBUG GameScene            - Added MainViewComponent
09:28:33.804 [JavaFX Application Thread] DEBUG GameScene            - Entity removed from scene
09:28:33.804 [JavaFX Application Thread] DEBUG GameScene            - Removed MainViewComponent
09:28:34.055 [JavaFX Application Thread] DEBUG GameScene            - Entity removed from scene
09:28:34.055 [JavaFX Application Thread] DEBUG GameScene            - Removed MainViewComponent
09:28:34.558 [JavaFX Application Thread] DEBUG FXGLAssetLoader      - Loading from cache: /assets/textures/missile.png
09:28:34.559 [JavaFX Application Thread] DEBUG GameScene            - Entity added to scene
09:28:34.559 [JavaFX Application Thread] DEBUG GameScene            - Added MainViewComponent
09:28:34.626 [JavaFX Application Thread] DEBUG GameScene            - Entity added to scene
09:28:34.626 [JavaFX Application Thread] DEBUG GameScene            - Added MainViewComponent
09:28:34.792 [JavaFX Application Thread] DEBUG FXGLAssetLoader      - Loading from cache: /assets/textures/cityDE.png
09:28:34.794 [JavaFX Application Thread] DEBUG FXGLAssetLoader      - Loading from cache: /assets/textures/explosionTwo.gif
09:28:34.808 [JavaFX Application Thread] DEBUG GameScene            - Entity added to scene
09:28:34.808 [JavaFX Application Thread] DEBUG GameScene            - Added MainViewComponent
09:28:34.809 [JavaFX Application Thread] DEBUG GameScene            - Entity removed from scene
09:28:34.809 [JavaFX Application Thread] DEBUG GameScene            - Removed MainViewComponent
09:28:34.910 [JavaFX Application Thread] DEBUG GameScene            - Entity added to scene
09:28:34.910 [JavaFX Application Thread] DEBUG GameScene            - Added MainViewComponent
09:28:35.061 [JavaFX Application Thread] DEBUG GameScene            - Entity removed from scene
09:28:35.061 [JavaFX Application Thread] DEBUG GameScene            - Removed MainViewComponent
09:28:35.178 [JavaFX Application Thread] DEBUG GameScene            - Entity added to scene
09:28:35.178 [JavaFX Application Thread] DEBUG GameScene            - Added MainViewComponent
09:28:35.446 [JavaFX Application Thread] DEBUG GameScene            - Entity added to scene
09:28:35.446 [JavaFX Application Thread] DEBUG GameScene            - Added MainViewComponent
09:28:35.580 [JavaFX Application Thread] DEBUG FXGLAssetLoader      - Loading from cache: /assets/textures/missile.png
09:28:35.581 [JavaFX Application Thread] DEBUG GameScene            - Entity added to scene
09:28:35.581 [JavaFX Application Thread] DEBUG GameScene            - Added MainViewComponent
09:28:36.082 [JavaFX Application Thread] DEBUG FXGLAssetLoader      - Loading from cache: /assets/textures/explosionTwo.gif
09:28:36.098 [JavaFX Application Thread] DEBUG GameScene            - Entity added to scene
09:28:36.099 [JavaFX Application Thread] DEBUG GameScene            - Added MainViewComponent
09:28:36.099 [JavaFX Application Thread] DEBUG GameScene            - Entity removed from scene
09:28:36.099 [JavaFX Application Thread] DEBUG GameScene            - Removed MainViewComponent
09:28:36.350 [JavaFX Application Thread] DEBUG GameScene            - Entity removed from scene
09:28:36.350 [JavaFX Application Thread] DEBUG GameScene            - Removed MainViewComponent
09:28:36.602 [JavaFX Application Thread] DEBUG FXGLAssetLoader      - Loading from cache: /assets/textures/missile.png
09:28:36.603 [JavaFX Application Thread] DEBUG GameScene            - Entity added to scene
09:28:36.604 [JavaFX Application Thread] DEBUG GameScene            - Added MainViewComponent
09:28:36.787 [JavaFX Application Thread] DEBUG FXGLAssetLoader      - Loading from cache: /assets/textures/explosionTwo.gif
09:28:36.803 [JavaFX Application Thread] DEBUG GameScene            - Entity added to scene
09:28:36.803 [JavaFX Application Thread] DEBUG GameScene            - Added MainViewComponent
09:28:36.803 [JavaFX Application Thread] DEBUG GameScene            - Entity removed from scene
09:28:36.804 [JavaFX Application Thread] DEBUG GameScene            - Removed MainViewComponent
09:28:37.054 [JavaFX Application Thread] DEBUG GameScene            - Entity removed from scene
09:28:37.054 [JavaFX Application Thread] DEBUG GameScene            - Removed MainViewComponent
09:28:37.624 [JavaFX Application Thread] DEBUG FXGLAssetLoader      - Loading from cache: /assets/textures/missile.png
09:28:37.625 [JavaFX Application Thread] DEBUG GameScene            - Entity added to scene
09:28:37.625 [JavaFX Application Thread] DEBUG GameScene            - Added MainViewComponent
09:28:37.741 [JavaFX Application Thread] DEBUG FXGLAssetLoader      - Loading from cache: /assets/textures/explosionTwo.gif
09:28:37.757 [JavaFX Application Thread] DEBUG GameScene            - Entity added to scene
09:28:37.757 [JavaFX Application Thread] DEBUG GameScene            - Added MainViewComponent
09:28:37.758 [JavaFX Application Thread] DEBUG GameScene            - Entity removed from scene
09:28:37.758 [JavaFX Application Thread] DEBUG GameScene            - Removed MainViewComponent
09:28:38.009 [JavaFX Application Thread] DEBUG GameScene            - Entity removed from scene
09:28:38.009 [JavaFX Application Thread] DEBUG GameScene            - Removed MainViewComponent
09:28:38.447 [JavaFX Application Thread] DEBUG GameScene            - Entity added to scene
09:28:38.447 [JavaFX Application Thread] DEBUG GameScene            - Added MainViewComponent
09:28:38.646 [JavaFX Application Thread] DEBUG FXGLAssetLoader      - Loading from cache: /assets/textures/missile.png
09:28:38.647 [JavaFX Application Thread] DEBUG GameScene            - Entity added to scene
09:28:38.647 [JavaFX Application Thread] DEBUG GameScene            - Added MainViewComponent
09:28:38.713 [JavaFX Application Thread] DEBUG GameScene            - Entity added to scene
09:28:38.713 [JavaFX Application Thread] DEBUG GameScene            - Added MainViewComponent
09:28:39.016 [JavaFX Application Thread] DEBUG GameScene            - Entity added to scene
09:28:39.016 [JavaFX Application Thread] DEBUG GameScene            - Added MainViewComponent
09:28:39.301 [JavaFX Application Thread] DEBUG GameScene            - Entity added to scene
09:28:39.301 [JavaFX Application Thread] DEBUG GameScene            - Added MainViewComponent
09:28:39.567 [JavaFX Application Thread] DEBUG GameScene            - Entity added to scene
09:28:39.568 [JavaFX Application Thread] DEBUG GameScene            - Added MainViewComponent
09:28:39.669 [JavaFX Application Thread] DEBUG FXGLAssetLoader      - Loading from cache: /assets/textures/missile.png
09:28:39.670 [JavaFX Application Thread] DEBUG GameScene            - Entity added to scene
09:28:39.670 [JavaFX Application Thread] DEBUG GameScene            - Added MainViewComponent
09:28:40.439 [JavaFX Application Thread] DEBUG FXGLAssetLoader      - Loading from cache: /assets/textures/explosionTwo.gif
09:28:40.455 [JavaFX Application Thread] DEBUG GameScene            - Entity added to scene
09:28:40.455 [JavaFX Application Thread] DEBUG GameScene            - Added MainViewComponent
09:28:40.456 [JavaFX Application Thread] DEBUG GameScene            - Entity removed from scene
09:28:40.456 [JavaFX Application Thread] DEBUG GameScene            - Removed MainViewComponent
09:28:40.540 [JavaFX Application Thread] DEBUG FXGLAssetLoader      - Loading from cache: /assets/textures/explosionTwo.gif
09:28:40.555 [JavaFX Application Thread] DEBUG GameScene            - Entity added to scene
09:28:40.556 [JavaFX Application Thread] DEBUG GameScene            - Added MainViewComponent
09:28:40.557 [JavaFX Application Thread] DEBUG GameScene            - Entity removed from scene
09:28:40.557 [JavaFX Application Thread] DEBUG GameScene            - Removed MainViewComponent
09:28:40.691 [JavaFX Application Thread] DEBUG FXGLAssetLoader      - Loading from cache: /assets/textures/missile.png
09:28:40.692 [JavaFX Application Thread] DEBUG GameScene            - Entity added to scene
09:28:40.692 [JavaFX Application Thread] DEBUG GameScene            - Added MainViewComponent
09:28:40.707 [JavaFX Application Thread] DEBUG GameScene            - Entity removed from scene
09:28:40.707 [JavaFX Application Thread] DEBUG GameScene            - Removed MainViewComponent
09:28:40.808 [JavaFX Application Thread] DEBUG GameScene            - Entity removed from scene
09:28:40.808 [JavaFX Application Thread] DEBUG GameScene            - Removed MainViewComponent
09:28:41.009 [JavaFX Application Thread] DEBUG FXGLAssetLoader      - Loading from cache: /assets/textures/explosionTwo.gif
09:28:41.025 [JavaFX Application Thread] DEBUG GameScene            - Entity added to scene
09:28:41.025 [JavaFX Application Thread] DEBUG GameScene            - Added MainViewComponent
09:28:41.026 [JavaFX Application Thread] DEBUG GameScene            - Entity removed from scene
09:28:41.026 [JavaFX Application Thread] DEBUG GameScene            - Removed MainViewComponent
09:28:41.061 [JavaFX Application Thread] DEBUG GameScene            - Entity added to scene
09:28:41.061 [JavaFX Application Thread] DEBUG GameScene            - Added MainViewComponent
09:28:41.260 [JavaFX Application Thread] DEBUG GameScene            - Entity removed from scene
09:28:41.260 [JavaFX Application Thread] DEBUG GameScene            - Removed MainViewComponent
09:28:41.362 [JavaFX Application Thread] DEBUG GameScene            - Entity added to scene
09:28:41.362 [JavaFX Application Thread] DEBUG GameScene            - Added MainViewComponent
09:28:41.713 [JavaFX Application Thread] DEBUG FXGLAssetLoader      - Loading from cache: /assets/textures/missile.png
09:28:41.713 [JavaFX Application Thread] DEBUG GameScene            - Entity added to scene
09:28:41.714 [JavaFX Application Thread] DEBUG GameScene            - Added MainViewComponent
09:28:42.048 [JavaFX Application Thread] DEBUG FXGLAssetLoader      - Loading from cache: /assets/textures/explosionTwo.gif
09:28:42.064 [JavaFX Application Thread] DEBUG GameScene            - Entity added to scene
09:28:42.064 [JavaFX Application Thread] DEBUG GameScene            - Added MainViewComponent
09:28:42.065 [JavaFX Application Thread] DEBUG GameScene            - Entity removed from scene
09:28:42.066 [JavaFX Application Thread] DEBUG GameScene            - Removed MainViewComponent
09:28:42.315 [JavaFX Application Thread] DEBUG GameScene            - Entity removed from scene
09:28:42.316 [JavaFX Application Thread] DEBUG GameScene            - Removed MainViewComponent
09:28:42.735 [JavaFX Application Thread] DEBUG FXGLAssetLoader      - Loading from cache: /assets/textures/missile.png
09:28:42.736 [JavaFX Application Thread] DEBUG GameScene            - Entity added to scene
09:28:42.736 [JavaFX Application Thread] DEBUG GameScene            - Added MainViewComponent
09:28:43.573 [JavaFX Application Thread] DEBUG FXGLAssetLoader      - Loading from cache: /assets/textures/explosionTwo.gif
09:28:43.588 [JavaFX Application Thread] DEBUG GameScene            - Entity added to scene
09:28:43.588 [JavaFX Application Thread] DEBUG GameScene            - Added MainViewComponent
09:28:43.589 [JavaFX Application Thread] DEBUG GameScene            - Entity removed from scene
09:28:43.590 [JavaFX Application Thread] DEBUG GameScene            - Removed MainViewComponent
09:28:43.757 [JavaFX Application Thread] DEBUG FXGLAssetLoader      - Loading from cache: /assets/textures/missile.png
09:28:43.758 [JavaFX Application Thread] DEBUG GameScene            - Entity added to scene
09:28:43.758 [JavaFX Application Thread] DEBUG GameScene            - Added MainViewComponent
09:28:43.824 [JavaFX Application Thread] DEBUG GameScene            - Entity removed from scene
09:28:43.825 [JavaFX Application Thread] DEBUG GameScene            - Removed MainViewComponent
09:28:43.842 [JavaFX Application Thread] DEBUG FXGLAssetLoader      - Loading from cache: /assets/textures/explosionTwo.gif
09:28:43.858 [JavaFX Application Thread] DEBUG GameScene            - Entity added to scene
09:28:43.858 [JavaFX Application Thread] DEBUG GameScene            - Added MainViewComponent
09:28:43.859 [JavaFX Application Thread] DEBUG GameScene            - Entity removed from scene
09:28:43.859 [JavaFX Application Thread] DEBUG GameScene            - Removed MainViewComponent
09:28:44.109 [JavaFX Application Thread] DEBUG GameScene            - Entity removed from scene
09:28:44.109 [JavaFX Application Thread] DEBUG GameScene            - Removed MainViewComponent
09:28:44.294 [JavaFX Application Thread] DEBUG FXGLEventBus         - Firing event: DisplayEvent[type=CLOSE_REQUEST]
09:28:44.296 [JavaFX Application Thread] DEBUG FXGLEventBus         - Firing event: FXGLEvent[type=EXIT]
09:28:44.304 [JavaFX Application Thread] DEBUG FXGL                 - Saving FXGL system data
09:28:44.308 [JavaFX Application Thread] DEBUG IOTask               - Executing task: writeDataTask(system/fxgl.bundle)
09:28:44.313 [JavaFX Application Thread] DEBUG FS                   - Writing to: system\fxgl.bundle
09:28:44.321 [JavaFX Application Thread] DEBUG IOTask               - Task succeeded: writeDataTask(system/fxgl.bundle)
