18:24:57.490 [FXGL Launcher Thread     ] DEBUG FXGLLoggerFactory    - Service [LoggerFactory] initialized
18:24:57.504 [FXGL Launcher Thread     ] DEBUG FXGL                 - FXGL configuration complete
18:24:57.504 [FXGL Launcher Thread     ] DEBUG FXGL                 - Loading FXGL system data
18:24:57.516 [FXGL Launcher Thread     ] DEBUG IOTask               - Executing task: readDataTask(system/fxgl.bundle)
18:24:57.527 [FXGL Launcher Thread     ] DEBUG FS                   - Reading from: system\fxgl.bundle
18:24:57.543 [FXGL Launcher Thread     ] DEBUG IOTask               - Task succeeded: readDataTask(system/fxgl.bundle)
18:24:57.543 [FXGL Launcher Thread     ] DEBUG Bundle               - Logging bundle: FXGL
18:24:57.556 [FXGL Launcher Thread     ] DEBUG Bundle               - FXGL.offline.timer.version.check=2016-12-04T23:31:25.587
18:24:57.571 [FXGL Launcher Thread     ] DEBUG GameApplication      - Configuring GameApplication
18:24:57.583 [FXGL Launcher Thread     ] DEBUG FXGLExceptionHandler - Service [ExceptionHandler] initialized
18:24:57.584 [FXGL Launcher Thread     ] DEBUG FXGLEventBus         - Service [EventBus] initialized
18:24:57.595 [FXGL Launcher Thread     ] DEBUG FXGLExecutor         - Service [Executor] initialized
18:24:57.595 [FXGL Launcher Thread     ] DEBUG PreInitTask          - Injecting gameWorld & physicsWorld
18:24:57.615 [FXGL Launcher Thread     ] DEBUG GameWorld            - Game world initialized
18:24:57.730 [FXGL Launcher Thread     ] DEBUG FXGLPooler           - Service [Pooler] initialized with default size = 128
18:24:57.731 [FXGL Launcher Thread     ] DEBUG PhysicsWorld         - Physics world initialized: appHeight=600.0, physics.ppm=50.0
18:24:57.734 [FXGL Launcher Thread     ] DEBUG FXGLInput            - Service [Input] initialized
18:24:57.788 [FXGL Launcher Thread     ] DEBUG FXGLInput            - Registered new binding: Screenshot - P
18:24:57.789 [FXGL Launcher Thread     ] DEBUG FXGLInput            - Registered new binding: Dev Options - CTRL+0
18:24:57.791 [FXGL Launcher Thread     ] DEBUG FXGLInput            - Registered new binding: Spawn Anti-Ballastic - PRIMARY
18:24:57.791 [FXGL Launcher Thread     ] DEBUG FXGLInput            - Registered new binding: Spawn Box - SECONDARY
18:24:57.879 [FXGL Launcher Thread     ] DEBUG GameScene            - Game scene initialized: 600.0x600.0
18:24:57.899 [FXGL Launcher Thread     ] DEBUG FXGLAssetLoader      - Service [AssetLoader] initialized: cacheSize=35
18:24:57.906 [FXGL Launcher Thread     ] DEBUG FXGLAssetLoader      - Loading from disk: /assets/sounds/system/notification.wav
18:24:58.001 [FXGL Launcher Thread     ] DEBUG FXGLAssetLoader      - Loading from disk: /assets/sounds/menu/select.wav
18:24:58.005 [FXGL Launcher Thread     ] DEBUG FXGLAssetLoader      - Loading from disk: /assets/sounds/menu/back.wav
18:24:58.011 [FXGL Launcher Thread     ] DEBUG FXGLAssetLoader      - Loading from disk: /assets/sounds/menu/press.wav
18:24:58.018 [FXGL Launcher Thread     ] DEBUG FXGLAssetLoader      - Loading from disk: /assets/ui/fonts/Copperplate_Gothic_Light_Regular.ttf
18:24:58.272 [FXGL Launcher Thread     ] DEBUG FXGLAssetLoader      - Loading from disk: /assets/ui/css/fxgl.css
18:24:58.272 [FXGL Launcher Thread     ] DEBUG FXGLAssetLoader      - Loading from disk: /assets/ui/icons/fxgl_icon.png
18:24:58.395 [FXGL Launcher Thread     ] DEBUG FXGLAssetLoader      - Loading from disk: /assets/ui/css/fxgl_dark.css
18:24:58.419 [FXGL Launcher Thread     ] DEBUG FXGLDisplay          - Target size: DoubleProperty [value: 600.0] x DoubleProperty [value: 600.0] @ 1.0
18:24:58.419 [FXGL Launcher Thread     ] DEBUG FXGLDisplay          - New size:    600.0 x 600.0 @ DoubleProperty [value: 1.0]
18:24:58.420 [FXGL Launcher Thread     ] DEBUG FXGLDisplay          - Service [Display] initialized
18:24:58.421 [FXGL Launcher Thread     ] DEBUG FXGLDisplay          - Using CSS: CSS(externalForm=jar:file:/C:/Users/Tyler/Downloads/FXGL-0.2.8-uber.jar!/assets/ui/css/fxgl_dark.css)
18:24:58.422 [FXGL Launcher Thread     ] DEBUG InitScenesTask       - Injecting loadingScene & gameScene
18:24:58.478 [FXGL Launcher Thread     ] DEBUG FXGLMasterTimer      - Service [MasterTimer] initialized
18:24:58.486 [FXGL Launcher Thread     ] DEBUG FXGLAudioPlayer      - Service [AudioPlayer] initialized
18:24:58.506 [FXGL Launcher Thread     ] DEBUG GameApplication      - Starting new game
18:24:58.513 [FXGL Launcher Thread     ] DEBUG GameApplication      - Initializing App
18:24:58.516 [FXGL Launcher Thread     ] DEBUG FXGLInput            - Clearing active input actions
18:24:58.517 [FXGL Launcher Thread     ] DEBUG FXGLMasterTimer      - Stopping master timer
18:24:58.517 [FXGL Launcher Thread     ] DEBUG GameApplication      - State: STARTUP -> PAUSED
18:24:58.518 [FXGL Launcher Thread     ] DEBUG FXGLEventBus         - Firing event: FXGLEvent[type=PAUSE]
18:24:58.522 [FXGL Launcher Thread     ] DEBUG FXGLInput            - Clearing active input actions
18:24:58.523 [FXGL Launcher Thread     ] DEBUG FXGLMasterTimer      - Resetting ticks and clearing all actions
18:24:58.523 [FXGL Launcher Thread     ] DEBUG GameWorld            - Resetting game world
18:24:58.523 [FXGL Launcher Thread     ] TRACE EntityWorld          - Resetting entity world
18:24:58.527 [FXGL Launcher Thread     ] DEBUG PhysicsWorld         - Resetting physics world
18:24:58.527 [FXGL Launcher Thread     ] DEBUG GameScene            - Resetting game scene
18:24:58.527 [FXGL Launcher Thread     ] DEBUG FXGLEventBus         - Firing event: FXGLEvent[type=RESET]
18:24:58.665 [FXGL Launcher Thread     ] DEBUG GameApplication      - State: PAUSED -> LOADING
18:24:58.749 [FXGL Background Thread 1 ] DEBUG InitAppTask          - Initializing Assets
18:24:58.751 [FXGL Background Thread 1 ] DEBUG InitAppTask          - Initializing Game
18:24:58.911 [JavaFX Application Thread] DEBUG FXGLDisplay          - Showing stage
18:24:58.911 [JavaFX Application Thread] DEBUG FXGLDisplay          - Root size: 600.0x600.0
18:24:58.912 [JavaFX Application Thread] DEBUG FXGLDisplay          - Scene size: 600.0x600.0
18:24:58.912 [JavaFX Application Thread] DEBUG FXGLDisplay          - Stage size: 616.0x639.0
18:24:58.924 [FXGL Background Thread 1 ] DEBUG FXGLAssetLoader      - Loading from disk: /assets/ui/cursors/crosshair.png
18:24:59.023 [FXGL Background Thread 1 ] DEBUG FXGLAssetLoader      - Loading from disk: /assets/textures/city.png
18:24:59.042 [FXGL Background Thread 1 ] DEBUG FXGLAssetLoader      - Loading from cache: /assets/textures/city.png
18:24:59.045 [FXGL Background Thread 1 ] DEBUG FXGLAssetLoader      - Loading from cache: /assets/textures/city.png
18:24:59.051 [FXGL Background Thread 1 ] DEBUG FXGLAssetLoader      - Loading from cache: /assets/textures/city.png
18:24:59.054 [FXGL Background Thread 1 ] DEBUG FXGLAssetLoader      - Loading from cache: /assets/textures/city.png
18:24:59.057 [FXGL Background Thread 1 ] DEBUG FXGLAssetLoader      - Loading from cache: /assets/textures/city.png
18:24:59.062 [FXGL Background Thread 1 ] DEBUG InitAppTask          - Initializing Physics
18:24:59.064 [FXGL Background Thread 1 ] DEBUG InitAppTask          - Initializing UI
18:24:59.078 [FXGL Background Thread 1 ] DEBUG GameScene            - Adding UI node: Text[text="Missile Command", x=0.0, y=0.0, alignment=LEFT, origin=BASELINE, boundsType=LOGICAL, font=Font[name=Copperplate Gothic Light, family=Copperplate Gothic Light, style=Regular, size=48.0], fontSmoothingType=GRAY, fill=0x0000ffff]
18:24:59.085 [FXGL Background Thread 1 ] DEBUG InitAppTask          - Initialization Complete
18:24:59.147 [JavaFX Application Thread] DEBUG FXGLInput            - Clearing active input actions
18:24:59.148 [JavaFX Application Thread] DEBUG FXGLMasterTimer      - Starting master timer
18:24:59.148 [JavaFX Application Thread] DEBUG GameApplication      - State: LOADING -> PLAYING
18:24:59.163 [JavaFX Application Thread] DEBUG FXGLEventBus         - Firing event: FXGLEvent[type=RESUME]
18:24:59.174 [JavaFX Application Thread] DEBUG GameScene            - Entity added to scene
18:24:59.176 [JavaFX Application Thread] DEBUG GameScene            - Added MainViewComponent
18:24:59.183 [JavaFX Application Thread] DEBUG GameScene            - Creating render group for layer: BACKGROUND(1000)
18:24:59.194 [JavaFX Application Thread] DEBUG GameScene            - Entity added to scene
18:24:59.195 [JavaFX Application Thread] DEBUG GameScene            - Added MainViewComponent
18:24:59.195 [JavaFX Application Thread] DEBUG GameScene            - Creating render group for layer: TOP(2147483647)
18:24:59.198 [JavaFX Application Thread] DEBUG GameScene            - Entity added to scene
18:24:59.199 [JavaFX Application Thread] DEBUG GameScene            - Added MainViewComponent
18:24:59.200 [JavaFX Application Thread] DEBUG GameScene            - Entity added to scene
18:24:59.200 [JavaFX Application Thread] DEBUG GameScene            - Added MainViewComponent
18:24:59.201 [JavaFX Application Thread] DEBUG GameScene            - Entity added to scene
18:24:59.201 [JavaFX Application Thread] DEBUG GameScene            - Added MainViewComponent
18:24:59.202 [JavaFX Application Thread] DEBUG GameScene            - Entity added to scene
18:24:59.202 [JavaFX Application Thread] DEBUG GameScene            - Added MainViewComponent
18:24:59.202 [JavaFX Application Thread] DEBUG GameScene            - Entity added to scene
18:24:59.202 [JavaFX Application Thread] DEBUG GameScene            - Added MainViewComponent
18:24:59.620 [JavaFX Application Thread] DEBUG FXGLAssetLoader      - Loading from disk: /assets/textures/missile.png
18:24:59.624 [JavaFX Application Thread] DEBUG GameScene            - Entity added to scene
18:24:59.625 [JavaFX Application Thread] DEBUG GameScene            - Added MainViewComponent
18:24:59.888 [JavaFX Application Thread] DEBUG FXGLAssetLoader      - Loading from cache: /assets/textures/missile.png
18:24:59.889 [JavaFX Application Thread] DEBUG GameScene            - Entity added to scene
18:24:59.890 [JavaFX Application Thread] DEBUG GameScene            - Added MainViewComponent
18:25:00.156 [JavaFX Application Thread] DEBUG FXGLAssetLoader      - Loading from cache: /assets/textures/missile.png
18:25:00.158 [JavaFX Application Thread] DEBUG GameScene            - Entity added to scene
18:25:00.158 [JavaFX Application Thread] DEBUG GameScene            - Added MainViewComponent
18:25:00.424 [JavaFX Application Thread] DEBUG FXGLAssetLoader      - Loading from cache: /assets/textures/missile.png
18:25:00.425 [JavaFX Application Thread] DEBUG GameScene            - Entity added to scene
18:25:00.426 [JavaFX Application Thread] DEBUG GameScene            - Added MainViewComponent
18:25:00.692 [JavaFX Application Thread] DEBUG FXGLAssetLoader      - Loading from cache: /assets/textures/missile.png
18:25:00.693 [JavaFX Application Thread] DEBUG GameScene            - Entity added to scene
18:25:00.693 [JavaFX Application Thread] DEBUG GameScene            - Added MainViewComponent
18:25:00.960 [JavaFX Application Thread] DEBUG FXGLAssetLoader      - Loading from cache: /assets/textures/missile.png
18:25:00.962 [JavaFX Application Thread] DEBUG GameScene            - Entity added to scene
18:25:00.962 [JavaFX Application Thread] DEBUG GameScene            - Added MainViewComponent
18:25:01.229 [JavaFX Application Thread] DEBUG FXGLAssetLoader      - Loading from cache: /assets/textures/missile.png
18:25:01.231 [JavaFX Application Thread] DEBUG GameScene            - Entity added to scene
18:25:01.231 [JavaFX Application Thread] DEBUG GameScene            - Added MainViewComponent
18:25:01.499 [JavaFX Application Thread] DEBUG FXGLAssetLoader      - Loading from cache: /assets/textures/missile.png
18:25:01.502 [JavaFX Application Thread] DEBUG GameScene            - Entity added to scene
18:25:01.502 [JavaFX Application Thread] DEBUG GameScene            - Added MainViewComponent
18:25:01.764 [JavaFX Application Thread] DEBUG FXGLAssetLoader      - Loading from cache: /assets/textures/missile.png
18:25:01.766 [JavaFX Application Thread] DEBUG GameScene            - Entity added to scene
18:25:01.766 [JavaFX Application Thread] DEBUG GameScene            - Added MainViewComponent
18:25:02.032 [JavaFX Application Thread] DEBUG FXGLAssetLoader      - Loading from cache: /assets/textures/missile.png
18:25:02.033 [JavaFX Application Thread] DEBUG GameScene            - Entity added to scene
18:25:02.033 [JavaFX Application Thread] DEBUG GameScene            - Added MainViewComponent
18:25:02.300 [JavaFX Application Thread] DEBUG FXGLAssetLoader      - Loading from cache: /assets/textures/missile.png
18:25:02.302 [JavaFX Application Thread] DEBUG GameScene            - Entity added to scene
18:25:02.302 [JavaFX Application Thread] DEBUG GameScene            - Added MainViewComponent
18:25:02.569 [JavaFX Application Thread] DEBUG FXGLAssetLoader      - Loading from cache: /assets/textures/missile.png
18:25:02.570 [JavaFX Application Thread] DEBUG GameScene            - Entity added to scene
18:25:02.570 [JavaFX Application Thread] DEBUG GameScene            - Added MainViewComponent
18:25:02.838 [JavaFX Application Thread] DEBUG FXGLAssetLoader      - Loading from cache: /assets/textures/missile.png
18:25:02.839 [JavaFX Application Thread] DEBUG GameScene            - Entity added to scene
18:25:02.839 [JavaFX Application Thread] DEBUG GameScene            - Added MainViewComponent
18:25:02.888 [JavaFX Application Thread] DEBUG GameScene            - Entity added to scene
18:25:02.888 [JavaFX Application Thread] DEBUG GameScene            - Added MainViewComponent
18:25:03.088 [JavaFX Application Thread] DEBUG GameScene            - Removing UI node: Text[text="Missile Command", x=0.0, y=0.0, alignment=LEFT, origin=BASELINE, boundsType=LOGICAL, font=Font[name=Copperplate Gothic Light, family=Copperplate Gothic Light, style=Regular, size=48.0], fontSmoothingType=GRAY, fill=0x0000ffff]
18:25:03.122 [JavaFX Application Thread] DEBUG FXGLAssetLoader      - Loading from cache: /assets/textures/missile.png
18:25:03.123 [JavaFX Application Thread] DEBUG GameScene            - Entity added to scene
18:25:03.123 [JavaFX Application Thread] DEBUG GameScene            - Added MainViewComponent
18:25:03.390 [JavaFX Application Thread] DEBUG FXGLAssetLoader      - Loading from cache: /assets/textures/missile.png
18:25:03.391 [JavaFX Application Thread] DEBUG GameScene            - Entity added to scene
18:25:03.391 [JavaFX Application Thread] DEBUG GameScene            - Added MainViewComponent
18:25:03.658 [JavaFX Application Thread] DEBUG FXGLAssetLoader      - Loading from cache: /assets/textures/missile.png
18:25:03.659 [JavaFX Application Thread] DEBUG GameScene            - Entity added to scene
18:25:03.660 [JavaFX Application Thread] DEBUG GameScene            - Added MainViewComponent
18:25:03.848 [JavaFX Application Thread] DEBUG GameScene            - Entity added to scene
18:25:03.848 [JavaFX Application Thread] DEBUG GameScene            - Added MainViewComponent
18:25:03.869 [JavaFX Application Thread] DEBUG GameScene            - Entity added to scene
18:25:03.869 [JavaFX Application Thread] DEBUG GameScene            - Added MainViewComponent
18:25:03.877 [JavaFX Application Thread] DEBUG GameScene            - Entity added to scene
18:25:03.877 [JavaFX Application Thread] DEBUG GameScene            - Added MainViewComponent
18:25:03.893 [JavaFX Application Thread] DEBUG GameScene            - Entity added to scene
18:25:03.894 [JavaFX Application Thread] DEBUG GameScene            - Added MainViewComponent
18:25:03.909 [JavaFX Application Thread] DEBUG GameScene            - Entity added to scene
18:25:03.910 [JavaFX Application Thread] DEBUG GameScene            - Added MainViewComponent
18:25:03.926 [JavaFX Application Thread] DEBUG FXGLAssetLoader      - Loading from cache: /assets/textures/missile.png
18:25:03.928 [JavaFX Application Thread] DEBUG GameScene            - Entity added to scene
18:25:03.929 [JavaFX Application Thread] DEBUG GameScene            - Added MainViewComponent
18:25:03.929 [JavaFX Application Thread] DEBUG GameScene            - Entity added to scene
18:25:03.930 [JavaFX Application Thread] DEBUG GameScene            - Added MainViewComponent
18:25:04.110 [JavaFX Application Thread] DEBUG GameScene            - Entity removed from scene
18:25:04.111 [JavaFX Application Thread] DEBUG GameScene            - Removed MainViewComponent
18:25:04.127 [JavaFX Application Thread] DEBUG GameScene            - Entity removed from scene
18:25:04.127 [JavaFX Application Thread] DEBUG GameScene            - Removed MainViewComponent
18:25:04.128 [JavaFX Application Thread] DEBUG GameScene            - Entity removed from scene
18:25:04.129 [JavaFX Application Thread] DEBUG GameScene            - Removed MainViewComponent
18:25:04.159 [JavaFX Application Thread] DEBUG GameScene            - Entity removed from scene
18:25:04.160 [JavaFX Application Thread] DEBUG GameScene            - Removed MainViewComponent
18:25:04.178 [JavaFX Application Thread] DEBUG GameScene            - Entity removed from scene
18:25:04.178 [JavaFX Application Thread] DEBUG GameScene            - Removed MainViewComponent
18:25:04.195 [JavaFX Application Thread] DEBUG FXGLAssetLoader      - Loading from cache: /assets/textures/missile.png
18:25:04.196 [JavaFX Application Thread] DEBUG GameScene            - Entity added to scene
18:25:04.196 [JavaFX Application Thread] DEBUG GameScene            - Added MainViewComponent
18:25:04.197 [JavaFX Application Thread] DEBUG GameScene            - Entity removed from scene
18:25:04.197 [JavaFX Application Thread] DEBUG GameScene            - Removed MainViewComponent
18:25:04.463 [JavaFX Application Thread] DEBUG FXGLAssetLoader      - Loading from cache: /assets/textures/missile.png
18:25:04.465 [JavaFX Application Thread] DEBUG GameScene            - Entity added to scene
18:25:04.465 [JavaFX Application Thread] DEBUG GameScene            - Added MainViewComponent
18:25:04.731 [JavaFX Application Thread] DEBUG FXGLAssetLoader      - Loading from cache: /assets/textures/missile.png
18:25:04.733 [JavaFX Application Thread] DEBUG GameScene            - Entity added to scene
18:25:04.733 [JavaFX Application Thread] DEBUG GameScene            - Added MainViewComponent
18:25:04.998 [JavaFX Application Thread] DEBUG FXGLAssetLoader      - Loading from cache: /assets/textures/missile.png
18:25:04.999 [JavaFX Application Thread] DEBUG GameScene            - Entity added to scene
18:25:04.999 [JavaFX Application Thread] DEBUG GameScene            - Added MainViewComponent
18:25:05.266 [JavaFX Application Thread] DEBUG FXGLAssetLoader      - Loading from cache: /assets/textures/missile.png
18:25:05.268 [JavaFX Application Thread] DEBUG GameScene            - Entity added to scene
18:25:05.268 [JavaFX Application Thread] DEBUG GameScene            - Added MainViewComponent
18:25:05.535 [JavaFX Application Thread] DEBUG FXGLAssetLoader      - Loading from cache: /assets/textures/missile.png
18:25:05.535 [JavaFX Application Thread] DEBUG GameScene            - Entity added to scene
18:25:05.536 [JavaFX Application Thread] DEBUG GameScene            - Added MainViewComponent
18:25:05.802 [JavaFX Application Thread] DEBUG FXGLAssetLoader      - Loading from cache: /assets/textures/missile.png
18:25:05.803 [JavaFX Application Thread] DEBUG GameScene            - Entity added to scene
18:25:05.804 [JavaFX Application Thread] DEBUG GameScene            - Added MainViewComponent
18:25:06.071 [JavaFX Application Thread] DEBUG FXGLAssetLoader      - Loading from cache: /assets/textures/missile.png
18:25:06.072 [JavaFX Application Thread] DEBUG GameScene            - Entity added to scene
18:25:06.072 [JavaFX Application Thread] DEBUG GameScene            - Added MainViewComponent
18:25:06.338 [JavaFX Application Thread] DEBUG FXGLAssetLoader      - Loading from cache: /assets/textures/missile.png
18:25:06.339 [JavaFX Application Thread] DEBUG GameScene            - Entity added to scene
18:25:06.339 [JavaFX Application Thread] DEBUG GameScene            - Added MainViewComponent
18:25:06.606 [JavaFX Application Thread] DEBUG FXGLAssetLoader      - Loading from cache: /assets/textures/missile.png
18:25:06.607 [JavaFX Application Thread] DEBUG GameScene            - Entity added to scene
18:25:06.607 [JavaFX Application Thread] DEBUG GameScene            - Added MainViewComponent
18:25:06.877 [JavaFX Application Thread] DEBUG FXGLAssetLoader      - Loading from cache: /assets/textures/missile.png
18:25:06.879 [JavaFX Application Thread] DEBUG GameScene            - Entity added to scene
18:25:06.879 [JavaFX Application Thread] DEBUG GameScene            - Added MainViewComponent
18:25:06.880 [JavaFX Application Thread] DEBUG GameScene            - Entity added to scene
18:25:06.880 [JavaFX Application Thread] DEBUG GameScene            - Added MainViewComponent
18:25:07.143 [JavaFX Application Thread] DEBUG FXGLAssetLoader      - Loading from cache: /assets/textures/missile.png
18:25:07.144 [JavaFX Application Thread] DEBUG GameScene            - Entity added to scene
18:25:07.144 [JavaFX Application Thread] DEBUG GameScene            - Added MainViewComponent
18:25:07.163 [JavaFX Application Thread] DEBUG GameScene            - Entity added to scene
18:25:07.163 [JavaFX Application Thread] DEBUG GameScene            - Added MainViewComponent
18:25:07.363 [JavaFX Application Thread] DEBUG GameScene            - Entity added to scene
18:25:07.364 [JavaFX Application Thread] DEBUG GameScene            - Added MainViewComponent
18:25:07.411 [JavaFX Application Thread] DEBUG FXGLAssetLoader      - Loading from cache: /assets/textures/missile.png
18:25:07.424 [JavaFX Application Thread] DEBUG GameScene            - Entity added to scene
18:25:07.424 [JavaFX Application Thread] DEBUG GameScene            - Added MainViewComponent
18:25:07.514 [JavaFX Application Thread] DEBUG GameScene            - Entity added to scene
18:25:07.514 [JavaFX Application Thread] DEBUG GameScene            - Added MainViewComponent
18:25:07.679 [JavaFX Application Thread] DEBUG FXGLAssetLoader      - Loading from cache: /assets/textures/missile.png
18:25:07.680 [JavaFX Application Thread] DEBUG GameScene            - Entity added to scene
18:25:07.680 [JavaFX Application Thread] DEBUG GameScene            - Added MainViewComponent
18:25:07.849 [JavaFX Application Thread] DEBUG GameScene            - Entity added to scene
18:25:07.849 [JavaFX Application Thread] DEBUG GameScene            - Added MainViewComponent
18:25:07.947 [JavaFX Application Thread] DEBUG FXGLAssetLoader      - Loading from cache: /assets/textures/missile.png
18:25:07.949 [JavaFX Application Thread] DEBUG GameScene            - Entity added to scene
18:25:07.949 [JavaFX Application Thread] DEBUG GameScene            - Added MainViewComponent
18:25:08.151 [JavaFX Application Thread] DEBUG GameScene            - Entity added to scene
18:25:08.151 [JavaFX Application Thread] DEBUG GameScene            - Added MainViewComponent
18:25:08.215 [JavaFX Application Thread] DEBUG FXGLAssetLoader      - Loading from cache: /assets/textures/missile.png
18:25:08.216 [JavaFX Application Thread] DEBUG GameScene            - Entity added to scene
18:25:08.216 [JavaFX Application Thread] DEBUG GameScene            - Added MainViewComponent
18:25:08.369 [JavaFX Application Thread] DEBUG GameScene            - Entity added to scene
18:25:08.369 [JavaFX Application Thread] DEBUG GameScene            - Added MainViewComponent
18:25:08.485 [JavaFX Application Thread] DEBUG FXGLAssetLoader      - Loading from cache: /assets/textures/missile.png
18:25:08.486 [JavaFX Application Thread] DEBUG GameScene            - Entity added to scene
18:25:08.486 [JavaFX Application Thread] DEBUG GameScene            - Added MainViewComponent
18:25:08.637 [JavaFX Application Thread] DEBUG GameScene            - Entity added to scene
18:25:08.638 [JavaFX Application Thread] DEBUG GameScene            - Added MainViewComponent
18:25:08.752 [JavaFX Application Thread] DEBUG FXGLAssetLoader      - Loading from cache: /assets/textures/missile.png
18:25:08.753 [JavaFX Application Thread] DEBUG GameScene            - Entity added to scene
18:25:08.753 [JavaFX Application Thread] DEBUG GameScene            - Added MainViewComponent
18:25:09.020 [JavaFX Application Thread] DEBUG FXGLAssetLoader      - Loading from cache: /assets/textures/missile.png
18:25:09.022 [JavaFX Application Thread] DEBUG GameScene            - Entity added to scene
18:25:09.023 [JavaFX Application Thread] DEBUG GameScene            - Added MainViewComponent
18:25:09.288 [JavaFX Application Thread] DEBUG FXGLAssetLoader      - Loading from cache: /assets/textures/missile.png
18:25:09.289 [JavaFX Application Thread] DEBUG GameScene            - Entity added to scene
18:25:09.289 [JavaFX Application Thread] DEBUG GameScene            - Added MainViewComponent
18:25:09.307 [JavaFX Application Thread] DEBUG GameScene            - Entity added to scene
18:25:09.308 [JavaFX Application Thread] DEBUG GameScene            - Added MainViewComponent
18:25:09.556 [JavaFX Application Thread] DEBUG FXGLAssetLoader      - Loading from cache: /assets/textures/missile.png
18:25:09.556 [JavaFX Application Thread] DEBUG GameScene            - Entity added to scene
18:25:09.557 [JavaFX Application Thread] DEBUG GameScene            - Added MainViewComponent
18:25:09.676 [JavaFX Application Thread] DEBUG GameScene            - Entity added to scene
18:25:09.676 [JavaFX Application Thread] DEBUG GameScene            - Added MainViewComponent
18:25:09.824 [JavaFX Application Thread] DEBUG FXGLAssetLoader      - Loading from cache: /assets/textures/missile.png
18:25:09.825 [JavaFX Application Thread] DEBUG GameScene            - Entity added to scene
18:25:09.825 [JavaFX Application Thread] DEBUG GameScene            - Added MainViewComponent
18:25:10.093 [JavaFX Application Thread] DEBUG FXGLAssetLoader      - Loading from cache: /assets/textures/missile.png
18:25:10.094 [JavaFX Application Thread] DEBUG GameScene            - Entity added to scene
18:25:10.094 [JavaFX Application Thread] DEBUG GameScene            - Added MainViewComponent
18:25:10.361 [JavaFX Application Thread] DEBUG FXGLAssetLoader      - Loading from cache: /assets/textures/missile.png
18:25:10.362 [JavaFX Application Thread] DEBUG GameScene            - Entity added to scene
18:25:10.362 [JavaFX Application Thread] DEBUG GameScene            - Added MainViewComponent
18:25:10.446 [JavaFX Application Thread] DEBUG GameScene            - Entity added to scene
18:25:10.447 [JavaFX Application Thread] DEBUG GameScene            - Added MainViewComponent
18:25:10.628 [JavaFX Application Thread] DEBUG FXGLAssetLoader      - Loading from cache: /assets/textures/missile.png
18:25:10.629 [JavaFX Application Thread] DEBUG GameScene            - Entity added to scene
18:25:10.629 [JavaFX Application Thread] DEBUG GameScene            - Added MainViewComponent
18:25:10.897 [JavaFX Application Thread] DEBUG FXGLAssetLoader      - Loading from cache: /assets/textures/missile.png
18:25:10.898 [JavaFX Application Thread] DEBUG GameScene            - Entity added to scene
18:25:10.898 [JavaFX Application Thread] DEBUG GameScene            - Added MainViewComponent
18:25:11.084 [JavaFX Application Thread] DEBUG GameScene            - Entity added to scene
18:25:11.084 [JavaFX Application Thread] DEBUG GameScene            - Added MainViewComponent
18:25:11.164 [JavaFX Application Thread] DEBUG FXGLAssetLoader      - Loading from cache: /assets/textures/missile.png
18:25:11.164 [JavaFX Application Thread] DEBUG GameScene            - Entity added to scene
18:25:11.164 [JavaFX Application Thread] DEBUG GameScene            - Added MainViewComponent
18:25:11.301 [JavaFX Application Thread] DEBUG GameScene            - Entity added to scene
18:25:11.302 [JavaFX Application Thread] DEBUG GameScene            - Added MainViewComponent
18:25:11.433 [JavaFX Application Thread] DEBUG FXGLAssetLoader      - Loading from cache: /assets/textures/missile.png
18:25:11.434 [JavaFX Application Thread] DEBUG GameScene            - Entity added to scene
18:25:11.434 [JavaFX Application Thread] DEBUG GameScene            - Added MainViewComponent
18:25:11.670 [JavaFX Application Thread] DEBUG GameScene            - Entity added to scene
18:25:11.670 [JavaFX Application Thread] DEBUG GameScene            - Added MainViewComponent
18:25:11.701 [JavaFX Application Thread] DEBUG FXGLAssetLoader      - Loading from cache: /assets/textures/missile.png
18:25:11.702 [JavaFX Application Thread] DEBUG GameScene            - Entity added to scene
18:25:11.702 [JavaFX Application Thread] DEBUG GameScene            - Added MainViewComponent
18:25:11.969 [JavaFX Application Thread] DEBUG FXGLAssetLoader      - Loading from cache: /assets/textures/missile.png
18:25:11.969 [JavaFX Application Thread] DEBUG GameScene            - Entity added to scene
18:25:11.970 [JavaFX Application Thread] DEBUG GameScene            - Added MainViewComponent
18:25:12.236 [JavaFX Application Thread] DEBUG FXGLAssetLoader      - Loading from cache: /assets/textures/missile.png
18:25:12.237 [JavaFX Application Thread] DEBUG GameScene            - Entity added to scene
18:25:12.237 [JavaFX Application Thread] DEBUG GameScene            - Added MainViewComponent
18:25:12.373 [JavaFX Application Thread] DEBUG GameScene            - Entity added to scene
18:25:12.374 [JavaFX Application Thread] DEBUG GameScene            - Added MainViewComponent
18:25:12.505 [JavaFX Application Thread] DEBUG FXGLAssetLoader      - Loading from cache: /assets/textures/missile.png
18:25:12.506 [JavaFX Application Thread] DEBUG GameScene            - Entity added to scene
18:25:12.506 [JavaFX Application Thread] DEBUG GameScene            - Added MainViewComponent
18:25:12.773 [JavaFX Application Thread] DEBUG FXGLAssetLoader      - Loading from cache: /assets/textures/missile.png
18:25:12.774 [JavaFX Application Thread] DEBUG GameScene            - Entity added to scene
18:25:12.774 [JavaFX Application Thread] DEBUG GameScene            - Added MainViewComponent
18:25:12.977 [JavaFX Application Thread] DEBUG GameScene            - Entity added to scene
18:25:12.978 [JavaFX Application Thread] DEBUG GameScene            - Added MainViewComponent
18:25:13.042 [JavaFX Application Thread] DEBUG FXGLAssetLoader      - Loading from cache: /assets/textures/missile.png
18:25:13.042 [JavaFX Application Thread] DEBUG GameScene            - Entity added to scene
18:25:13.043 [JavaFX Application Thread] DEBUG GameScene            - Added MainViewComponent
18:25:13.143 [JavaFX Application Thread] DEBUG GameScene            - Entity added to scene
18:25:13.144 [JavaFX Application Thread] DEBUG GameScene            - Added MainViewComponent
18:25:13.310 [JavaFX Application Thread] DEBUG FXGLAssetLoader      - Loading from cache: /assets/textures/missile.png
18:25:13.311 [JavaFX Application Thread] DEBUG GameScene            - Entity added to scene
18:25:13.312 [JavaFX Application Thread] DEBUG GameScene            - Added MainViewComponent
18:25:13.345 [JavaFX Application Thread] DEBUG GameScene            - Entity added to scene
18:25:13.345 [JavaFX Application Thread] DEBUG GameScene            - Added MainViewComponent
18:25:13.529 [JavaFX Application Thread] DEBUG GameScene            - Entity added to scene
18:25:13.529 [JavaFX Application Thread] DEBUG GameScene            - Added MainViewComponent
18:25:13.577 [JavaFX Application Thread] DEBUG FXGLAssetLoader      - Loading from cache: /assets/textures/missile.png
18:25:13.578 [JavaFX Application Thread] DEBUG GameScene            - Entity added to scene
18:25:13.579 [JavaFX Application Thread] DEBUG GameScene            - Added MainViewComponent
18:25:13.697 [JavaFX Application Thread] DEBUG GameScene            - Entity added to scene
18:25:13.698 [JavaFX Application Thread] DEBUG GameScene            - Added MainViewComponent
18:25:13.845 [JavaFX Application Thread] DEBUG FXGLAssetLoader      - Loading from cache: /assets/textures/missile.png
18:25:13.846 [JavaFX Application Thread] DEBUG GameScene            - Entity added to scene
18:25:13.846 [JavaFX Application Thread] DEBUG GameScene            - Added MainViewComponent
18:25:13.898 [JavaFX Application Thread] DEBUG GameScene            - Entity added to scene
18:25:13.898 [JavaFX Application Thread] DEBUG GameScene            - Added MainViewComponent
18:25:14.065 [JavaFX Application Thread] DEBUG GameScene            - Entity added to scene
18:25:14.065 [JavaFX Application Thread] DEBUG GameScene            - Added MainViewComponent
18:25:14.113 [JavaFX Application Thread] DEBUG FXGLAssetLoader      - Loading from cache: /assets/textures/missile.png
18:25:14.113 [JavaFX Application Thread] DEBUG GameScene            - Entity added to scene
18:25:14.114 [JavaFX Application Thread] DEBUG GameScene            - Added MainViewComponent
18:25:14.267 [JavaFX Application Thread] DEBUG GameScene            - Entity added to scene
18:25:14.267 [JavaFX Application Thread] DEBUG GameScene            - Added MainViewComponent
18:25:14.382 [JavaFX Application Thread] DEBUG FXGLAssetLoader      - Loading from cache: /assets/textures/missile.png
18:25:14.383 [JavaFX Application Thread] DEBUG GameScene            - Entity added to scene
18:25:14.383 [JavaFX Application Thread] DEBUG GameScene            - Added MainViewComponent
18:25:14.450 [JavaFX Application Thread] DEBUG GameScene            - Entity added to scene
18:25:14.450 [JavaFX Application Thread] DEBUG GameScene            - Added MainViewComponent
18:25:14.649 [JavaFX Application Thread] DEBUG FXGLAssetLoader      - Loading from cache: /assets/textures/missile.png
18:25:14.650 [JavaFX Application Thread] DEBUG GameScene            - Entity added to scene
18:25:14.650 [JavaFX Application Thread] DEBUG GameScene            - Added MainViewComponent
18:25:14.918 [JavaFX Application Thread] DEBUG FXGLAssetLoader      - Loading from cache: /assets/textures/missile.png
18:25:14.919 [JavaFX Application Thread] DEBUG GameScene            - Entity added to scene
18:25:14.919 [JavaFX Application Thread] DEBUG GameScene            - Added MainViewComponent
18:25:15.171 [JavaFX Application Thread] DEBUG GameScene            - Entity added to scene
18:25:15.171 [JavaFX Application Thread] DEBUG GameScene            - Added MainViewComponent
18:25:15.186 [JavaFX Application Thread] DEBUG FXGLAssetLoader      - Loading from cache: /assets/textures/missile.png
18:25:15.187 [JavaFX Application Thread] DEBUG GameScene            - Entity added to scene
18:25:15.187 [JavaFX Application Thread] DEBUG GameScene            - Added MainViewComponent
18:25:15.454 [JavaFX Application Thread] DEBUG FXGLAssetLoader      - Loading from cache: /assets/textures/missile.png
18:25:15.455 [JavaFX Application Thread] DEBUG GameScene            - Entity added to scene
18:25:15.455 [JavaFX Application Thread] DEBUG GameScene            - Added MainViewComponent
18:25:15.722 [JavaFX Application Thread] DEBUG FXGLAssetLoader      - Loading from cache: /assets/textures/missile.png
18:25:15.722 [JavaFX Application Thread] DEBUG GameScene            - Entity added to scene
18:25:15.723 [JavaFX Application Thread] DEBUG GameScene            - Added MainViewComponent
18:25:15.791 [JavaFX Application Thread] DEBUG GameScene            - Entity added to scene
18:25:15.791 [JavaFX Application Thread] DEBUG GameScene            - Added MainViewComponent
18:25:15.990 [JavaFX Application Thread] DEBUG FXGLAssetLoader      - Loading from cache: /assets/textures/missile.png
18:25:15.991 [JavaFX Application Thread] DEBUG GameScene            - Entity added to scene
18:25:15.991 [JavaFX Application Thread] DEBUG GameScene            - Added MainViewComponent
18:25:16.258 [JavaFX Application Thread] DEBUG FXGLAssetLoader      - Loading from cache: /assets/textures/missile.png
18:25:16.259 [JavaFX Application Thread] DEBUG GameScene            - Entity added to scene
18:25:16.259 [JavaFX Application Thread] DEBUG GameScene            - Added MainViewComponent
18:25:16.527 [JavaFX Application Thread] DEBUG FXGLAssetLoader      - Loading from cache: /assets/textures/missile.png
18:25:16.528 [JavaFX Application Thread] DEBUG GameScene            - Entity added to scene
18:25:16.528 [JavaFX Application Thread] DEBUG GameScene            - Added MainViewComponent
18:25:16.794 [JavaFX Application Thread] DEBUG FXGLAssetLoader      - Loading from cache: /assets/textures/missile.png
18:25:16.794 [JavaFX Application Thread] DEBUG GameScene            - Entity added to scene
18:25:16.794 [JavaFX Application Thread] DEBUG GameScene            - Added MainViewComponent
18:25:17.063 [JavaFX Application Thread] DEBUG FXGLAssetLoader      - Loading from cache: /assets/textures/missile.png
18:25:17.063 [JavaFX Application Thread] DEBUG GameScene            - Entity added to scene
18:25:17.063 [JavaFX Application Thread] DEBUG GameScene            - Added MainViewComponent
18:25:17.316 [JavaFX Application Thread] DEBUG GameScene            - Entity added to scene
18:25:17.316 [JavaFX Application Thread] DEBUG GameScene            - Added MainViewComponent
18:25:17.331 [JavaFX Application Thread] DEBUG FXGLAssetLoader      - Loading from cache: /assets/textures/missile.png
18:25:17.331 [JavaFX Application Thread] DEBUG GameScene            - Entity added to scene
18:25:17.331 [JavaFX Application Thread] DEBUG GameScene            - Added MainViewComponent
18:25:17.599 [JavaFX Application Thread] DEBUG FXGLAssetLoader      - Loading from cache: /assets/textures/missile.png
18:25:17.600 [JavaFX Application Thread] DEBUG GameScene            - Entity added to scene
18:25:17.600 [JavaFX Application Thread] DEBUG GameScene            - Added MainViewComponent
18:25:17.867 [JavaFX Application Thread] DEBUG FXGLAssetLoader      - Loading from cache: /assets/textures/missile.png
18:25:17.867 [JavaFX Application Thread] DEBUG GameScene            - Entity added to scene
18:25:17.867 [JavaFX Application Thread] DEBUG GameScene            - Added MainViewComponent
18:25:18.135 [JavaFX Application Thread] DEBUG FXGLAssetLoader      - Loading from cache: /assets/textures/missile.png
18:25:18.136 [JavaFX Application Thread] DEBUG GameScene            - Entity added to scene
18:25:18.136 [JavaFX Application Thread] DEBUG GameScene            - Added MainViewComponent
18:25:18.403 [JavaFX Application Thread] DEBUG FXGLAssetLoader      - Loading from cache: /assets/textures/missile.png
18:25:18.404 [JavaFX Application Thread] DEBUG GameScene            - Entity added to scene
18:25:18.404 [JavaFX Application Thread] DEBUG GameScene            - Added MainViewComponent
18:25:18.671 [JavaFX Application Thread] DEBUG FXGLAssetLoader      - Loading from cache: /assets/textures/missile.png
18:25:18.672 [JavaFX Application Thread] DEBUG GameScene            - Entity added to scene
18:25:18.672 [JavaFX Application Thread] DEBUG GameScene            - Added MainViewComponent
18:25:18.939 [JavaFX Application Thread] DEBUG FXGLAssetLoader      - Loading from cache: /assets/textures/missile.png
18:25:18.940 [JavaFX Application Thread] DEBUG GameScene            - Entity added to scene
18:25:18.940 [JavaFX Application Thread] DEBUG GameScene            - Added MainViewComponent
18:25:19.207 [JavaFX Application Thread] DEBUG FXGLAssetLoader      - Loading from cache: /assets/textures/missile.png
18:25:19.208 [JavaFX Application Thread] DEBUG GameScene            - Entity added to scene
18:25:19.208 [JavaFX Application Thread] DEBUG GameScene            - Added MainViewComponent
18:25:19.476 [JavaFX Application Thread] DEBUG FXGLAssetLoader      - Loading from cache: /assets/textures/missile.png
18:25:19.476 [JavaFX Application Thread] DEBUG GameScene            - Entity added to scene
18:25:19.477 [JavaFX Application Thread] DEBUG GameScene            - Added MainViewComponent
18:25:19.743 [JavaFX Application Thread] DEBUG FXGLAssetLoader      - Loading from cache: /assets/textures/missile.png
18:25:19.744 [JavaFX Application Thread] DEBUG GameScene            - Entity added to scene
18:25:19.744 [JavaFX Application Thread] DEBUG GameScene            - Added MainViewComponent
18:25:20.012 [JavaFX Application Thread] DEBUG FXGLAssetLoader      - Loading from cache: /assets/textures/missile.png
18:25:20.012 [JavaFX Application Thread] DEBUG GameScene            - Entity added to scene
18:25:20.013 [JavaFX Application Thread] DEBUG GameScene            - Added MainViewComponent
18:25:20.280 [JavaFX Application Thread] DEBUG FXGLAssetLoader      - Loading from cache: /assets/textures/missile.png
18:25:20.280 [JavaFX Application Thread] DEBUG GameScene            - Entity added to scene
18:25:20.281 [JavaFX Application Thread] DEBUG GameScene            - Added MainViewComponent
18:25:20.547 [JavaFX Application Thread] DEBUG FXGLAssetLoader      - Loading from cache: /assets/textures/missile.png
18:25:20.548 [JavaFX Application Thread] DEBUG GameScene            - Entity added to scene
18:25:20.548 [JavaFX Application Thread] DEBUG GameScene            - Added MainViewComponent
18:25:20.816 [JavaFX Application Thread] DEBUG FXGLAssetLoader      - Loading from cache: /assets/textures/missile.png
18:25:20.817 [JavaFX Application Thread] DEBUG GameScene            - Entity added to scene
18:25:20.817 [JavaFX Application Thread] DEBUG GameScene            - Added MainViewComponent
18:25:21.084 [JavaFX Application Thread] DEBUG FXGLAssetLoader      - Loading from cache: /assets/textures/missile.png
18:25:21.085 [JavaFX Application Thread] DEBUG GameScene            - Entity added to scene
18:25:21.085 [JavaFX Application Thread] DEBUG GameScene            - Added MainViewComponent
18:25:21.351 [JavaFX Application Thread] DEBUG FXGLAssetLoader      - Loading from cache: /assets/textures/missile.png
18:25:21.352 [JavaFX Application Thread] DEBUG GameScene            - Entity added to scene
18:25:21.352 [JavaFX Application Thread] DEBUG GameScene            - Added MainViewComponent
18:25:21.621 [JavaFX Application Thread] DEBUG FXGLAssetLoader      - Loading from cache: /assets/textures/missile.png
18:25:21.621 [JavaFX Application Thread] DEBUG GameScene            - Entity added to scene
18:25:21.621 [JavaFX Application Thread] DEBUG GameScene            - Added MainViewComponent
18:25:21.741 [JavaFX Application Thread] DEBUG FXGLEventBus         - Firing event: DisplayEvent[type=CLOSE_REQUEST]
18:25:21.743 [JavaFX Application Thread] DEBUG FXGLEventBus         - Firing event: FXGLEvent[type=EXIT]
18:25:21.743 [JavaFX Application Thread] DEBUG FXGL                 - Saving FXGL system data
18:25:21.746 [JavaFX Application Thread] DEBUG IOTask               - Executing task: writeDataTask(system/fxgl.bundle)
18:25:21.749 [JavaFX Application Thread] DEBUG FS                   - Writing to: system\fxgl.bundle
18:25:21.756 [JavaFX Application Thread] DEBUG IOTask               - Task succeeded: writeDataTask(system/fxgl.bundle)
