14:25:44.417 [FXGL Launcher Thread     ] DEBUG FXGLLoggerFactory    - Service [LoggerFactory] initialized
14:25:44.424 [FXGL Launcher Thread     ] DEBUG FXGL                 - FXGL configuration complete
14:25:44.424 [FXGL Launcher Thread     ] DEBUG FXGL                 - Loading FXGL system data
14:25:44.430 [FXGL Launcher Thread     ] DEBUG IOTask               - Executing task: readDataTask(system/fxgl.bundle)
14:25:44.435 [FXGL Launcher Thread     ] DEBUG FS                   - Reading from: system\fxgl.bundle
14:25:44.443 [FXGL Launcher Thread     ] DEBUG IOTask               - Task succeeded: readDataTask(system/fxgl.bundle)
14:25:44.444 [FXGL Launcher Thread     ] DEBUG Bundle               - Logging bundle: FXGL
14:25:44.444 [FXGL Launcher Thread     ] DEBUG Bundle               - FXGL.offline.timer.version.check=2016-12-20T08:49:00.039
14:25:44.453 [FXGL Launcher Thread     ] DEBUG GameApplication      - Configuring GameApplication
14:25:44.459 [FXGL Launcher Thread     ] DEBUG FXGLExceptionHandler - Service [ExceptionHandler] initialized
14:25:44.460 [FXGL Launcher Thread     ] DEBUG FXGLEventBus         - Service [EventBus] initialized
14:25:44.465 [FXGL Launcher Thread     ] DEBUG FXGLExecutor         - Service [Executor] initialized
14:25:44.466 [FXGL Launcher Thread     ] DEBUG PreInitTask          - Injecting gameWorld & physicsWorld
14:25:44.472 [FXGL Launcher Thread     ] DEBUG GameWorld            - Game world initialized
14:25:44.528 [FXGL Launcher Thread     ] DEBUG FXGLPooler           - Service [Pooler] initialized with default size = 128
14:25:44.529 [FXGL Launcher Thread     ] DEBUG PhysicsWorld         - Physics world initialized: appHeight=700.0, physics.ppm=50.0
14:25:44.531 [FXGL Launcher Thread     ] DEBUG FXGLInput            - Service [Input] initialized
14:25:44.555 [FXGL Launcher Thread     ] DEBUG FXGLInput            - Registered new binding: Screenshot - P
14:25:44.556 [FXGL Launcher Thread     ] DEBUG FXGLInput            - Registered new binding: Dev Options - CTRL+0
14:25:44.556 [FXGL Launcher Thread     ] DEBUG FXGLInput            - Registered new binding: Spawn Anti-Ballistic - PRIMARY
14:25:44.595 [FXGL Launcher Thread     ] DEBUG GameScene            - Game scene initialized: 800.0x700.0
14:25:44.608 [FXGL Launcher Thread     ] DEBUG FXGLAssetLoader      - Service [AssetLoader] initialized: cacheSize=35
14:25:44.611 [FXGL Launcher Thread     ] DEBUG FXGLAssetLoader      - Loading from disk: /assets/sounds/system/notification.wav
14:25:44.689 [FXGL Launcher Thread     ] DEBUG FXGLAssetLoader      - Loading from disk: /assets/sounds/menu/select.wav
14:25:44.691 [FXGL Launcher Thread     ] DEBUG FXGLAssetLoader      - Loading from disk: /assets/sounds/menu/back.wav
14:25:44.693 [FXGL Launcher Thread     ] DEBUG FXGLAssetLoader      - Loading from disk: /assets/sounds/menu/press.wav
14:25:44.697 [FXGL Launcher Thread     ] DEBUG FXGLAssetLoader      - Loading from disk: /assets/ui/fonts/Copperplate_Gothic_Light_Regular.ttf
14:25:44.819 [FXGL Launcher Thread     ] DEBUG FXGLAssetLoader      - Loading from disk: /assets/ui/css/fxgl.css
14:25:44.820 [FXGL Launcher Thread     ] DEBUG FXGLAssetLoader      - Loading from disk: /assets/ui/icons/fxgl_icon.png
14:25:44.877 [FXGL Launcher Thread     ] DEBUG FXGLAssetLoader      - Loading from disk: /assets/ui/css/fxgl_dark.css
14:25:44.894 [FXGL Launcher Thread     ] DEBUG FXGLDisplay          - Target size: DoubleProperty [value: 800.0] x DoubleProperty [value: 700.0] @ 1.0
14:25:44.894 [FXGL Launcher Thread     ] DEBUG FXGLDisplay          - New size:    800.0 x 700.0 @ DoubleProperty [value: 1.0]
14:25:44.895 [FXGL Launcher Thread     ] DEBUG FXGLDisplay          - Service [Display] initialized
14:25:44.896 [FXGL Launcher Thread     ] DEBUG FXGLDisplay          - Using CSS: CSS(externalForm=jar:file:/C:/Users/Tyler/Downloads/FXGL-0.2.8-uber.jar!/assets/ui/css/fxgl_dark.css)
14:25:44.896 [FXGL Launcher Thread     ] DEBUG InitScenesTask       - Injecting loadingScene & gameScene
14:25:44.925 [FXGL Launcher Thread     ] DEBUG FXGLMasterTimer      - Service [MasterTimer] initialized
14:25:44.929 [FXGL Launcher Thread     ] DEBUG FXGLAudioPlayer      - Service [AudioPlayer] initialized
14:25:44.941 [FXGL Launcher Thread     ] DEBUG InitProfilerTask     - Injecting profiler
14:25:44.942 [FXGL Launcher Thread     ] DEBUG GameApplication      - Starting new game
14:25:44.944 [FXGL Launcher Thread     ] DEBUG GameApplication      - Initializing App
14:25:44.946 [FXGL Launcher Thread     ] DEBUG FXGLInput            - Clearing active input actions
14:25:44.947 [FXGL Launcher Thread     ] DEBUG FXGLMasterTimer      - Stopping master timer
14:25:44.947 [FXGL Launcher Thread     ] DEBUG GameApplication      - State: STARTUP -> PAUSED
14:25:44.949 [FXGL Launcher Thread     ] DEBUG FXGLEventBus         - Firing event: FXGLEvent[type=PAUSE]
14:25:44.951 [FXGL Launcher Thread     ] DEBUG FXGLInput            - Clearing active input actions
14:25:44.951 [FXGL Launcher Thread     ] DEBUG FXGLMasterTimer      - Resetting ticks and clearing all actions
14:25:44.951 [FXGL Launcher Thread     ] DEBUG GameWorld            - Resetting game world
14:25:44.951 [FXGL Launcher Thread     ] TRACE EntityWorld          - Resetting entity world
14:25:44.953 [FXGL Launcher Thread     ] DEBUG PhysicsWorld         - Resetting physics world
14:25:44.953 [FXGL Launcher Thread     ] DEBUG GameScene            - Resetting game scene
14:25:44.954 [FXGL Launcher Thread     ] DEBUG FXGLEventBus         - Firing event: FXGLEvent[type=RESET]
14:25:45.032 [FXGL Launcher Thread     ] DEBUG GameApplication      - State: PAUSED -> LOADING
14:25:45.081 [FXGL Background Thread 1 ] DEBUG InitAppTask          - Initializing Assets
14:25:45.084 [FXGL Background Thread 1 ] DEBUG InitAppTask          - Initializing Game
14:25:45.175 [FXGL Background Thread 1 ] DEBUG FXGLAssetLoader      - Loading from disk: /assets/ui/cursors/crosshair.png
14:25:45.191 [FXGL Background Thread 1 ] DEBUG FXGLAssetLoader      - Loading from disk: /assets/textures/city.png
14:25:45.196 [JavaFX Application Thread] DEBUG FXGLDisplay          - Showing stage
14:25:45.197 [JavaFX Application Thread] DEBUG FXGLDisplay          - Root size: 800.0x700.0
14:25:45.197 [JavaFX Application Thread] DEBUG FXGLDisplay          - Scene size: 800.0x700.0
14:25:45.197 [JavaFX Application Thread] DEBUG FXGLDisplay          - Stage size: 816.0x739.0
14:25:45.204 [FXGL Background Thread 1 ] DEBUG FXGLAssetLoader      - Loading from cache: /assets/textures/city.png
14:25:45.205 [FXGL Background Thread 1 ] DEBUG FXGLAssetLoader      - Loading from cache: /assets/textures/city.png
14:25:45.207 [FXGL Background Thread 1 ] DEBUG FXGLAssetLoader      - Loading from cache: /assets/textures/city.png
14:25:45.209 [FXGL Background Thread 1 ] DEBUG FXGLAssetLoader      - Loading from cache: /assets/textures/city.png
14:25:45.210 [FXGL Background Thread 1 ] DEBUG FXGLAssetLoader      - Loading from cache: /assets/textures/city.png
14:25:45.219 [FXGL Background Thread 1 ] DEBUG InitAppTask          - Initializing Physics
14:25:45.220 [FXGL Background Thread 1 ] DEBUG InitAppTask          - Initializing UI
14:25:45.227 [FXGL Background Thread 1 ] DEBUG GameScene            - Adding UI node: Text[text="Missile Command", x=0.0, y=0.0, alignment=LEFT, origin=BASELINE, boundsType=LOGICAL, font=Font[name=Copperplate Gothic Light, family=Copperplate Gothic Light, style=Regular, size=48.0], fontSmoothingType=GRAY, fill=0x0000ffff]
14:25:45.232 [FXGL Background Thread 1 ] DEBUG GameScene            - Adding UI node: Text[text="Cities Remaining: 6", x=0.0, y=0.0, alignment=LEFT, origin=BASELINE, boundsType=LOGICAL, font=Font[name=Copperplate Gothic Light, family=Copperplate Gothic Light, style=Regular, size=20.0], fontSmoothingType=GRAY, fill=0xffffffff]
14:25:45.233 [FXGL Background Thread 1 ] DEBUG GameScene            - Adding UI node: Text[text="", x=0.0, y=0.0, alignment=LEFT, origin=BASELINE, boundsType=LOGICAL, font=Font[name=Copperplate Gothic Light, family=Copperplate Gothic Light, style=Regular, size=10.0], fontSmoothingType=GRAY, fill=0x008000ff]
14:25:45.234 [FXGL Background Thread 1 ] DEBUG FXGLAssetLoader      - Loading from disk: /assets/textures/bg.jpg
14:25:45.257 [FXGL Background Thread 1 ] DEBUG GameScene            - Creating render group for layer: TOP(2147483647)
14:25:45.260 [FXGL Background Thread 1 ] DEBUG InitAppTask          - Initialization Complete
14:25:45.312 [JavaFX Application Thread] DEBUG FXGLInput            - Clearing active input actions
14:25:45.312 [JavaFX Application Thread] DEBUG FXGLMasterTimer      - Starting master timer
14:25:45.313 [JavaFX Application Thread] DEBUG GameApplication      - State: LOADING -> PLAYING
14:25:45.332 [JavaFX Application Thread] DEBUG FXGLEventBus         - Firing event: FXGLEvent[type=RESUME]
14:25:45.342 [JavaFX Application Thread] DEBUG GameScene            - Entity added to scene
14:25:45.343 [JavaFX Application Thread] DEBUG GameScene            - Added MainViewComponent
14:25:45.344 [JavaFX Application Thread] DEBUG GameScene            - Creating render group for layer: BACKGROUND(1000)
14:25:45.349 [JavaFX Application Thread] DEBUG GameScene            - Entity added to scene
14:25:45.349 [JavaFX Application Thread] DEBUG GameScene            - Added MainViewComponent
14:25:45.350 [JavaFX Application Thread] DEBUG GameScene            - Entity added to scene
14:25:45.350 [JavaFX Application Thread] DEBUG GameScene            - Added MainViewComponent
14:25:45.351 [JavaFX Application Thread] DEBUG GameScene            - Entity added to scene
14:25:45.351 [JavaFX Application Thread] DEBUG GameScene            - Added MainViewComponent
14:25:45.352 [JavaFX Application Thread] DEBUG GameScene            - Entity added to scene
14:25:45.352 [JavaFX Application Thread] DEBUG GameScene            - Added MainViewComponent
14:25:45.352 [JavaFX Application Thread] DEBUG GameScene            - Entity added to scene
14:25:45.352 [JavaFX Application Thread] DEBUG GameScene            - Added MainViewComponent
14:25:45.353 [JavaFX Application Thread] DEBUG GameScene            - Entity added to scene
14:25:45.353 [JavaFX Application Thread] DEBUG GameScene            - Added MainViewComponent
14:25:45.354 [JavaFX Application Thread] DEBUG GameScene            - Entity added to scene
14:25:45.354 [JavaFX Application Thread] DEBUG GameScene            - Added MainViewComponent
14:25:45.354 [JavaFX Application Thread] DEBUG GameScene            - Entity added to scene
14:25:45.354 [JavaFX Application Thread] DEBUG GameScene            - Added MainViewComponent
14:25:45.355 [JavaFX Application Thread] DEBUG GameScene            - Entity added to scene
14:25:45.355 [JavaFX Application Thread] DEBUG GameScene            - Added MainViewComponent
14:25:46.491 [JavaFX Application Thread] DEBUG FXGLAssetLoader      - Loading from disk: /assets/textures/missile.png
14:25:46.499 [JavaFX Application Thread] DEBUG GameScene            - Entity added to scene
14:25:46.499 [JavaFX Application Thread] DEBUG GameScene            - Added MainViewComponent
14:25:46.503 [JavaFX Application Thread] FATAL FXGLExceptionHandler - Uncaught Exception:
14:25:46.524 [JavaFX Application Thread] FATAL FXGLExceptionHandler - 

Exception occurred: java.lang.NullPointerException : null
E: com.tylere.mc.control.EnemyMissileControl.onUpdate(EnemyMissileControl.java:106)
E: com.almasb.ents.Entity.update(Entity.java:438)
E: com.almasb.ents.EntityWorld.update(EntityWorld.java:263)
E: com.almasb.fxgl.gameplay.GameWorld.onUpdateEvent(GameWorld.java:88)
E: com.almasb.fxgl.time.FXGLMasterTimer.handle(FXGLMasterTimer.kt:143)
E: javafx.animation.AnimationTimer$AnimationTimerReceiver.lambda$handle$484(AnimationTimer.java:57)
E: java.security.AccessController.doPrivileged(Native Method)
E: javafx.animation.AnimationTimer$AnimationTimerReceiver.handle(AnimationTimer.java:56)
E: com.sun.scenario.animation.AbstractMasterTimer.timePulseImpl(AbstractMasterTimer.java:357)
E: com.sun.scenario.animation.AbstractMasterTimer$MainLoop.run(AbstractMasterTimer.java:267)
E: com.sun.javafx.tk.quantum.QuantumToolkit.pulse(QuantumToolkit.java:506)
E: com.sun.javafx.tk.quantum.QuantumToolkit.pulse(QuantumToolkit.java:490)
E: com.sun.javafx.tk.quantum.QuantumToolkit.lambda$runToolkit$404(QuantumToolkit.java:319)
E: com.sun.glass.ui.InvokeLaterDispatcher$Future.run(InvokeLaterDispatcher.java:95)
E: com.sun.glass.ui.win.WinApplication._runLoop(Native Method)
E: com.sun.glass.ui.win.WinApplication.lambda$null$148(WinApplication.java:191)
E: java.lang.Thread.run(Thread.java:745)

14:25:46.524 [JavaFX Application Thread] FATAL FXGLExceptionHandler - Application will now exit
14:25:46.525 [JavaFX Application Thread] DEBUG FXGLInput            - Clearing active input actions
14:25:46.525 [JavaFX Application Thread] DEBUG FXGLMasterTimer      - Stopping master timer
14:25:46.525 [JavaFX Application Thread] DEBUG GameApplication      - State: PLAYING -> PAUSED
14:25:46.525 [JavaFX Application Thread] DEBUG FXGLEventBus         - Firing event: FXGLEvent[type=PAUSE]
14:25:49.262 [JavaFX Application Thread] DEBUG GameScene            - Removing UI node: Text[text="Missile Command", x=0.0, y=0.0, alignment=LEFT, origin=BASELINE, boundsType=LOGICAL, font=Font[name=Copperplate Gothic Light, family=Copperplate Gothic Light, style=Regular, size=48.0], fontSmoothingType=GRAY, fill=0x0000ffff]
14:25:51.861 [JavaFX Application Thread] DEBUG FXGLEventBus         - Firing event: FXGLEvent[type=EXIT]
14:25:51.870 [JavaFX Application Thread] DEBUG FXGL                 - Saving FXGL system data
14:25:51.873 [JavaFX Application Thread] DEBUG IOTask               - Executing task: writeDataTask(system/fxgl.bundle)
14:25:51.879 [JavaFX Application Thread] DEBUG FS                   - Writing to: system\fxgl.bundle
14:25:51.890 [JavaFX Application Thread] DEBUG IOTask               - Task succeeded: writeDataTask(system/fxgl.bundle)
