23:12:58.586 [FXGL Launcher Thread     ] DEBUG FXGLLoggerFactory    - Service [LoggerFactory] initialized
23:12:58.593 [FXGL Launcher Thread     ] DEBUG FXGL                 - FXGL configuration complete
23:12:58.593 [FXGL Launcher Thread     ] DEBUG FXGL                 - Loading FXGL system data
23:12:58.596 [FXGL Launcher Thread     ] DEBUG IOTask               - Executing task: readDataTask(system/fxgl.bundle)
23:12:58.599 [FXGL Launcher Thread     ] DEBUG FS                   - Reading from: system\fxgl.bundle
23:12:58.606 [FXGL Launcher Thread     ] DEBUG IOTask               - Task succeeded: readDataTask(system/fxgl.bundle)
23:12:58.606 [FXGL Launcher Thread     ] DEBUG Bundle               - Logging bundle: FXGL
23:12:58.607 [FXGL Launcher Thread     ] DEBUG Bundle               - FXGL.offline.timer.version.check=2016-12-04T23:31:25.587
23:12:58.612 [FXGL Launcher Thread     ] DEBUG GameApplication      - Configuring GameApplication
23:12:58.615 [FXGL Launcher Thread     ] DEBUG FXGLExceptionHandler - Service [ExceptionHandler] initialized
23:12:58.616 [FXGL Launcher Thread     ] DEBUG FXGLEventBus         - Service [EventBus] initialized
23:12:58.619 [FXGL Launcher Thread     ] DEBUG FXGLExecutor         - Service [Executor] initialized
23:12:58.620 [FXGL Launcher Thread     ] DEBUG PreInitTask          - Injecting gameWorld & physicsWorld
23:12:58.627 [FXGL Launcher Thread     ] DEBUG GameWorld            - Game world initialized
23:12:58.670 [FXGL Launcher Thread     ] DEBUG FXGLPooler           - Service [Pooler] initialized with default size = 128
23:12:58.671 [FXGL Launcher Thread     ] DEBUG PhysicsWorld         - Physics world initialized: appHeight=700.0, physics.ppm=50.0
23:12:58.676 [FXGL Launcher Thread     ] DEBUG FXGLInput            - Service [Input] initialized
23:12:58.699 [FXGL Launcher Thread     ] DEBUG FXGLInput            - Registered new binding: Screenshot - P
23:12:58.700 [FXGL Launcher Thread     ] DEBUG FXGLInput            - Registered new binding: Dev Options - CTRL+0
23:12:58.700 [FXGL Launcher Thread     ] DEBUG FXGLInput            - Registered new binding: Spawn Anti-Ballistic - PRIMARY
23:12:58.736 [FXGL Launcher Thread     ] DEBUG GameScene            - Game scene initialized: 800.0x700.0
23:12:58.745 [FXGL Launcher Thread     ] DEBUG FXGLAssetLoader      - Service [AssetLoader] initialized: cacheSize=35
23:12:58.747 [FXGL Launcher Thread     ] DEBUG FXGLAssetLoader      - Loading from disk: /assets/sounds/system/notification.wav
23:12:58.786 [FXGL Launcher Thread     ] DEBUG FXGLAssetLoader      - Loading from disk: /assets/sounds/menu/select.wav
23:12:58.788 [FXGL Launcher Thread     ] DEBUG FXGLAssetLoader      - Loading from disk: /assets/sounds/menu/back.wav
23:12:58.790 [FXGL Launcher Thread     ] DEBUG FXGLAssetLoader      - Loading from disk: /assets/sounds/menu/press.wav
23:12:58.793 [FXGL Launcher Thread     ] DEBUG FXGLAssetLoader      - Loading from disk: /assets/ui/fonts/Copperplate_Gothic_Light_Regular.ttf
23:12:58.878 [FXGL Launcher Thread     ] DEBUG FXGLAssetLoader      - Loading from disk: /assets/ui/css/fxgl.css
23:12:58.878 [FXGL Launcher Thread     ] DEBUG FXGLAssetLoader      - Loading from disk: /assets/ui/icons/fxgl_icon.png
23:12:58.918 [FXGL Launcher Thread     ] DEBUG FXGLAssetLoader      - Loading from disk: /assets/ui/css/fxgl_dark.css
23:12:58.929 [FXGL Launcher Thread     ] DEBUG FXGLDisplay          - Target size: DoubleProperty [value: 800.0] x DoubleProperty [value: 700.0] @ 1.0
23:12:58.930 [FXGL Launcher Thread     ] DEBUG FXGLDisplay          - New size:    800.0 x 700.0 @ DoubleProperty [value: 1.0]
23:12:58.930 [FXGL Launcher Thread     ] DEBUG FXGLDisplay          - Service [Display] initialized
23:12:58.930 [FXGL Launcher Thread     ] DEBUG FXGLDisplay          - Using CSS: CSS(externalForm=jar:file:/C:/Users/Shane/Downloads/FXGL-0.2.8-uber.jar!/assets/ui/css/fxgl_dark.css)
23:12:58.930 [FXGL Launcher Thread     ] DEBUG InitScenesTask       - Injecting loadingScene & gameScene
23:12:58.975 [FXGL Launcher Thread     ] DEBUG FXGLMasterTimer      - Service [MasterTimer] initialized
23:12:58.978 [FXGL Launcher Thread     ] DEBUG FXGLAudioPlayer      - Service [AudioPlayer] initialized
23:12:58.984 [FXGL Launcher Thread     ] DEBUG GameApplication      - Starting new game
23:12:58.986 [FXGL Launcher Thread     ] DEBUG GameApplication      - Initializing App
23:12:58.989 [FXGL Launcher Thread     ] DEBUG FXGLInput            - Clearing active input actions
23:12:58.989 [FXGL Launcher Thread     ] DEBUG FXGLMasterTimer      - Stopping master timer
23:12:58.989 [FXGL Launcher Thread     ] DEBUG GameApplication      - State: STARTUP -> PAUSED
23:12:58.990 [FXGL Launcher Thread     ] DEBUG FXGLEventBus         - Firing event: FXGLEvent[type=PAUSE]
23:12:58.992 [FXGL Launcher Thread     ] DEBUG FXGLInput            - Clearing active input actions
23:12:58.992 [FXGL Launcher Thread     ] DEBUG FXGLMasterTimer      - Resetting ticks and clearing all actions
23:12:58.992 [FXGL Launcher Thread     ] DEBUG GameWorld            - Resetting game world
23:12:58.992 [FXGL Launcher Thread     ] TRACE EntityWorld          - Resetting entity world
23:12:58.993 [FXGL Launcher Thread     ] DEBUG PhysicsWorld         - Resetting physics world
23:12:58.993 [FXGL Launcher Thread     ] DEBUG GameScene            - Resetting game scene
23:12:58.994 [FXGL Launcher Thread     ] DEBUG FXGLEventBus         - Firing event: FXGLEvent[type=RESET]
23:12:59.056 [FXGL Launcher Thread     ] DEBUG GameApplication      - State: PAUSED -> LOADING
23:12:59.090 [FXGL Background Thread 1 ] DEBUG InitAppTask          - Initializing Assets
23:12:59.092 [FXGL Background Thread 1 ] DEBUG InitAppTask          - Initializing Game
23:12:59.132 [FXGL Background Thread 1 ] DEBUG FXGLAssetLoader      - Loading from disk: /assets/ui/cursors/crosshair.png
23:12:59.145 [FXGL Background Thread 1 ] DEBUG FXGLAssetLoader      - Loading from disk: /assets/textures/city.png
23:12:59.153 [FXGL Background Thread 1 ] DEBUG FXGLAssetLoader      - Loading from cache: /assets/textures/city.png
23:12:59.154 [FXGL Background Thread 1 ] DEBUG FXGLAssetLoader      - Loading from cache: /assets/textures/city.png
23:12:59.155 [FXGL Background Thread 1 ] DEBUG FXGLAssetLoader      - Loading from cache: /assets/textures/city.png
23:12:59.156 [FXGL Background Thread 1 ] DEBUG FXGLAssetLoader      - Loading from cache: /assets/textures/city.png
23:12:59.157 [FXGL Background Thread 1 ] DEBUG FXGLAssetLoader      - Loading from cache: /assets/textures/city.png
23:12:59.159 [FXGL Background Thread 1 ] DEBUG InitAppTask          - Initializing Physics
23:12:59.160 [FXGL Background Thread 1 ] DEBUG InitAppTask          - Initializing UI
23:12:59.166 [FXGL Background Thread 1 ] DEBUG GameScene            - Adding UI node: Text[text="Missile Command", x=0.0, y=0.0, alignment=LEFT, origin=BASELINE, boundsType=LOGICAL, font=Font[name=Copperplate Gothic Light, family=Copperplate Gothic Light, style=Regular, size=48.0], fontSmoothingType=GRAY, fill=0x0000ffff]
23:12:59.168 [FXGL Background Thread 1 ] DEBUG FXGLAssetLoader      - Loading from disk: /assets/textures/bg.jpg
23:12:59.171 [JavaFX Application Thread] DEBUG FXGLDisplay          - Showing stage
23:12:59.171 [JavaFX Application Thread] DEBUG FXGLDisplay          - Root size: 800.0x700.0
23:12:59.171 [JavaFX Application Thread] DEBUG FXGLDisplay          - Scene size: 800.0x700.0
23:12:59.171 [JavaFX Application Thread] DEBUG FXGLDisplay          - Stage size: 816.0x739.0
23:12:59.189 [FXGL Background Thread 1 ] DEBUG GameScene            - Creating render group for layer: TOP(2147483647)
23:12:59.190 [FXGL Background Thread 1 ] DEBUG InitAppTask          - Initialization Complete
23:12:59.246 [JavaFX Application Thread] DEBUG FXGLInput            - Clearing active input actions
23:12:59.246 [JavaFX Application Thread] DEBUG FXGLMasterTimer      - Starting master timer
23:12:59.247 [JavaFX Application Thread] DEBUG GameApplication      - State: LOADING -> PLAYING
23:12:59.252 [JavaFX Application Thread] DEBUG FXGLEventBus         - Firing event: FXGLEvent[type=RESUME]
23:12:59.256 [JavaFX Application Thread] DEBUG GameScene            - Entity added to scene
23:12:59.257 [JavaFX Application Thread] DEBUG GameScene            - Added MainViewComponent
23:12:59.257 [JavaFX Application Thread] DEBUG GameScene            - Creating render group for layer: BACKGROUND(1000)
23:12:59.259 [JavaFX Application Thread] DEBUG GameScene            - Entity added to scene
23:12:59.259 [JavaFX Application Thread] DEBUG GameScene            - Added MainViewComponent
23:12:59.260 [JavaFX Application Thread] DEBUG GameScene            - Entity added to scene
23:12:59.260 [JavaFX Application Thread] DEBUG GameScene            - Added MainViewComponent
23:12:59.260 [JavaFX Application Thread] DEBUG GameScene            - Entity added to scene
23:12:59.260 [JavaFX Application Thread] DEBUG GameScene            - Added MainViewComponent
23:12:59.260 [JavaFX Application Thread] DEBUG GameScene            - Entity added to scene
23:12:59.260 [JavaFX Application Thread] DEBUG GameScene            - Added MainViewComponent
23:12:59.261 [JavaFX Application Thread] DEBUG GameScene            - Entity added to scene
23:12:59.261 [JavaFX Application Thread] DEBUG GameScene            - Added MainViewComponent
23:12:59.261 [JavaFX Application Thread] DEBUG GameScene            - Entity added to scene
23:12:59.261 [JavaFX Application Thread] DEBUG GameScene            - Added MainViewComponent
23:12:59.555 [JavaFX Application Thread] DEBUG FXGLAssetLoader      - Loading from disk: /assets/textures/missile.png
23:12:59.558 [JavaFX Application Thread] DEBUG GameScene            - Entity added to scene
23:12:59.558 [JavaFX Application Thread] DEBUG GameScene            - Added MainViewComponent
23:12:59.824 [JavaFX Application Thread] DEBUG FXGLAssetLoader      - Loading from cache: /assets/textures/missile.png
23:12:59.825 [JavaFX Application Thread] DEBUG GameScene            - Entity added to scene
23:12:59.825 [JavaFX Application Thread] DEBUG GameScene            - Added MainViewComponent
23:13:00.089 [JavaFX Application Thread] DEBUG FXGLAssetLoader      - Loading from cache: /assets/textures/missile.png
23:13:00.090 [JavaFX Application Thread] DEBUG GameScene            - Entity added to scene
23:13:00.090 [JavaFX Application Thread] DEBUG GameScene            - Added MainViewComponent
23:13:00.356 [JavaFX Application Thread] DEBUG FXGLAssetLoader      - Loading from cache: /assets/textures/missile.png
23:13:00.357 [JavaFX Application Thread] DEBUG GameScene            - Entity added to scene
23:13:00.357 [JavaFX Application Thread] DEBUG GameScene            - Added MainViewComponent
23:13:00.622 [JavaFX Application Thread] DEBUG FXGLAssetLoader      - Loading from cache: /assets/textures/missile.png
23:13:00.623 [JavaFX Application Thread] DEBUG GameScene            - Entity added to scene
23:13:00.623 [JavaFX Application Thread] DEBUG GameScene            - Added MainViewComponent
23:13:00.889 [JavaFX Application Thread] DEBUG FXGLAssetLoader      - Loading from cache: /assets/textures/missile.png
23:13:00.890 [JavaFX Application Thread] DEBUG GameScene            - Entity added to scene
23:13:00.890 [JavaFX Application Thread] DEBUG GameScene            - Added MainViewComponent
23:13:01.156 [JavaFX Application Thread] DEBUG FXGLAssetLoader      - Loading from cache: /assets/textures/missile.png
23:13:01.157 [JavaFX Application Thread] DEBUG GameScene            - Entity added to scene
23:13:01.157 [JavaFX Application Thread] DEBUG GameScene            - Added MainViewComponent
23:13:01.422 [JavaFX Application Thread] DEBUG FXGLAssetLoader      - Loading from cache: /assets/textures/missile.png
23:13:01.423 [JavaFX Application Thread] DEBUG GameScene            - Entity added to scene
23:13:01.423 [JavaFX Application Thread] DEBUG GameScene            - Added MainViewComponent
23:13:01.689 [JavaFX Application Thread] DEBUG FXGLAssetLoader      - Loading from cache: /assets/textures/missile.png
23:13:01.690 [JavaFX Application Thread] DEBUG GameScene            - Entity added to scene
23:13:01.690 [JavaFX Application Thread] DEBUG GameScene            - Added MainViewComponent
23:13:01.956 [JavaFX Application Thread] DEBUG FXGLAssetLoader      - Loading from cache: /assets/textures/missile.png
23:13:01.957 [JavaFX Application Thread] DEBUG GameScene            - Entity added to scene
23:13:01.957 [JavaFX Application Thread] DEBUG GameScene            - Added MainViewComponent
23:13:02.222 [JavaFX Application Thread] DEBUG FXGLAssetLoader      - Loading from cache: /assets/textures/missile.png
23:13:02.223 [JavaFX Application Thread] DEBUG GameScene            - Entity added to scene
23:13:02.223 [JavaFX Application Thread] DEBUG GameScene            - Added MainViewComponent
23:13:02.489 [JavaFX Application Thread] DEBUG FXGLAssetLoader      - Loading from cache: /assets/textures/missile.png
23:13:02.489 [JavaFX Application Thread] DEBUG GameScene            - Entity added to scene
23:13:02.490 [JavaFX Application Thread] DEBUG GameScene            - Added MainViewComponent
23:13:02.756 [JavaFX Application Thread] DEBUG FXGLAssetLoader      - Loading from cache: /assets/textures/missile.png
23:13:02.756 [JavaFX Application Thread] DEBUG GameScene            - Entity added to scene
23:13:02.756 [JavaFX Application Thread] DEBUG GameScene            - Added MainViewComponent
23:13:03.023 [JavaFX Application Thread] DEBUG FXGLAssetLoader      - Loading from cache: /assets/textures/missile.png
23:13:03.024 [JavaFX Application Thread] DEBUG GameScene            - Entity added to scene
23:13:03.024 [JavaFX Application Thread] DEBUG GameScene            - Added MainViewComponent
23:13:03.174 [JavaFX Application Thread] DEBUG GameScene            - Removing UI node: Text[text="Missile Command", x=0.0, y=0.0, alignment=LEFT, origin=BASELINE, boundsType=LOGICAL, font=Font[name=Copperplate Gothic Light, family=Copperplate Gothic Light, style=Regular, size=48.0], fontSmoothingType=GRAY, fill=0x0000ffff]
23:13:03.289 [JavaFX Application Thread] DEBUG FXGLAssetLoader      - Loading from cache: /assets/textures/missile.png
23:13:03.290 [JavaFX Application Thread] DEBUG GameScene            - Entity added to scene
23:13:03.290 [JavaFX Application Thread] DEBUG GameScene            - Added MainViewComponent
23:13:03.557 [JavaFX Application Thread] DEBUG FXGLAssetLoader      - Loading from cache: /assets/textures/missile.png
23:13:03.559 [JavaFX Application Thread] DEBUG GameScene            - Entity added to scene
23:13:03.559 [JavaFX Application Thread] DEBUG GameScene            - Added MainViewComponent
23:13:03.822 [JavaFX Application Thread] DEBUG FXGLAssetLoader      - Loading from cache: /assets/textures/missile.png
23:13:03.823 [JavaFX Application Thread] DEBUG GameScene            - Entity added to scene
23:13:03.823 [JavaFX Application Thread] DEBUG GameScene            - Added MainViewComponent
23:13:04.089 [JavaFX Application Thread] DEBUG FXGLAssetLoader      - Loading from cache: /assets/textures/missile.png
23:13:04.090 [JavaFX Application Thread] DEBUG GameScene            - Entity added to scene
23:13:04.090 [JavaFX Application Thread] DEBUG GameScene            - Added MainViewComponent
23:13:04.357 [JavaFX Application Thread] DEBUG FXGLAssetLoader      - Loading from cache: /assets/textures/missile.png
23:13:04.357 [JavaFX Application Thread] DEBUG GameScene            - Entity added to scene
23:13:04.358 [JavaFX Application Thread] DEBUG GameScene            - Added MainViewComponent
23:13:04.622 [JavaFX Application Thread] DEBUG FXGLAssetLoader      - Loading from cache: /assets/textures/missile.png
23:13:04.623 [JavaFX Application Thread] DEBUG GameScene            - Entity added to scene
23:13:04.623 [JavaFX Application Thread] DEBUG GameScene            - Added MainViewComponent
23:13:04.889 [JavaFX Application Thread] DEBUG FXGLAssetLoader      - Loading from cache: /assets/textures/missile.png
23:13:04.890 [JavaFX Application Thread] DEBUG GameScene            - Entity added to scene
23:13:04.890 [JavaFX Application Thread] DEBUG GameScene            - Added MainViewComponent
23:13:04.906 [JavaFX Application Thread] DEBUG GameScene            - Entity removed from scene
23:13:04.906 [JavaFX Application Thread] DEBUG GameScene            - Removed MainViewComponent
23:13:05.157 [JavaFX Application Thread] DEBUG FXGLAssetLoader      - Loading from cache: /assets/textures/missile.png
23:13:05.158 [JavaFX Application Thread] DEBUG GameScene            - Entity added to scene
23:13:05.159 [JavaFX Application Thread] DEBUG GameScene            - Added MainViewComponent
23:13:05.422 [JavaFX Application Thread] DEBUG FXGLAssetLoader      - Loading from cache: /assets/textures/missile.png
23:13:05.423 [JavaFX Application Thread] DEBUG GameScene            - Entity added to scene
23:13:05.423 [JavaFX Application Thread] DEBUG GameScene            - Added MainViewComponent
23:13:05.689 [JavaFX Application Thread] DEBUG FXGLAssetLoader      - Loading from cache: /assets/textures/missile.png
23:13:05.690 [JavaFX Application Thread] DEBUG GameScene            - Entity added to scene
23:13:05.690 [JavaFX Application Thread] DEBUG GameScene            - Added MainViewComponent
23:13:05.955 [JavaFX Application Thread] DEBUG FXGLAssetLoader      - Loading from cache: /assets/textures/missile.png
23:13:05.956 [JavaFX Application Thread] DEBUG GameScene            - Entity added to scene
23:13:05.956 [JavaFX Application Thread] DEBUG GameScene            - Added MainViewComponent
23:13:06.222 [JavaFX Application Thread] DEBUG FXGLAssetLoader      - Loading from cache: /assets/textures/missile.png
23:13:06.223 [JavaFX Application Thread] DEBUG GameScene            - Entity added to scene
23:13:06.223 [JavaFX Application Thread] DEBUG GameScene            - Added MainViewComponent
23:13:06.489 [JavaFX Application Thread] DEBUG FXGLAssetLoader      - Loading from cache: /assets/textures/missile.png
23:13:06.490 [JavaFX Application Thread] DEBUG GameScene            - Entity added to scene
23:13:06.490 [JavaFX Application Thread] DEBUG GameScene            - Added MainViewComponent
23:13:06.756 [JavaFX Application Thread] DEBUG FXGLAssetLoader      - Loading from cache: /assets/textures/missile.png
23:13:06.757 [JavaFX Application Thread] DEBUG GameScene            - Entity added to scene
23:13:06.757 [JavaFX Application Thread] DEBUG GameScene            - Added MainViewComponent
23:13:07.022 [JavaFX Application Thread] DEBUG FXGLAssetLoader      - Loading from cache: /assets/textures/missile.png
23:13:07.023 [JavaFX Application Thread] DEBUG GameScene            - Entity added to scene
23:13:07.023 [JavaFX Application Thread] DEBUG GameScene            - Added MainViewComponent
23:13:07.290 [JavaFX Application Thread] DEBUG FXGLAssetLoader      - Loading from cache: /assets/textures/missile.png
23:13:07.291 [JavaFX Application Thread] DEBUG GameScene            - Entity added to scene
23:13:07.291 [JavaFX Application Thread] DEBUG GameScene            - Added MainViewComponent
23:13:07.556 [JavaFX Application Thread] DEBUG FXGLAssetLoader      - Loading from cache: /assets/textures/missile.png
23:13:07.557 [JavaFX Application Thread] DEBUG GameScene            - Entity added to scene
23:13:07.557 [JavaFX Application Thread] DEBUG GameScene            - Added MainViewComponent
23:13:07.823 [JavaFX Application Thread] DEBUG FXGLAssetLoader      - Loading from cache: /assets/textures/missile.png
23:13:07.824 [JavaFX Application Thread] DEBUG GameScene            - Entity added to scene
23:13:07.824 [JavaFX Application Thread] DEBUG GameScene            - Added MainViewComponent
23:13:08.090 [JavaFX Application Thread] DEBUG FXGLAssetLoader      - Loading from cache: /assets/textures/missile.png
23:13:08.091 [JavaFX Application Thread] DEBUG GameScene            - Entity added to scene
23:13:08.091 [JavaFX Application Thread] DEBUG GameScene            - Added MainViewComponent
23:13:08.359 [JavaFX Application Thread] DEBUG FXGLAssetLoader      - Loading from cache: /assets/textures/missile.png
23:13:08.360 [JavaFX Application Thread] DEBUG GameScene            - Entity added to scene
23:13:08.360 [JavaFX Application Thread] DEBUG GameScene            - Added MainViewComponent
23:13:08.622 [JavaFX Application Thread] DEBUG FXGLAssetLoader      - Loading from cache: /assets/textures/missile.png
23:13:08.623 [JavaFX Application Thread] DEBUG GameScene            - Entity added to scene
23:13:08.623 [JavaFX Application Thread] DEBUG GameScene            - Added MainViewComponent
23:13:08.889 [JavaFX Application Thread] DEBUG FXGLAssetLoader      - Loading from cache: /assets/textures/missile.png
23:13:08.890 [JavaFX Application Thread] DEBUG GameScene            - Entity added to scene
23:13:08.890 [JavaFX Application Thread] DEBUG GameScene            - Added MainViewComponent
23:13:09.156 [JavaFX Application Thread] DEBUG FXGLAssetLoader      - Loading from cache: /assets/textures/missile.png
23:13:09.157 [JavaFX Application Thread] DEBUG GameScene            - Entity added to scene
23:13:09.157 [JavaFX Application Thread] DEBUG GameScene            - Added MainViewComponent
23:13:09.424 [JavaFX Application Thread] DEBUG FXGLAssetLoader      - Loading from cache: /assets/textures/missile.png
23:13:09.425 [JavaFX Application Thread] DEBUG GameScene            - Entity added to scene
23:13:09.425 [JavaFX Application Thread] DEBUG GameScene            - Added MainViewComponent
23:13:09.690 [JavaFX Application Thread] DEBUG FXGLAssetLoader      - Loading from cache: /assets/textures/missile.png
23:13:09.690 [JavaFX Application Thread] DEBUG GameScene            - Entity added to scene
23:13:09.690 [JavaFX Application Thread] DEBUG GameScene            - Added MainViewComponent
23:13:09.957 [JavaFX Application Thread] DEBUG FXGLAssetLoader      - Loading from cache: /assets/textures/missile.png
23:13:09.957 [JavaFX Application Thread] DEBUG GameScene            - Entity added to scene
23:13:09.957 [JavaFX Application Thread] DEBUG GameScene            - Added MainViewComponent
23:13:10.224 [JavaFX Application Thread] DEBUG FXGLAssetLoader      - Loading from cache: /assets/textures/missile.png
23:13:10.225 [JavaFX Application Thread] DEBUG GameScene            - Entity added to scene
23:13:10.225 [JavaFX Application Thread] DEBUG GameScene            - Added MainViewComponent
23:13:10.490 [JavaFX Application Thread] DEBUG FXGLAssetLoader      - Loading from cache: /assets/textures/missile.png
23:13:10.490 [JavaFX Application Thread] DEBUG GameScene            - Entity added to scene
23:13:10.491 [JavaFX Application Thread] DEBUG GameScene            - Added MainViewComponent
23:13:10.757 [JavaFX Application Thread] DEBUG FXGLAssetLoader      - Loading from cache: /assets/textures/missile.png
23:13:10.757 [JavaFX Application Thread] DEBUG GameScene            - Entity added to scene
23:13:10.757 [JavaFX Application Thread] DEBUG GameScene            - Added MainViewComponent
23:13:11.024 [JavaFX Application Thread] DEBUG FXGLAssetLoader      - Loading from cache: /assets/textures/missile.png
23:13:11.025 [JavaFX Application Thread] DEBUG GameScene            - Entity added to scene
23:13:11.025 [JavaFX Application Thread] DEBUG GameScene            - Added MainViewComponent
23:13:11.289 [JavaFX Application Thread] DEBUG FXGLAssetLoader      - Loading from cache: /assets/textures/missile.png
23:13:11.290 [JavaFX Application Thread] DEBUG GameScene            - Entity added to scene
23:13:11.290 [JavaFX Application Thread] DEBUG GameScene            - Added MainViewComponent
23:13:11.306 [JavaFX Application Thread] DEBUG GameScene            - Entity removed from scene
23:13:11.306 [JavaFX Application Thread] DEBUG GameScene            - Removed MainViewComponent
23:13:11.559 [JavaFX Application Thread] DEBUG FXGLAssetLoader      - Loading from cache: /assets/textures/missile.png
23:13:11.559 [JavaFX Application Thread] DEBUG GameScene            - Entity added to scene
23:13:11.559 [JavaFX Application Thread] DEBUG GameScene            - Added MainViewComponent
23:13:11.823 [JavaFX Application Thread] DEBUG FXGLAssetLoader      - Loading from cache: /assets/textures/missile.png
23:13:11.823 [JavaFX Application Thread] DEBUG GameScene            - Entity added to scene
23:13:11.823 [JavaFX Application Thread] DEBUG GameScene            - Added MainViewComponent
23:13:12.090 [JavaFX Application Thread] DEBUG FXGLAssetLoader      - Loading from cache: /assets/textures/missile.png
23:13:12.091 [JavaFX Application Thread] DEBUG GameScene            - Entity added to scene
23:13:12.091 [JavaFX Application Thread] DEBUG GameScene            - Added MainViewComponent
23:13:12.357 [JavaFX Application Thread] DEBUG FXGLAssetLoader      - Loading from cache: /assets/textures/missile.png
23:13:12.357 [JavaFX Application Thread] DEBUG GameScene            - Entity added to scene
23:13:12.357 [JavaFX Application Thread] DEBUG GameScene            - Added MainViewComponent
23:13:12.622 [JavaFX Application Thread] DEBUG FXGLAssetLoader      - Loading from cache: /assets/textures/missile.png
23:13:12.623 [JavaFX Application Thread] DEBUG GameScene            - Entity added to scene
23:13:12.623 [JavaFX Application Thread] DEBUG GameScene            - Added MainViewComponent
23:13:12.889 [JavaFX Application Thread] DEBUG FXGLAssetLoader      - Loading from cache: /assets/textures/missile.png
23:13:12.889 [JavaFX Application Thread] DEBUG GameScene            - Entity added to scene
23:13:12.890 [JavaFX Application Thread] DEBUG GameScene            - Added MainViewComponent
23:13:13.156 [JavaFX Application Thread] DEBUG FXGLAssetLoader      - Loading from cache: /assets/textures/missile.png
23:13:13.157 [JavaFX Application Thread] DEBUG GameScene            - Entity added to scene
23:13:13.157 [JavaFX Application Thread] DEBUG GameScene            - Added MainViewComponent
23:13:13.423 [JavaFX Application Thread] DEBUG FXGLAssetLoader      - Loading from cache: /assets/textures/missile.png
23:13:13.424 [JavaFX Application Thread] DEBUG GameScene            - Entity added to scene
23:13:13.424 [JavaFX Application Thread] DEBUG GameScene            - Added MainViewComponent
23:13:13.690 [JavaFX Application Thread] DEBUG FXGLAssetLoader      - Loading from cache: /assets/textures/missile.png
23:13:13.690 [JavaFX Application Thread] DEBUG GameScene            - Entity added to scene
23:13:13.691 [JavaFX Application Thread] DEBUG GameScene            - Added MainViewComponent
23:13:13.956 [JavaFX Application Thread] DEBUG FXGLAssetLoader      - Loading from cache: /assets/textures/missile.png
23:13:13.957 [JavaFX Application Thread] DEBUG GameScene            - Entity added to scene
23:13:13.957 [JavaFX Application Thread] DEBUG GameScene            - Added MainViewComponent
23:13:14.223 [JavaFX Application Thread] DEBUG FXGLAssetLoader      - Loading from cache: /assets/textures/missile.png
23:13:14.223 [JavaFX Application Thread] DEBUG GameScene            - Entity added to scene
23:13:14.223 [JavaFX Application Thread] DEBUG GameScene            - Added MainViewComponent
23:13:14.490 [JavaFX Application Thread] DEBUG FXGLAssetLoader      - Loading from cache: /assets/textures/missile.png
23:13:14.491 [JavaFX Application Thread] DEBUG GameScene            - Entity added to scene
23:13:14.491 [JavaFX Application Thread] DEBUG GameScene            - Added MainViewComponent
23:13:14.756 [JavaFX Application Thread] DEBUG FXGLAssetLoader      - Loading from cache: /assets/textures/missile.png
23:13:14.757 [JavaFX Application Thread] DEBUG GameScene            - Entity added to scene
23:13:14.757 [JavaFX Application Thread] DEBUG GameScene            - Added MainViewComponent
23:13:15.091 [JavaFX Application Thread] DEBUG FXGLAssetLoader      - Loading from cache: /assets/textures/missile.png
23:13:15.091 [JavaFX Application Thread] DEBUG GameScene            - Entity added to scene
23:13:15.091 [JavaFX Application Thread] DEBUG GameScene            - Added MainViewComponent
23:13:15.356 [JavaFX Application Thread] DEBUG FXGLAssetLoader      - Loading from cache: /assets/textures/missile.png
23:13:15.356 [JavaFX Application Thread] DEBUG GameScene            - Entity added to scene
23:13:15.356 [JavaFX Application Thread] DEBUG GameScene            - Added MainViewComponent
23:13:15.622 [JavaFX Application Thread] DEBUG FXGLAssetLoader      - Loading from cache: /assets/textures/missile.png
23:13:15.623 [JavaFX Application Thread] DEBUG GameScene            - Entity added to scene
23:13:15.623 [JavaFX Application Thread] DEBUG GameScene            - Added MainViewComponent
23:13:15.892 [JavaFX Application Thread] DEBUG FXGLAssetLoader      - Loading from cache: /assets/textures/missile.png
23:13:15.893 [JavaFX Application Thread] DEBUG GameScene            - Entity added to scene
23:13:15.893 [JavaFX Application Thread] DEBUG GameScene            - Added MainViewComponent
23:13:16.160 [JavaFX Application Thread] DEBUG FXGLAssetLoader      - Loading from cache: /assets/textures/missile.png
23:13:16.161 [JavaFX Application Thread] DEBUG GameScene            - Entity added to scene
23:13:16.161 [JavaFX Application Thread] DEBUG GameScene            - Added MainViewComponent
23:13:16.423 [JavaFX Application Thread] DEBUG FXGLAssetLoader      - Loading from cache: /assets/textures/missile.png
23:13:16.423 [JavaFX Application Thread] DEBUG GameScene            - Entity added to scene
23:13:16.423 [JavaFX Application Thread] DEBUG GameScene            - Added MainViewComponent
23:13:16.690 [JavaFX Application Thread] DEBUG FXGLAssetLoader      - Loading from cache: /assets/textures/missile.png
23:13:16.690 [JavaFX Application Thread] DEBUG GameScene            - Entity added to scene
23:13:16.690 [JavaFX Application Thread] DEBUG GameScene            - Added MainViewComponent
23:13:16.958 [JavaFX Application Thread] DEBUG FXGLAssetLoader      - Loading from cache: /assets/textures/missile.png
23:13:16.958 [JavaFX Application Thread] DEBUG GameScene            - Entity added to scene
23:13:16.958 [JavaFX Application Thread] DEBUG GameScene            - Added MainViewComponent
23:13:17.224 [JavaFX Application Thread] DEBUG FXGLAssetLoader      - Loading from cache: /assets/textures/missile.png
23:13:17.225 [JavaFX Application Thread] DEBUG GameScene            - Entity added to scene
23:13:17.225 [JavaFX Application Thread] DEBUG GameScene            - Added MainViewComponent
23:13:17.491 [JavaFX Application Thread] DEBUG FXGLAssetLoader      - Loading from cache: /assets/textures/missile.png
23:13:17.492 [JavaFX Application Thread] DEBUG GameScene            - Entity added to scene
23:13:17.492 [JavaFX Application Thread] DEBUG GameScene            - Added MainViewComponent
23:13:18.040 [JavaFX Application Thread] DEBUG FXGLEventBus         - Firing event: DisplayEvent[type=CLOSE_REQUEST]
23:13:18.042 [JavaFX Application Thread] DEBUG FXGLEventBus         - Firing event: FXGLEvent[type=EXIT]
23:13:18.042 [JavaFX Application Thread] DEBUG FXGL                 - Saving FXGL system data
23:13:18.043 [JavaFX Application Thread] DEBUG IOTask               - Executing task: writeDataTask(system/fxgl.bundle)
23:13:18.044 [JavaFX Application Thread] DEBUG FS                   - Writing to: system\fxgl.bundle
23:13:18.048 [JavaFX Application Thread] DEBUG IOTask               - Task succeeded: writeDataTask(system/fxgl.bundle)
