14:24:44.270 [FXGL Launcher Thread     ] DEBUG FXGLLoggerFactory    - Service [LoggerFactory] initialized
14:24:44.277 [FXGL Launcher Thread     ] DEBUG FXGL                 - FXGL configuration complete
14:24:44.277 [FXGL Launcher Thread     ] DEBUG FXGL                 - Loading FXGL system data
14:24:44.282 [FXGL Launcher Thread     ] DEBUG IOTask               - Executing task: readDataTask(system/fxgl.bundle)
14:24:44.287 [FXGL Launcher Thread     ] DEBUG FS                   - Reading from: system\fxgl.bundle
14:24:44.296 [FXGL Launcher Thread     ] DEBUG IOTask               - Task succeeded: readDataTask(system/fxgl.bundle)
14:24:44.297 [FXGL Launcher Thread     ] DEBUG Bundle               - Logging bundle: FXGL
14:24:44.298 [FXGL Launcher Thread     ] DEBUG Bundle               - FXGL.offline.timer.version.check=2016-12-20T08:49:00.039
14:24:44.311 [FXGL Launcher Thread     ] DEBUG GameApplication      - Configuring GameApplication
14:24:44.316 [FXGL Launcher Thread     ] DEBUG FXGLExceptionHandler - Service [ExceptionHandler] initialized
14:24:44.317 [FXGL Launcher Thread     ] DEBUG FXGLEventBus         - Service [EventBus] initialized
14:24:44.322 [FXGL Launcher Thread     ] DEBUG FXGLExecutor         - Service [Executor] initialized
14:24:44.322 [FXGL Launcher Thread     ] DEBUG PreInitTask          - Injecting gameWorld & physicsWorld
14:24:44.330 [FXGL Launcher Thread     ] DEBUG GameWorld            - Game world initialized
14:24:44.385 [FXGL Launcher Thread     ] DEBUG FXGLPooler           - Service [Pooler] initialized with default size = 128
14:24:44.386 [FXGL Launcher Thread     ] DEBUG PhysicsWorld         - Physics world initialized: appHeight=700.0, physics.ppm=50.0
14:24:44.388 [FXGL Launcher Thread     ] DEBUG FXGLInput            - Service [Input] initialized
14:24:44.413 [FXGL Launcher Thread     ] DEBUG FXGLInput            - Registered new binding: Screenshot - P
14:24:44.414 [FXGL Launcher Thread     ] DEBUG FXGLInput            - Registered new binding: Dev Options - CTRL+0
14:24:44.415 [FXGL Launcher Thread     ] DEBUG FXGLInput            - Registered new binding: Spawn Anti-Ballistic - PRIMARY
14:24:44.451 [FXGL Launcher Thread     ] DEBUG GameScene            - Game scene initialized: 800.0x700.0
14:24:44.462 [FXGL Launcher Thread     ] DEBUG FXGLAssetLoader      - Service [AssetLoader] initialized: cacheSize=35
14:24:44.465 [FXGL Launcher Thread     ] DEBUG FXGLAssetLoader      - Loading from disk: /assets/sounds/system/notification.wav
14:24:44.533 [FXGL Launcher Thread     ] DEBUG FXGLAssetLoader      - Loading from disk: /assets/sounds/menu/select.wav
14:24:44.536 [FXGL Launcher Thread     ] DEBUG FXGLAssetLoader      - Loading from disk: /assets/sounds/menu/back.wav
14:24:44.539 [FXGL Launcher Thread     ] DEBUG FXGLAssetLoader      - Loading from disk: /assets/sounds/menu/press.wav
14:24:44.543 [FXGL Launcher Thread     ] DEBUG FXGLAssetLoader      - Loading from disk: /assets/ui/fonts/Copperplate_Gothic_Light_Regular.ttf
14:24:44.657 [FXGL Launcher Thread     ] DEBUG FXGLAssetLoader      - Loading from disk: /assets/ui/css/fxgl.css
14:24:44.657 [FXGL Launcher Thread     ] DEBUG FXGLAssetLoader      - Loading from disk: /assets/ui/icons/fxgl_icon.png
14:24:44.724 [FXGL Launcher Thread     ] DEBUG FXGLAssetLoader      - Loading from disk: /assets/ui/css/fxgl_dark.css
14:24:44.745 [FXGL Launcher Thread     ] DEBUG FXGLDisplay          - Target size: DoubleProperty [value: 800.0] x DoubleProperty [value: 700.0] @ 1.0
14:24:44.745 [FXGL Launcher Thread     ] DEBUG FXGLDisplay          - New size:    800.0 x 700.0 @ DoubleProperty [value: 1.0]
14:24:44.746 [FXGL Launcher Thread     ] DEBUG FXGLDisplay          - Service [Display] initialized
14:24:44.747 [FXGL Launcher Thread     ] DEBUG FXGLDisplay          - Using CSS: CSS(externalForm=jar:file:/C:/Users/Tyler/Downloads/FXGL-0.2.8-uber.jar!/assets/ui/css/fxgl_dark.css)
14:24:44.747 [FXGL Launcher Thread     ] DEBUG InitScenesTask       - Injecting loadingScene & gameScene
14:24:44.787 [FXGL Launcher Thread     ] DEBUG FXGLMasterTimer      - Service [MasterTimer] initialized
14:24:44.792 [FXGL Launcher Thread     ] DEBUG FXGLAudioPlayer      - Service [AudioPlayer] initialized
14:24:44.807 [FXGL Launcher Thread     ] DEBUG InitProfilerTask     - Injecting profiler
14:24:44.807 [FXGL Launcher Thread     ] DEBUG GameApplication      - Starting new game
14:24:44.812 [FXGL Launcher Thread     ] DEBUG GameApplication      - Initializing App
14:24:44.814 [FXGL Launcher Thread     ] DEBUG FXGLInput            - Clearing active input actions
14:24:44.815 [FXGL Launcher Thread     ] DEBUG FXGLMasterTimer      - Stopping master timer
14:24:44.816 [FXGL Launcher Thread     ] DEBUG GameApplication      - State: STARTUP -> PAUSED
14:24:44.817 [FXGL Launcher Thread     ] DEBUG FXGLEventBus         - Firing event: FXGLEvent[type=PAUSE]
14:24:44.820 [FXGL Launcher Thread     ] DEBUG FXGLInput            - Clearing active input actions
14:24:44.820 [FXGL Launcher Thread     ] DEBUG FXGLMasterTimer      - Resetting ticks and clearing all actions
14:24:44.820 [FXGL Launcher Thread     ] DEBUG GameWorld            - Resetting game world
14:24:44.820 [FXGL Launcher Thread     ] TRACE EntityWorld          - Resetting entity world
14:24:44.823 [FXGL Launcher Thread     ] DEBUG PhysicsWorld         - Resetting physics world
14:24:44.824 [FXGL Launcher Thread     ] DEBUG GameScene            - Resetting game scene
14:24:44.824 [FXGL Launcher Thread     ] DEBUG FXGLEventBus         - Firing event: FXGLEvent[type=RESET]
14:24:44.908 [FXGL Launcher Thread     ] DEBUG GameApplication      - State: PAUSED -> LOADING
14:24:44.970 [FXGL Background Thread 1 ] DEBUG InitAppTask          - Initializing Assets
14:24:44.972 [FXGL Background Thread 1 ] DEBUG InitAppTask          - Initializing Game
14:24:45.041 [FXGL Background Thread 1 ] DEBUG FXGLAssetLoader      - Loading from disk: /assets/ui/cursors/crosshair.png
14:24:45.064 [FXGL Background Thread 1 ] DEBUG FXGLAssetLoader      - Loading from disk: /assets/textures/city.png
14:24:45.076 [FXGL Background Thread 1 ] DEBUG FXGLAssetLoader      - Loading from cache: /assets/textures/city.png
14:24:45.078 [FXGL Background Thread 1 ] DEBUG FXGLAssetLoader      - Loading from cache: /assets/textures/city.png
14:24:45.079 [FXGL Background Thread 1 ] DEBUG FXGLAssetLoader      - Loading from cache: /assets/textures/city.png
14:24:45.080 [FXGL Background Thread 1 ] DEBUG FXGLAssetLoader      - Loading from cache: /assets/textures/city.png
14:24:45.082 [FXGL Background Thread 1 ] DEBUG FXGLAssetLoader      - Loading from cache: /assets/textures/city.png
14:24:45.089 [FXGL Background Thread 1 ] DEBUG InitAppTask          - Initializing Physics
14:24:45.090 [FXGL Background Thread 1 ] DEBUG InitAppTask          - Initializing UI
14:24:45.099 [FXGL Background Thread 1 ] DEBUG GameScene            - Adding UI node: Text[text="Missile Command", x=0.0, y=0.0, alignment=LEFT, origin=BASELINE, boundsType=LOGICAL, font=Font[name=Copperplate Gothic Light, family=Copperplate Gothic Light, style=Regular, size=48.0], fontSmoothingType=GRAY, fill=0x0000ffff]
14:24:45.103 [FXGL Background Thread 1 ] DEBUG GameScene            - Adding UI node: Text[text="Cities Remaining: 6", x=0.0, y=0.0, alignment=LEFT, origin=BASELINE, boundsType=LOGICAL, font=Font[name=Copperplate Gothic Light, family=Copperplate Gothic Light, style=Regular, size=20.0], fontSmoothingType=GRAY, fill=0xffffffff]
14:24:45.104 [FXGL Background Thread 1 ] DEBUG GameScene            - Adding UI node: Text[text="", x=0.0, y=0.0, alignment=LEFT, origin=BASELINE, boundsType=LOGICAL, font=Font[name=Copperplate Gothic Light, family=Copperplate Gothic Light, style=Regular, size=10.0], fontSmoothingType=GRAY, fill=0x008000ff]
14:24:45.104 [FXGL Background Thread 1 ] DEBUG FXGLAssetLoader      - Loading from disk: /assets/textures/bg.jpg
14:24:45.112 [JavaFX Application Thread] DEBUG FXGLDisplay          - Showing stage
14:24:45.113 [JavaFX Application Thread] DEBUG FXGLDisplay          - Root size: 800.0x700.0
14:24:45.113 [JavaFX Application Thread] DEBUG FXGLDisplay          - Scene size: 800.0x700.0
14:24:45.113 [JavaFX Application Thread] DEBUG FXGLDisplay          - Stage size: 816.0x739.0
14:24:45.149 [FXGL Background Thread 1 ] DEBUG GameScene            - Creating render group for layer: TOP(2147483647)
14:24:45.152 [FXGL Background Thread 1 ] DEBUG InitAppTask          - Initialization Complete
14:24:45.233 [JavaFX Application Thread] DEBUG FXGLInput            - Clearing active input actions
14:24:45.234 [JavaFX Application Thread] DEBUG FXGLMasterTimer      - Starting master timer
14:24:45.234 [JavaFX Application Thread] DEBUG GameApplication      - State: LOADING -> PLAYING
14:24:45.243 [JavaFX Application Thread] DEBUG FXGLEventBus         - Firing event: FXGLEvent[type=RESUME]
14:24:45.264 [JavaFX Application Thread] DEBUG GameScene            - Entity added to scene
14:24:45.267 [JavaFX Application Thread] DEBUG GameScene            - Added MainViewComponent
14:24:45.268 [JavaFX Application Thread] DEBUG GameScene            - Creating render group for layer: BACKGROUND(1000)
14:24:45.273 [JavaFX Application Thread] DEBUG GameScene            - Entity added to scene
14:24:45.273 [JavaFX Application Thread] DEBUG GameScene            - Added MainViewComponent
14:24:45.274 [JavaFX Application Thread] DEBUG GameScene            - Entity added to scene
14:24:45.275 [JavaFX Application Thread] DEBUG GameScene            - Added MainViewComponent
14:24:45.276 [JavaFX Application Thread] DEBUG GameScene            - Entity added to scene
14:24:45.276 [JavaFX Application Thread] DEBUG GameScene            - Added MainViewComponent
14:24:45.277 [JavaFX Application Thread] DEBUG GameScene            - Entity added to scene
14:24:45.277 [JavaFX Application Thread] DEBUG GameScene            - Added MainViewComponent
14:24:45.277 [JavaFX Application Thread] DEBUG GameScene            - Entity added to scene
14:24:45.277 [JavaFX Application Thread] DEBUG GameScene            - Added MainViewComponent
14:24:45.278 [JavaFX Application Thread] DEBUG GameScene            - Entity added to scene
14:24:45.278 [JavaFX Application Thread] DEBUG GameScene            - Added MainViewComponent
14:24:45.279 [JavaFX Application Thread] DEBUG GameScene            - Entity added to scene
14:24:45.279 [JavaFX Application Thread] DEBUG GameScene            - Added MainViewComponent
14:24:45.279 [JavaFX Application Thread] DEBUG GameScene            - Entity added to scene
14:24:45.279 [JavaFX Application Thread] DEBUG GameScene            - Added MainViewComponent
14:24:45.280 [JavaFX Application Thread] DEBUG GameScene            - Entity added to scene
14:24:45.280 [JavaFX Application Thread] DEBUG GameScene            - Added MainViewComponent
14:24:45.771 [JavaFX Application Thread] DEBUG FXGLAssetLoader      - Loading from disk: /assets/textures/missile.png
14:24:45.773 [JavaFX Application Thread] DEBUG GameScene            - Entity added to scene
14:24:45.773 [JavaFX Application Thread] DEBUG GameScene            - Added MainViewComponent
14:24:46.033 [JavaFX Application Thread] DEBUG FXGLAssetLoader      - Loading from cache: /assets/textures/missile.png
14:24:46.034 [JavaFX Application Thread] DEBUG GameScene            - Entity added to scene
14:24:46.034 [JavaFX Application Thread] DEBUG GameScene            - Added MainViewComponent
14:24:46.268 [JavaFX Application Thread] DEBUG FXGLAssetLoader      - Loading from disk: /assets/textures/explosionTwo.gif
14:24:46.284 [JavaFX Application Thread] DEBUG GameScene            - Entity added to scene
14:24:46.284 [JavaFX Application Thread] DEBUG GameScene            - Added MainViewComponent
14:24:46.285 [JavaFX Application Thread] DEBUG GameScene            - Entity removed from scene
14:24:46.286 [JavaFX Application Thread] DEBUG GameScene            - Removed MainViewComponent
14:24:46.301 [JavaFX Application Thread] DEBUG FXGLAssetLoader      - Loading from cache: /assets/textures/missile.png
14:24:46.302 [JavaFX Application Thread] DEBUG GameScene            - Entity added to scene
14:24:46.302 [JavaFX Application Thread] DEBUG GameScene            - Added MainViewComponent
14:24:46.469 [JavaFX Application Thread] DEBUG FXGLAssetLoader      - Loading from cache: /assets/textures/missile.png
14:24:46.472 [JavaFX Application Thread] DEBUG GameScene            - Entity added to scene
14:24:46.472 [JavaFX Application Thread] DEBUG GameScene            - Added MainViewComponent
14:24:46.538 [JavaFX Application Thread] DEBUG GameScene            - Entity removed from scene
14:24:46.538 [JavaFX Application Thread] DEBUG GameScene            - Removed MainViewComponent
14:24:46.570 [JavaFX Application Thread] DEBUG FXGLAssetLoader      - Loading from cache: /assets/textures/missile.png
14:24:46.571 [JavaFX Application Thread] DEBUG GameScene            - Entity added to scene
14:24:46.571 [JavaFX Application Thread] DEBUG GameScene            - Added MainViewComponent
14:24:46.605 [JavaFX Application Thread] DEBUG FXGLAssetLoader      - Loading from cache: /assets/textures/explosionTwo.gif
14:24:46.620 [JavaFX Application Thread] DEBUG GameScene            - Entity added to scene
14:24:46.620 [JavaFX Application Thread] DEBUG GameScene            - Added MainViewComponent
14:24:46.621 [JavaFX Application Thread] DEBUG GameScene            - Entity removed from scene
14:24:46.621 [JavaFX Application Thread] DEBUG GameScene            - Removed MainViewComponent
14:24:46.772 [JavaFX Application Thread] DEBUG FXGLAssetLoader      - Loading from cache: /assets/textures/explosionTwo.gif
14:24:46.788 [JavaFX Application Thread] DEBUG GameScene            - Entity added to scene
14:24:46.788 [JavaFX Application Thread] DEBUG GameScene            - Added MainViewComponent
14:24:46.789 [JavaFX Application Thread] DEBUG GameScene            - Entity removed from scene
14:24:46.789 [JavaFX Application Thread] DEBUG GameScene            - Removed MainViewComponent
14:24:46.839 [JavaFX Application Thread] DEBUG FXGLAssetLoader      - Loading from cache: /assets/textures/missile.png
14:24:46.840 [JavaFX Application Thread] DEBUG GameScene            - Entity added to scene
14:24:46.840 [JavaFX Application Thread] DEBUG GameScene            - Added MainViewComponent
14:24:46.871 [JavaFX Application Thread] DEBUG GameScene            - Entity removed from scene
14:24:46.871 [JavaFX Application Thread] DEBUG GameScene            - Removed MainViewComponent
14:24:46.939 [JavaFX Application Thread] DEBUG FXGLAssetLoader      - Loading from cache: /assets/textures/explosionTwo.gif
14:24:46.955 [JavaFX Application Thread] DEBUG GameScene            - Entity added to scene
14:24:46.955 [JavaFX Application Thread] DEBUG GameScene            - Added MainViewComponent
14:24:46.956 [JavaFX Application Thread] DEBUG GameScene            - Entity removed from scene
14:24:46.956 [JavaFX Application Thread] DEBUG GameScene            - Removed MainViewComponent
14:24:47.039 [JavaFX Application Thread] DEBUG GameScene            - Entity removed from scene
14:24:47.039 [JavaFX Application Thread] DEBUG GameScene            - Removed MainViewComponent
14:24:47.107 [JavaFX Application Thread] DEBUG FXGLAssetLoader      - Loading from cache: /assets/textures/missile.png
14:24:47.108 [JavaFX Application Thread] DEBUG GameScene            - Entity added to scene
14:24:47.108 [JavaFX Application Thread] DEBUG GameScene            - Added MainViewComponent
14:24:47.206 [JavaFX Application Thread] DEBUG GameScene            - Entity removed from scene
14:24:47.206 [JavaFX Application Thread] DEBUG GameScene            - Removed MainViewComponent
14:24:47.223 [JavaFX Application Thread] DEBUG FXGLAssetLoader      - Loading from cache: /assets/textures/explosionTwo.gif
14:24:47.239 [JavaFX Application Thread] DEBUG GameScene            - Entity added to scene
14:24:47.239 [JavaFX Application Thread] DEBUG GameScene            - Added MainViewComponent
14:24:47.240 [JavaFX Application Thread] DEBUG GameScene            - Entity removed from scene
14:24:47.240 [JavaFX Application Thread] DEBUG GameScene            - Removed MainViewComponent
14:24:47.374 [JavaFX Application Thread] DEBUG FXGLAssetLoader      - Loading from cache: /assets/textures/missile.png
14:24:47.376 [JavaFX Application Thread] DEBUG GameScene            - Entity added to scene
14:24:47.376 [JavaFX Application Thread] DEBUG GameScene            - Added MainViewComponent
14:24:47.474 [JavaFX Application Thread] DEBUG GameScene            - Entity removed from scene
14:24:47.474 [JavaFX Application Thread] DEBUG GameScene            - Removed MainViewComponent
14:24:47.508 [JavaFX Application Thread] DEBUG FXGLAssetLoader      - Loading from cache: /assets/textures/missile.png
14:24:47.510 [JavaFX Application Thread] DEBUG GameScene            - Entity added to scene
14:24:47.510 [JavaFX Application Thread] DEBUG GameScene            - Added MainViewComponent
14:24:47.642 [JavaFX Application Thread] DEBUG FXGLAssetLoader      - Loading from cache: /assets/textures/missile.png
14:24:47.644 [JavaFX Application Thread] DEBUG GameScene            - Entity added to scene
14:24:47.644 [JavaFX Application Thread] DEBUG GameScene            - Added MainViewComponent
14:24:47.827 [JavaFX Application Thread] DEBUG FXGLAssetLoader      - Loading from cache: /assets/textures/explosionTwo.gif
14:24:47.843 [JavaFX Application Thread] DEBUG GameScene            - Entity added to scene
14:24:47.843 [JavaFX Application Thread] DEBUG GameScene            - Added MainViewComponent
14:24:47.844 [JavaFX Application Thread] DEBUG GameScene            - Entity removed from scene
14:24:47.845 [JavaFX Application Thread] DEBUG GameScene            - Removed MainViewComponent
14:24:47.911 [JavaFX Application Thread] DEBUG FXGLAssetLoader      - Loading from cache: /assets/textures/missile.png
14:24:47.912 [JavaFX Application Thread] DEBUG GameScene            - Entity added to scene
14:24:47.912 [JavaFX Application Thread] DEBUG GameScene            - Added MainViewComponent
14:24:48.095 [JavaFX Application Thread] DEBUG GameScene            - Entity removed from scene
14:24:48.095 [JavaFX Application Thread] DEBUG GameScene            - Removed MainViewComponent
14:24:48.112 [JavaFX Application Thread] DEBUG FXGLAssetLoader      - Loading from cache: /assets/textures/explosionTwo.gif
14:24:48.128 [JavaFX Application Thread] DEBUG GameScene            - Entity added to scene
14:24:48.128 [JavaFX Application Thread] DEBUG GameScene            - Added MainViewComponent
14:24:48.129 [JavaFX Application Thread] DEBUG GameScene            - Entity removed from scene
14:24:48.129 [JavaFX Application Thread] DEBUG GameScene            - Removed MainViewComponent
14:24:48.179 [JavaFX Application Thread] DEBUG FXGLAssetLoader      - Loading from cache: /assets/textures/missile.png
14:24:48.180 [JavaFX Application Thread] DEBUG GameScene            - Entity added to scene
14:24:48.180 [JavaFX Application Thread] DEBUG GameScene            - Added MainViewComponent
14:24:48.379 [JavaFX Application Thread] DEBUG GameScene            - Entity removed from scene
14:24:48.379 [JavaFX Application Thread] DEBUG GameScene            - Removed MainViewComponent
14:24:48.430 [JavaFX Application Thread] DEBUG FXGLAssetLoader      - Loading from cache: /assets/textures/explosionTwo.gif
14:24:48.446 [JavaFX Application Thread] DEBUG FXGLAssetLoader      - Loading from cache: /assets/textures/missile.png
14:24:48.447 [JavaFX Application Thread] DEBUG GameScene            - Entity added to scene
14:24:48.447 [JavaFX Application Thread] DEBUG GameScene            - Added MainViewComponent
14:24:48.448 [JavaFX Application Thread] DEBUG GameScene            - Entity added to scene
14:24:48.448 [JavaFX Application Thread] DEBUG GameScene            - Added MainViewComponent
14:24:48.449 [JavaFX Application Thread] DEBUG GameScene            - Entity removed from scene
14:24:48.449 [JavaFX Application Thread] DEBUG GameScene            - Removed MainViewComponent
14:24:48.529 [JavaFX Application Thread] DEBUG FXGLAssetLoader      - Loading from cache: /assets/textures/missile.png
14:24:48.530 [JavaFX Application Thread] DEBUG GameScene            - Entity added to scene
14:24:48.531 [JavaFX Application Thread] DEBUG GameScene            - Added MainViewComponent
14:24:48.580 [JavaFX Application Thread] DEBUG FXGLAssetLoader      - Loading from cache: /assets/textures/explosionTwo.gif
14:24:48.596 [JavaFX Application Thread] DEBUG GameScene            - Entity added to scene
14:24:48.596 [JavaFX Application Thread] DEBUG GameScene            - Added MainViewComponent
14:24:48.597 [JavaFX Application Thread] DEBUG GameScene            - Entity removed from scene
14:24:48.597 [JavaFX Application Thread] DEBUG GameScene            - Removed MainViewComponent
14:24:48.696 [JavaFX Application Thread] DEBUG GameScene            - Entity removed from scene
14:24:48.696 [JavaFX Application Thread] DEBUG GameScene            - Removed MainViewComponent
14:24:48.714 [JavaFX Application Thread] DEBUG FXGLAssetLoader      - Loading from cache: /assets/textures/missile.png
14:24:48.715 [JavaFX Application Thread] DEBUG GameScene            - Entity added to scene
14:24:48.715 [JavaFX Application Thread] DEBUG GameScene            - Added MainViewComponent
14:24:48.848 [JavaFX Application Thread] DEBUG GameScene            - Entity removed from scene
14:24:48.848 [JavaFX Application Thread] DEBUG GameScene            - Removed MainViewComponent
14:24:48.983 [JavaFX Application Thread] DEBUG FXGLAssetLoader      - Loading from cache: /assets/textures/missile.png
14:24:48.983 [JavaFX Application Thread] DEBUG GameScene            - Entity added to scene
14:24:48.984 [JavaFX Application Thread] DEBUG GameScene            - Added MainViewComponent
14:24:49.116 [JavaFX Application Thread] DEBUG GameScene            - Removing UI node: Text[text="Missile Command", x=0.0, y=0.0, alignment=LEFT, origin=BASELINE, boundsType=LOGICAL, font=Font[name=Copperplate Gothic Light, family=Copperplate Gothic Light, style=Regular, size=48.0], fontSmoothingType=GRAY, fill=0x0000ffff]
14:24:49.251 [JavaFX Application Thread] DEBUG FXGLAssetLoader      - Loading from cache: /assets/textures/missile.png
14:24:49.251 [JavaFX Application Thread] DEBUG GameScene            - Entity added to scene
14:24:49.251 [JavaFX Application Thread] DEBUG GameScene            - Added MainViewComponent
14:24:49.418 [JavaFX Application Thread] DEBUG FXGLAssetLoader      - Loading from cache: /assets/textures/explosionTwo.gif
14:24:49.433 [JavaFX Application Thread] DEBUG GameScene            - Entity added to scene
14:24:49.434 [JavaFX Application Thread] DEBUG GameScene            - Added MainViewComponent
14:24:49.435 [JavaFX Application Thread] DEBUG GameScene            - Entity removed from scene
14:24:49.435 [JavaFX Application Thread] DEBUG GameScene            - Removed MainViewComponent
14:24:49.518 [JavaFX Application Thread] DEBUG FXGLAssetLoader      - Loading from cache: /assets/textures/missile.png
14:24:49.519 [JavaFX Application Thread] DEBUG GameScene            - Entity added to scene
14:24:49.519 [JavaFX Application Thread] DEBUG GameScene            - Added MainViewComponent
14:24:49.551 [JavaFX Application Thread] DEBUG FXGLAssetLoader      - Loading from cache: /assets/textures/missile.png
14:24:49.552 [JavaFX Application Thread] DEBUG GameScene            - Entity added to scene
14:24:49.552 [JavaFX Application Thread] DEBUG GameScene            - Added MainViewComponent
14:24:49.619 [JavaFX Application Thread] DEBUG FXGLAssetLoader      - Loading from cache: /assets/textures/explosionTwo.gif
14:24:49.635 [JavaFX Application Thread] DEBUG GameScene            - Entity added to scene
14:24:49.635 [JavaFX Application Thread] DEBUG GameScene            - Added MainViewComponent
14:24:49.636 [JavaFX Application Thread] DEBUG GameScene            - Entity removed from scene
14:24:49.636 [JavaFX Application Thread] DEBUG GameScene            - Removed MainViewComponent
14:24:49.685 [JavaFX Application Thread] DEBUG GameScene            - Entity removed from scene
14:24:49.685 [JavaFX Application Thread] DEBUG GameScene            - Removed MainViewComponent
14:24:49.773 [JavaFX Application Thread] DEBUG FXGLAssetLoader      - Loading from cache: /assets/textures/explosionTwo.gif
14:24:49.790 [JavaFX Application Thread] DEBUG FXGLAssetLoader      - Loading from cache: /assets/textures/missile.png
14:24:49.791 [JavaFX Application Thread] DEBUG GameScene            - Entity added to scene
14:24:49.791 [JavaFX Application Thread] DEBUG GameScene            - Added MainViewComponent
14:24:49.793 [JavaFX Application Thread] DEBUG GameScene            - Entity added to scene
14:24:49.794 [JavaFX Application Thread] DEBUG GameScene            - Added MainViewComponent
14:24:49.794 [JavaFX Application Thread] DEBUG GameScene            - Entity removed from scene
14:24:49.794 [JavaFX Application Thread] DEBUG GameScene            - Removed MainViewComponent
14:24:49.803 [JavaFX Application Thread] DEBUG GameScene            - Entity removed from scene
14:24:49.804 [JavaFX Application Thread] DEBUG GameScene            - Removed MainViewComponent
14:24:49.887 [JavaFX Application Thread] DEBUG GameScene            - Entity removed from scene
14:24:49.887 [JavaFX Application Thread] DEBUG GameScene            - Removed MainViewComponent
14:24:49.924 [JavaFX Application Thread] DEBUG FXGLAssetLoader      - Loading from cache: /assets/textures/explosionTwo.gif
14:24:49.938 [JavaFX Application Thread] DEBUG GameScene            - Entity added to scene
14:24:49.938 [JavaFX Application Thread] DEBUG GameScene            - Added MainViewComponent
14:24:49.940 [JavaFX Application Thread] DEBUG GameScene            - Entity removed from scene
14:24:49.940 [JavaFX Application Thread] DEBUG GameScene            - Removed MainViewComponent
14:24:49.942 [JavaFX Application Thread] DEBUG FXGLAssetLoader      - Loading from cache: /assets/textures/explosionTwo.gif
14:24:49.955 [JavaFX Application Thread] DEBUG GameScene            - Entity added to scene
14:24:49.955 [JavaFX Application Thread] DEBUG GameScene            - Added MainViewComponent
14:24:49.956 [JavaFX Application Thread] DEBUG GameScene            - Entity removed from scene
14:24:49.956 [JavaFX Application Thread] DEBUG GameScene            - Removed MainViewComponent
14:24:50.022 [JavaFX Application Thread] DEBUG GameScene            - Entity removed from scene
14:24:50.022 [JavaFX Application Thread] DEBUG GameScene            - Removed MainViewComponent
14:24:50.039 [JavaFX Application Thread] DEBUG GameScene            - Entity removed from scene
14:24:50.039 [JavaFX Application Thread] DEBUG GameScene            - Removed MainViewComponent
14:24:50.189 [JavaFX Application Thread] DEBUG GameScene            - Entity removed from scene
14:24:50.190 [JavaFX Application Thread] DEBUG GameScene            - Removed MainViewComponent
14:24:50.206 [JavaFX Application Thread] DEBUG GameScene            - Entity removed from scene
14:24:50.207 [JavaFX Application Thread] DEBUG GameScene            - Removed MainViewComponent
14:24:50.307 [JavaFX Application Thread] DEBUG FXGLAssetLoader      - Loading from cache: /assets/textures/explosionTwo.gif
14:24:50.323 [JavaFX Application Thread] DEBUG GameScene            - Entity added to scene
14:24:50.323 [JavaFX Application Thread] DEBUG GameScene            - Added MainViewComponent
14:24:50.324 [JavaFX Application Thread] DEBUG GameScene            - Entity removed from scene
14:24:50.324 [JavaFX Application Thread] DEBUG GameScene            - Removed MainViewComponent
14:24:50.676 [JavaFX Application Thread] DEBUG FXGLEventBus         - Firing event: DisplayEvent[type=CLOSE_REQUEST]
14:24:50.678 [JavaFX Application Thread] DEBUG FXGLEventBus         - Firing event: FXGLEvent[type=EXIT]
14:24:50.687 [JavaFX Application Thread] DEBUG FXGL                 - Saving FXGL system data
14:24:50.690 [JavaFX Application Thread] DEBUG IOTask               - Executing task: writeDataTask(system/fxgl.bundle)
14:24:50.694 [JavaFX Application Thread] DEBUG FS                   - Writing to: system\fxgl.bundle
14:24:50.701 [JavaFX Application Thread] DEBUG IOTask               - Task succeeded: writeDataTask(system/fxgl.bundle)
14:24:50.717 [JavaFX Application Thread] DEBUG GameScene            - Entity removed from scene
14:24:50.718 [JavaFX Application Thread] DEBUG GameScene            - Removed MainViewComponent
