14:24:21.680 [FXGL Launcher Thread     ] DEBUG FXGLLoggerFactory    - Service [LoggerFactory] initialized
14:24:21.688 [FXGL Launcher Thread     ] DEBUG FXGL                 - FXGL configuration complete
14:24:21.689 [FXGL Launcher Thread     ] DEBUG FXGL                 - Loading FXGL system data
14:24:21.692 [FXGL Launcher Thread     ] DEBUG IOTask               - Executing task: readDataTask(system/fxgl.bundle)
14:24:21.697 [FXGL Launcher Thread     ] DEBUG FS                   - Reading from: system\fxgl.bundle
14:24:21.706 [FXGL Launcher Thread     ] DEBUG IOTask               - Task succeeded: readDataTask(system/fxgl.bundle)
14:24:21.706 [FXGL Launcher Thread     ] DEBUG Bundle               - Logging bundle: FXGL
14:24:21.707 [FXGL Launcher Thread     ] DEBUG Bundle               - FXGL.offline.timer.version.check=2016-12-20T08:49:00.039
14:24:21.718 [FXGL Launcher Thread     ] DEBUG GameApplication      - Configuring GameApplication
14:24:21.726 [FXGL Launcher Thread     ] DEBUG FXGLExceptionHandler - Service [ExceptionHandler] initialized
14:24:21.727 [FXGL Launcher Thread     ] DEBUG FXGLEventBus         - Service [EventBus] initialized
14:24:21.732 [FXGL Launcher Thread     ] DEBUG FXGLExecutor         - Service [Executor] initialized
14:24:21.732 [FXGL Launcher Thread     ] DEBUG PreInitTask          - Injecting gameWorld & physicsWorld
14:24:21.740 [FXGL Launcher Thread     ] DEBUG GameWorld            - Game world initialized
14:24:21.792 [FXGL Launcher Thread     ] DEBUG FXGLPooler           - Service [Pooler] initialized with default size = 128
14:24:21.793 [FXGL Launcher Thread     ] DEBUG PhysicsWorld         - Physics world initialized: appHeight=700.0, physics.ppm=50.0
14:24:21.795 [FXGL Launcher Thread     ] DEBUG FXGLInput            - Service [Input] initialized
14:24:21.819 [FXGL Launcher Thread     ] DEBUG FXGLInput            - Registered new binding: Screenshot - P
14:24:21.819 [FXGL Launcher Thread     ] DEBUG FXGLInput            - Registered new binding: Dev Options - CTRL+0
14:24:21.820 [FXGL Launcher Thread     ] DEBUG FXGLInput            - Registered new binding: Spawn Anti-Ballistic - PRIMARY
14:24:21.860 [FXGL Launcher Thread     ] DEBUG GameScene            - Game scene initialized: 800.0x700.0
14:24:21.872 [FXGL Launcher Thread     ] DEBUG FXGLAssetLoader      - Service [AssetLoader] initialized: cacheSize=35
14:24:21.875 [FXGL Launcher Thread     ] DEBUG FXGLAssetLoader      - Loading from disk: /assets/sounds/system/notification.wav
14:24:21.958 [FXGL Launcher Thread     ] DEBUG FXGLAssetLoader      - Loading from disk: /assets/sounds/menu/select.wav
14:24:21.961 [FXGL Launcher Thread     ] DEBUG FXGLAssetLoader      - Loading from disk: /assets/sounds/menu/back.wav
14:24:21.964 [FXGL Launcher Thread     ] DEBUG FXGLAssetLoader      - Loading from disk: /assets/sounds/menu/press.wav
14:24:21.968 [FXGL Launcher Thread     ] DEBUG FXGLAssetLoader      - Loading from disk: /assets/ui/fonts/Copperplate_Gothic_Light_Regular.ttf
14:24:22.093 [FXGL Launcher Thread     ] DEBUG FXGLAssetLoader      - Loading from disk: /assets/ui/css/fxgl.css
14:24:22.093 [FXGL Launcher Thread     ] DEBUG FXGLAssetLoader      - Loading from disk: /assets/ui/icons/fxgl_icon.png
14:24:22.149 [FXGL Launcher Thread     ] DEBUG FXGLAssetLoader      - Loading from disk: /assets/ui/css/fxgl_dark.css
14:24:22.161 [FXGL Launcher Thread     ] DEBUG FXGLDisplay          - Target size: DoubleProperty [value: 800.0] x DoubleProperty [value: 700.0] @ 1.0
14:24:22.161 [FXGL Launcher Thread     ] DEBUG FXGLDisplay          - New size:    800.0 x 700.0 @ DoubleProperty [value: 1.0]
14:24:22.161 [FXGL Launcher Thread     ] DEBUG FXGLDisplay          - Service [Display] initialized
14:24:22.162 [FXGL Launcher Thread     ] DEBUG FXGLDisplay          - Using CSS: CSS(externalForm=jar:file:/C:/Users/Tyler/Downloads/FXGL-0.2.8-uber.jar!/assets/ui/css/fxgl_dark.css)
14:24:22.162 [FXGL Launcher Thread     ] DEBUG InitScenesTask       - Injecting loadingScene & gameScene
14:24:22.193 [FXGL Launcher Thread     ] DEBUG FXGLMasterTimer      - Service [MasterTimer] initialized
14:24:22.197 [FXGL Launcher Thread     ] DEBUG FXGLAudioPlayer      - Service [AudioPlayer] initialized
14:24:22.208 [FXGL Launcher Thread     ] DEBUG InitProfilerTask     - Injecting profiler
14:24:22.208 [FXGL Launcher Thread     ] DEBUG GameApplication      - Starting new game
14:24:22.211 [FXGL Launcher Thread     ] DEBUG GameApplication      - Initializing App
14:24:22.214 [FXGL Launcher Thread     ] DEBUG FXGLInput            - Clearing active input actions
14:24:22.214 [FXGL Launcher Thread     ] DEBUG FXGLMasterTimer      - Stopping master timer
14:24:22.214 [FXGL Launcher Thread     ] DEBUG GameApplication      - State: STARTUP -> PAUSED
14:24:22.215 [FXGL Launcher Thread     ] DEBUG FXGLEventBus         - Firing event: FXGLEvent[type=PAUSE]
14:24:22.218 [FXGL Launcher Thread     ] DEBUG FXGLInput            - Clearing active input actions
14:24:22.219 [FXGL Launcher Thread     ] DEBUG FXGLMasterTimer      - Resetting ticks and clearing all actions
14:24:22.219 [FXGL Launcher Thread     ] DEBUG GameWorld            - Resetting game world
14:24:22.219 [FXGL Launcher Thread     ] TRACE EntityWorld          - Resetting entity world
14:24:22.225 [FXGL Launcher Thread     ] DEBUG PhysicsWorld         - Resetting physics world
14:24:22.225 [FXGL Launcher Thread     ] DEBUG GameScene            - Resetting game scene
14:24:22.225 [FXGL Launcher Thread     ] DEBUG FXGLEventBus         - Firing event: FXGLEvent[type=RESET]
14:24:22.296 [FXGL Launcher Thread     ] DEBUG GameApplication      - State: PAUSED -> LOADING
14:24:22.337 [FXGL Background Thread 1 ] DEBUG InitAppTask          - Initializing Assets
14:24:22.340 [FXGL Background Thread 1 ] DEBUG InitAppTask          - Initializing Game
14:24:22.405 [FXGL Background Thread 1 ] DEBUG FXGLAssetLoader      - Loading from disk: /assets/ui/cursors/crosshair.png
14:24:22.441 [JavaFX Application Thread] DEBUG FXGLDisplay          - Showing stage
14:24:22.442 [FXGL Background Thread 1 ] DEBUG FXGLAssetLoader      - Loading from disk: /assets/textures/city.png
14:24:22.442 [JavaFX Application Thread] DEBUG FXGLDisplay          - Root size: 800.0x700.0
14:24:22.444 [JavaFX Application Thread] DEBUG FXGLDisplay          - Scene size: 800.0x700.0
14:24:22.444 [JavaFX Application Thread] DEBUG FXGLDisplay          - Stage size: 816.0x739.0
14:24:22.455 [FXGL Background Thread 1 ] DEBUG FXGLAssetLoader      - Loading from cache: /assets/textures/city.png
14:24:22.457 [FXGL Background Thread 1 ] DEBUG FXGLAssetLoader      - Loading from cache: /assets/textures/city.png
14:24:22.459 [FXGL Background Thread 1 ] DEBUG FXGLAssetLoader      - Loading from cache: /assets/textures/city.png
14:24:22.460 [FXGL Background Thread 1 ] DEBUG FXGLAssetLoader      - Loading from cache: /assets/textures/city.png
14:24:22.462 [FXGL Background Thread 1 ] DEBUG FXGLAssetLoader      - Loading from cache: /assets/textures/city.png
14:24:22.470 [FXGL Background Thread 1 ] DEBUG InitAppTask          - Initializing Physics
14:24:22.471 [FXGL Background Thread 1 ] DEBUG InitAppTask          - Initializing UI
14:24:22.480 [FXGL Background Thread 1 ] DEBUG GameScene            - Adding UI node: Text[text="Missile Command", x=0.0, y=0.0, alignment=LEFT, origin=BASELINE, boundsType=LOGICAL, font=Font[name=Copperplate Gothic Light, family=Copperplate Gothic Light, style=Regular, size=48.0], fontSmoothingType=GRAY, fill=0x0000ffff]
14:24:22.486 [FXGL Background Thread 1 ] DEBUG GameScene            - Adding UI node: Text[text="Cities Remaining: 6", x=0.0, y=0.0, alignment=LEFT, origin=BASELINE, boundsType=LOGICAL, font=Font[name=Copperplate Gothic Light, family=Copperplate Gothic Light, style=Regular, size=20.0], fontSmoothingType=GRAY, fill=0xffffffff]
14:24:22.488 [FXGL Background Thread 1 ] DEBUG GameScene            - Adding UI node: Text[text="", x=0.0, y=0.0, alignment=LEFT, origin=BASELINE, boundsType=LOGICAL, font=Font[name=Copperplate Gothic Light, family=Copperplate Gothic Light, style=Regular, size=10.0], fontSmoothingType=GRAY, fill=0x008000ff]
14:24:22.488 [FXGL Background Thread 1 ] DEBUG FXGLAssetLoader      - Loading from disk: /assets/textures/bg.jpg
14:24:22.511 [FXGL Background Thread 1 ] DEBUG GameScene            - Creating render group for layer: TOP(2147483647)
14:24:22.517 [FXGL Background Thread 1 ] DEBUG InitAppTask          - Initialization Complete
14:24:22.573 [JavaFX Application Thread] DEBUG FXGLInput            - Clearing active input actions
14:24:22.574 [JavaFX Application Thread] DEBUG FXGLMasterTimer      - Starting master timer
14:24:22.574 [JavaFX Application Thread] DEBUG GameApplication      - State: LOADING -> PLAYING
14:24:22.607 [JavaFX Application Thread] DEBUG FXGLEventBus         - Firing event: FXGLEvent[type=RESUME]
14:24:22.612 [JavaFX Application Thread] DEBUG GameScene            - Entity added to scene
14:24:22.613 [JavaFX Application Thread] DEBUG GameScene            - Added MainViewComponent
14:24:22.614 [JavaFX Application Thread] DEBUG GameScene            - Creating render group for layer: BACKGROUND(1000)
14:24:22.618 [JavaFX Application Thread] DEBUG GameScene            - Entity added to scene
14:24:22.618 [JavaFX Application Thread] DEBUG GameScene            - Added MainViewComponent
14:24:22.619 [JavaFX Application Thread] DEBUG GameScene            - Entity added to scene
14:24:22.619 [JavaFX Application Thread] DEBUG GameScene            - Added MainViewComponent
14:24:22.620 [JavaFX Application Thread] DEBUG GameScene            - Entity added to scene
14:24:22.620 [JavaFX Application Thread] DEBUG GameScene            - Added MainViewComponent
14:24:22.620 [JavaFX Application Thread] DEBUG GameScene            - Entity added to scene
14:24:22.620 [JavaFX Application Thread] DEBUG GameScene            - Added MainViewComponent
14:24:22.621 [JavaFX Application Thread] DEBUG GameScene            - Entity added to scene
14:24:22.621 [JavaFX Application Thread] DEBUG GameScene            - Added MainViewComponent
14:24:22.621 [JavaFX Application Thread] DEBUG GameScene            - Entity added to scene
14:24:22.621 [JavaFX Application Thread] DEBUG GameScene            - Added MainViewComponent
14:24:22.622 [JavaFX Application Thread] DEBUG GameScene            - Entity added to scene
14:24:22.622 [JavaFX Application Thread] DEBUG GameScene            - Added MainViewComponent
14:24:22.622 [JavaFX Application Thread] DEBUG GameScene            - Entity added to scene
14:24:22.623 [JavaFX Application Thread] DEBUG GameScene            - Added MainViewComponent
14:24:22.623 [JavaFX Application Thread] DEBUG GameScene            - Entity added to scene
14:24:22.623 [JavaFX Application Thread] DEBUG GameScene            - Added MainViewComponent
14:24:23.731 [JavaFX Application Thread] DEBUG FXGLAssetLoader      - Loading from disk: /assets/textures/missile.png
14:24:23.739 [JavaFX Application Thread] DEBUG GameScene            - Entity added to scene
14:24:23.739 [JavaFX Application Thread] DEBUG GameScene            - Added MainViewComponent
14:24:24.340 [JavaFX Application Thread] DEBUG FXGLAssetLoader      - Loading from cache: /assets/textures/missile.png
14:24:24.342 [JavaFX Application Thread] DEBUG GameScene            - Entity added to scene
14:24:24.342 [JavaFX Application Thread] DEBUG GameScene            - Added MainViewComponent
14:24:24.752 [JavaFX Application Thread] DEBUG FXGLAssetLoader      - Loading from cache: /assets/textures/missile.png
14:24:24.753 [JavaFX Application Thread] DEBUG GameScene            - Entity added to scene
14:24:24.753 [JavaFX Application Thread] DEBUG GameScene            - Added MainViewComponent
14:24:24.904 [JavaFX Application Thread] DEBUG FXGLAssetLoader      - Loading from disk: /assets/textures/explosionTwo.gif
14:24:24.919 [JavaFX Application Thread] DEBUG GameScene            - Entity added to scene
14:24:24.919 [JavaFX Application Thread] DEBUG GameScene            - Added MainViewComponent
14:24:24.920 [JavaFX Application Thread] DEBUG GameScene            - Entity removed from scene
14:24:24.921 [JavaFX Application Thread] DEBUG GameScene            - Removed MainViewComponent
14:24:24.971 [JavaFX Application Thread] DEBUG FXGLAssetLoader      - Loading from cache: /assets/textures/missile.png
14:24:24.972 [JavaFX Application Thread] DEBUG GameScene            - Entity added to scene
14:24:24.972 [JavaFX Application Thread] DEBUG GameScene            - Added MainViewComponent
14:24:25.170 [JavaFX Application Thread] DEBUG GameScene            - Entity removed from scene
14:24:25.170 [JavaFX Application Thread] DEBUG GameScene            - Removed MainViewComponent
14:24:25.523 [JavaFX Application Thread] DEBUG FXGLAssetLoader      - Loading from cache: /assets/textures/explosionTwo.gif
14:24:25.540 [JavaFX Application Thread] DEBUG FXGLAssetLoader      - Loading from cache: /assets/textures/missile.png
14:24:25.541 [JavaFX Application Thread] DEBUG GameScene            - Entity added to scene
14:24:25.541 [JavaFX Application Thread] DEBUG GameScene            - Added MainViewComponent
14:24:25.542 [JavaFX Application Thread] DEBUG GameScene            - Entity added to scene
14:24:25.542 [JavaFX Application Thread] DEBUG GameScene            - Added MainViewComponent
14:24:25.542 [JavaFX Application Thread] DEBUG GameScene            - Entity removed from scene
14:24:25.543 [JavaFX Application Thread] DEBUG GameScene            - Removed MainViewComponent
14:24:25.774 [JavaFX Application Thread] DEBUG FXGLAssetLoader      - Loading from cache: /assets/textures/missile.png
14:24:25.775 [JavaFX Application Thread] DEBUG GameScene            - Entity added to scene
14:24:25.775 [JavaFX Application Thread] DEBUG GameScene            - Added MainViewComponent
14:24:25.791 [JavaFX Application Thread] DEBUG GameScene            - Entity removed from scene
14:24:25.791 [JavaFX Application Thread] DEBUG GameScene            - Removed MainViewComponent
14:24:25.893 [JavaFX Application Thread] DEBUG FXGLAssetLoader      - Loading from cache: /assets/textures/missile.png
14:24:25.894 [JavaFX Application Thread] DEBUG GameScene            - Entity added to scene
14:24:25.894 [JavaFX Application Thread] DEBUG GameScene            - Added MainViewComponent
14:24:26.092 [JavaFX Application Thread] DEBUG FXGLAssetLoader      - Loading from cache: /assets/textures/explosionTwo.gif
14:24:26.110 [JavaFX Application Thread] DEBUG GameScene            - Entity added to scene
14:24:26.110 [JavaFX Application Thread] DEBUG GameScene            - Added MainViewComponent
14:24:26.111 [JavaFX Application Thread] DEBUG GameScene            - Entity removed from scene
14:24:26.112 [JavaFX Application Thread] DEBUG GameScene            - Removed MainViewComponent
14:24:26.159 [JavaFX Application Thread] DEBUG FXGLAssetLoader      - Loading from cache: /assets/textures/missile.png
14:24:26.160 [JavaFX Application Thread] DEBUG GameScene            - Entity added to scene
14:24:26.161 [JavaFX Application Thread] DEBUG GameScene            - Added MainViewComponent
14:24:26.360 [JavaFX Application Thread] DEBUG GameScene            - Entity removed from scene
14:24:26.360 [JavaFX Application Thread] DEBUG GameScene            - Removed MainViewComponent
14:24:26.445 [JavaFX Application Thread] DEBUG FXGLAssetLoader      - Loading from cache: /assets/textures/explosionTwo.gif
14:24:26.461 [JavaFX Application Thread] DEBUG GameScene            - Entity added to scene
14:24:26.461 [JavaFX Application Thread] DEBUG GameScene            - Added MainViewComponent
14:24:26.462 [JavaFX Application Thread] DEBUG GameScene            - Entity removed from scene
14:24:26.462 [JavaFX Application Thread] DEBUG GameScene            - Removed MainViewComponent
14:24:26.495 [JavaFX Application Thread] DEBUG GameScene            - Removing UI node: Text[text="Missile Command", x=0.0, y=0.0, alignment=LEFT, origin=BASELINE, boundsType=LOGICAL, font=Font[name=Copperplate Gothic Light, family=Copperplate Gothic Light, style=Regular, size=48.0], fontSmoothingType=GRAY, fill=0x0000ffff]
14:24:26.512 [JavaFX Application Thread] DEBUG FXGLAssetLoader      - Loading from cache: /assets/textures/missile.png
14:24:26.513 [JavaFX Application Thread] DEBUG GameScene            - Entity added to scene
14:24:26.513 [JavaFX Application Thread] DEBUG GameScene            - Added MainViewComponent
14:24:26.712 [JavaFX Application Thread] DEBUG GameScene            - Entity removed from scene
14:24:26.712 [JavaFX Application Thread] DEBUG GameScene            - Removed MainViewComponent
14:24:26.729 [JavaFX Application Thread] DEBUG FXGLAssetLoader      - Loading from cache: /assets/textures/explosionTwo.gif
14:24:26.746 [JavaFX Application Thread] DEBUG GameScene            - Entity added to scene
14:24:26.746 [JavaFX Application Thread] DEBUG GameScene            - Added MainViewComponent
14:24:26.746 [JavaFX Application Thread] DEBUG GameScene            - Entity removed from scene
14:24:26.747 [JavaFX Application Thread] DEBUG GameScene            - Removed MainViewComponent
14:24:26.813 [JavaFX Application Thread] DEBUG FXGLAssetLoader      - Loading from cache: /assets/textures/missile.png
14:24:26.814 [JavaFX Application Thread] DEBUG GameScene            - Entity added to scene
14:24:26.814 [JavaFX Application Thread] DEBUG GameScene            - Added MainViewComponent
14:24:26.831 [JavaFX Application Thread] DEBUG FXGLAssetLoader      - Loading from cache: /assets/textures/missile.png
14:24:26.832 [JavaFX Application Thread] DEBUG GameScene            - Entity added to scene
14:24:26.832 [JavaFX Application Thread] DEBUG GameScene            - Added MainViewComponent
14:24:26.997 [JavaFX Application Thread] DEBUG GameScene            - Entity removed from scene
14:24:26.997 [JavaFX Application Thread] DEBUG GameScene            - Removed MainViewComponent
14:24:27.081 [JavaFX Application Thread] DEBUG FXGLAssetLoader      - Loading from cache: /assets/textures/explosionTwo.gif
14:24:27.098 [JavaFX Application Thread] DEBUG FXGLAssetLoader      - Loading from cache: /assets/textures/missile.png
14:24:27.099 [JavaFX Application Thread] DEBUG GameScene            - Entity added to scene
14:24:27.099 [JavaFX Application Thread] DEBUG GameScene            - Added MainViewComponent
14:24:27.100 [JavaFX Application Thread] DEBUG GameScene            - Entity added to scene
14:24:27.100 [JavaFX Application Thread] DEBUG GameScene            - Added MainViewComponent
14:24:27.100 [JavaFX Application Thread] DEBUG GameScene            - Entity removed from scene
14:24:27.101 [JavaFX Application Thread] DEBUG GameScene            - Removed MainViewComponent
14:24:27.299 [JavaFX Application Thread] DEBUG FXGLAssetLoader      - Loading from disk: /assets/textures/cityDE.png
14:24:27.302 [JavaFX Application Thread] DEBUG FXGLAssetLoader      - Loading from cache: /assets/textures/explosionTwo.gif
14:24:27.315 [JavaFX Application Thread] DEBUG GameScene            - Entity added to scene
14:24:27.315 [JavaFX Application Thread] DEBUG GameScene            - Added MainViewComponent
14:24:27.316 [JavaFX Application Thread] DEBUG GameScene            - Entity removed from scene
14:24:27.316 [JavaFX Application Thread] DEBUG GameScene            - Removed MainViewComponent
14:24:27.332 [JavaFX Application Thread] DEBUG GameScene            - Entity removed from scene
14:24:27.333 [JavaFX Application Thread] DEBUG GameScene            - Removed MainViewComponent
14:24:27.365 [JavaFX Application Thread] DEBUG FXGLAssetLoader      - Loading from cache: /assets/textures/missile.png
14:24:27.366 [JavaFX Application Thread] DEBUG GameScene            - Entity added to scene
14:24:27.366 [JavaFX Application Thread] DEBUG GameScene            - Added MainViewComponent
14:24:27.518 [JavaFX Application Thread] DEBUG FXGLAssetLoader      - Loading from cache: /assets/textures/explosionTwo.gif
14:24:27.534 [JavaFX Application Thread] DEBUG GameScene            - Entity added to scene
14:24:27.534 [JavaFX Application Thread] DEBUG GameScene            - Added MainViewComponent
14:24:27.535 [JavaFX Application Thread] DEBUG GameScene            - Entity removed from scene
14:24:27.535 [JavaFX Application Thread] DEBUG GameScene            - Removed MainViewComponent
14:24:27.567 [JavaFX Application Thread] DEBUG GameScene            - Entity removed from scene
14:24:27.567 [JavaFX Application Thread] DEBUG GameScene            - Removed MainViewComponent
14:24:27.652 [JavaFX Application Thread] DEBUG FXGLAssetLoader      - Loading from cache: /assets/textures/missile.png
14:24:27.653 [JavaFX Application Thread] DEBUG GameScene            - Entity added to scene
14:24:27.653 [JavaFX Application Thread] DEBUG GameScene            - Added MainViewComponent
14:24:27.785 [JavaFX Application Thread] DEBUG GameScene            - Entity removed from scene
14:24:27.785 [JavaFX Application Thread] DEBUG GameScene            - Removed MainViewComponent
14:24:27.787 [JavaFX Application Thread] DEBUG FXGLAssetLoader      - Loading from cache: /assets/textures/explosionTwo.gif
14:24:27.810 [JavaFX Application Thread] DEBUG GameScene            - Entity added to scene
14:24:27.811 [JavaFX Application Thread] DEBUG GameScene            - Added MainViewComponent
14:24:27.811 [JavaFX Application Thread] DEBUG GameScene            - Entity removed from scene
14:24:27.812 [JavaFX Application Thread] DEBUG GameScene            - Removed MainViewComponent
14:24:27.852 [JavaFX Application Thread] DEBUG FXGLAssetLoader      - Loading from cache: /assets/textures/missile.png
14:24:27.853 [JavaFX Application Thread] DEBUG GameScene            - Entity added to scene
14:24:27.853 [JavaFX Application Thread] DEBUG GameScene            - Added MainViewComponent
14:24:27.920 [JavaFX Application Thread] DEBUG FXGLAssetLoader      - Loading from cache: /assets/textures/missile.png
14:24:27.921 [JavaFX Application Thread] DEBUG GameScene            - Entity added to scene
14:24:27.921 [JavaFX Application Thread] DEBUG GameScene            - Added MainViewComponent
14:24:28.053 [JavaFX Application Thread] DEBUG GameScene            - Entity removed from scene
14:24:28.053 [JavaFX Application Thread] DEBUG GameScene            - Removed MainViewComponent
14:24:28.071 [JavaFX Application Thread] DEBUG FXGLAssetLoader      - Loading from cache: /assets/textures/explosionTwo.gif
14:24:28.085 [JavaFX Application Thread] DEBUG GameScene            - Entity added to scene
14:24:28.086 [JavaFX Application Thread] DEBUG GameScene            - Added MainViewComponent
14:24:28.087 [JavaFX Application Thread] DEBUG GameScene            - Entity removed from scene
14:24:28.087 [JavaFX Application Thread] DEBUG GameScene            - Removed MainViewComponent
14:24:28.088 [JavaFX Application Thread] DEBUG FXGLAssetLoader      - Loading from cache: /assets/textures/cityDE.png
14:24:28.089 [JavaFX Application Thread] DEBUG FXGLAssetLoader      - Loading from cache: /assets/textures/explosionTwo.gif
14:24:28.103 [JavaFX Application Thread] DEBUG GameScene            - Entity added to scene
14:24:28.103 [JavaFX Application Thread] DEBUG GameScene            - Added MainViewComponent
14:24:28.103 [JavaFX Application Thread] DEBUG GameScene            - Entity removed from scene
14:24:28.104 [JavaFX Application Thread] DEBUG GameScene            - Removed MainViewComponent
14:24:28.187 [JavaFX Application Thread] DEBUG FXGLAssetLoader      - Loading from cache: /assets/textures/missile.png
14:24:28.187 [JavaFX Application Thread] DEBUG GameScene            - Entity added to scene
14:24:28.188 [JavaFX Application Thread] DEBUG GameScene            - Added MainViewComponent
14:24:28.337 [JavaFX Application Thread] DEBUG GameScene            - Entity removed from scene
14:24:28.337 [JavaFX Application Thread] DEBUG GameScene            - Removed MainViewComponent
14:24:28.354 [JavaFX Application Thread] DEBUG GameScene            - Entity removed from scene
14:24:28.355 [JavaFX Application Thread] DEBUG GameScene            - Removed MainViewComponent
14:24:28.557 [JavaFX Application Thread] DEBUG FXGLAssetLoader      - Loading from cache: /assets/textures/missile.png
14:24:28.558 [JavaFX Application Thread] DEBUG GameScene            - Entity added to scene
14:24:28.558 [JavaFX Application Thread] DEBUG GameScene            - Added MainViewComponent
14:24:28.824 [JavaFX Application Thread] DEBUG FXGLAssetLoader      - Loading from cache: /assets/textures/missile.png
14:24:28.825 [JavaFX Application Thread] DEBUG GameScene            - Entity added to scene
14:24:28.825 [JavaFX Application Thread] DEBUG GameScene            - Added MainViewComponent
14:24:28.891 [JavaFX Application Thread] DEBUG FXGLAssetLoader      - Loading from cache: /assets/textures/missile.png
14:24:28.893 [JavaFX Application Thread] DEBUG GameScene            - Entity added to scene
14:24:28.893 [JavaFX Application Thread] DEBUG GameScene            - Added MainViewComponent
14:24:28.908 [JavaFX Application Thread] DEBUG FXGLAssetLoader      - Loading from cache: /assets/textures/explosionTwo.gif
14:24:28.925 [JavaFX Application Thread] DEBUG GameScene            - Entity added to scene
14:24:28.925 [JavaFX Application Thread] DEBUG GameScene            - Added MainViewComponent
14:24:28.926 [JavaFX Application Thread] DEBUG GameScene            - Entity removed from scene
14:24:28.926 [JavaFX Application Thread] DEBUG GameScene            - Removed MainViewComponent
14:24:29.092 [JavaFX Application Thread] DEBUG FXGLAssetLoader      - Loading from cache: /assets/textures/missile.png
14:24:29.093 [JavaFX Application Thread] DEBUG GameScene            - Entity added to scene
14:24:29.093 [JavaFX Application Thread] DEBUG GameScene            - Added MainViewComponent
14:24:29.175 [JavaFX Application Thread] DEBUG GameScene            - Entity removed from scene
14:24:29.175 [JavaFX Application Thread] DEBUG GameScene            - Removed MainViewComponent
14:24:29.176 [JavaFX Application Thread] DEBUG FXGLAssetLoader      - Loading from cache: /assets/textures/explosionTwo.gif
14:24:29.192 [JavaFX Application Thread] DEBUG GameScene            - Entity added to scene
14:24:29.192 [JavaFX Application Thread] DEBUG GameScene            - Added MainViewComponent
14:24:29.194 [JavaFX Application Thread] DEBUG GameScene            - Entity removed from scene
14:24:29.194 [JavaFX Application Thread] DEBUG GameScene            - Removed MainViewComponent
14:24:29.243 [JavaFX Application Thread] DEBUG FXGLAssetLoader      - Loading from cache: /assets/textures/cityDE.png
14:24:29.245 [JavaFX Application Thread] DEBUG FXGLAssetLoader      - Loading from cache: /assets/textures/explosionTwo.gif
14:24:29.259 [JavaFX Application Thread] DEBUG GameScene            - Entity added to scene
14:24:29.260 [JavaFX Application Thread] DEBUG GameScene            - Added MainViewComponent
14:24:29.261 [JavaFX Application Thread] DEBUG GameScene            - Entity removed from scene
14:24:29.261 [JavaFX Application Thread] DEBUG GameScene            - Removed MainViewComponent
14:24:29.362 [JavaFX Application Thread] DEBUG FXGLAssetLoader      - Loading from cache: /assets/textures/missile.png
14:24:29.364 [JavaFX Application Thread] DEBUG GameScene            - Entity added to scene
14:24:29.365 [JavaFX Application Thread] DEBUG GameScene            - Added MainViewComponent
14:24:29.376 [JavaFX Application Thread] DEBUG GameScene            - Entity removed from scene
14:24:29.376 [JavaFX Application Thread] DEBUG GameScene            - Removed MainViewComponent
14:24:29.410 [JavaFX Application Thread] DEBUG FXGLAssetLoader      - Loading from cache: /assets/textures/explosionTwo.gif
14:24:29.426 [JavaFX Application Thread] DEBUG GameScene            - Entity added to scene
14:24:29.426 [JavaFX Application Thread] DEBUG GameScene            - Added MainViewComponent
14:24:29.427 [JavaFX Application Thread] DEBUG GameScene            - Entity removed from scene
14:24:29.427 [JavaFX Application Thread] DEBUG GameScene            - Removed MainViewComponent
14:24:29.443 [JavaFX Application Thread] DEBUG GameScene            - Entity removed from scene
14:24:29.443 [JavaFX Application Thread] DEBUG GameScene            - Removed MainViewComponent
14:24:29.461 [JavaFX Application Thread] DEBUG FXGLAssetLoader      - Loading from cache: /assets/textures/explosionTwo.gif
14:24:29.476 [JavaFX Application Thread] DEBUG GameScene            - Entity added to scene
14:24:29.476 [JavaFX Application Thread] DEBUG GameScene            - Added MainViewComponent
14:24:29.477 [JavaFX Application Thread] DEBUG GameScene            - Entity removed from scene
14:24:29.477 [JavaFX Application Thread] DEBUG GameScene            - Removed MainViewComponent
14:24:29.510 [JavaFX Application Thread] DEBUG GameScene            - Entity removed from scene
14:24:29.510 [JavaFX Application Thread] DEBUG GameScene            - Removed MainViewComponent
14:24:29.627 [JavaFX Application Thread] DEBUG FXGLAssetLoader      - Loading from cache: /assets/textures/missile.png
14:24:29.629 [JavaFX Application Thread] DEBUG GameScene            - Entity added to scene
14:24:29.629 [JavaFX Application Thread] DEBUG GameScene            - Added MainViewComponent
14:24:29.645 [JavaFX Application Thread] DEBUG GameScene            - Entity removed from scene
14:24:29.646 [JavaFX Application Thread] DEBUG GameScene            - Removed MainViewComponent
14:24:29.678 [JavaFX Application Thread] DEBUG GameScene            - Entity removed from scene
14:24:29.678 [JavaFX Application Thread] DEBUG GameScene            - Removed MainViewComponent
14:24:29.729 [JavaFX Application Thread] DEBUG GameScene            - Entity removed from scene
14:24:29.729 [JavaFX Application Thread] DEBUG GameScene            - Removed MainViewComponent
14:24:29.830 [JavaFX Application Thread] DEBUG FXGLAssetLoader      - Loading from cache: /assets/textures/explosionTwo.gif
14:24:29.832 [JavaFX Application Thread] DEBUG FXGLAssetLoader      - Loading from cache: /assets/textures/explosionTwo.gif
14:24:29.846 [JavaFX Application Thread] DEBUG GameScene            - Entity added to scene
14:24:29.846 [JavaFX Application Thread] DEBUG GameScene            - Added MainViewComponent
14:24:29.847 [JavaFX Application Thread] DEBUG GameScene            - Entity added to scene
14:24:29.847 [JavaFX Application Thread] DEBUG GameScene            - Added MainViewComponent
14:24:29.848 [JavaFX Application Thread] DEBUG GameScene            - Entity removed from scene
14:24:29.848 [JavaFX Application Thread] DEBUG GameScene            - Removed MainViewComponent
14:24:29.849 [JavaFX Application Thread] DEBUG GameScene            - Entity removed from scene
14:24:29.849 [JavaFX Application Thread] DEBUG GameScene            - Removed MainViewComponent
14:24:29.897 [JavaFX Application Thread] DEBUG FXGLAssetLoader      - Loading from cache: /assets/textures/missile.png
14:24:29.898 [JavaFX Application Thread] DEBUG GameScene            - Entity added to scene
14:24:29.898 [JavaFX Application Thread] DEBUG GameScene            - Added MainViewComponent
14:24:29.913 [JavaFX Application Thread] DEBUG FXGLAssetLoader      - Loading from cache: /assets/textures/missile.png
14:24:29.914 [JavaFX Application Thread] DEBUG GameScene            - Entity added to scene
14:24:29.914 [JavaFX Application Thread] DEBUG GameScene            - Added MainViewComponent
14:24:29.915 [JavaFX Application Thread] DEBUG GameScene            - Entity removed from scene
14:24:29.915 [JavaFX Application Thread] DEBUG GameScene            - Removed MainViewComponent
14:24:29.929 [JavaFX Application Thread] DEBUG GameScene            - Entity removed from scene
14:24:29.930 [JavaFX Application Thread] DEBUG GameScene            - Removed MainViewComponent
14:24:30.097 [JavaFX Application Thread] DEBUG GameScene            - Entity removed from scene
14:24:30.097 [JavaFX Application Thread] DEBUG GameScene            - Removed MainViewComponent
14:24:30.098 [JavaFX Application Thread] DEBUG GameScene            - Entity removed from scene
14:24:30.098 [JavaFX Application Thread] DEBUG GameScene            - Removed MainViewComponent
14:24:30.098 [JavaFX Application Thread] DEBUG FXGLAssetLoader      - Loading from cache: /assets/textures/cityDE.png
14:24:30.100 [JavaFX Application Thread] DEBUG FXGLAssetLoader      - Loading from cache: /assets/textures/explosionTwo.gif
14:24:30.114 [JavaFX Application Thread] DEBUG GameScene            - Entity added to scene
14:24:30.114 [JavaFX Application Thread] DEBUG GameScene            - Added MainViewComponent
14:24:30.114 [JavaFX Application Thread] DEBUG GameScene            - Entity removed from scene
14:24:30.115 [JavaFX Application Thread] DEBUG GameScene            - Removed MainViewComponent
14:24:30.164 [JavaFX Application Thread] DEBUG FXGLAssetLoader      - Loading from cache: /assets/textures/missile.png
14:24:30.165 [JavaFX Application Thread] DEBUG GameScene            - Entity added to scene
14:24:30.165 [JavaFX Application Thread] DEBUG GameScene            - Added MainViewComponent
14:24:30.180 [JavaFX Application Thread] DEBUG GameScene            - Entity removed from scene
14:24:30.181 [JavaFX Application Thread] DEBUG GameScene            - Removed MainViewComponent
14:24:30.364 [JavaFX Application Thread] DEBUG GameScene            - Entity removed from scene
14:24:30.364 [JavaFX Application Thread] DEBUG GameScene            - Removed MainViewComponent
14:24:30.432 [JavaFX Application Thread] DEBUG FXGLAssetLoader      - Loading from cache: /assets/textures/missile.png
14:24:30.433 [JavaFX Application Thread] DEBUG GameScene            - Entity added to scene
14:24:30.433 [JavaFX Application Thread] DEBUG GameScene            - Added MainViewComponent
14:24:30.448 [JavaFX Application Thread] DEBUG GameScene            - Entity removed from scene
14:24:30.448 [JavaFX Application Thread] DEBUG GameScene            - Removed MainViewComponent
14:24:30.802 [JavaFX Application Thread] DEBUG FXGLAssetLoader      - Loading from cache: /assets/textures/missile.png
14:24:30.803 [JavaFX Application Thread] DEBUG GameScene            - Entity added to scene
14:24:30.803 [JavaFX Application Thread] DEBUG GameScene            - Added MainViewComponent
14:24:30.818 [JavaFX Application Thread] DEBUG GameScene            - Entity removed from scene
14:24:30.818 [JavaFX Application Thread] DEBUG GameScene            - Removed MainViewComponent
14:24:30.935 [JavaFX Application Thread] DEBUG FXGLAssetLoader      - Loading from cache: /assets/textures/missile.png
14:24:30.936 [JavaFX Application Thread] DEBUG GameScene            - Entity added to scene
14:24:30.936 [JavaFX Application Thread] DEBUG GameScene            - Added MainViewComponent
14:24:31.020 [JavaFX Application Thread] DEBUG FXGLAssetLoader      - Loading from cache: /assets/textures/explosionTwo.gif
14:24:31.035 [JavaFX Application Thread] DEBUG GameScene            - Entity added to scene
14:24:31.035 [JavaFX Application Thread] DEBUG GameScene            - Added MainViewComponent
14:24:31.036 [JavaFX Application Thread] DEBUG GameScene            - Entity removed from scene
14:24:31.036 [JavaFX Application Thread] DEBUG GameScene            - Removed MainViewComponent
14:24:31.069 [JavaFX Application Thread] DEBUG FXGLAssetLoader      - Loading from cache: /assets/textures/missile.png
14:24:31.070 [JavaFX Application Thread] DEBUG GameScene            - Entity added to scene
14:24:31.070 [JavaFX Application Thread] DEBUG GameScene            - Added MainViewComponent
14:24:31.086 [JavaFX Application Thread] DEBUG GameScene            - Entity removed from scene
14:24:31.086 [JavaFX Application Thread] DEBUG GameScene            - Removed MainViewComponent
14:24:31.290 [JavaFX Application Thread] DEBUG GameScene            - Entity removed from scene
14:24:31.290 [JavaFX Application Thread] DEBUG GameScene            - Removed MainViewComponent
14:24:31.337 [JavaFX Application Thread] DEBUG FXGLAssetLoader      - Loading from cache: /assets/textures/missile.png
14:24:31.338 [JavaFX Application Thread] DEBUG GameScene            - Entity added to scene
14:24:31.338 [JavaFX Application Thread] DEBUG GameScene            - Added MainViewComponent
14:24:31.353 [JavaFX Application Thread] DEBUG GameScene            - Entity removed from scene
14:24:31.353 [JavaFX Application Thread] DEBUG GameScene            - Removed MainViewComponent
14:24:31.957 [JavaFX Application Thread] DEBUG FXGLAssetLoader      - Loading from cache: /assets/textures/missile.png
14:24:31.958 [JavaFX Application Thread] DEBUG GameScene            - Entity added to scene
14:24:31.958 [JavaFX Application Thread] DEBUG GameScene            - Added MainViewComponent
14:24:32.277 [JavaFX Application Thread] DEBUG FXGLEventBus         - Firing event: DisplayEvent[type=CLOSE_REQUEST]
14:24:32.278 [JavaFX Application Thread] DEBUG FXGLEventBus         - Firing event: FXGLEvent[type=EXIT]
14:24:32.283 [JavaFX Application Thread] DEBUG FXGL                 - Saving FXGL system data
14:24:32.285 [JavaFX Application Thread] DEBUG IOTask               - Executing task: writeDataTask(system/fxgl.bundle)
14:24:32.288 [JavaFX Application Thread] DEBUG FS                   - Writing to: system\fxgl.bundle
14:24:32.294 [JavaFX Application Thread] DEBUG IOTask               - Task succeeded: writeDataTask(system/fxgl.bundle)
