23:13:25.917 [FXGL Launcher Thread     ] DEBUG FXGLLoggerFactory    - Service [LoggerFactory] initialized
23:13:25.924 [FXGL Launcher Thread     ] DEBUG FXGL                 - FXGL configuration complete
23:13:25.924 [FXGL Launcher Thread     ] DEBUG FXGL                 - Loading FXGL system data
23:13:25.927 [FXGL Launcher Thread     ] DEBUG IOTask               - Executing task: readDataTask(system/fxgl.bundle)
23:13:25.930 [FXGL Launcher Thread     ] DEBUG FS                   - Reading from: system\fxgl.bundle
23:13:25.935 [FXGL Launcher Thread     ] DEBUG IOTask               - Task succeeded: readDataTask(system/fxgl.bundle)
23:13:25.936 [FXGL Launcher Thread     ] DEBUG Bundle               - Logging bundle: FXGL
23:13:25.936 [FXGL Launcher Thread     ] DEBUG Bundle               - FXGL.offline.timer.version.check=2016-12-04T23:31:25.587
23:13:25.943 [FXGL Launcher Thread     ] DEBUG GameApplication      - Configuring GameApplication
23:13:25.947 [FXGL Launcher Thread     ] DEBUG FXGLExceptionHandler - Service [ExceptionHandler] initialized
23:13:25.947 [FXGL Launcher Thread     ] DEBUG FXGLEventBus         - Service [EventBus] initialized
23:13:25.950 [FXGL Launcher Thread     ] DEBUG FXGLExecutor         - Service [Executor] initialized
23:13:25.950 [FXGL Launcher Thread     ] DEBUG PreInitTask          - Injecting gameWorld & physicsWorld
23:13:25.955 [FXGL Launcher Thread     ] DEBUG GameWorld            - Game world initialized
23:13:25.997 [FXGL Launcher Thread     ] DEBUG FXGLPooler           - Service [Pooler] initialized with default size = 128
23:13:25.997 [FXGL Launcher Thread     ] DEBUG PhysicsWorld         - Physics world initialized: appHeight=700.0, physics.ppm=50.0
23:13:25.998 [FXGL Launcher Thread     ] DEBUG FXGLInput            - Service [Input] initialized
23:13:26.018 [FXGL Launcher Thread     ] DEBUG FXGLInput            - Registered new binding: Screenshot - P
23:13:26.019 [FXGL Launcher Thread     ] DEBUG FXGLInput            - Registered new binding: Dev Options - CTRL+0
23:13:26.019 [FXGL Launcher Thread     ] DEBUG FXGLInput            - Registered new binding: Spawn Anti-Ballistic - PRIMARY
23:13:26.049 [FXGL Launcher Thread     ] DEBUG GameScene            - Game scene initialized: 800.0x700.0
23:13:26.056 [FXGL Launcher Thread     ] DEBUG FXGLAssetLoader      - Service [AssetLoader] initialized: cacheSize=35
23:13:26.058 [FXGL Launcher Thread     ] DEBUG FXGLAssetLoader      - Loading from disk: /assets/sounds/system/notification.wav
23:13:26.092 [FXGL Launcher Thread     ] DEBUG FXGLAssetLoader      - Loading from disk: /assets/sounds/menu/select.wav
23:13:26.094 [FXGL Launcher Thread     ] DEBUG FXGLAssetLoader      - Loading from disk: /assets/sounds/menu/back.wav
23:13:26.096 [FXGL Launcher Thread     ] DEBUG FXGLAssetLoader      - Loading from disk: /assets/sounds/menu/press.wav
23:13:26.097 [FXGL Launcher Thread     ] DEBUG FXGLAssetLoader      - Loading from disk: /assets/ui/fonts/Copperplate_Gothic_Light_Regular.ttf
23:13:26.181 [FXGL Launcher Thread     ] DEBUG FXGLAssetLoader      - Loading from disk: /assets/ui/css/fxgl.css
23:13:26.182 [FXGL Launcher Thread     ] DEBUG FXGLAssetLoader      - Loading from disk: /assets/ui/icons/fxgl_icon.png
23:13:26.224 [FXGL Launcher Thread     ] DEBUG FXGLAssetLoader      - Loading from disk: /assets/ui/css/fxgl_dark.css
23:13:26.232 [FXGL Launcher Thread     ] DEBUG FXGLDisplay          - Target size: DoubleProperty [value: 800.0] x DoubleProperty [value: 700.0] @ 1.0
23:13:26.232 [FXGL Launcher Thread     ] DEBUG FXGLDisplay          - New size:    800.0 x 700.0 @ DoubleProperty [value: 1.0]
23:13:26.233 [FXGL Launcher Thread     ] DEBUG FXGLDisplay          - Service [Display] initialized
23:13:26.233 [FXGL Launcher Thread     ] DEBUG FXGLDisplay          - Using CSS: CSS(externalForm=jar:file:/C:/Users/Shane/Downloads/FXGL-0.2.8-uber.jar!/assets/ui/css/fxgl_dark.css)
23:13:26.233 [FXGL Launcher Thread     ] DEBUG InitScenesTask       - Injecting loadingScene & gameScene
23:13:26.276 [FXGL Launcher Thread     ] DEBUG FXGLMasterTimer      - Service [MasterTimer] initialized
23:13:26.278 [FXGL Launcher Thread     ] DEBUG FXGLAudioPlayer      - Service [AudioPlayer] initialized
23:13:26.286 [FXGL Launcher Thread     ] DEBUG GameApplication      - Starting new game
23:13:26.289 [FXGL Launcher Thread     ] DEBUG GameApplication      - Initializing App
23:13:26.292 [FXGL Launcher Thread     ] DEBUG FXGLInput            - Clearing active input actions
23:13:26.292 [FXGL Launcher Thread     ] DEBUG FXGLMasterTimer      - Stopping master timer
23:13:26.292 [FXGL Launcher Thread     ] DEBUG GameApplication      - State: STARTUP -> PAUSED
23:13:26.293 [FXGL Launcher Thread     ] DEBUG FXGLEventBus         - Firing event: FXGLEvent[type=PAUSE]
23:13:26.294 [FXGL Launcher Thread     ] DEBUG FXGLInput            - Clearing active input actions
23:13:26.294 [FXGL Launcher Thread     ] DEBUG FXGLMasterTimer      - Resetting ticks and clearing all actions
23:13:26.294 [FXGL Launcher Thread     ] DEBUG GameWorld            - Resetting game world
23:13:26.294 [FXGL Launcher Thread     ] TRACE EntityWorld          - Resetting entity world
23:13:26.296 [FXGL Launcher Thread     ] DEBUG PhysicsWorld         - Resetting physics world
23:13:26.296 [FXGL Launcher Thread     ] DEBUG GameScene            - Resetting game scene
23:13:26.296 [FXGL Launcher Thread     ] DEBUG FXGLEventBus         - Firing event: FXGLEvent[type=RESET]
23:13:26.363 [FXGL Launcher Thread     ] DEBUG GameApplication      - State: PAUSED -> LOADING
23:13:26.396 [FXGL Background Thread 1 ] DEBUG InitAppTask          - Initializing Assets
23:13:26.397 [FXGL Background Thread 1 ] DEBUG InitAppTask          - Initializing Game
23:13:26.445 [FXGL Background Thread 1 ] DEBUG FXGLAssetLoader      - Loading from disk: /assets/ui/cursors/crosshair.png
23:13:26.457 [FXGL Background Thread 1 ] DEBUG FXGLAssetLoader      - Loading from disk: /assets/textures/city.png
23:13:26.465 [FXGL Background Thread 1 ] DEBUG FXGLAssetLoader      - Loading from cache: /assets/textures/city.png
23:13:26.466 [FXGL Background Thread 1 ] DEBUG FXGLAssetLoader      - Loading from cache: /assets/textures/city.png
23:13:26.467 [FXGL Background Thread 1 ] DEBUG FXGLAssetLoader      - Loading from cache: /assets/textures/city.png
23:13:26.468 [FXGL Background Thread 1 ] DEBUG FXGLAssetLoader      - Loading from cache: /assets/textures/city.png
23:13:26.469 [FXGL Background Thread 1 ] DEBUG FXGLAssetLoader      - Loading from cache: /assets/textures/city.png
23:13:26.471 [FXGL Background Thread 1 ] DEBUG InitAppTask          - Initializing Physics
23:13:26.471 [JavaFX Application Thread] DEBUG FXGLDisplay          - Showing stage
23:13:26.472 [JavaFX Application Thread] DEBUG FXGLDisplay          - Root size: 800.0x700.0
23:13:26.472 [JavaFX Application Thread] DEBUG FXGLDisplay          - Scene size: 800.0x700.0
23:13:26.472 [FXGL Background Thread 1 ] DEBUG InitAppTask          - Initializing UI
23:13:26.472 [JavaFX Application Thread] DEBUG FXGLDisplay          - Stage size: 816.0x739.0
23:13:26.479 [FXGL Background Thread 1 ] DEBUG GameScene            - Adding UI node: Text[text="Missile Command", x=0.0, y=0.0, alignment=LEFT, origin=BASELINE, boundsType=LOGICAL, font=Font[name=Copperplate Gothic Light, family=Copperplate Gothic Light, style=Regular, size=48.0], fontSmoothingType=GRAY, fill=0x0000ffff]
23:13:26.481 [FXGL Background Thread 1 ] DEBUG FXGLAssetLoader      - Loading from disk: /assets/textures/bg.jpg
23:13:26.502 [FXGL Background Thread 1 ] DEBUG GameScene            - Creating render group for layer: TOP(2147483647)
23:13:26.504 [FXGL Background Thread 1 ] DEBUG InitAppTask          - Initialization Complete
23:13:26.550 [JavaFX Application Thread] DEBUG FXGLInput            - Clearing active input actions
23:13:26.551 [JavaFX Application Thread] DEBUG FXGLMasterTimer      - Starting master timer
23:13:26.551 [JavaFX Application Thread] DEBUG GameApplication      - State: LOADING -> PLAYING
23:13:26.558 [JavaFX Application Thread] DEBUG FXGLEventBus         - Firing event: FXGLEvent[type=RESUME]
23:13:26.563 [JavaFX Application Thread] DEBUG GameScene            - Entity added to scene
23:13:26.563 [JavaFX Application Thread] DEBUG GameScene            - Added MainViewComponent
23:13:26.564 [JavaFX Application Thread] DEBUG GameScene            - Creating render group for layer: BACKGROUND(1000)
23:13:26.566 [JavaFX Application Thread] DEBUG GameScene            - Entity added to scene
23:13:26.566 [JavaFX Application Thread] DEBUG GameScene            - Added MainViewComponent
23:13:26.567 [JavaFX Application Thread] DEBUG GameScene            - Entity added to scene
23:13:26.567 [JavaFX Application Thread] DEBUG GameScene            - Added MainViewComponent
23:13:26.567 [JavaFX Application Thread] DEBUG GameScene            - Entity added to scene
23:13:26.567 [JavaFX Application Thread] DEBUG GameScene            - Added MainViewComponent
23:13:26.567 [JavaFX Application Thread] DEBUG GameScene            - Entity added to scene
23:13:26.567 [JavaFX Application Thread] DEBUG GameScene            - Added MainViewComponent
23:13:26.568 [JavaFX Application Thread] DEBUG GameScene            - Entity added to scene
23:13:26.568 [JavaFX Application Thread] DEBUG GameScene            - Added MainViewComponent
23:13:26.568 [JavaFX Application Thread] DEBUG GameScene            - Entity added to scene
23:13:26.568 [JavaFX Application Thread] DEBUG GameScene            - Added MainViewComponent
23:13:26.873 [JavaFX Application Thread] DEBUG FXGLAssetLoader      - Loading from disk: /assets/textures/missile.png
23:13:26.875 [JavaFX Application Thread] DEBUG GameScene            - Entity added to scene
23:13:26.875 [JavaFX Application Thread] DEBUG GameScene            - Added MainViewComponent
23:13:27.140 [JavaFX Application Thread] DEBUG FXGLAssetLoader      - Loading from cache: /assets/textures/missile.png
23:13:27.141 [JavaFX Application Thread] DEBUG GameScene            - Entity added to scene
23:13:27.141 [JavaFX Application Thread] DEBUG GameScene            - Added MainViewComponent
23:13:27.407 [JavaFX Application Thread] DEBUG FXGLAssetLoader      - Loading from cache: /assets/textures/missile.png
23:13:27.407 [JavaFX Application Thread] DEBUG GameScene            - Entity added to scene
23:13:27.407 [JavaFX Application Thread] DEBUG GameScene            - Added MainViewComponent
23:13:27.674 [JavaFX Application Thread] DEBUG FXGLAssetLoader      - Loading from cache: /assets/textures/missile.png
23:13:27.675 [JavaFX Application Thread] DEBUG GameScene            - Entity added to scene
23:13:27.675 [JavaFX Application Thread] DEBUG GameScene            - Added MainViewComponent
23:13:27.690 [JavaFX Application Thread] DEBUG GameScene            - Entity removed from scene
23:13:27.691 [JavaFX Application Thread] DEBUG GameScene            - Removed MainViewComponent
23:13:27.939 [JavaFX Application Thread] DEBUG FXGLAssetLoader      - Loading from cache: /assets/textures/missile.png
23:13:27.940 [JavaFX Application Thread] DEBUG GameScene            - Entity added to scene
23:13:27.940 [JavaFX Application Thread] DEBUG GameScene            - Added MainViewComponent
23:13:28.206 [JavaFX Application Thread] DEBUG FXGLAssetLoader      - Loading from cache: /assets/textures/missile.png
23:13:28.207 [JavaFX Application Thread] DEBUG GameScene            - Entity added to scene
23:13:28.207 [JavaFX Application Thread] DEBUG GameScene            - Added MainViewComponent
23:13:28.473 [JavaFX Application Thread] DEBUG FXGLAssetLoader      - Loading from cache: /assets/textures/missile.png
23:13:28.474 [JavaFX Application Thread] DEBUG GameScene            - Entity added to scene
23:13:28.474 [JavaFX Application Thread] DEBUG GameScene            - Added MainViewComponent
23:13:28.489 [JavaFX Application Thread] DEBUG GameScene            - Entity removed from scene
23:13:28.489 [JavaFX Application Thread] DEBUG GameScene            - Removed MainViewComponent
23:13:28.740 [JavaFX Application Thread] DEBUG FXGLAssetLoader      - Loading from cache: /assets/textures/missile.png
23:13:28.741 [JavaFX Application Thread] DEBUG GameScene            - Entity added to scene
23:13:28.741 [JavaFX Application Thread] DEBUG GameScene            - Added MainViewComponent
23:13:28.757 [JavaFX Application Thread] DEBUG GameScene            - Entity removed from scene
23:13:28.757 [JavaFX Application Thread] DEBUG GameScene            - Removed MainViewComponent
23:13:29.007 [JavaFX Application Thread] DEBUG FXGLAssetLoader      - Loading from cache: /assets/textures/missile.png
23:13:29.007 [JavaFX Application Thread] DEBUG GameScene            - Entity added to scene
23:13:29.007 [JavaFX Application Thread] DEBUG GameScene            - Added MainViewComponent
23:13:29.273 [JavaFX Application Thread] DEBUG FXGLAssetLoader      - Loading from cache: /assets/textures/missile.png
23:13:29.274 [JavaFX Application Thread] DEBUG GameScene            - Entity added to scene
23:13:29.274 [JavaFX Application Thread] DEBUG GameScene            - Added MainViewComponent
23:13:29.540 [JavaFX Application Thread] DEBUG FXGLAssetLoader      - Loading from cache: /assets/textures/missile.png
23:13:29.541 [JavaFX Application Thread] DEBUG GameScene            - Entity added to scene
23:13:29.541 [JavaFX Application Thread] DEBUG GameScene            - Added MainViewComponent
23:13:29.806 [JavaFX Application Thread] DEBUG FXGLAssetLoader      - Loading from cache: /assets/textures/missile.png
23:13:29.807 [JavaFX Application Thread] DEBUG GameScene            - Entity added to scene
23:13:29.807 [JavaFX Application Thread] DEBUG GameScene            - Added MainViewComponent
23:13:30.073 [JavaFX Application Thread] DEBUG FXGLAssetLoader      - Loading from cache: /assets/textures/missile.png
23:13:30.074 [JavaFX Application Thread] DEBUG GameScene            - Entity added to scene
23:13:30.074 [JavaFX Application Thread] DEBUG GameScene            - Added MainViewComponent
23:13:30.340 [JavaFX Application Thread] DEBUG FXGLAssetLoader      - Loading from cache: /assets/textures/missile.png
23:13:30.340 [JavaFX Application Thread] DEBUG GameScene            - Entity added to scene
23:13:30.340 [JavaFX Application Thread] DEBUG GameScene            - Added MainViewComponent
23:13:30.490 [JavaFX Application Thread] DEBUG GameScene            - Removing UI node: Text[text="Missile Command", x=0.0, y=0.0, alignment=LEFT, origin=BASELINE, boundsType=LOGICAL, font=Font[name=Copperplate Gothic Light, family=Copperplate Gothic Light, style=Regular, size=48.0], fontSmoothingType=GRAY, fill=0x0000ffff]
23:13:30.606 [JavaFX Application Thread] DEBUG FXGLAssetLoader      - Loading from cache: /assets/textures/missile.png
23:13:30.607 [JavaFX Application Thread] DEBUG GameScene            - Entity added to scene
23:13:30.607 [JavaFX Application Thread] DEBUG GameScene            - Added MainViewComponent
23:13:30.873 [JavaFX Application Thread] DEBUG FXGLAssetLoader      - Loading from cache: /assets/textures/missile.png
23:13:30.874 [JavaFX Application Thread] DEBUG GameScene            - Entity added to scene
23:13:30.874 [JavaFX Application Thread] DEBUG GameScene            - Added MainViewComponent
23:13:31.140 [JavaFX Application Thread] DEBUG FXGLAssetLoader      - Loading from cache: /assets/textures/missile.png
23:13:31.141 [JavaFX Application Thread] DEBUG GameScene            - Entity added to scene
23:13:31.141 [JavaFX Application Thread] DEBUG GameScene            - Added MainViewComponent
23:13:31.406 [JavaFX Application Thread] DEBUG FXGLAssetLoader      - Loading from cache: /assets/textures/missile.png
23:13:31.407 [JavaFX Application Thread] DEBUG GameScene            - Entity added to scene
23:13:31.407 [JavaFX Application Thread] DEBUG GameScene            - Added MainViewComponent
23:13:31.673 [JavaFX Application Thread] DEBUG FXGLAssetLoader      - Loading from cache: /assets/textures/missile.png
23:13:31.673 [JavaFX Application Thread] DEBUG GameScene            - Entity added to scene
23:13:31.673 [JavaFX Application Thread] DEBUG GameScene            - Added MainViewComponent
23:13:31.939 [JavaFX Application Thread] DEBUG FXGLAssetLoader      - Loading from cache: /assets/textures/missile.png
23:13:31.940 [JavaFX Application Thread] DEBUG GameScene            - Entity added to scene
23:13:31.940 [JavaFX Application Thread] DEBUG GameScene            - Added MainViewComponent
23:13:32.207 [JavaFX Application Thread] DEBUG FXGLAssetLoader      - Loading from cache: /assets/textures/missile.png
23:13:32.208 [JavaFX Application Thread] DEBUG GameScene            - Entity added to scene
23:13:32.208 [JavaFX Application Thread] DEBUG GameScene            - Added MainViewComponent
23:13:32.473 [JavaFX Application Thread] DEBUG FXGLAssetLoader      - Loading from cache: /assets/textures/missile.png
23:13:32.474 [JavaFX Application Thread] DEBUG GameScene            - Entity added to scene
23:13:32.475 [JavaFX Application Thread] DEBUG GameScene            - Added MainViewComponent
23:13:32.739 [JavaFX Application Thread] DEBUG FXGLAssetLoader      - Loading from cache: /assets/textures/missile.png
23:13:32.740 [JavaFX Application Thread] DEBUG GameScene            - Entity added to scene
23:13:32.740 [JavaFX Application Thread] DEBUG GameScene            - Added MainViewComponent
23:13:33.007 [JavaFX Application Thread] DEBUG FXGLAssetLoader      - Loading from cache: /assets/textures/missile.png
23:13:33.008 [JavaFX Application Thread] DEBUG GameScene            - Entity added to scene
23:13:33.008 [JavaFX Application Thread] DEBUG GameScene            - Added MainViewComponent
23:13:33.273 [JavaFX Application Thread] DEBUG FXGLAssetLoader      - Loading from cache: /assets/textures/missile.png
23:13:33.274 [JavaFX Application Thread] DEBUG GameScene            - Entity added to scene
23:13:33.274 [JavaFX Application Thread] DEBUG GameScene            - Added MainViewComponent
23:13:33.541 [JavaFX Application Thread] DEBUG FXGLAssetLoader      - Loading from cache: /assets/textures/missile.png
23:13:33.542 [JavaFX Application Thread] DEBUG GameScene            - Entity added to scene
23:13:33.542 [JavaFX Application Thread] DEBUG GameScene            - Added MainViewComponent
23:13:33.806 [JavaFX Application Thread] DEBUG FXGLAssetLoader      - Loading from cache: /assets/textures/missile.png
23:13:33.807 [JavaFX Application Thread] DEBUG GameScene            - Entity added to scene
23:13:33.807 [JavaFX Application Thread] DEBUG GameScene            - Added MainViewComponent
23:13:34.074 [JavaFX Application Thread] DEBUG FXGLAssetLoader      - Loading from cache: /assets/textures/missile.png
23:13:34.075 [JavaFX Application Thread] DEBUG GameScene            - Entity added to scene
23:13:34.075 [JavaFX Application Thread] DEBUG GameScene            - Added MainViewComponent
23:13:34.339 [JavaFX Application Thread] DEBUG FXGLAssetLoader      - Loading from cache: /assets/textures/missile.png
23:13:34.340 [JavaFX Application Thread] DEBUG GameScene            - Entity added to scene
23:13:34.340 [JavaFX Application Thread] DEBUG GameScene            - Added MainViewComponent
23:13:34.356 [JavaFX Application Thread] DEBUG GameScene            - Entity removed from scene
23:13:34.356 [JavaFX Application Thread] DEBUG GameScene            - Removed MainViewComponent
23:13:34.607 [JavaFX Application Thread] DEBUG FXGLAssetLoader      - Loading from cache: /assets/textures/missile.png
23:13:34.608 [JavaFX Application Thread] DEBUG GameScene            - Entity added to scene
23:13:34.608 [JavaFX Application Thread] DEBUG GameScene            - Added MainViewComponent
23:13:34.873 [JavaFX Application Thread] DEBUG FXGLAssetLoader      - Loading from cache: /assets/textures/missile.png
23:13:34.874 [JavaFX Application Thread] DEBUG GameScene            - Entity added to scene
23:13:34.874 [JavaFX Application Thread] DEBUG GameScene            - Added MainViewComponent
23:13:35.139 [JavaFX Application Thread] DEBUG FXGLAssetLoader      - Loading from cache: /assets/textures/missile.png
23:13:35.140 [JavaFX Application Thread] DEBUG GameScene            - Entity added to scene
23:13:35.140 [JavaFX Application Thread] DEBUG GameScene            - Added MainViewComponent
23:13:35.407 [JavaFX Application Thread] DEBUG FXGLAssetLoader      - Loading from cache: /assets/textures/missile.png
23:13:35.407 [JavaFX Application Thread] DEBUG GameScene            - Entity added to scene
23:13:35.407 [JavaFX Application Thread] DEBUG GameScene            - Added MainViewComponent
23:13:35.672 [JavaFX Application Thread] DEBUG FXGLAssetLoader      - Loading from cache: /assets/textures/missile.png
23:13:35.673 [JavaFX Application Thread] DEBUG GameScene            - Entity added to scene
23:13:35.673 [JavaFX Application Thread] DEBUG GameScene            - Added MainViewComponent
23:13:35.939 [JavaFX Application Thread] DEBUG FXGLAssetLoader      - Loading from cache: /assets/textures/missile.png
23:13:35.940 [JavaFX Application Thread] DEBUG GameScene            - Entity added to scene
23:13:35.940 [JavaFX Application Thread] DEBUG GameScene            - Added MainViewComponent
23:13:36.206 [JavaFX Application Thread] DEBUG FXGLAssetLoader      - Loading from cache: /assets/textures/missile.png
23:13:36.207 [JavaFX Application Thread] DEBUG GameScene            - Entity added to scene
23:13:36.207 [JavaFX Application Thread] DEBUG GameScene            - Added MainViewComponent
23:13:36.326 [JavaFX Application Thread] DEBUG FXGLEventBus         - Firing event: DisplayEvent[type=CLOSE_REQUEST]
23:13:36.327 [JavaFX Application Thread] DEBUG FXGLEventBus         - Firing event: FXGLEvent[type=EXIT]
23:13:36.327 [JavaFX Application Thread] DEBUG FXGL                 - Saving FXGL system data
23:13:36.328 [JavaFX Application Thread] DEBUG IOTask               - Executing task: writeDataTask(system/fxgl.bundle)
23:13:36.329 [JavaFX Application Thread] DEBUG FS                   - Writing to: system\fxgl.bundle
23:13:36.332 [JavaFX Application Thread] DEBUG IOTask               - Task succeeded: writeDataTask(system/fxgl.bundle)
