23:14:15.526 [FXGL Launcher Thread     ] DEBUG FXGLLoggerFactory    - Service [LoggerFactory] initialized
23:14:15.531 [FXGL Launcher Thread     ] DEBUG FXGL                 - FXGL configuration complete
23:14:15.531 [FXGL Launcher Thread     ] DEBUG FXGL                 - Loading FXGL system data
23:14:15.534 [FXGL Launcher Thread     ] DEBUG IOTask               - Executing task: readDataTask(system/fxgl.bundle)
23:14:15.538 [FXGL Launcher Thread     ] DEBUG FS                   - Reading from: system\fxgl.bundle
23:14:15.544 [FXGL Launcher Thread     ] DEBUG IOTask               - Task succeeded: readDataTask(system/fxgl.bundle)
23:14:15.544 [FXGL Launcher Thread     ] DEBUG Bundle               - Logging bundle: FXGL
23:14:15.545 [FXGL Launcher Thread     ] DEBUG Bundle               - FXGL.offline.timer.version.check=2016-12-04T23:31:25.587
23:14:15.550 [FXGL Launcher Thread     ] DEBUG GameApplication      - Configuring GameApplication
23:14:15.553 [FXGL Launcher Thread     ] DEBUG FXGLExceptionHandler - Service [ExceptionHandler] initialized
23:14:15.554 [FXGL Launcher Thread     ] DEBUG FXGLEventBus         - Service [EventBus] initialized
23:14:15.558 [FXGL Launcher Thread     ] DEBUG FXGLExecutor         - Service [Executor] initialized
23:14:15.559 [FXGL Launcher Thread     ] DEBUG PreInitTask          - Injecting gameWorld & physicsWorld
23:14:15.563 [FXGL Launcher Thread     ] DEBUG GameWorld            - Game world initialized
23:14:15.603 [FXGL Launcher Thread     ] DEBUG FXGLPooler           - Service [Pooler] initialized with default size = 128
23:14:15.603 [FXGL Launcher Thread     ] DEBUG PhysicsWorld         - Physics world initialized: appHeight=700.0, physics.ppm=50.0
23:14:15.604 [FXGL Launcher Thread     ] DEBUG FXGLInput            - Service [Input] initialized
23:14:15.625 [FXGL Launcher Thread     ] DEBUG FXGLInput            - Registered new binding: Screenshot - P
23:14:15.625 [FXGL Launcher Thread     ] DEBUG FXGLInput            - Registered new binding: Dev Options - CTRL+0
23:14:15.626 [FXGL Launcher Thread     ] DEBUG FXGLInput            - Registered new binding: Spawn Anti-Ballistic - PRIMARY
23:14:15.655 [FXGL Launcher Thread     ] DEBUG GameScene            - Game scene initialized: 800.0x700.0
23:14:15.662 [FXGL Launcher Thread     ] DEBUG FXGLAssetLoader      - Service [AssetLoader] initialized: cacheSize=35
23:14:15.664 [FXGL Launcher Thread     ] DEBUG FXGLAssetLoader      - Loading from disk: /assets/sounds/system/notification.wav
23:14:15.728 [FXGL Launcher Thread     ] DEBUG FXGLAssetLoader      - Loading from disk: /assets/sounds/menu/select.wav
23:14:15.729 [FXGL Launcher Thread     ] DEBUG FXGLAssetLoader      - Loading from disk: /assets/sounds/menu/back.wav
23:14:15.731 [FXGL Launcher Thread     ] DEBUG FXGLAssetLoader      - Loading from disk: /assets/sounds/menu/press.wav
23:14:15.733 [FXGL Launcher Thread     ] DEBUG FXGLAssetLoader      - Loading from disk: /assets/ui/fonts/Copperplate_Gothic_Light_Regular.ttf
23:14:15.820 [FXGL Launcher Thread     ] DEBUG FXGLAssetLoader      - Loading from disk: /assets/ui/css/fxgl.css
23:14:15.820 [FXGL Launcher Thread     ] DEBUG FXGLAssetLoader      - Loading from disk: /assets/ui/icons/fxgl_icon.png
23:14:15.862 [FXGL Launcher Thread     ] DEBUG FXGLAssetLoader      - Loading from disk: /assets/ui/css/fxgl_dark.css
23:14:15.870 [FXGL Launcher Thread     ] DEBUG FXGLDisplay          - Target size: DoubleProperty [value: 800.0] x DoubleProperty [value: 700.0] @ 1.0
23:14:15.870 [FXGL Launcher Thread     ] DEBUG FXGLDisplay          - New size:    800.0 x 700.0 @ DoubleProperty [value: 1.0]
23:14:15.871 [FXGL Launcher Thread     ] DEBUG FXGLDisplay          - Service [Display] initialized
23:14:15.871 [FXGL Launcher Thread     ] DEBUG FXGLDisplay          - Using CSS: CSS(externalForm=jar:file:/C:/Users/Shane/Downloads/FXGL-0.2.8-uber.jar!/assets/ui/css/fxgl_dark.css)
23:14:15.871 [FXGL Launcher Thread     ] DEBUG InitScenesTask       - Injecting loadingScene & gameScene
23:14:15.914 [FXGL Launcher Thread     ] DEBUG FXGLMasterTimer      - Service [MasterTimer] initialized
23:14:15.918 [FXGL Launcher Thread     ] DEBUG FXGLAudioPlayer      - Service [AudioPlayer] initialized
23:14:15.926 [FXGL Launcher Thread     ] DEBUG GameApplication      - Starting new game
23:14:15.928 [FXGL Launcher Thread     ] DEBUG GameApplication      - Initializing App
23:14:15.929 [FXGL Launcher Thread     ] DEBUG FXGLInput            - Clearing active input actions
23:14:15.929 [FXGL Launcher Thread     ] DEBUG FXGLMasterTimer      - Stopping master timer
23:14:15.929 [FXGL Launcher Thread     ] DEBUG GameApplication      - State: STARTUP -> PAUSED
23:14:15.930 [FXGL Launcher Thread     ] DEBUG FXGLEventBus         - Firing event: FXGLEvent[type=PAUSE]
23:14:15.931 [FXGL Launcher Thread     ] DEBUG FXGLInput            - Clearing active input actions
23:14:15.931 [FXGL Launcher Thread     ] DEBUG FXGLMasterTimer      - Resetting ticks and clearing all actions
23:14:15.931 [FXGL Launcher Thread     ] DEBUG GameWorld            - Resetting game world
23:14:15.931 [FXGL Launcher Thread     ] TRACE EntityWorld          - Resetting entity world
23:14:15.933 [FXGL Launcher Thread     ] DEBUG PhysicsWorld         - Resetting physics world
23:14:15.933 [FXGL Launcher Thread     ] DEBUG GameScene            - Resetting game scene
23:14:15.933 [FXGL Launcher Thread     ] DEBUG FXGLEventBus         - Firing event: FXGLEvent[type=RESET]
23:14:15.999 [FXGL Launcher Thread     ] DEBUG GameApplication      - State: PAUSED -> LOADING
23:14:16.033 [FXGL Background Thread 1 ] DEBUG InitAppTask          - Initializing Assets
23:14:16.034 [FXGL Background Thread 1 ] DEBUG InitAppTask          - Initializing Game
23:14:16.078 [FXGL Background Thread 1 ] DEBUG FXGLAssetLoader      - Loading from disk: /assets/ui/cursors/crosshair.png
23:14:16.090 [FXGL Background Thread 1 ] DEBUG FXGLAssetLoader      - Loading from disk: /assets/textures/city.png
23:14:16.099 [FXGL Background Thread 1 ] DEBUG FXGLAssetLoader      - Loading from cache: /assets/textures/city.png
23:14:16.100 [FXGL Background Thread 1 ] DEBUG FXGLAssetLoader      - Loading from cache: /assets/textures/city.png
23:14:16.101 [FXGL Background Thread 1 ] DEBUG FXGLAssetLoader      - Loading from cache: /assets/textures/city.png
23:14:16.102 [FXGL Background Thread 1 ] DEBUG FXGLAssetLoader      - Loading from cache: /assets/textures/city.png
23:14:16.103 [FXGL Background Thread 1 ] DEBUG FXGLAssetLoader      - Loading from cache: /assets/textures/city.png
23:14:16.104 [FXGL Background Thread 1 ] DEBUG InitAppTask          - Initializing Physics
23:14:16.105 [FXGL Background Thread 1 ] DEBUG InitAppTask          - Initializing UI
23:14:16.110 [FXGL Background Thread 1 ] DEBUG GameScene            - Adding UI node: Text[text="Missile Command", x=0.0, y=0.0, alignment=LEFT, origin=BASELINE, boundsType=LOGICAL, font=Font[name=Copperplate Gothic Light, family=Copperplate Gothic Light, style=Regular, size=48.0], fontSmoothingType=GRAY, fill=0x0000ffff]
23:14:16.113 [FXGL Background Thread 1 ] DEBUG FXGLAssetLoader      - Loading from disk: /assets/textures/bg.jpg
23:14:16.121 [JavaFX Application Thread] DEBUG FXGLDisplay          - Showing stage
23:14:16.121 [JavaFX Application Thread] DEBUG FXGLDisplay          - Root size: 800.0x700.0
23:14:16.121 [JavaFX Application Thread] DEBUG FXGLDisplay          - Scene size: 800.0x700.0
23:14:16.121 [JavaFX Application Thread] DEBUG FXGLDisplay          - Stage size: 816.0x739.0
23:14:16.130 [FXGL Background Thread 1 ] DEBUG GameScene            - Creating render group for layer: TOP(2147483647)
23:14:16.131 [FXGL Background Thread 1 ] DEBUG InitAppTask          - Initialization Complete
23:14:16.184 [JavaFX Application Thread] DEBUG FXGLInput            - Clearing active input actions
23:14:16.185 [JavaFX Application Thread] DEBUG FXGLMasterTimer      - Starting master timer
23:14:16.185 [JavaFX Application Thread] DEBUG GameApplication      - State: LOADING -> PLAYING
23:14:16.193 [JavaFX Application Thread] DEBUG FXGLEventBus         - Firing event: FXGLEvent[type=RESUME]
23:14:16.196 [JavaFX Application Thread] DEBUG GameScene            - Entity added to scene
23:14:16.197 [JavaFX Application Thread] DEBUG GameScene            - Added MainViewComponent
23:14:16.197 [JavaFX Application Thread] DEBUG GameScene            - Creating render group for layer: BACKGROUND(1000)
23:14:16.199 [JavaFX Application Thread] DEBUG GameScene            - Entity added to scene
23:14:16.200 [JavaFX Application Thread] DEBUG GameScene            - Added MainViewComponent
23:14:16.200 [JavaFX Application Thread] DEBUG GameScene            - Entity added to scene
23:14:16.200 [JavaFX Application Thread] DEBUG GameScene            - Added MainViewComponent
23:14:16.201 [JavaFX Application Thread] DEBUG GameScene            - Entity added to scene
23:14:16.201 [JavaFX Application Thread] DEBUG GameScene            - Added MainViewComponent
23:14:16.201 [JavaFX Application Thread] DEBUG GameScene            - Entity added to scene
23:14:16.201 [JavaFX Application Thread] DEBUG GameScene            - Added MainViewComponent
23:14:16.201 [JavaFX Application Thread] DEBUG GameScene            - Entity added to scene
23:14:16.201 [JavaFX Application Thread] DEBUG GameScene            - Added MainViewComponent
23:14:16.202 [JavaFX Application Thread] DEBUG GameScene            - Entity added to scene
23:14:16.202 [JavaFX Application Thread] DEBUG GameScene            - Added MainViewComponent
23:14:16.491 [JavaFX Application Thread] DEBUG FXGLAssetLoader      - Loading from disk: /assets/textures/missile.png
23:14:16.493 [JavaFX Application Thread] DEBUG GameScene            - Entity added to scene
23:14:16.493 [JavaFX Application Thread] DEBUG GameScene            - Added MainViewComponent
23:14:16.758 [JavaFX Application Thread] DEBUG FXGLAssetLoader      - Loading from cache: /assets/textures/missile.png
23:14:16.759 [JavaFX Application Thread] DEBUG GameScene            - Entity added to scene
23:14:16.759 [JavaFX Application Thread] DEBUG GameScene            - Added MainViewComponent
23:14:17.024 [JavaFX Application Thread] DEBUG FXGLAssetLoader      - Loading from cache: /assets/textures/missile.png
23:14:17.025 [JavaFX Application Thread] DEBUG GameScene            - Entity added to scene
23:14:17.025 [JavaFX Application Thread] DEBUG GameScene            - Added MainViewComponent
23:14:17.291 [JavaFX Application Thread] DEBUG FXGLAssetLoader      - Loading from cache: /assets/textures/missile.png
23:14:17.291 [JavaFX Application Thread] DEBUG GameScene            - Entity added to scene
23:14:17.291 [JavaFX Application Thread] DEBUG GameScene            - Added MainViewComponent
23:14:17.558 [JavaFX Application Thread] DEBUG FXGLAssetLoader      - Loading from cache: /assets/textures/missile.png
23:14:17.559 [JavaFX Application Thread] DEBUG GameScene            - Entity added to scene
23:14:17.559 [JavaFX Application Thread] DEBUG GameScene            - Added MainViewComponent
23:14:17.832 [JavaFX Application Thread] DEBUG FXGLAssetLoader      - Loading from cache: /assets/textures/missile.png
23:14:17.832 [JavaFX Application Thread] DEBUG GameScene            - Entity added to scene
23:14:17.832 [JavaFX Application Thread] DEBUG GameScene            - Added MainViewComponent
23:14:18.091 [JavaFX Application Thread] DEBUG FXGLAssetLoader      - Loading from cache: /assets/textures/missile.png
23:14:18.092 [JavaFX Application Thread] DEBUG GameScene            - Entity added to scene
23:14:18.092 [JavaFX Application Thread] DEBUG GameScene            - Added MainViewComponent
23:14:18.358 [JavaFX Application Thread] DEBUG FXGLAssetLoader      - Loading from cache: /assets/textures/missile.png
23:14:18.358 [JavaFX Application Thread] DEBUG GameScene            - Entity added to scene
23:14:18.358 [JavaFX Application Thread] DEBUG GameScene            - Added MainViewComponent
23:14:18.374 [JavaFX Application Thread] DEBUG GameScene            - Entity removed from scene
23:14:18.374 [JavaFX Application Thread] DEBUG GameScene            - Removed MainViewComponent
23:14:18.624 [JavaFX Application Thread] DEBUG FXGLAssetLoader      - Loading from cache: /assets/textures/missile.png
23:14:18.625 [JavaFX Application Thread] DEBUG GameScene            - Entity added to scene
23:14:18.625 [JavaFX Application Thread] DEBUG GameScene            - Added MainViewComponent
23:14:18.893 [JavaFX Application Thread] DEBUG FXGLAssetLoader      - Loading from cache: /assets/textures/missile.png
23:14:18.894 [JavaFX Application Thread] DEBUG GameScene            - Entity added to scene
23:14:18.894 [JavaFX Application Thread] DEBUG GameScene            - Added MainViewComponent
23:14:19.158 [JavaFX Application Thread] DEBUG FXGLAssetLoader      - Loading from cache: /assets/textures/missile.png
23:14:19.158 [JavaFX Application Thread] DEBUG GameScene            - Entity added to scene
23:14:19.159 [JavaFX Application Thread] DEBUG GameScene            - Added MainViewComponent
23:14:19.424 [JavaFX Application Thread] DEBUG FXGLAssetLoader      - Loading from cache: /assets/textures/missile.png
23:14:19.425 [JavaFX Application Thread] DEBUG GameScene            - Entity added to scene
23:14:19.425 [JavaFX Application Thread] DEBUG GameScene            - Added MainViewComponent
23:14:19.692 [JavaFX Application Thread] DEBUG FXGLAssetLoader      - Loading from cache: /assets/textures/missile.png
23:14:19.692 [JavaFX Application Thread] DEBUG GameScene            - Entity added to scene
23:14:19.692 [JavaFX Application Thread] DEBUG GameScene            - Added MainViewComponent
23:14:19.957 [JavaFX Application Thread] DEBUG FXGLAssetLoader      - Loading from cache: /assets/textures/missile.png
23:14:19.958 [JavaFX Application Thread] DEBUG GameScene            - Entity added to scene
23:14:19.958 [JavaFX Application Thread] DEBUG GameScene            - Added MainViewComponent
23:14:20.124 [JavaFX Application Thread] DEBUG GameScene            - Removing UI node: Text[text="Missile Command", x=0.0, y=0.0, alignment=LEFT, origin=BASELINE, boundsType=LOGICAL, font=Font[name=Copperplate Gothic Light, family=Copperplate Gothic Light, style=Regular, size=48.0], fontSmoothingType=GRAY, fill=0x0000ffff]
23:14:20.224 [JavaFX Application Thread] DEBUG FXGLAssetLoader      - Loading from cache: /assets/textures/missile.png
23:14:20.225 [JavaFX Application Thread] DEBUG GameScene            - Entity added to scene
23:14:20.225 [JavaFX Application Thread] DEBUG GameScene            - Added MainViewComponent
23:14:20.491 [JavaFX Application Thread] DEBUG FXGLAssetLoader      - Loading from cache: /assets/textures/missile.png
23:14:20.491 [JavaFX Application Thread] DEBUG GameScene            - Entity added to scene
23:14:20.492 [JavaFX Application Thread] DEBUG GameScene            - Added MainViewComponent
23:14:20.758 [JavaFX Application Thread] DEBUG FXGLAssetLoader      - Loading from cache: /assets/textures/missile.png
23:14:20.758 [JavaFX Application Thread] DEBUG GameScene            - Entity added to scene
23:14:20.758 [JavaFX Application Thread] DEBUG GameScene            - Added MainViewComponent
23:14:21.026 [JavaFX Application Thread] DEBUG FXGLAssetLoader      - Loading from cache: /assets/textures/missile.png
23:14:21.027 [JavaFX Application Thread] DEBUG GameScene            - Entity added to scene
23:14:21.027 [JavaFX Application Thread] DEBUG GameScene            - Added MainViewComponent
23:14:21.291 [JavaFX Application Thread] DEBUG FXGLAssetLoader      - Loading from cache: /assets/textures/missile.png
23:14:21.292 [JavaFX Application Thread] DEBUG GameScene            - Entity added to scene
23:14:21.292 [JavaFX Application Thread] DEBUG GameScene            - Added MainViewComponent
23:14:21.558 [JavaFX Application Thread] DEBUG FXGLAssetLoader      - Loading from cache: /assets/textures/missile.png
23:14:21.558 [JavaFX Application Thread] DEBUG GameScene            - Entity added to scene
23:14:21.559 [JavaFX Application Thread] DEBUG GameScene            - Added MainViewComponent
23:14:21.826 [JavaFX Application Thread] DEBUG FXGLAssetLoader      - Loading from cache: /assets/textures/missile.png
23:14:21.826 [JavaFX Application Thread] DEBUG GameScene            - Entity added to scene
23:14:21.826 [JavaFX Application Thread] DEBUG GameScene            - Added MainViewComponent
23:14:21.947 [JavaFX Application Thread] DEBUG GameScene            - Entity added to scene
23:14:21.947 [JavaFX Application Thread] DEBUG GameScene            - Added MainViewComponent
23:14:21.958 [JavaFX Application Thread] DEBUG GameScene            - Entity added to scene
23:14:21.958 [JavaFX Application Thread] DEBUG GameScene            - Added MainViewComponent
23:14:21.975 [JavaFX Application Thread] DEBUG GameScene            - Entity added to scene
23:14:21.975 [JavaFX Application Thread] DEBUG GameScene            - Added MainViewComponent
23:14:21.992 [JavaFX Application Thread] DEBUG GameScene            - Entity added to scene
23:14:21.992 [JavaFX Application Thread] DEBUG GameScene            - Added MainViewComponent
23:14:22.008 [JavaFX Application Thread] DEBUG GameScene            - Entity added to scene
23:14:22.009 [JavaFX Application Thread] DEBUG GameScene            - Added MainViewComponent
23:14:22.026 [JavaFX Application Thread] DEBUG GameScene            - Entity added to scene
23:14:22.026 [JavaFX Application Thread] DEBUG GameScene            - Added MainViewComponent
23:14:22.041 [JavaFX Application Thread] DEBUG GameScene            - Entity added to scene
23:14:22.042 [JavaFX Application Thread] DEBUG GameScene            - Added MainViewComponent
23:14:22.058 [JavaFX Application Thread] DEBUG GameScene            - Entity added to scene
23:14:22.058 [JavaFX Application Thread] DEBUG GameScene            - Added MainViewComponent
23:14:22.074 [JavaFX Application Thread] DEBUG GameScene            - Entity added to scene
23:14:22.074 [JavaFX Application Thread] DEBUG GameScene            - Added MainViewComponent
23:14:22.091 [JavaFX Application Thread] DEBUG FXGLAssetLoader      - Loading from cache: /assets/textures/missile.png
23:14:22.092 [JavaFX Application Thread] DEBUG GameScene            - Entity added to scene
23:14:22.092 [JavaFX Application Thread] DEBUG GameScene            - Added MainViewComponent
23:14:22.092 [JavaFX Application Thread] DEBUG GameScene            - Entity added to scene
23:14:22.092 [JavaFX Application Thread] DEBUG GameScene            - Added MainViewComponent
23:14:22.108 [JavaFX Application Thread] DEBUG GameScene            - Entity added to scene
23:14:22.108 [JavaFX Application Thread] DEBUG GameScene            - Added MainViewComponent
23:14:22.125 [JavaFX Application Thread] DEBUG GameScene            - Entity added to scene
23:14:22.125 [JavaFX Application Thread] DEBUG GameScene            - Added MainViewComponent
23:14:22.141 [JavaFX Application Thread] DEBUG GameScene            - Entity added to scene
23:14:22.141 [JavaFX Application Thread] DEBUG GameScene            - Added MainViewComponent
23:14:22.207 [JavaFX Application Thread] DEBUG GameScene            - Entity removed from scene
23:14:22.207 [JavaFX Application Thread] DEBUG GameScene            - Removed MainViewComponent
23:14:22.225 [JavaFX Application Thread] DEBUG GameScene            - Entity removed from scene
23:14:22.225 [JavaFX Application Thread] DEBUG GameScene            - Removed MainViewComponent
23:14:22.240 [JavaFX Application Thread] DEBUG GameScene            - Entity removed from scene
23:14:22.240 [JavaFX Application Thread] DEBUG GameScene            - Removed MainViewComponent
23:14:22.257 [JavaFX Application Thread] DEBUG GameScene            - Entity removed from scene
23:14:22.258 [JavaFX Application Thread] DEBUG GameScene            - Removed MainViewComponent
23:14:22.274 [JavaFX Application Thread] DEBUG GameScene            - Entity removed from scene
23:14:22.274 [JavaFX Application Thread] DEBUG GameScene            - Removed MainViewComponent
23:14:22.290 [JavaFX Application Thread] DEBUG GameScene            - Entity removed from scene
23:14:22.290 [JavaFX Application Thread] DEBUG GameScene            - Removed MainViewComponent
23:14:22.307 [JavaFX Application Thread] DEBUG GameScene            - Entity removed from scene
23:14:22.307 [JavaFX Application Thread] DEBUG GameScene            - Removed MainViewComponent
23:14:22.324 [JavaFX Application Thread] DEBUG GameScene            - Entity removed from scene
23:14:22.324 [JavaFX Application Thread] DEBUG GameScene            - Removed MainViewComponent
23:14:22.340 [JavaFX Application Thread] DEBUG GameScene            - Entity removed from scene
23:14:22.340 [JavaFX Application Thread] DEBUG GameScene            - Removed MainViewComponent
23:14:22.358 [JavaFX Application Thread] DEBUG FXGLAssetLoader      - Loading from cache: /assets/textures/missile.png
23:14:22.359 [JavaFX Application Thread] DEBUG GameScene            - Entity added to scene
23:14:22.359 [JavaFX Application Thread] DEBUG GameScene            - Added MainViewComponent
23:14:22.359 [JavaFX Application Thread] DEBUG GameScene            - Entity removed from scene
23:14:22.359 [JavaFX Application Thread] DEBUG GameScene            - Removed MainViewComponent
23:14:22.373 [JavaFX Application Thread] DEBUG GameScene            - Entity removed from scene
23:14:22.373 [JavaFX Application Thread] DEBUG GameScene            - Removed MainViewComponent
23:14:22.391 [JavaFX Application Thread] DEBUG GameScene            - Entity removed from scene
23:14:22.391 [JavaFX Application Thread] DEBUG GameScene            - Removed MainViewComponent
23:14:22.392 [JavaFX Application Thread] DEBUG GameScene            - Entity removed from scene
23:14:22.392 [JavaFX Application Thread] DEBUG GameScene            - Removed MainViewComponent
23:14:22.680 [JavaFX Application Thread] DEBUG FXGLEventBus         - Firing event: DisplayEvent[type=CLOSE_REQUEST]
23:14:22.681 [JavaFX Application Thread] DEBUG FXGLEventBus         - Firing event: FXGLEvent[type=EXIT]
23:14:22.681 [JavaFX Application Thread] DEBUG FXGL                 - Saving FXGL system data
23:14:22.682 [JavaFX Application Thread] DEBUG IOTask               - Executing task: writeDataTask(system/fxgl.bundle)
23:14:22.684 [JavaFX Application Thread] DEBUG FS                   - Writing to: system\fxgl.bundle
23:14:22.688 [JavaFX Application Thread] DEBUG IOTask               - Task succeeded: writeDataTask(system/fxgl.bundle)
