14:25:41.455 [FXGL Launcher Thread     ] DEBUG FXGLLoggerFactory    - Service [LoggerFactory] initialized
14:25:41.461 [FXGL Launcher Thread     ] DEBUG FXGL                 - FXGL configuration complete
14:25:41.462 [FXGL Launcher Thread     ] DEBUG FXGL                 - Loading FXGL system data
14:25:41.466 [FXGL Launcher Thread     ] DEBUG IOTask               - Executing task: readDataTask(system/fxgl.bundle)
14:25:41.472 [FXGL Launcher Thread     ] DEBUG FS                   - Reading from: system\fxgl.bundle
14:25:41.481 [FXGL Launcher Thread     ] DEBUG IOTask               - Task succeeded: readDataTask(system/fxgl.bundle)
14:25:41.481 [FXGL Launcher Thread     ] DEBUG Bundle               - Logging bundle: FXGL
14:25:41.482 [FXGL Launcher Thread     ] DEBUG Bundle               - FXGL.offline.timer.version.check=2016-12-04T23:31:25.587
14:25:41.493 [FXGL Launcher Thread     ] DEBUG GameApplication      - Configuring GameApplication
14:25:41.500 [FXGL Launcher Thread     ] DEBUG FXGLExceptionHandler - Service [ExceptionHandler] initialized
14:25:41.501 [FXGL Launcher Thread     ] DEBUG FXGLEventBus         - Service [EventBus] initialized
14:25:41.506 [FXGL Launcher Thread     ] DEBUG FXGLExecutor         - Service [Executor] initialized
14:25:41.507 [FXGL Launcher Thread     ] DEBUG PreInitTask          - Injecting gameWorld & physicsWorld
14:25:41.514 [FXGL Launcher Thread     ] DEBUG GameWorld            - Game world initialized
14:25:41.568 [FXGL Launcher Thread     ] DEBUG FXGLPooler           - Service [Pooler] initialized with default size = 128
14:25:41.569 [FXGL Launcher Thread     ] DEBUG PhysicsWorld         - Physics world initialized: appHeight=600.0, physics.ppm=50.0
14:25:41.572 [FXGL Launcher Thread     ] DEBUG FXGLInput            - Service [Input] initialized
14:25:41.596 [FXGL Launcher Thread     ] DEBUG FXGLInput            - Registered new binding: Screenshot - P
14:25:41.597 [FXGL Launcher Thread     ] DEBUG FXGLInput            - Registered new binding: Dev Options - CTRL+0
14:25:41.597 [FXGL Launcher Thread     ] DEBUG FXGLInput            - Registered new binding: Spawn Anti-Ballastic - PRIMARY
14:25:41.637 [FXGL Launcher Thread     ] DEBUG GameScene            - Game scene initialized: 600.0x600.0
14:25:41.651 [FXGL Launcher Thread     ] DEBUG FXGLAssetLoader      - Service [AssetLoader] initialized: cacheSize=35
14:25:41.658 [FXGL Launcher Thread     ] DEBUG FXGLAssetLoader      - Loading from disk: /assets/sounds/system/notification.wav
14:25:41.727 [FXGL Launcher Thread     ] DEBUG FXGLAssetLoader      - Loading from disk: /assets/sounds/menu/select.wav
14:25:41.729 [FXGL Launcher Thread     ] DEBUG FXGLAssetLoader      - Loading from disk: /assets/sounds/menu/back.wav
14:25:41.731 [FXGL Launcher Thread     ] DEBUG FXGLAssetLoader      - Loading from disk: /assets/sounds/menu/press.wav
14:25:41.734 [FXGL Launcher Thread     ] DEBUG FXGLAssetLoader      - Loading from disk: /assets/ui/fonts/Copperplate_Gothic_Light_Regular.ttf
14:25:41.905 [FXGL Launcher Thread     ] DEBUG FXGLAssetLoader      - Loading from disk: /assets/ui/css/fxgl.css
14:25:41.906 [FXGL Launcher Thread     ] DEBUG FXGLAssetLoader      - Loading from disk: /assets/ui/icons/fxgl_icon.png
14:25:41.980 [FXGL Launcher Thread     ] DEBUG FXGLAssetLoader      - Loading from disk: /assets/ui/css/fxgl_dark.css
14:25:41.993 [FXGL Launcher Thread     ] DEBUG FXGLDisplay          - Target size: DoubleProperty [value: 600.0] x DoubleProperty [value: 600.0] @ 1.0
14:25:41.993 [FXGL Launcher Thread     ] DEBUG FXGLDisplay          - New size:    600.0 x 600.0 @ DoubleProperty [value: 1.0]
14:25:41.994 [FXGL Launcher Thread     ] DEBUG FXGLDisplay          - Service [Display] initialized
14:25:41.994 [FXGL Launcher Thread     ] DEBUG FXGLDisplay          - Using CSS: CSS(externalForm=jar:file:/C:/Users/Tyler/Downloads/FXGL-0.2.8-uber.jar!/assets/ui/css/fxgl_dark.css)
14:25:41.995 [FXGL Launcher Thread     ] DEBUG InitScenesTask       - Injecting loadingScene & gameScene
14:25:42.028 [FXGL Launcher Thread     ] DEBUG FXGLMasterTimer      - Service [MasterTimer] initialized
14:25:42.031 [FXGL Launcher Thread     ] DEBUG FXGLAudioPlayer      - Service [AudioPlayer] initialized
14:25:42.041 [FXGL Launcher Thread     ] DEBUG GameApplication      - Starting new game
14:25:42.044 [FXGL Launcher Thread     ] DEBUG GameApplication      - Initializing App
14:25:42.046 [FXGL Launcher Thread     ] DEBUG FXGLInput            - Clearing active input actions
14:25:42.047 [FXGL Launcher Thread     ] DEBUG FXGLMasterTimer      - Stopping master timer
14:25:42.047 [FXGL Launcher Thread     ] DEBUG GameApplication      - State: STARTUP -> PAUSED
14:25:42.048 [FXGL Launcher Thread     ] DEBUG FXGLEventBus         - Firing event: FXGLEvent[type=PAUSE]
14:25:42.051 [FXGL Launcher Thread     ] DEBUG FXGLInput            - Clearing active input actions
14:25:42.051 [FXGL Launcher Thread     ] DEBUG FXGLMasterTimer      - Resetting ticks and clearing all actions
14:25:42.051 [FXGL Launcher Thread     ] DEBUG GameWorld            - Resetting game world
14:25:42.051 [FXGL Launcher Thread     ] TRACE EntityWorld          - Resetting entity world
14:25:42.053 [FXGL Launcher Thread     ] DEBUG PhysicsWorld         - Resetting physics world
14:25:42.054 [FXGL Launcher Thread     ] DEBUG GameScene            - Resetting game scene
14:25:42.054 [FXGL Launcher Thread     ] DEBUG FXGLEventBus         - Firing event: FXGLEvent[type=RESET]
14:25:42.125 [FXGL Launcher Thread     ] DEBUG GameApplication      - State: PAUSED -> LOADING
14:25:42.172 [FXGL Background Thread 1 ] DEBUG InitAppTask          - Initializing Assets
14:25:42.175 [FXGL Background Thread 1 ] DEBUG InitAppTask          - Initializing Game
14:25:42.241 [FXGL Background Thread 1 ] DEBUG FXGLAssetLoader      - Loading from disk: /assets/ui/cursors/crosshair.png
14:25:42.265 [FXGL Background Thread 1 ] DEBUG FXGLAssetLoader      - Loading from disk: /assets/textures/city.png
14:25:42.275 [FXGL Background Thread 1 ] DEBUG FXGLAssetLoader      - Loading from cache: /assets/textures/city.png
14:25:42.276 [FXGL Background Thread 1 ] DEBUG FXGLAssetLoader      - Loading from cache: /assets/textures/city.png
14:25:42.278 [FXGL Background Thread 1 ] DEBUG FXGLAssetLoader      - Loading from cache: /assets/textures/city.png
14:25:42.279 [FXGL Background Thread 1 ] DEBUG FXGLAssetLoader      - Loading from cache: /assets/textures/city.png
14:25:42.281 [JavaFX Application Thread] DEBUG FXGLDisplay          - Showing stage
14:25:42.282 [JavaFX Application Thread] DEBUG FXGLDisplay          - Root size: 600.0x600.0
14:25:42.281 [FXGL Background Thread 1 ] DEBUG FXGLAssetLoader      - Loading from cache: /assets/textures/city.png
14:25:42.282 [JavaFX Application Thread] DEBUG FXGLDisplay          - Scene size: 600.0x600.0
14:25:42.282 [JavaFX Application Thread] DEBUG FXGLDisplay          - Stage size: 616.0x639.0
14:25:42.285 [FXGL Background Thread 1 ] DEBUG InitAppTask          - Initializing Physics
14:25:42.286 [FXGL Background Thread 1 ] DEBUG InitAppTask          - Initializing UI
14:25:42.295 [FXGL Background Thread 1 ] DEBUG GameScene            - Adding UI node: Text[text="Missile Command", x=0.0, y=0.0, alignment=LEFT, origin=BASELINE, boundsType=LOGICAL, font=Font[name=Copperplate Gothic Light, family=Copperplate Gothic Light, style=Regular, size=48.0], fontSmoothingType=GRAY, fill=0x0000ffff]
14:25:42.298 [FXGL Background Thread 1 ] DEBUG InitAppTask          - Initialization Complete
14:25:42.370 [JavaFX Application Thread] DEBUG FXGLInput            - Clearing active input actions
14:25:42.371 [JavaFX Application Thread] DEBUG FXGLMasterTimer      - Starting master timer
14:25:42.371 [JavaFX Application Thread] DEBUG GameApplication      - State: LOADING -> PLAYING
14:25:42.383 [JavaFX Application Thread] DEBUG FXGLEventBus         - Firing event: FXGLEvent[type=RESUME]
14:25:42.392 [JavaFX Application Thread] DEBUG GameScene            - Entity added to scene
14:25:42.393 [JavaFX Application Thread] DEBUG GameScene            - Added MainViewComponent
14:25:42.398 [JavaFX Application Thread] DEBUG GameScene            - Creating render group for layer: BACKGROUND(1000)
14:25:42.403 [JavaFX Application Thread] DEBUG GameScene            - Entity added to scene
14:25:42.403 [JavaFX Application Thread] DEBUG GameScene            - Added MainViewComponent
14:25:42.403 [JavaFX Application Thread] DEBUG GameScene            - Creating render group for layer: TOP(2147483647)
14:25:42.405 [JavaFX Application Thread] DEBUG GameScene            - Entity added to scene
14:25:42.405 [JavaFX Application Thread] DEBUG GameScene            - Added MainViewComponent
14:25:42.406 [JavaFX Application Thread] DEBUG GameScene            - Entity added to scene
14:25:42.406 [JavaFX Application Thread] DEBUG GameScene            - Added MainViewComponent
14:25:42.406 [JavaFX Application Thread] DEBUG GameScene            - Entity added to scene
14:25:42.406 [JavaFX Application Thread] DEBUG GameScene            - Added MainViewComponent
14:25:42.407 [JavaFX Application Thread] DEBUG GameScene            - Entity added to scene
14:25:42.407 [JavaFX Application Thread] DEBUG GameScene            - Added MainViewComponent
14:25:42.407 [JavaFX Application Thread] DEBUG GameScene            - Entity added to scene
14:25:42.407 [JavaFX Application Thread] DEBUG GameScene            - Added MainViewComponent
14:25:42.725 [JavaFX Application Thread] DEBUG GameScene            - Entity added to scene
14:25:42.725 [JavaFX Application Thread] DEBUG GameScene            - Added MainViewComponent
14:25:42.995 [JavaFX Application Thread] DEBUG GameScene            - Entity added to scene
14:25:42.995 [JavaFX Application Thread] DEBUG GameScene            - Added MainViewComponent
14:25:43.250 [JavaFX Application Thread] DEBUG GameScene            - Entity added to scene
14:25:43.250 [JavaFX Application Thread] DEBUG GameScene            - Added MainViewComponent
14:25:43.522 [JavaFX Application Thread] DEBUG GameScene            - Entity added to scene
14:25:43.522 [JavaFX Application Thread] DEBUG GameScene            - Added MainViewComponent
14:25:43.794 [JavaFX Application Thread] DEBUG GameScene            - Entity added to scene
14:25:43.794 [JavaFX Application Thread] DEBUG GameScene            - Added MainViewComponent
14:25:44.066 [JavaFX Application Thread] DEBUG GameScene            - Entity added to scene
14:25:44.067 [JavaFX Application Thread] DEBUG GameScene            - Added MainViewComponent
14:25:44.323 [JavaFX Application Thread] DEBUG GameScene            - Entity added to scene
14:25:44.323 [JavaFX Application Thread] DEBUG GameScene            - Added MainViewComponent
14:25:44.636 [JavaFX Application Thread] DEBUG FXGLEventBus         - Firing event: DisplayEvent[type=CLOSE_REQUEST]
14:25:44.638 [JavaFX Application Thread] DEBUG FXGLEventBus         - Firing event: FXGLEvent[type=EXIT]
14:25:44.638 [JavaFX Application Thread] DEBUG FXGL                 - Saving FXGL system data
14:25:44.640 [JavaFX Application Thread] DEBUG IOTask               - Executing task: writeDataTask(system/fxgl.bundle)
14:25:44.642 [JavaFX Application Thread] DEBUG FS                   - Writing to: system\fxgl.bundle
14:25:44.647 [JavaFX Application Thread] DEBUG IOTask               - Task succeeded: writeDataTask(system/fxgl.bundle)
