22:30:12.847 [FXGL Launcher Thread     ] DEBUG FXGLLoggerFactory    - Service [LoggerFactory] initialized
22:30:13.895 [FXGL Launcher Thread     ] DEBUG FXGL                 - FXGL configuration complete
22:30:13.895 [FXGL Launcher Thread     ] DEBUG FXGL                 - Loading FXGL system data
22:30:13.899 [FXGL Launcher Thread     ] DEBUG IOTask               - Executing task: readDataTask(system/fxgl.bundle)
22:30:13.903 [FXGL Launcher Thread     ] DEBUG FS                   - Reading from: system\fxgl.bundle
22:30:13.913 [FXGL Launcher Thread     ] DEBUG IOTask               - Task succeeded: readDataTask(system/fxgl.bundle)
22:30:13.913 [FXGL Launcher Thread     ] DEBUG Bundle               - Logging bundle: FXGL
22:30:13.934 [FXGL Launcher Thread     ] DEBUG Bundle               - FXGL.offline.timer.version.check=2016-12-04T23:31:25.587
22:30:14.247 [FXGL Launcher Thread     ] DEBUG GameApplication      - Configuring GameApplication
22:30:14.251 [FXGL Launcher Thread     ] DEBUG FXGLExceptionHandler - Service [ExceptionHandler] initialized
22:30:14.252 [FXGL Launcher Thread     ] DEBUG FXGLEventBus         - Service [EventBus] initialized
22:30:14.255 [FXGL Launcher Thread     ] DEBUG FXGLExecutor         - Service [Executor] initialized
22:30:14.255 [FXGL Launcher Thread     ] DEBUG PreInitTask          - Injecting gameWorld & physicsWorld
22:30:14.262 [FXGL Launcher Thread     ] DEBUG GameWorld            - Game world initialized
22:30:14.307 [FXGL Launcher Thread     ] DEBUG FXGLPooler           - Service [Pooler] initialized with default size = 128
22:30:14.307 [FXGL Launcher Thread     ] DEBUG PhysicsWorld         - Physics world initialized: appHeight=600.0, physics.ppm=50.0
22:30:14.309 [FXGL Launcher Thread     ] DEBUG FXGLInput            - Service [Input] initialized
22:30:14.332 [FXGL Launcher Thread     ] DEBUG FXGLInput            - Registered new binding: Screenshot - P
22:30:14.332 [FXGL Launcher Thread     ] DEBUG FXGLInput            - Registered new binding: Dev Options - CTRL+0
22:30:14.332 [FXGL Launcher Thread     ] DEBUG FXGLInput            - Registered new binding: Spawn Anti-Ballistic - PRIMARY
22:30:14.363 [FXGL Launcher Thread     ] DEBUG GameScene            - Game scene initialized: 600.0x600.0
22:30:14.368 [FXGL Launcher Thread     ] DEBUG FXGLAssetLoader      - Service [AssetLoader] initialized: cacheSize=35
22:30:14.370 [FXGL Launcher Thread     ] DEBUG FXGLAssetLoader      - Loading from disk: /assets/sounds/system/notification.wav
22:30:14.399 [FXGL Launcher Thread     ] DEBUG FXGLAssetLoader      - Loading from disk: /assets/sounds/menu/select.wav
22:30:14.401 [FXGL Launcher Thread     ] DEBUG FXGLAssetLoader      - Loading from disk: /assets/sounds/menu/back.wav
22:30:14.403 [FXGL Launcher Thread     ] DEBUG FXGLAssetLoader      - Loading from disk: /assets/sounds/menu/press.wav
22:30:14.405 [FXGL Launcher Thread     ] DEBUG FXGLAssetLoader      - Loading from disk: /assets/ui/fonts/Copperplate_Gothic_Light_Regular.ttf
22:30:15.488 [FXGL Launcher Thread     ] DEBUG FXGLAssetLoader      - Loading from disk: /assets/ui/css/fxgl.css
22:30:15.488 [FXGL Launcher Thread     ] DEBUG FXGLAssetLoader      - Loading from disk: /assets/ui/icons/fxgl_icon.png
22:30:15.536 [FXGL Launcher Thread     ] DEBUG FXGLAssetLoader      - Loading from disk: /assets/ui/css/fxgl_dark.css
22:30:15.547 [FXGL Launcher Thread     ] DEBUG FXGLDisplay          - Target size: DoubleProperty [value: 600.0] x DoubleProperty [value: 600.0] @ 1.0
22:30:15.547 [FXGL Launcher Thread     ] DEBUG FXGLDisplay          - New size:    600.0 x 600.0 @ DoubleProperty [value: 1.0]
22:30:15.547 [FXGL Launcher Thread     ] DEBUG FXGLDisplay          - Service [Display] initialized
22:30:15.547 [FXGL Launcher Thread     ] DEBUG FXGLDisplay          - Using CSS: CSS(externalForm=jar:file:/C:/Users/Shane/Downloads/FXGL-0.2.8-uber.jar!/assets/ui/css/fxgl_dark.css)
22:30:15.548 [FXGL Launcher Thread     ] DEBUG InitScenesTask       - Injecting loadingScene & gameScene
22:30:15.594 [FXGL Launcher Thread     ] DEBUG FXGLMasterTimer      - Service [MasterTimer] initialized
22:30:15.596 [FXGL Launcher Thread     ] DEBUG FXGLAudioPlayer      - Service [AudioPlayer] initialized
22:30:16.308 [FXGL Launcher Thread     ] DEBUG GameApplication      - Starting new game
22:30:16.310 [FXGL Launcher Thread     ] DEBUG GameApplication      - Initializing App
22:30:16.312 [FXGL Launcher Thread     ] DEBUG FXGLInput            - Clearing active input actions
22:30:16.312 [FXGL Launcher Thread     ] DEBUG FXGLMasterTimer      - Stopping master timer
22:30:16.313 [FXGL Launcher Thread     ] DEBUG GameApplication      - State: STARTUP -> PAUSED
22:30:16.313 [FXGL Launcher Thread     ] DEBUG FXGLEventBus         - Firing event: FXGLEvent[type=PAUSE]
22:30:16.315 [FXGL Launcher Thread     ] DEBUG FXGLInput            - Clearing active input actions
22:30:16.315 [FXGL Launcher Thread     ] DEBUG FXGLMasterTimer      - Resetting ticks and clearing all actions
22:30:16.315 [FXGL Launcher Thread     ] DEBUG GameWorld            - Resetting game world
22:30:16.315 [FXGL Launcher Thread     ] TRACE EntityWorld          - Resetting entity world
22:30:16.316 [FXGL Launcher Thread     ] DEBUG PhysicsWorld         - Resetting physics world
22:30:16.317 [FXGL Launcher Thread     ] DEBUG GameScene            - Resetting game scene
22:30:16.317 [FXGL Launcher Thread     ] DEBUG FXGLEventBus         - Firing event: FXGLEvent[type=RESET]
22:30:16.386 [FXGL Launcher Thread     ] DEBUG GameApplication      - State: PAUSED -> LOADING
22:30:16.425 [FXGL Background Thread 1 ] DEBUG InitAppTask          - Initializing Assets
22:30:16.426 [FXGL Background Thread 1 ] DEBUG InitAppTask          - Initializing Game
22:30:16.464 [FXGL Background Thread 1 ] DEBUG FXGLAssetLoader      - Loading from disk: /assets/ui/cursors/crosshair.png
22:30:16.481 [FXGL Background Thread 1 ] DEBUG FXGLAssetLoader      - Loading from disk: /assets/textures/city.png
22:30:16.488 [FXGL Background Thread 1 ] DEBUG FXGLAssetLoader      - Loading from cache: /assets/textures/city.png
22:30:16.489 [FXGL Background Thread 1 ] DEBUG FXGLAssetLoader      - Loading from cache: /assets/textures/city.png
22:30:16.490 [FXGL Background Thread 1 ] DEBUG FXGLAssetLoader      - Loading from cache: /assets/textures/city.png
22:30:16.491 [FXGL Background Thread 1 ] DEBUG FXGLAssetLoader      - Loading from cache: /assets/textures/city.png
22:30:16.492 [FXGL Background Thread 1 ] DEBUG FXGLAssetLoader      - Loading from cache: /assets/textures/city.png
22:30:16.494 [FXGL Background Thread 1 ] DEBUG InitAppTask          - Initializing Physics
22:30:16.495 [FXGL Background Thread 1 ] DEBUG InitAppTask          - Initializing UI
22:30:16.499 [JavaFX Application Thread] DEBUG FXGLDisplay          - Showing stage
22:30:16.500 [JavaFX Application Thread] DEBUG FXGLDisplay          - Root size: 600.0x600.0
22:30:16.500 [JavaFX Application Thread] DEBUG FXGLDisplay          - Scene size: 600.0x600.0
22:30:16.500 [JavaFX Application Thread] DEBUG FXGLDisplay          - Stage size: 616.0x639.0
22:30:16.500 [FXGL Background Thread 1 ] DEBUG GameScene            - Adding UI node: Text[text="Missile Command", x=0.0, y=0.0, alignment=LEFT, origin=BASELINE, boundsType=LOGICAL, font=Font[name=Copperplate Gothic Light, family=Copperplate Gothic Light, style=Regular, size=48.0], fontSmoothingType=GRAY, fill=0x0000ffff]
22:30:16.502 [FXGL Background Thread 1 ] DEBUG FXGLAssetLoader      - Loading from disk: /assets/textures/bg.jpg
22:30:16.545 [FXGL Background Thread 1 ] DEBUG GameScene            - Creating render group for layer: TOP(2147483647)
22:30:16.547 [FXGL Background Thread 1 ] DEBUG InitAppTask          - Initialization Complete
22:30:16.571 [JavaFX Application Thread] DEBUG FXGLInput            - Clearing active input actions
22:30:16.571 [JavaFX Application Thread] DEBUG FXGLMasterTimer      - Starting master timer
22:30:16.572 [JavaFX Application Thread] DEBUG GameApplication      - State: LOADING -> PLAYING
22:30:16.579 [JavaFX Application Thread] DEBUG FXGLEventBus         - Firing event: FXGLEvent[type=RESUME]
22:30:16.584 [JavaFX Application Thread] DEBUG GameScene            - Entity added to scene
22:30:16.584 [JavaFX Application Thread] DEBUG GameScene            - Added MainViewComponent
22:30:16.584 [JavaFX Application Thread] DEBUG GameScene            - Creating render group for layer: BACKGROUND(1000)
22:30:16.587 [JavaFX Application Thread] DEBUG GameScene            - Entity added to scene
22:30:16.587 [JavaFX Application Thread] DEBUG GameScene            - Added MainViewComponent
22:30:16.587 [JavaFX Application Thread] DEBUG GameScene            - Entity added to scene
22:30:16.587 [JavaFX Application Thread] DEBUG GameScene            - Added MainViewComponent
22:30:16.587 [JavaFX Application Thread] DEBUG GameScene            - Entity added to scene
22:30:16.587 [JavaFX Application Thread] DEBUG GameScene            - Added MainViewComponent
22:30:16.588 [JavaFX Application Thread] DEBUG GameScene            - Entity added to scene
22:30:16.588 [JavaFX Application Thread] DEBUG GameScene            - Added MainViewComponent
22:30:16.588 [JavaFX Application Thread] DEBUG GameScene            - Entity added to scene
22:30:16.588 [JavaFX Application Thread] DEBUG GameScene            - Added MainViewComponent
22:30:16.588 [JavaFX Application Thread] DEBUG GameScene            - Entity added to scene
22:30:16.588 [JavaFX Application Thread] DEBUG GameScene            - Added MainViewComponent
22:30:16.897 [JavaFX Application Thread] DEBUG FXGLAssetLoader      - Loading from disk: /assets/textures/missile.png
22:30:16.899 [JavaFX Application Thread] DEBUG GameScene            - Entity added to scene
22:30:16.899 [JavaFX Application Thread] DEBUG GameScene            - Added MainViewComponent
22:30:17.169 [JavaFX Application Thread] DEBUG FXGLAssetLoader      - Loading from cache: /assets/textures/missile.png
22:30:17.169 [JavaFX Application Thread] DEBUG GameScene            - Entity added to scene
22:30:17.169 [JavaFX Application Thread] DEBUG GameScene            - Added MainViewComponent
22:30:17.425 [JavaFX Application Thread] DEBUG FXGLAssetLoader      - Loading from cache: /assets/textures/missile.png
22:30:17.425 [JavaFX Application Thread] DEBUG GameScene            - Entity added to scene
22:30:17.425 [JavaFX Application Thread] DEBUG GameScene            - Added MainViewComponent
22:30:17.696 [JavaFX Application Thread] DEBUG FXGLAssetLoader      - Loading from cache: /assets/textures/missile.png
22:30:17.697 [JavaFX Application Thread] DEBUG GameScene            - Entity added to scene
22:30:17.697 [JavaFX Application Thread] DEBUG GameScene            - Added MainViewComponent
22:30:17.827 [JavaFX Application Thread] DEBUG GameScene            - Entity added to scene
22:30:18.273 [JavaFX Application Thread] DEBUG GameScene            - Added MainViewComponent
22:30:18.281 [JavaFX Application Thread] DEBUG GameScene            - Entity added to scene
22:30:18.281 [JavaFX Application Thread] DEBUG GameScene            - Added MainViewComponent
22:30:18.282 [JavaFX Application Thread] DEBUG GameScene            - Entity removed from scene
22:30:18.282 [JavaFX Application Thread] DEBUG GameScene            - Removed MainViewComponent
22:30:18.416 [JavaFX Application Thread] DEBUG FXGLAssetLoader      - Loading from cache: /assets/textures/missile.png
22:30:18.416 [JavaFX Application Thread] DEBUG GameScene            - Entity added to scene
22:30:18.416 [JavaFX Application Thread] DEBUG GameScene            - Added MainViewComponent
22:30:18.431 [JavaFX Application Thread] DEBUG GameScene            - Entity removed from scene
22:30:18.431 [JavaFX Application Thread] DEBUG GameScene            - Removed MainViewComponent
22:30:18.543 [JavaFX Application Thread] DEBUG GameScene            - Entity removed from scene
22:30:19.100 [JavaFX Application Thread] DEBUG GameScene            - Removed MainViewComponent
22:30:19.105 [JavaFX Application Thread] DEBUG GameScene            - Entity added to scene
22:30:19.106 [JavaFX Application Thread] DEBUG GameScene            - Added MainViewComponent
22:30:19.121 [JavaFX Application Thread] DEBUG GameScene            - Entity added to scene
22:30:19.121 [JavaFX Application Thread] DEBUG GameScene            - Added MainViewComponent
22:30:19.136 [JavaFX Application Thread] DEBUG GameScene            - Entity added to scene
22:30:19.136 [JavaFX Application Thread] DEBUG GameScene            - Added MainViewComponent
22:30:19.152 [JavaFX Application Thread] DEBUG GameScene            - Entity added to scene
22:30:19.153 [JavaFX Application Thread] DEBUG GameScene            - Added MainViewComponent
22:30:19.168 [JavaFX Application Thread] DEBUG GameScene            - Entity added to scene
22:30:19.168 [JavaFX Application Thread] DEBUG GameScene            - Added MainViewComponent
22:30:19.184 [JavaFX Application Thread] DEBUG GameScene            - Entity added to scene
22:30:19.184 [JavaFX Application Thread] DEBUG GameScene            - Added MainViewComponent
22:30:19.201 [JavaFX Application Thread] DEBUG GameScene            - Entity added to scene
22:30:19.279 [JavaFX Application Thread] DEBUG GameScene            - Added MainViewComponent
22:30:19.283 [JavaFX Application Thread] DEBUG FXGLAssetLoader      - Loading from cache: /assets/textures/missile.png
22:30:19.284 [JavaFX Application Thread] DEBUG GameScene            - Entity added to scene
22:30:19.284 [JavaFX Application Thread] DEBUG GameScene            - Added MainViewComponent
22:30:19.284 [JavaFX Application Thread] DEBUG GameScene            - Entity added to scene
22:30:19.284 [JavaFX Application Thread] DEBUG GameScene            - Added MainViewComponent
22:30:19.291 [JavaFX Application Thread] DEBUG GameScene            - Entity added to scene
22:30:19.291 [JavaFX Application Thread] DEBUG GameScene            - Added MainViewComponent
22:30:19.296 [JavaFX Application Thread] DEBUG GameScene            - Entity added to scene
22:30:19.296 [JavaFX Application Thread] DEBUG GameScene            - Added MainViewComponent
22:30:19.313 [JavaFX Application Thread] DEBUG GameScene            - Entity added to scene
22:30:19.313 [JavaFX Application Thread] DEBUG GameScene            - Added MainViewComponent
22:30:19.328 [JavaFX Application Thread] DEBUG GameScene            - Entity added to scene
22:30:19.328 [JavaFX Application Thread] DEBUG GameScene            - Added MainViewComponent
22:30:19.344 [JavaFX Application Thread] DEBUG GameScene            - Entity added to scene
22:30:19.344 [JavaFX Application Thread] DEBUG GameScene            - Added MainViewComponent
22:30:19.360 [JavaFX Application Thread] DEBUG GameScene            - Entity added to scene
22:30:19.360 [JavaFX Application Thread] DEBUG GameScene            - Added MainViewComponent
22:30:19.360 [JavaFX Application Thread] DEBUG GameScene            - Entity removed from scene
22:30:19.360 [JavaFX Application Thread] DEBUG GameScene            - Removed MainViewComponent
22:30:19.361 [JavaFX Application Thread] DEBUG GameScene            - Entity removed from scene
22:30:19.361 [JavaFX Application Thread] DEBUG GameScene            - Entity removed from scene
22:30:19.361 [JavaFX Application Thread] DEBUG GameScene            - Entity removed from scene
22:30:19.361 [JavaFX Application Thread] DEBUG GameScene            - Entity removed from scene
22:30:19.361 [JavaFX Application Thread] DEBUG GameScene            - Removed MainViewComponent
22:30:19.376 [JavaFX Application Thread] DEBUG GameScene            - Entity added to scene
22:30:19.377 [JavaFX Application Thread] DEBUG GameScene            - Added MainViewComponent
22:30:19.377 [JavaFX Application Thread] DEBUG GameScene            - Entity removed from scene
22:30:19.377 [JavaFX Application Thread] DEBUG GameScene            - Removed MainViewComponent
22:30:19.392 [JavaFX Application Thread] DEBUG GameScene            - Entity added to scene
22:30:19.392 [JavaFX Application Thread] DEBUG GameScene            - Added MainViewComponent
22:30:19.393 [JavaFX Application Thread] DEBUG GameScene            - Entity removed from scene
22:30:19.393 [JavaFX Application Thread] DEBUG GameScene            - Removed MainViewComponent
22:30:19.408 [JavaFX Application Thread] DEBUG GameScene            - Entity added to scene
22:30:19.409 [JavaFX Application Thread] DEBUG GameScene            - Added MainViewComponent
22:30:19.409 [JavaFX Application Thread] DEBUG GameScene            - Entity removed from scene
22:30:19.410 [JavaFX Application Thread] DEBUG GameScene            - Removed MainViewComponent
22:30:19.441 [JavaFX Application Thread] DEBUG GameScene            - Entity added to scene
22:30:19.441 [JavaFX Application Thread] DEBUG GameScene            - Added MainViewComponent
22:30:19.441 [JavaFX Application Thread] DEBUG GameScene            - Entity removed from scene
22:30:19.441 [JavaFX Application Thread] DEBUG GameScene            - Removed MainViewComponent
22:30:19.442 [JavaFX Application Thread] DEBUG GameScene            - Entity removed from scene
22:30:19.442 [JavaFX Application Thread] DEBUG GameScene            - Removed MainViewComponent
22:30:19.457 [JavaFX Application Thread] DEBUG GameScene            - Entity added to scene
22:30:19.457 [JavaFX Application Thread] DEBUG GameScene            - Added MainViewComponent
22:30:19.458 [JavaFX Application Thread] DEBUG GameScene            - Entity removed from scene
22:30:19.458 [JavaFX Application Thread] DEBUG GameScene            - Removed MainViewComponent
22:30:19.458 [JavaFX Application Thread] DEBUG GameScene            - Entity removed from scene
22:30:19.458 [JavaFX Application Thread] DEBUG GameScene            - Removed MainViewComponent
22:30:19.473 [JavaFX Application Thread] DEBUG GameScene            - Entity added to scene
22:30:19.473 [JavaFX Application Thread] DEBUG GameScene            - Added MainViewComponent
22:30:19.488 [JavaFX Application Thread] DEBUG GameScene            - Entity added to scene
22:30:19.488 [JavaFX Application Thread] DEBUG GameScene            - Added MainViewComponent
22:30:19.505 [JavaFX Application Thread] DEBUG GameScene            - Entity added to scene
22:30:20.366 [JavaFX Application Thread] DEBUG GameScene            - Added MainViewComponent
22:30:20.369 [JavaFX Application Thread] DEBUG GameScene            - Entity added to scene
22:30:20.370 [JavaFX Application Thread] DEBUG GameScene            - Added MainViewComponent
22:30:20.370 [JavaFX Application Thread] DEBUG GameScene            - Entity removed from scene
22:30:20.370 [JavaFX Application Thread] DEBUG GameScene            - Removed MainViewComponent
22:30:20.370 [JavaFX Application Thread] DEBUG GameScene            - Entity removed from scene
22:30:20.370 [JavaFX Application Thread] DEBUG GameScene            - Removed MainViewComponent
22:30:20.371 [JavaFX Application Thread] DEBUG GameScene            - Entity removed from scene
22:30:20.371 [JavaFX Application Thread] DEBUG GameScene            - Removed MainViewComponent
22:30:20.371 [JavaFX Application Thread] DEBUG GameScene            - Entity removed from scene
22:30:20.371 [JavaFX Application Thread] DEBUG GameScene            - Removed MainViewComponent
22:30:20.371 [JavaFX Application Thread] DEBUG GameScene            - Entity removed from scene
22:30:20.371 [JavaFX Application Thread] DEBUG GameScene            - Removed MainViewComponent
22:30:20.371 [JavaFX Application Thread] DEBUG GameScene            - Entity removed from scene
22:30:20.371 [JavaFX Application Thread] DEBUG GameScene            - Removed MainViewComponent
22:30:20.372 [JavaFX Application Thread] DEBUG GameScene            - Entity removed from scene
22:30:20.372 [JavaFX Application Thread] DEBUG GameScene            - Removed MainViewComponent
22:30:20.372 [JavaFX Application Thread] DEBUG GameScene            - Entity removed from scene
22:30:20.372 [JavaFX Application Thread] DEBUG GameScene            - Removed MainViewComponent
22:30:20.372 [JavaFX Application Thread] DEBUG GameScene            - Entity removed from scene
22:30:20.372 [JavaFX Application Thread] DEBUG GameScene            - Removed MainViewComponent
22:30:20.373 [JavaFX Application Thread] DEBUG GameScene            - Entity removed from scene
22:30:20.373 [JavaFX Application Thread] DEBUG GameScene            - Removed MainViewComponent
22:30:20.373 [JavaFX Application Thread] DEBUG GameScene            - Entity removed from scene
22:30:20.373 [JavaFX Application Thread] DEBUG GameScene            - Removed MainViewComponent
22:30:20.373 [JavaFX Application Thread] DEBUG GameScene            - Entity removed from scene
22:30:20.373 [JavaFX Application Thread] DEBUG GameScene            - Removed MainViewComponent
22:30:20.374 [JavaFX Application Thread] DEBUG GameScene            - Entity removed from scene
22:30:20.374 [JavaFX Application Thread] DEBUG GameScene            - Removed MainViewComponent
22:30:20.374 [JavaFX Application Thread] DEBUG GameScene            - Entity removed from scene
22:30:20.374 [JavaFX Application Thread] DEBUG GameScene            - Removed MainViewComponent
22:30:20.374 [JavaFX Application Thread] DEBUG GameScene            - Entity removed from scene
22:30:20.374 [JavaFX Application Thread] DEBUG GameScene            - Removed MainViewComponent
22:30:20.377 [JavaFX Application Thread] DEBUG GameScene            - Entity added to scene
22:30:20.378 [JavaFX Application Thread] DEBUG GameScene            - Added MainViewComponent
22:30:20.385 [JavaFX Application Thread] DEBUG GameScene            - Entity added to scene
22:30:20.385 [JavaFX Application Thread] DEBUG GameScene            - Added MainViewComponent
22:30:20.400 [JavaFX Application Thread] DEBUG FXGLAssetLoader      - Loading from cache: /assets/textures/missile.png
22:30:20.401 [JavaFX Application Thread] DEBUG GameScene            - Entity added to scene
22:30:20.401 [JavaFX Application Thread] DEBUG GameScene            - Added MainViewComponent
22:30:20.402 [JavaFX Application Thread] DEBUG GameScene            - Entity added to scene
22:30:20.402 [JavaFX Application Thread] DEBUG GameScene            - Added MainViewComponent
22:30:20.417 [JavaFX Application Thread] DEBUG GameScene            - Entity added to scene
22:30:20.417 [JavaFX Application Thread] DEBUG GameScene            - Added MainViewComponent
22:30:20.433 [JavaFX Application Thread] DEBUG GameScene            - Entity added to scene
22:30:20.433 [JavaFX Application Thread] DEBUG GameScene            - Added MainViewComponent
22:30:20.448 [JavaFX Application Thread] DEBUG GameScene            - Entity added to scene
22:30:20.449 [JavaFX Application Thread] DEBUG GameScene            - Added MainViewComponent
22:30:20.465 [JavaFX Application Thread] DEBUG GameScene            - Entity added to scene
22:30:20.465 [JavaFX Application Thread] DEBUG GameScene            - Added MainViewComponent
22:30:20.480 [JavaFX Application Thread] DEBUG GameScene            - Entity added to scene
22:30:20.480 [JavaFX Application Thread] DEBUG GameScene            - Added MainViewComponent
22:30:20.497 [JavaFX Application Thread] DEBUG GameScene            - Entity added to scene
22:30:20.497 [JavaFX Application Thread] DEBUG GameScene            - Added MainViewComponent
22:30:20.512 [JavaFX Application Thread] DEBUG GameScene            - Removing UI node: Text[text="Missile Command", x=0.0, y=0.0, alignment=LEFT, origin=BASELINE, boundsType=LOGICAL, font=Font[name=Copperplate Gothic Light, family=Copperplate Gothic Light, style=Regular, size=48.0], fontSmoothingType=GRAY, fill=0x0000ffff]
22:30:20.699 [JavaFX Application Thread] DEBUG GameScene            - Entity added to scene
22:30:20.699 [JavaFX Application Thread] DEBUG GameScene            - Added MainViewComponent
22:30:20.702 [JavaFX Application Thread] DEBUG GameScene            - Entity added to scene
22:30:20.702 [JavaFX Application Thread] DEBUG GameScene            - Added MainViewComponent
22:30:20.702 [JavaFX Application Thread] DEBUG GameScene            - Entity removed from scene
22:30:20.702 [JavaFX Application Thread] DEBUG GameScene            - Removed MainViewComponent
22:30:20.703 [JavaFX Application Thread] DEBUG GameScene            - Entity removed from scene
22:30:20.703 [JavaFX Application Thread] DEBUG GameScene            - Removed MainViewComponent
22:30:20.703 [JavaFX Application Thread] DEBUG GameScene            - Entity removed from scene
22:30:20.703 [JavaFX Application Thread] DEBUG GameScene            - Removed MainViewComponent
22:30:20.703 [JavaFX Application Thread] DEBUG GameScene            - Entity removed from scene
22:30:20.703 [JavaFX Application Thread] DEBUG GameScene            - Removed MainViewComponent
22:30:20.703 [JavaFX Application Thread] DEBUG GameScene            - Entity removed from scene
22:30:20.703 [JavaFX Application Thread] DEBUG GameScene            - Removed MainViewComponent
22:30:20.703 [JavaFX Application Thread] DEBUG GameScene            - Entity removed from scene
22:30:20.703 [JavaFX Application Thread] DEBUG GameScene            - Removed MainViewComponent
22:30:20.704 [JavaFX Application Thread] DEBUG GameScene            - Entity removed from scene
22:30:20.704 [JavaFX Application Thread] DEBUG GameScene            - Removed MainViewComponent
22:30:20.708 [JavaFX Application Thread] DEBUG GameScene            - Entity added to scene
22:30:20.708 [JavaFX Application Thread] DEBUG GameScene            - Added MainViewComponent
22:30:20.708 [JavaFX Application Thread] DEBUG GameScene            - Entity removed from scene
22:30:20.708 [JavaFX Application Thread] DEBUG GameScene            - Removed MainViewComponent
22:30:20.720 [JavaFX Application Thread] DEBUG GameScene            - Entity added to scene
22:30:20.720 [JavaFX Application Thread] DEBUG GameScene            - Added MainViewComponent
22:30:20.721 [JavaFX Application Thread] DEBUG GameScene            - Entity removed from scene
22:30:20.721 [JavaFX Application Thread] DEBUG GameScene            - Removed MainViewComponent
22:30:20.736 [JavaFX Application Thread] DEBUG GameScene            - Entity added to scene
22:30:20.736 [JavaFX Application Thread] DEBUG GameScene            - Added MainViewComponent
22:30:20.737 [JavaFX Application Thread] DEBUG GameScene            - Entity removed from scene
22:30:20.737 [JavaFX Application Thread] DEBUG GameScene            - Removed MainViewComponent
22:30:20.753 [JavaFX Application Thread] DEBUG GameScene            - Entity added to scene
22:30:20.753 [JavaFX Application Thread] DEBUG GameScene            - Added MainViewComponent
22:30:20.753 [JavaFX Application Thread] DEBUG GameScene            - Entity removed from scene
22:30:20.753 [JavaFX Application Thread] DEBUG GameScene            - Removed MainViewComponent
22:30:20.769 [JavaFX Application Thread] DEBUG GameScene            - Entity added to scene
22:30:20.769 [JavaFX Application Thread] DEBUG GameScene            - Added MainViewComponent
22:30:20.784 [JavaFX Application Thread] DEBUG GameScene            - Entity added to scene
22:30:20.784 [JavaFX Application Thread] DEBUG GameScene            - Added MainViewComponent
22:30:20.800 [JavaFX Application Thread] DEBUG GameScene            - Entity added to scene
22:30:20.800 [JavaFX Application Thread] DEBUG GameScene            - Added MainViewComponent
22:30:20.817 [JavaFX Application Thread] DEBUG GameScene            - Entity added to scene
22:30:20.817 [JavaFX Application Thread] DEBUG GameScene            - Added MainViewComponent
22:30:20.832 [JavaFX Application Thread] DEBUG FXGLAssetLoader      - Loading from cache: /assets/textures/missile.png
22:30:20.833 [JavaFX Application Thread] DEBUG GameScene            - Entity added to scene
22:30:20.833 [JavaFX Application Thread] DEBUG GameScene            - Added MainViewComponent
22:30:20.833 [JavaFX Application Thread] DEBUG GameScene            - Entity added to scene
22:30:20.833 [JavaFX Application Thread] DEBUG GameScene            - Added MainViewComponent
22:30:20.848 [JavaFX Application Thread] DEBUG GameScene            - Entity added to scene
22:30:21.846 [JavaFX Application Thread] DEBUG GameScene            - Added MainViewComponent
22:30:21.849 [JavaFX Application Thread] DEBUG GameScene            - Entity added to scene
22:30:21.849 [JavaFX Application Thread] DEBUG GameScene            - Added MainViewComponent
22:30:21.850 [JavaFX Application Thread] DEBUG GameScene            - Entity removed from scene
22:30:21.850 [JavaFX Application Thread] DEBUG GameScene            - Removed MainViewComponent
22:30:21.850 [JavaFX Application Thread] DEBUG GameScene            - Entity removed from scene
22:30:21.850 [JavaFX Application Thread] DEBUG GameScene            - Removed MainViewComponent
22:30:21.850 [JavaFX Application Thread] DEBUG GameScene            - Entity removed from scene
22:30:21.850 [JavaFX Application Thread] DEBUG GameScene            - Removed MainViewComponent
22:30:21.850 [JavaFX Application Thread] DEBUG GameScene            - Entity removed from scene
22:30:21.850 [JavaFX Application Thread] DEBUG GameScene            - Removed MainViewComponent
22:30:21.850 [JavaFX Application Thread] DEBUG GameScene            - Entity removed from scene
22:30:21.850 [JavaFX Application Thread] DEBUG GameScene            - Removed MainViewComponent
22:30:21.851 [JavaFX Application Thread] DEBUG GameScene            - Entity removed from scene
22:30:21.851 [JavaFX Application Thread] DEBUG GameScene            - Removed MainViewComponent
22:30:21.851 [JavaFX Application Thread] DEBUG GameScene            - Entity removed from scene
22:30:21.851 [JavaFX Application Thread] DEBUG GameScene            - Removed MainViewComponent
22:30:21.851 [JavaFX Application Thread] DEBUG GameScene            - Entity removed from scene
22:30:21.851 [JavaFX Application Thread] DEBUG GameScene            - Removed MainViewComponent
22:30:21.851 [JavaFX Application Thread] DEBUG GameScene            - Entity removed from scene
22:30:21.851 [JavaFX Application Thread] DEBUG GameScene            - Removed MainViewComponent
22:30:21.851 [JavaFX Application Thread] DEBUG GameScene            - Entity removed from scene
22:30:21.851 [JavaFX Application Thread] DEBUG GameScene            - Removed MainViewComponent
22:30:21.852 [JavaFX Application Thread] DEBUG GameScene            - Entity removed from scene
22:30:21.852 [JavaFX Application Thread] DEBUG GameScene            - Removed MainViewComponent
22:30:21.852 [JavaFX Application Thread] DEBUG GameScene            - Entity removed from scene
22:30:21.852 [JavaFX Application Thread] DEBUG GameScene            - Removed MainViewComponent
22:30:21.857 [JavaFX Application Thread] DEBUG GameScene            - Entity added to scene
22:30:21.857 [JavaFX Application Thread] DEBUG GameScene            - Added MainViewComponent
22:30:21.872 [JavaFX Application Thread] DEBUG GameScene            - Entity added to scene
22:30:21.872 [JavaFX Application Thread] DEBUG GameScene            - Added MainViewComponent
22:30:21.888 [JavaFX Application Thread] DEBUG GameScene            - Entity added to scene
22:30:21.888 [JavaFX Application Thread] DEBUG GameScene            - Added MainViewComponent
22:30:21.904 [JavaFX Application Thread] DEBUG GameScene            - Entity added to scene
22:30:21.904 [JavaFX Application Thread] DEBUG GameScene            - Added MainViewComponent
22:30:21.920 [JavaFX Application Thread] DEBUG GameScene            - Entity added to scene
22:30:21.920 [JavaFX Application Thread] DEBUG GameScene            - Added MainViewComponent
22:30:21.936 [JavaFX Application Thread] DEBUG GameScene            - Entity added to scene
22:30:21.936 [JavaFX Application Thread] DEBUG GameScene            - Added MainViewComponent
22:30:21.952 [JavaFX Application Thread] DEBUG GameScene            - Entity added to scene
22:30:21.952 [JavaFX Application Thread] DEBUG GameScene            - Added MainViewComponent
22:30:21.968 [JavaFX Application Thread] DEBUG GameScene            - Entity added to scene
22:30:21.968 [JavaFX Application Thread] DEBUG GameScene            - Added MainViewComponent
22:30:21.984 [JavaFX Application Thread] DEBUG GameScene            - Entity added to scene
22:30:21.984 [JavaFX Application Thread] DEBUG GameScene            - Added MainViewComponent
22:30:21.984 [JavaFX Application Thread] DEBUG GameScene            - Entity removed from scene
22:30:21.984 [JavaFX Application Thread] DEBUG GameScene            - Removed MainViewComponent
22:30:22.000 [JavaFX Application Thread] DEBUG GameScene            - Entity added to scene
22:30:22.001 [JavaFX Application Thread] DEBUG GameScene            - Added MainViewComponent
22:30:22.016 [JavaFX Application Thread] DEBUG GameScene            - Entity added to scene
22:30:22.016 [JavaFX Application Thread] DEBUG GameScene            - Added MainViewComponent
22:30:22.032 [JavaFX Application Thread] DEBUG GameScene            - Entity added to scene
22:30:22.032 [JavaFX Application Thread] DEBUG GameScene            - Added MainViewComponent
22:30:22.048 [JavaFX Application Thread] DEBUG GameScene            - Entity added to scene
22:30:22.048 [JavaFX Application Thread] DEBUG GameScene            - Added MainViewComponent
22:30:22.065 [JavaFX Application Thread] DEBUG GameScene            - Entity added to scene
22:30:22.065 [JavaFX Application Thread] DEBUG GameScene            - Added MainViewComponent
22:30:22.079 [JavaFX Application Thread] DEBUG FXGLAssetLoader      - Loading from cache: /assets/textures/missile.png
22:30:22.281 [JavaFX Application Thread] DEBUG GameScene            - Entity added to scene
22:30:22.281 [JavaFX Application Thread] DEBUG GameScene            - Added MainViewComponent
22:30:22.281 [JavaFX Application Thread] DEBUG GameScene            - Entity added to scene
22:30:22.281 [JavaFX Application Thread] DEBUG GameScene            - Added MainViewComponent
22:30:22.284 [JavaFX Application Thread] DEBUG GameScene            - Entity added to scene
22:30:22.284 [JavaFX Application Thread] DEBUG GameScene            - Added MainViewComponent
22:30:22.284 [JavaFX Application Thread] DEBUG GameScene            - Entity removed from scene
22:30:22.284 [JavaFX Application Thread] DEBUG GameScene            - Removed MainViewComponent
22:30:22.284 [JavaFX Application Thread] DEBUG GameScene            - Entity removed from scene
22:30:22.284 [JavaFX Application Thread] DEBUG GameScene            - Removed MainViewComponent
22:30:22.285 [JavaFX Application Thread] DEBUG GameScene            - Entity removed from scene
22:30:22.285 [JavaFX Application Thread] DEBUG GameScene            - Removed MainViewComponent
22:30:22.285 [JavaFX Application Thread] DEBUG GameScene            - Entity removed from scene
22:30:22.285 [JavaFX Application Thread] DEBUG GameScene            - Removed MainViewComponent
22:30:22.285 [JavaFX Application Thread] DEBUG GameScene            - Entity removed from scene
22:30:22.285 [JavaFX Application Thread] DEBUG GameScene            - Removed MainViewComponent
22:30:22.285 [JavaFX Application Thread] DEBUG GameScene            - Entity removed from scene
22:30:22.285 [JavaFX Application Thread] DEBUG GameScene            - Removed MainViewComponent
22:30:22.285 [JavaFX Application Thread] DEBUG GameScene            - Entity removed from scene
22:30:22.285 [JavaFX Application Thread] DEBUG GameScene            - Removed MainViewComponent
22:30:22.286 [JavaFX Application Thread] DEBUG GameScene            - Entity removed from scene
22:30:22.286 [JavaFX Application Thread] DEBUG GameScene            - Removed MainViewComponent
22:30:22.286 [JavaFX Application Thread] DEBUG GameScene            - Entity removed from scene
22:30:22.286 [JavaFX Application Thread] DEBUG GameScene            - Removed MainViewComponent
22:30:22.286 [JavaFX Application Thread] DEBUG GameScene            - Entity removed from scene
22:30:22.286 [JavaFX Application Thread] DEBUG GameScene            - Removed MainViewComponent
22:30:22.286 [JavaFX Application Thread] DEBUG GameScene            - Entity removed from scene
22:30:22.286 [JavaFX Application Thread] DEBUG GameScene            - Removed MainViewComponent
22:30:22.286 [JavaFX Application Thread] DEBUG GameScene            - Entity removed from scene
22:30:22.286 [JavaFX Application Thread] DEBUG GameScene            - Removed MainViewComponent
22:30:22.286 [JavaFX Application Thread] DEBUG GameScene            - Entity removed from scene
22:30:22.286 [JavaFX Application Thread] DEBUG GameScene            - Removed MainViewComponent
22:30:22.291 [JavaFX Application Thread] DEBUG GameScene            - Entity added to scene
22:30:22.291 [JavaFX Application Thread] DEBUG GameScene            - Added MainViewComponent
22:30:22.304 [JavaFX Application Thread] DEBUG GameScene            - Entity added to scene
22:30:22.304 [JavaFX Application Thread] DEBUG GameScene            - Added MainViewComponent
22:30:22.304 [JavaFX Application Thread] DEBUG GameScene            - Entity removed from scene
22:30:22.304 [JavaFX Application Thread] DEBUG GameScene            - Removed MainViewComponent
22:30:22.320 [JavaFX Application Thread] DEBUG GameScene            - Entity added to scene
22:30:22.320 [JavaFX Application Thread] DEBUG GameScene            - Added MainViewComponent
22:30:22.320 [JavaFX Application Thread] DEBUG GameScene            - Entity removed from scene
22:30:22.320 [JavaFX Application Thread] DEBUG GameScene            - Removed MainViewComponent
22:30:22.336 [JavaFX Application Thread] DEBUG GameScene            - Entity added to scene
22:30:22.336 [JavaFX Application Thread] DEBUG GameScene            - Added MainViewComponent
22:30:22.352 [JavaFX Application Thread] DEBUG GameScene            - Entity added to scene
22:30:22.352 [JavaFX Application Thread] DEBUG GameScene            - Added MainViewComponent
22:30:22.368 [JavaFX Application Thread] DEBUG GameScene            - Entity added to scene
22:30:22.368 [JavaFX Application Thread] DEBUG GameScene            - Added MainViewComponent
22:30:22.384 [JavaFX Application Thread] DEBUG GameScene            - Entity added to scene
22:30:22.384 [JavaFX Application Thread] DEBUG GameScene            - Added MainViewComponent
22:30:22.400 [JavaFX Application Thread] DEBUG GameScene            - Entity added to scene
22:30:22.400 [JavaFX Application Thread] DEBUG GameScene            - Added MainViewComponent
22:30:22.416 [JavaFX Application Thread] DEBUG GameScene            - Entity added to scene
22:30:22.416 [JavaFX Application Thread] DEBUG GameScene            - Added MainViewComponent
22:30:22.432 [JavaFX Application Thread] DEBUG GameScene            - Entity added to scene
22:30:22.432 [JavaFX Application Thread] DEBUG GameScene            - Added MainViewComponent
22:30:22.448 [JavaFX Application Thread] DEBUG GameScene            - Entity added to scene
22:30:22.448 [JavaFX Application Thread] DEBUG GameScene            - Added MainViewComponent
22:30:22.464 [JavaFX Application Thread] DEBUG GameScene            - Entity added to scene
22:30:22.464 [JavaFX Application Thread] DEBUG GameScene            - Added MainViewComponent
22:30:22.480 [JavaFX Application Thread] DEBUG GameScene            - Entity added to scene
22:30:22.480 [JavaFX Application Thread] DEBUG GameScene            - Added MainViewComponent
22:30:22.481 [JavaFX Application Thread] DEBUG GameScene            - Entity removed from scene
22:30:22.481 [JavaFX Application Thread] DEBUG GameScene            - Removed MainViewComponent
22:30:22.481 [JavaFX Application Thread] DEBUG GameScene            - Entity removed from scene
22:30:22.496 [JavaFX Application Thread] DEBUG GameScene            - Entity added to scene
22:30:22.496 [JavaFX Application Thread] DEBUG GameScene            - Added MainViewComponent
22:30:22.512 [JavaFX Application Thread] DEBUG GameScene            - Entity added to scene
22:30:22.512 [JavaFX Application Thread] DEBUG GameScene            - Added MainViewComponent
22:30:22.527 [JavaFX Application Thread] DEBUG FXGLAssetLoader      - Loading from cache: /assets/textures/missile.png
22:30:22.528 [JavaFX Application Thread] DEBUG GameScene            - Entity added to scene
22:30:22.528 [JavaFX Application Thread] DEBUG GameScene            - Added MainViewComponent
22:30:22.529 [JavaFX Application Thread] DEBUG GameScene            - Entity added to scene
22:30:22.529 [JavaFX Application Thread] DEBUG GameScene            - Added MainViewComponent
22:30:22.529 [JavaFX Application Thread] DEBUG GameScene            - Entity removed from scene
22:30:22.529 [JavaFX Application Thread] DEBUG GameScene            - Removed MainViewComponent
22:30:22.544 [JavaFX Application Thread] DEBUG GameScene            - Entity added to scene
22:30:22.544 [JavaFX Application Thread] DEBUG GameScene            - Added MainViewComponent
22:30:22.544 [JavaFX Application Thread] DEBUG GameScene            - Entity removed from scene
22:30:22.544 [JavaFX Application Thread] DEBUG GameScene            - Removed MainViewComponent
22:30:22.544 [JavaFX Application Thread] DEBUG GameScene            - Entity removed from scene
22:30:22.544 [JavaFX Application Thread] DEBUG GameScene            - Removed MainViewComponent
22:30:22.544 [JavaFX Application Thread] DEBUG GameScene            - Entity removed from scene
22:30:22.544 [JavaFX Application Thread] DEBUG GameScene            - Removed MainViewComponent
22:30:22.561 [JavaFX Application Thread] DEBUG GameScene            - Entity added to scene
22:30:22.656 [JavaFX Application Thread] DEBUG GameScene            - Added MainViewComponent
22:30:22.657 [JavaFX Application Thread] DEBUG GameScene            - Entity removed from scene
22:30:22.657 [JavaFX Application Thread] DEBUG GameScene            - Removed MainViewComponent
22:30:22.660 [JavaFX Application Thread] DEBUG GameScene            - Entity added to scene
22:30:22.660 [JavaFX Application Thread] DEBUG GameScene            - Added MainViewComponent
22:30:22.660 [JavaFX Application Thread] DEBUG GameScene            - Entity removed from scene
22:30:22.660 [JavaFX Application Thread] DEBUG GameScene            - Removed MainViewComponent
22:30:22.660 [JavaFX Application Thread] DEBUG GameScene            - Entity removed from scene
22:30:22.660 [JavaFX Application Thread] DEBUG GameScene            - Removed MainViewComponent
22:30:22.661 [JavaFX Application Thread] DEBUG GameScene            - Entity removed from scene
22:30:22.661 [JavaFX Application Thread] DEBUG GameScene            - Removed MainViewComponent
22:30:22.661 [JavaFX Application Thread] DEBUG GameScene            - Entity removed from scene
22:30:22.661 [JavaFX Application Thread] DEBUG GameScene            - Removed MainViewComponent
22:30:22.661 [JavaFX Application Thread] DEBUG GameScene            - Entity removed from scene
22:30:22.661 [JavaFX Application Thread] DEBUG GameScene            - Removed MainViewComponent
22:30:22.661 [JavaFX Application Thread] DEBUG GameScene            - Entity removed from scene
22:30:22.661 [JavaFX Application Thread] DEBUG GameScene            - Removed MainViewComponent
22:30:22.673 [JavaFX Application Thread] DEBUG GameScene            - Entity added to scene
22:30:22.673 [JavaFX Application Thread] DEBUG GameScene            - Added MainViewComponent
22:30:22.673 [JavaFX Application Thread] DEBUG GameScene            - Entity removed from scene
22:30:22.673 [JavaFX Application Thread] DEBUG GameScene            - Removed MainViewComponent
22:30:22.688 [JavaFX Application Thread] DEBUG GameScene            - Entity added to scene
22:30:22.688 [JavaFX Application Thread] DEBUG GameScene            - Added MainViewComponent
22:30:22.689 [JavaFX Application Thread] DEBUG GameScene            - Entity removed from scene
22:30:22.689 [JavaFX Application Thread] DEBUG GameScene            - Removed MainViewComponent
22:30:22.704 [JavaFX Application Thread] DEBUG GameScene            - Entity added to scene
22:30:22.704 [JavaFX Application Thread] DEBUG GameScene            - Added MainViewComponent
22:30:22.704 [JavaFX Application Thread] DEBUG GameScene            - Entity removed from scene
22:30:22.704 [JavaFX Application Thread] DEBUG GameScene            - Removed MainViewComponent
22:30:22.720 [JavaFX Application Thread] DEBUG GameScene            - Entity added to scene
22:30:22.720 [JavaFX Application Thread] DEBUG GameScene            - Added MainViewComponent
22:30:22.721 [JavaFX Application Thread] DEBUG GameScene            - Entity removed from scene
22:30:22.721 [JavaFX Application Thread] DEBUG GameScene            - Removed MainViewComponent
22:30:22.736 [JavaFX Application Thread] DEBUG GameScene            - Entity added to scene
22:30:22.736 [JavaFX Application Thread] DEBUG GameScene            - Added MainViewComponent
22:30:22.737 [JavaFX Application Thread] DEBUG GameScene            - Entity removed from scene
22:30:22.737 [JavaFX Application Thread] DEBUG GameScene            - Removed MainViewComponent
22:30:22.752 [JavaFX Application Thread] DEBUG GameScene            - Entity added to scene
22:30:22.752 [JavaFX Application Thread] DEBUG GameScene            - Added MainViewComponent
22:30:22.753 [JavaFX Application Thread] DEBUG GameScene            - Entity removed from scene
22:30:22.753 [JavaFX Application Thread] DEBUG GameScene            - Removed MainViewComponent
22:30:22.768 [JavaFX Application Thread] DEBUG GameScene            - Entity added to scene
22:30:22.768 [JavaFX Application Thread] DEBUG GameScene            - Added MainViewComponent
22:30:22.769 [JavaFX Application Thread] DEBUG GameScene            - Entity removed from scene
22:30:22.769 [JavaFX Application Thread] DEBUG GameScene            - Removed MainViewComponent
22:30:22.785 [JavaFX Application Thread] DEBUG GameScene            - Entity added to scene
22:30:22.785 [JavaFX Application Thread] DEBUG GameScene            - Added MainViewComponent
22:30:22.785 [JavaFX Application Thread] DEBUG GameScene            - Entity removed from scene
22:30:22.785 [JavaFX Application Thread] DEBUG GameScene            - Removed MainViewComponent
22:30:22.800 [JavaFX Application Thread] DEBUG GameScene            - Entity added to scene
22:30:22.800 [JavaFX Application Thread] DEBUG GameScene            - Added MainViewComponent
22:30:22.801 [JavaFX Application Thread] DEBUG GameScene            - Entity removed from scene
22:30:22.801 [JavaFX Application Thread] DEBUG GameScene            - Removed MainViewComponent
22:30:22.816 [JavaFX Application Thread] DEBUG GameScene            - Entity added to scene
22:30:22.816 [JavaFX Application Thread] DEBUG GameScene            - Added MainViewComponent
22:30:22.816 [JavaFX Application Thread] DEBUG GameScene            - Entity removed from scene
22:30:22.817 [JavaFX Application Thread] DEBUG GameScene            - Removed MainViewComponent
22:30:22.832 [JavaFX Application Thread] DEBUG GameScene            - Entity added to scene
22:30:22.832 [JavaFX Application Thread] DEBUG GameScene            - Added MainViewComponent
22:30:22.848 [JavaFX Application Thread] DEBUG GameScene            - Entity added to scene
22:30:23.213 [JavaFX Application Thread] DEBUG GameScene            - Added MainViewComponent
22:30:23.215 [JavaFX Application Thread] DEBUG FXGLAssetLoader      - Loading from cache: /assets/textures/missile.png
22:30:23.216 [JavaFX Application Thread] DEBUG GameScene            - Entity added to scene
22:30:23.216 [JavaFX Application Thread] DEBUG GameScene            - Added MainViewComponent
22:30:23.216 [JavaFX Application Thread] DEBUG GameScene            - Entity added to scene
22:30:23.217 [JavaFX Application Thread] DEBUG GameScene            - Added MainViewComponent
22:30:23.217 [JavaFX Application Thread] DEBUG GameScene            - Entity removed from scene
22:30:23.217 [JavaFX Application Thread] DEBUG GameScene            - Removed MainViewComponent
22:30:23.217 [JavaFX Application Thread] DEBUG GameScene            - Entity removed from scene
22:30:23.217 [JavaFX Application Thread] DEBUG GameScene            - Removed MainViewComponent
22:30:23.217 [JavaFX Application Thread] DEBUG GameScene            - Entity removed from scene
22:30:23.217 [JavaFX Application Thread] DEBUG GameScene            - Removed MainViewComponent
22:30:23.217 [JavaFX Application Thread] DEBUG GameScene            - Entity removed from scene
22:30:23.217 [JavaFX Application Thread] DEBUG GameScene            - Removed MainViewComponent
22:30:23.218 [JavaFX Application Thread] DEBUG GameScene            - Entity removed from scene
22:30:23.218 [JavaFX Application Thread] DEBUG GameScene            - Removed MainViewComponent
22:30:23.218 [JavaFX Application Thread] DEBUG GameScene            - Entity removed from scene
22:30:23.218 [JavaFX Application Thread] DEBUG GameScene            - Removed MainViewComponent
22:30:23.218 [JavaFX Application Thread] DEBUG GameScene            - Entity removed from scene
22:30:23.218 [JavaFX Application Thread] DEBUG GameScene            - Removed MainViewComponent
22:30:23.218 [JavaFX Application Thread] DEBUG GameScene            - Entity removed from scene
22:30:23.218 [JavaFX Application Thread] DEBUG GameScene            - Removed MainViewComponent
22:30:23.218 [JavaFX Application Thread] DEBUG GameScene            - Entity removed from scene
22:30:23.218 [JavaFX Application Thread] DEBUG GameScene            - Removed MainViewComponent
22:30:23.219 [JavaFX Application Thread] DEBUG GameScene            - Entity removed from scene
22:30:23.219 [JavaFX Application Thread] DEBUG GameScene            - Removed MainViewComponent
22:30:23.219 [JavaFX Application Thread] DEBUG GameScene            - Entity removed from scene
22:30:23.219 [JavaFX Application Thread] DEBUG GameScene            - Removed MainViewComponent
22:30:23.219 [JavaFX Application Thread] DEBUG GameScene            - Entity removed from scene
22:30:23.219 [JavaFX Application Thread] DEBUG GameScene            - Removed MainViewComponent
22:30:23.220 [JavaFX Application Thread] DEBUG GameScene            - Entity removed from scene
22:30:23.220 [JavaFX Application Thread] DEBUG GameScene            - Removed MainViewComponent
22:30:23.225 [JavaFX Application Thread] DEBUG GameScene            - Entity added to scene
22:30:23.225 [JavaFX Application Thread] DEBUG GameScene            - Added MainViewComponent
22:30:23.233 [JavaFX Application Thread] DEBUG GameScene            - Entity added to scene
22:30:23.233 [JavaFX Application Thread] DEBUG GameScene            - Added MainViewComponent
22:30:23.248 [JavaFX Application Thread] DEBUG GameScene            - Entity added to scene
22:30:23.248 [JavaFX Application Thread] DEBUG GameScene            - Added MainViewComponent
22:30:23.264 [JavaFX Application Thread] DEBUG GameScene            - Entity added to scene
22:30:23.264 [JavaFX Application Thread] DEBUG GameScene            - Added MainViewComponent
22:30:23.280 [JavaFX Application Thread] DEBUG GameScene            - Entity added to scene
22:30:23.280 [JavaFX Application Thread] DEBUG GameScene            - Added MainViewComponent
22:30:23.297 [JavaFX Application Thread] DEBUG GameScene            - Entity added to scene
22:30:23.297 [JavaFX Application Thread] DEBUG GameScene            - Added MainViewComponent
22:30:23.297 [JavaFX Application Thread] DEBUG GameScene            - Entity removed from scene
22:30:23.297 [JavaFX Application Thread] DEBUG GameScene            - Removed MainViewComponent
22:30:23.313 [JavaFX Application Thread] DEBUG GameScene            - Entity added to scene
22:30:23.313 [JavaFX Application Thread] DEBUG GameScene            - Added MainViewComponent
22:30:23.328 [JavaFX Application Thread] DEBUG GameScene            - Entity added to scene
22:30:23.328 [JavaFX Application Thread] DEBUG GameScene            - Added MainViewComponent
22:30:23.344 [JavaFX Application Thread] DEBUG GameScene            - Entity added to scene
22:30:23.344 [JavaFX Application Thread] DEBUG GameScene            - Added MainViewComponent
22:30:23.360 [JavaFX Application Thread] DEBUG GameScene            - Entity added to scene
22:30:23.361 [JavaFX Application Thread] DEBUG GameScene            - Added MainViewComponent
22:30:23.376 [JavaFX Application Thread] DEBUG GameScene            - Entity added to scene
22:30:23.376 [JavaFX Application Thread] DEBUG GameScene            - Added MainViewComponent
22:30:23.392 [JavaFX Application Thread] DEBUG GameScene            - Entity added to scene
22:30:23.392 [JavaFX Application Thread] DEBUG GameScene            - Added MainViewComponent
22:30:23.393 [JavaFX Application Thread] DEBUG GameScene            - Entity removed from scene
22:30:23.393 [JavaFX Application Thread] DEBUG GameScene            - Removed MainViewComponent
22:30:23.409 [JavaFX Application Thread] DEBUG GameScene            - Entity added to scene
22:30:24.821 [JavaFX Application Thread] DEBUG GameScene            - Added MainViewComponent
22:30:24.825 [JavaFX Application Thread] DEBUG GameScene            - Entity removed from scene
22:30:24.825 [JavaFX Application Thread] DEBUG GameScene            - Removed MainViewComponent
22:30:24.825 [JavaFX Application Thread] DEBUG GameScene            - Entity removed from scene
22:30:24.825 [JavaFX Application Thread] DEBUG GameScene            - Removed MainViewComponent
22:30:24.825 [JavaFX Application Thread] DEBUG GameScene            - Entity removed from scene
22:30:24.825 [JavaFX Application Thread] DEBUG GameScene            - Removed MainViewComponent
22:30:24.826 [JavaFX Application Thread] DEBUG GameScene            - Entity removed from scene
22:30:24.826 [JavaFX Application Thread] DEBUG GameScene            - Removed MainViewComponent
22:30:24.826 [JavaFX Application Thread] DEBUG GameScene            - Entity removed from scene
22:30:24.826 [JavaFX Application Thread] DEBUG GameScene            - Removed MainViewComponent
22:30:24.826 [JavaFX Application Thread] DEBUG GameScene            - Entity removed from scene
22:30:24.826 [JavaFX Application Thread] DEBUG GameScene            - Removed MainViewComponent
22:30:24.826 [JavaFX Application Thread] DEBUG GameScene            - Entity removed from scene
22:30:24.826 [JavaFX Application Thread] DEBUG GameScene            - Removed MainViewComponent
22:30:24.826 [JavaFX Application Thread] DEBUG GameScene            - Entity removed from scene
22:30:24.826 [JavaFX Application Thread] DEBUG GameScene            - Removed MainViewComponent
22:30:24.827 [JavaFX Application Thread] DEBUG GameScene            - Entity removed from scene
22:30:24.827 [JavaFX Application Thread] DEBUG GameScene            - Removed MainViewComponent
22:30:24.827 [JavaFX Application Thread] DEBUG GameScene            - Entity removed from scene
22:30:24.827 [JavaFX Application Thread] DEBUG GameScene            - Removed MainViewComponent
22:30:24.827 [JavaFX Application Thread] DEBUG GameScene            - Entity removed from scene
22:30:24.827 [JavaFX Application Thread] DEBUG GameScene            - Removed MainViewComponent
22:30:24.827 [JavaFX Application Thread] DEBUG GameScene            - Entity removed from scene
22:30:24.827 [JavaFX Application Thread] DEBUG GameScene            - Removed MainViewComponent
22:30:24.827 [JavaFX Application Thread] DEBUG GameScene            - Entity removed from scene
22:30:24.827 [JavaFX Application Thread] DEBUG GameScene            - Removed MainViewComponent
22:30:24.828 [JavaFX Application Thread] DEBUG GameScene            - Entity removed from scene
22:30:24.828 [JavaFX Application Thread] DEBUG GameScene            - Removed MainViewComponent
22:30:24.955 [JavaFX Application Thread] DEBUG FXGLEventBus         - Firing event: DisplayEvent[type=CLOSE_REQUEST]
22:30:24.957 [JavaFX Application Thread] DEBUG FXGLEventBus         - Firing event: FXGLEvent[type=EXIT]
22:30:24.957 [JavaFX Application Thread] DEBUG FXGL                 - Saving FXGL system data
22:30:24.958 [JavaFX Application Thread] DEBUG IOTask               - Executing task: writeDataTask(system/fxgl.bundle)
22:30:24.960 [JavaFX Application Thread] DEBUG FS                   - Writing to: system\fxgl.bundle
22:30:24.965 [JavaFX Application Thread] DEBUG IOTask               - Task succeeded: writeDataTask(system/fxgl.bundle)
22:30:24.968 [JavaFX Application Thread] DEBUG FXGLAssetLoader      - Loading from cache: /assets/textures/missile.png
22:30:24.968 [JavaFX Application Thread] DEBUG GameScene            - Entity added to scene
22:30:24.968 [JavaFX Application Thread] DEBUG GameScene            - Added MainViewComponent
