14:19:07.754 [FXGL Launcher Thread     ] DEBUG FXGLLoggerFactory    - Service [LoggerFactory] initialized
14:19:07.762 [FXGL Launcher Thread     ] DEBUG FXGL                 - FXGL configuration complete
14:19:07.762 [FXGL Launcher Thread     ] DEBUG FXGL                 - Loading FXGL system data
14:19:07.768 [FXGL Launcher Thread     ] DEBUG IOTask               - Executing task: readDataTask(system/fxgl.bundle)
14:19:07.774 [FXGL Launcher Thread     ] DEBUG FS                   - Reading from: system\fxgl.bundle
14:19:07.784 [FXGL Launcher Thread     ] DEBUG IOTask               - Task succeeded: readDataTask(system/fxgl.bundle)
14:19:07.784 [FXGL Launcher Thread     ] DEBUG Bundle               - Logging bundle: FXGL
14:19:07.785 [FXGL Launcher Thread     ] DEBUG Bundle               - FXGL.offline.timer.version.check=2016-12-20T08:49:00.039
14:19:07.794 [FXGL Launcher Thread     ] DEBUG GameApplication      - Configuring GameApplication
14:19:07.802 [FXGL Launcher Thread     ] DEBUG FXGLExceptionHandler - Service [ExceptionHandler] initialized
14:19:07.803 [FXGL Launcher Thread     ] DEBUG FXGLEventBus         - Service [EventBus] initialized
14:19:07.808 [FXGL Launcher Thread     ] DEBUG FXGLExecutor         - Service [Executor] initialized
14:19:07.808 [FXGL Launcher Thread     ] DEBUG PreInitTask          - Injecting gameWorld & physicsWorld
14:19:07.816 [FXGL Launcher Thread     ] DEBUG GameWorld            - Game world initialized
14:19:07.877 [FXGL Launcher Thread     ] DEBUG FXGLPooler           - Service [Pooler] initialized with default size = 128
14:19:07.877 [FXGL Launcher Thread     ] DEBUG PhysicsWorld         - Physics world initialized: appHeight=700.0, physics.ppm=50.0
14:19:07.880 [FXGL Launcher Thread     ] DEBUG FXGLInput            - Service [Input] initialized
14:19:07.921 [FXGL Launcher Thread     ] DEBUG FXGLInput            - Registered new binding: Screenshot - P
14:19:07.922 [FXGL Launcher Thread     ] DEBUG FXGLInput            - Registered new binding: Dev Options - CTRL+0
14:19:07.922 [FXGL Launcher Thread     ] DEBUG FXGLInput            - Registered new binding: Spawn Anti-Ballistic - PRIMARY
14:19:07.963 [FXGL Launcher Thread     ] DEBUG GameScene            - Game scene initialized: 800.0x700.0
14:19:07.979 [FXGL Launcher Thread     ] DEBUG FXGLAssetLoader      - Service [AssetLoader] initialized: cacheSize=35
14:19:07.985 [FXGL Launcher Thread     ] DEBUG FXGLAssetLoader      - Loading from disk: /assets/sounds/system/notification.wav
14:19:08.033 [FXGL Launcher Thread     ] DEBUG FXGLAssetLoader      - Loading from disk: /assets/sounds/menu/select.wav
14:19:08.035 [FXGL Launcher Thread     ] DEBUG FXGLAssetLoader      - Loading from disk: /assets/sounds/menu/back.wav
14:19:08.038 [FXGL Launcher Thread     ] DEBUG FXGLAssetLoader      - Loading from disk: /assets/sounds/menu/press.wav
14:19:08.044 [FXGL Launcher Thread     ] DEBUG FXGLAssetLoader      - Loading from disk: /assets/ui/fonts/Copperplate_Gothic_Light_Regular.ttf
14:19:08.232 [FXGL Launcher Thread     ] DEBUG FXGLAssetLoader      - Loading from disk: /assets/ui/css/fxgl.css
14:19:08.233 [FXGL Launcher Thread     ] DEBUG FXGLAssetLoader      - Loading from disk: /assets/ui/icons/fxgl_icon.png
14:19:08.300 [FXGL Launcher Thread     ] DEBUG FXGLAssetLoader      - Loading from disk: /assets/ui/css/fxgl_dark.css
14:19:08.314 [FXGL Launcher Thread     ] DEBUG FXGLDisplay          - Target size: DoubleProperty [value: 800.0] x DoubleProperty [value: 700.0] @ 1.0
14:19:08.314 [FXGL Launcher Thread     ] DEBUG FXGLDisplay          - New size:    800.0 x 700.0 @ DoubleProperty [value: 1.0]
14:19:08.315 [FXGL Launcher Thread     ] DEBUG FXGLDisplay          - Service [Display] initialized
14:19:08.315 [FXGL Launcher Thread     ] DEBUG FXGLDisplay          - Using CSS: CSS(externalForm=jar:file:/C:/Users/Tyler/Downloads/FXGL-0.2.8-uber.jar!/assets/ui/css/fxgl_dark.css)
14:19:08.316 [FXGL Launcher Thread     ] DEBUG InitScenesTask       - Injecting loadingScene & gameScene
14:19:08.349 [FXGL Launcher Thread     ] DEBUG FXGLMasterTimer      - Service [MasterTimer] initialized
14:19:08.354 [FXGL Launcher Thread     ] DEBUG FXGLAudioPlayer      - Service [AudioPlayer] initialized
14:19:08.365 [FXGL Launcher Thread     ] DEBUG InitProfilerTask     - Injecting profiler
14:19:08.365 [FXGL Launcher Thread     ] DEBUG GameApplication      - Starting new game
14:19:08.369 [FXGL Launcher Thread     ] DEBUG GameApplication      - Initializing App
14:19:08.371 [FXGL Launcher Thread     ] DEBUG FXGLInput            - Clearing active input actions
14:19:08.371 [FXGL Launcher Thread     ] DEBUG FXGLMasterTimer      - Stopping master timer
14:19:08.372 [FXGL Launcher Thread     ] DEBUG GameApplication      - State: STARTUP -> PAUSED
14:19:08.372 [FXGL Launcher Thread     ] DEBUG FXGLEventBus         - Firing event: FXGLEvent[type=PAUSE]
14:19:08.375 [FXGL Launcher Thread     ] DEBUG FXGLInput            - Clearing active input actions
14:19:08.375 [FXGL Launcher Thread     ] DEBUG FXGLMasterTimer      - Resetting ticks and clearing all actions
14:19:08.375 [FXGL Launcher Thread     ] DEBUG GameWorld            - Resetting game world
14:19:08.376 [FXGL Launcher Thread     ] TRACE EntityWorld          - Resetting entity world
14:19:08.378 [FXGL Launcher Thread     ] DEBUG PhysicsWorld         - Resetting physics world
14:19:08.378 [FXGL Launcher Thread     ] DEBUG GameScene            - Resetting game scene
14:19:08.378 [FXGL Launcher Thread     ] DEBUG FXGLEventBus         - Firing event: FXGLEvent[type=RESET]
14:19:08.460 [FXGL Launcher Thread     ] DEBUG GameApplication      - State: PAUSED -> LOADING
14:19:08.512 [FXGL Background Thread 1 ] DEBUG InitAppTask          - Initializing Assets
14:19:08.513 [FXGL Background Thread 1 ] DEBUG InitAppTask          - Initializing Game
14:19:08.612 [FXGL Background Thread 1 ] DEBUG FXGLAssetLoader      - Loading from disk: /assets/ui/cursors/crosshair.png
14:19:08.628 [FXGL Background Thread 1 ] DEBUG FXGLAssetLoader      - Loading from disk: /assets/textures/city.png
14:19:08.635 [JavaFX Application Thread] DEBUG FXGLDisplay          - Showing stage
14:19:08.635 [JavaFX Application Thread] DEBUG FXGLDisplay          - Root size: 800.0x700.0
14:19:08.636 [JavaFX Application Thread] DEBUG FXGLDisplay          - Scene size: 800.0x700.0
14:19:08.636 [JavaFX Application Thread] DEBUG FXGLDisplay          - Stage size: 816.0x739.0
14:19:08.641 [FXGL Background Thread 1 ] DEBUG FXGLAssetLoader      - Loading from cache: /assets/textures/city.png
14:19:08.643 [FXGL Background Thread 1 ] DEBUG FXGLAssetLoader      - Loading from cache: /assets/textures/city.png
14:19:08.645 [FXGL Background Thread 1 ] DEBUG FXGLAssetLoader      - Loading from cache: /assets/textures/city.png
14:19:08.647 [FXGL Background Thread 1 ] DEBUG FXGLAssetLoader      - Loading from cache: /assets/textures/city.png
14:19:08.648 [FXGL Background Thread 1 ] DEBUG FXGLAssetLoader      - Loading from cache: /assets/textures/city.png
14:19:08.657 [FXGL Background Thread 1 ] DEBUG InitAppTask          - Initializing Physics
14:19:08.659 [FXGL Background Thread 1 ] DEBUG InitAppTask          - Initializing UI
14:19:08.668 [FXGL Background Thread 1 ] DEBUG GameScene            - Adding UI node: Text[text="Missile Command", x=0.0, y=0.0, alignment=LEFT, origin=BASELINE, boundsType=LOGICAL, font=Font[name=Copperplate Gothic Light, family=Copperplate Gothic Light, style=Regular, size=48.0], fontSmoothingType=GRAY, fill=0x0000ffff]
14:19:08.675 [FXGL Background Thread 1 ] DEBUG GameScene            - Adding UI node: Text[text="Cities Remaining: 6", x=0.0, y=0.0, alignment=LEFT, origin=BASELINE, boundsType=LOGICAL, font=Font[name=Copperplate Gothic Light, family=Copperplate Gothic Light, style=Regular, size=20.0], fontSmoothingType=GRAY, fill=0xffffffff]
14:19:08.676 [FXGL Background Thread 1 ] DEBUG GameScene            - Adding UI node: Text[text="", x=0.0, y=0.0, alignment=LEFT, origin=BASELINE, boundsType=LOGICAL, font=Font[name=Copperplate Gothic Light, family=Copperplate Gothic Light, style=Regular, size=10.0], fontSmoothingType=GRAY, fill=0x008000ff]
14:19:08.676 [FXGL Background Thread 1 ] DEBUG FXGLAssetLoader      - Loading from disk: /assets/textures/bg.jpg
14:19:08.700 [FXGL Background Thread 1 ] DEBUG GameScene            - Creating render group for layer: TOP(2147483647)
14:19:08.704 [FXGL Background Thread 1 ] DEBUG InitAppTask          - Initialization Complete
14:19:08.765 [JavaFX Application Thread] DEBUG FXGLInput            - Clearing active input actions
14:19:08.766 [JavaFX Application Thread] DEBUG FXGLMasterTimer      - Starting master timer
14:19:08.766 [JavaFX Application Thread] DEBUG GameApplication      - State: LOADING -> PLAYING
14:19:08.792 [JavaFX Application Thread] DEBUG FXGLEventBus         - Firing event: FXGLEvent[type=RESUME]
14:19:08.797 [JavaFX Application Thread] DEBUG GameScene            - Entity added to scene
14:19:08.798 [JavaFX Application Thread] DEBUG GameScene            - Added MainViewComponent
14:19:08.799 [JavaFX Application Thread] DEBUG GameScene            - Creating render group for layer: BACKGROUND(1000)
14:19:08.803 [JavaFX Application Thread] DEBUG GameScene            - Entity added to scene
14:19:08.803 [JavaFX Application Thread] DEBUG GameScene            - Added MainViewComponent
14:19:08.804 [JavaFX Application Thread] DEBUG GameScene            - Entity added to scene
14:19:08.804 [JavaFX Application Thread] DEBUG GameScene            - Added MainViewComponent
14:19:08.804 [JavaFX Application Thread] DEBUG GameScene            - Entity added to scene
14:19:08.805 [JavaFX Application Thread] DEBUG GameScene            - Added MainViewComponent
14:19:08.805 [JavaFX Application Thread] DEBUG GameScene            - Entity added to scene
14:19:08.805 [JavaFX Application Thread] DEBUG GameScene            - Added MainViewComponent
14:19:08.805 [JavaFX Application Thread] DEBUG GameScene            - Entity added to scene
14:19:08.805 [JavaFX Application Thread] DEBUG GameScene            - Added MainViewComponent
14:19:08.806 [JavaFX Application Thread] DEBUG GameScene            - Entity added to scene
14:19:08.806 [JavaFX Application Thread] DEBUG GameScene            - Added MainViewComponent
14:19:08.806 [JavaFX Application Thread] DEBUG GameScene            - Entity added to scene
14:19:08.806 [JavaFX Application Thread] DEBUG GameScene            - Added MainViewComponent
14:19:08.806 [JavaFX Application Thread] DEBUG GameScene            - Entity added to scene
14:19:08.807 [JavaFX Application Thread] DEBUG GameScene            - Added MainViewComponent
14:19:08.807 [JavaFX Application Thread] DEBUG GameScene            - Entity added to scene
14:19:08.807 [JavaFX Application Thread] DEBUG GameScene            - Added MainViewComponent
14:19:09.564 [JavaFX Application Thread] DEBUG FXGLAssetLoader      - Loading from disk: /assets/textures/missile.png
14:19:09.567 [JavaFX Application Thread] DEBUG GameScene            - Entity added to scene
14:19:09.567 [JavaFX Application Thread] DEBUG GameScene            - Added MainViewComponent
14:19:09.827 [JavaFX Application Thread] DEBUG FXGLAssetLoader      - Loading from cache: /assets/textures/missile.png
14:19:09.828 [JavaFX Application Thread] DEBUG GameScene            - Entity added to scene
14:19:09.828 [JavaFX Application Thread] DEBUG GameScene            - Added MainViewComponent
14:19:09.928 [JavaFX Application Thread] DEBUG FXGLAssetLoader      - Loading from disk: /assets/textures/explosionTwo.gif
14:19:09.944 [JavaFX Application Thread] DEBUG GameScene            - Entity added to scene
14:19:09.944 [JavaFX Application Thread] DEBUG GameScene            - Added MainViewComponent
14:19:09.945 [JavaFX Application Thread] DEBUG GameScene            - Entity removed from scene
14:19:09.947 [JavaFX Application Thread] DEBUG GameScene            - Removed MainViewComponent
14:19:09.978 [JavaFX Application Thread] DEBUG FXGLAssetLoader      - Loading from cache: /assets/textures/missile.png
14:19:09.985 [JavaFX Application Thread] DEBUG GameScene            - Entity added to scene
14:19:09.985 [JavaFX Application Thread] DEBUG GameScene            - Added MainViewComponent
14:19:10.095 [JavaFX Application Thread] DEBUG FXGLAssetLoader      - Loading from cache: /assets/textures/missile.png
14:19:10.096 [JavaFX Application Thread] DEBUG GameScene            - Entity added to scene
14:19:10.096 [JavaFX Application Thread] DEBUG GameScene            - Added MainViewComponent
14:19:10.195 [JavaFX Application Thread] DEBUG GameScene            - Entity removed from scene
14:19:10.196 [JavaFX Application Thread] DEBUG GameScene            - Removed MainViewComponent
14:19:10.363 [JavaFX Application Thread] DEBUG FXGLAssetLoader      - Loading from cache: /assets/textures/missile.png
14:19:10.364 [JavaFX Application Thread] DEBUG GameScene            - Entity added to scene
14:19:10.364 [JavaFX Application Thread] DEBUG GameScene            - Added MainViewComponent
14:19:10.414 [JavaFX Application Thread] DEBUG FXGLAssetLoader      - Loading from cache: /assets/textures/explosionTwo.gif
14:19:10.430 [JavaFX Application Thread] DEBUG GameScene            - Entity added to scene
14:19:10.431 [JavaFX Application Thread] DEBUG GameScene            - Added MainViewComponent
14:19:10.432 [JavaFX Application Thread] DEBUG GameScene            - Entity removed from scene
14:19:10.432 [JavaFX Application Thread] DEBUG GameScene            - Removed MainViewComponent
14:19:10.514 [JavaFX Application Thread] DEBUG FXGLAssetLoader      - Loading from cache: /assets/textures/explosionTwo.gif
14:19:10.530 [JavaFX Application Thread] DEBUG GameScene            - Entity added to scene
14:19:10.530 [JavaFX Application Thread] DEBUG GameScene            - Added MainViewComponent
14:19:10.531 [JavaFX Application Thread] DEBUG GameScene            - Entity removed from scene
14:19:10.531 [JavaFX Application Thread] DEBUG GameScene            - Removed MainViewComponent
14:19:10.631 [JavaFX Application Thread] DEBUG FXGLAssetLoader      - Loading from cache: /assets/textures/missile.png
14:19:10.632 [JavaFX Application Thread] DEBUG GameScene            - Entity added to scene
14:19:10.633 [JavaFX Application Thread] DEBUG GameScene            - Added MainViewComponent
14:19:10.681 [JavaFX Application Thread] DEBUG GameScene            - Entity removed from scene
14:19:10.681 [JavaFX Application Thread] DEBUG GameScene            - Removed MainViewComponent
14:19:10.766 [JavaFX Application Thread] DEBUG GameScene            - Entity removed from scene
14:19:10.766 [JavaFX Application Thread] DEBUG GameScene            - Removed MainViewComponent
14:19:10.900 [JavaFX Application Thread] DEBUG FXGLAssetLoader      - Loading from cache: /assets/textures/missile.png
14:19:10.901 [JavaFX Application Thread] DEBUG GameScene            - Entity added to scene
14:19:10.901 [JavaFX Application Thread] DEBUG GameScene            - Added MainViewComponent
14:19:10.984 [JavaFX Application Thread] DEBUG FXGLAssetLoader      - Loading from cache: /assets/textures/explosionTwo.gif
14:19:11.000 [JavaFX Application Thread] DEBUG FXGLAssetLoader      - Loading from cache: /assets/textures/missile.png
14:19:11.001 [JavaFX Application Thread] DEBUG GameScene            - Entity added to scene
14:19:11.001 [JavaFX Application Thread] DEBUG GameScene            - Added MainViewComponent
14:19:11.002 [JavaFX Application Thread] DEBUG GameScene            - Entity added to scene
14:19:11.002 [JavaFX Application Thread] DEBUG GameScene            - Added MainViewComponent
14:19:11.002 [JavaFX Application Thread] DEBUG GameScene            - Entity removed from scene
14:19:11.002 [JavaFX Application Thread] DEBUG GameScene            - Removed MainViewComponent
14:19:11.067 [JavaFX Application Thread] DEBUG FXGLAssetLoader      - Loading from cache: /assets/textures/explosionTwo.gif
14:19:11.083 [JavaFX Application Thread] DEBUG GameScene            - Entity added to scene
14:19:11.083 [JavaFX Application Thread] DEBUG GameScene            - Added MainViewComponent
14:19:11.084 [JavaFX Application Thread] DEBUG GameScene            - Entity removed from scene
14:19:11.084 [JavaFX Application Thread] DEBUG GameScene            - Removed MainViewComponent
14:19:11.168 [JavaFX Application Thread] DEBUG FXGLAssetLoader      - Loading from cache: /assets/textures/missile.png
14:19:11.168 [JavaFX Application Thread] DEBUG GameScene            - Entity added to scene
14:19:11.169 [JavaFX Application Thread] DEBUG GameScene            - Added MainViewComponent
14:19:11.250 [JavaFX Application Thread] DEBUG GameScene            - Entity removed from scene
14:19:11.250 [JavaFX Application Thread] DEBUG GameScene            - Removed MainViewComponent
14:19:11.334 [JavaFX Application Thread] DEBUG GameScene            - Entity removed from scene
14:19:11.334 [JavaFX Application Thread] DEBUG GameScene            - Removed MainViewComponent
14:19:11.435 [JavaFX Application Thread] DEBUG FXGLAssetLoader      - Loading from cache: /assets/textures/missile.png
14:19:11.436 [JavaFX Application Thread] DEBUG GameScene            - Entity added to scene
14:19:11.436 [JavaFX Application Thread] DEBUG GameScene            - Added MainViewComponent
14:19:11.485 [JavaFX Application Thread] DEBUG FXGLAssetLoader      - Loading from cache: /assets/textures/explosionTwo.gif
14:19:11.502 [JavaFX Application Thread] DEBUG GameScene            - Entity added to scene
14:19:11.502 [JavaFX Application Thread] DEBUG GameScene            - Added MainViewComponent
14:19:11.503 [JavaFX Application Thread] DEBUG GameScene            - Entity removed from scene
14:19:11.503 [JavaFX Application Thread] DEBUG GameScene            - Removed MainViewComponent
14:19:11.704 [JavaFX Application Thread] DEBUG FXGLAssetLoader      - Loading from cache: /assets/textures/missile.png
14:19:11.705 [JavaFX Application Thread] DEBUG GameScene            - Entity added to scene
14:19:11.705 [JavaFX Application Thread] DEBUG GameScene            - Added MainViewComponent
14:19:11.737 [JavaFX Application Thread] DEBUG FXGLAssetLoader      - Loading from cache: /assets/textures/explosionTwo.gif
14:19:11.753 [JavaFX Application Thread] DEBUG GameScene            - Entity added to scene
14:19:11.753 [JavaFX Application Thread] DEBUG GameScene            - Added MainViewComponent
14:19:11.754 [JavaFX Application Thread] DEBUG GameScene            - Entity removed from scene
14:19:11.754 [JavaFX Application Thread] DEBUG GameScene            - Removed MainViewComponent
14:19:11.755 [JavaFX Application Thread] DEBUG GameScene            - Entity removed from scene
14:19:11.755 [JavaFX Application Thread] DEBUG GameScene            - Removed MainViewComponent
14:19:11.922 [JavaFX Application Thread] DEBUG FXGLAssetLoader      - Loading from cache: /assets/textures/explosionTwo.gif
14:19:11.938 [JavaFX Application Thread] DEBUG GameScene            - Entity added to scene
14:19:11.938 [JavaFX Application Thread] DEBUG GameScene            - Added MainViewComponent
14:19:11.939 [JavaFX Application Thread] DEBUG GameScene            - Entity removed from scene
14:19:11.939 [JavaFX Application Thread] DEBUG GameScene            - Removed MainViewComponent
14:19:11.972 [JavaFX Application Thread] DEBUG FXGLAssetLoader      - Loading from cache: /assets/textures/missile.png
14:19:11.973 [JavaFX Application Thread] DEBUG GameScene            - Entity added to scene
14:19:11.973 [JavaFX Application Thread] DEBUG GameScene            - Added MainViewComponent
14:19:11.988 [JavaFX Application Thread] DEBUG GameScene            - Entity removed from scene
14:19:11.989 [JavaFX Application Thread] DEBUG GameScene            - Removed MainViewComponent
14:19:12.022 [JavaFX Application Thread] DEBUG FXGLAssetLoader      - Loading from cache: /assets/textures/missile.png
14:19:12.023 [JavaFX Application Thread] DEBUG GameScene            - Entity added to scene
14:19:12.023 [JavaFX Application Thread] DEBUG GameScene            - Added MainViewComponent
14:19:12.189 [JavaFX Application Thread] DEBUG GameScene            - Entity removed from scene
14:19:12.189 [JavaFX Application Thread] DEBUG GameScene            - Removed MainViewComponent
14:19:12.239 [JavaFX Application Thread] DEBUG FXGLAssetLoader      - Loading from cache: /assets/textures/missile.png
14:19:12.240 [JavaFX Application Thread] DEBUG GameScene            - Entity added to scene
14:19:12.240 [JavaFX Application Thread] DEBUG GameScene            - Added MainViewComponent
14:19:12.390 [JavaFX Application Thread] DEBUG FXGLAssetLoader      - Loading from cache: /assets/textures/explosionTwo.gif
14:19:12.406 [JavaFX Application Thread] DEBUG GameScene            - Entity added to scene
14:19:12.407 [JavaFX Application Thread] DEBUG GameScene            - Added MainViewComponent
14:19:12.407 [JavaFX Application Thread] DEBUG GameScene            - Entity removed from scene
14:19:12.407 [JavaFX Application Thread] DEBUG GameScene            - Removed MainViewComponent
14:19:12.507 [JavaFX Application Thread] DEBUG FXGLAssetLoader      - Loading from cache: /assets/textures/missile.png
14:19:12.508 [JavaFX Application Thread] DEBUG GameScene            - Entity added to scene
14:19:12.508 [JavaFX Application Thread] DEBUG GameScene            - Added MainViewComponent
14:19:12.557 [JavaFX Application Thread] DEBUG FXGLAssetLoader      - Loading from cache: /assets/textures/explosionTwo.gif
14:19:12.573 [JavaFX Application Thread] DEBUG GameScene            - Entity added to scene
14:19:12.573 [JavaFX Application Thread] DEBUG GameScene            - Added MainViewComponent
14:19:12.574 [JavaFX Application Thread] DEBUG GameScene            - Entity removed from scene
14:19:12.575 [JavaFX Application Thread] DEBUG GameScene            - Removed MainViewComponent
14:19:12.658 [JavaFX Application Thread] DEBUG GameScene            - Entity removed from scene
14:19:12.658 [JavaFX Application Thread] DEBUG GameScene            - Removed MainViewComponent
14:19:12.675 [JavaFX Application Thread] DEBUG GameScene            - Removing UI node: Text[text="Missile Command", x=0.0, y=0.0, alignment=LEFT, origin=BASELINE, boundsType=LOGICAL, font=Font[name=Copperplate Gothic Light, family=Copperplate Gothic Light, style=Regular, size=48.0], fontSmoothingType=GRAY, fill=0x0000ffff]
14:19:12.776 [JavaFX Application Thread] DEBUG FXGLAssetLoader      - Loading from cache: /assets/textures/missile.png
14:19:12.777 [JavaFX Application Thread] DEBUG GameScene            - Entity added to scene
14:19:12.777 [JavaFX Application Thread] DEBUG GameScene            - Added MainViewComponent
14:19:12.825 [JavaFX Application Thread] DEBUG GameScene            - Entity removed from scene
14:19:12.826 [JavaFX Application Thread] DEBUG GameScene            - Removed MainViewComponent
14:19:13.044 [JavaFX Application Thread] DEBUG FXGLAssetLoader      - Loading from cache: /assets/textures/missile.png
14:19:13.046 [JavaFX Application Thread] DEBUG FXGLAssetLoader      - Loading from cache: /assets/textures/missile.png
14:19:13.047 [JavaFX Application Thread] DEBUG GameScene            - Entity added to scene
14:19:13.047 [JavaFX Application Thread] DEBUG GameScene            - Added MainViewComponent
14:19:13.048 [JavaFX Application Thread] DEBUG GameScene            - Entity added to scene
14:19:13.048 [JavaFX Application Thread] DEBUG GameScene            - Added MainViewComponent
14:19:13.245 [JavaFX Application Thread] DEBUG FXGLAssetLoader      - Loading from cache: /assets/textures/explosionTwo.gif
14:19:13.261 [JavaFX Application Thread] DEBUG GameScene            - Entity added to scene
14:19:13.261 [JavaFX Application Thread] DEBUG GameScene            - Added MainViewComponent
14:19:13.262 [JavaFX Application Thread] DEBUG GameScene            - Entity removed from scene
14:19:13.262 [JavaFX Application Thread] DEBUG GameScene            - Removed MainViewComponent
14:19:13.445 [JavaFX Application Thread] DEBUG FXGLAssetLoader      - Loading from cache: /assets/textures/explosionTwo.gif
14:19:13.462 [JavaFX Application Thread] DEBUG GameScene            - Entity added to scene
14:19:13.462 [JavaFX Application Thread] DEBUG GameScene            - Added MainViewComponent
14:19:13.463 [JavaFX Application Thread] DEBUG GameScene            - Entity removed from scene
14:19:13.463 [JavaFX Application Thread] DEBUG GameScene            - Removed MainViewComponent
14:19:13.479 [JavaFX Application Thread] DEBUG FXGLAssetLoader      - Loading from disk: /assets/textures/cityDE.png
14:19:13.483 [JavaFX Application Thread] DEBUG FXGLAssetLoader      - Loading from cache: /assets/textures/explosionTwo.gif
14:19:13.495 [JavaFX Application Thread] DEBUG GameScene            - Entity added to scene
14:19:13.495 [JavaFX Application Thread] DEBUG GameScene            - Added MainViewComponent
14:19:13.496 [JavaFX Application Thread] DEBUG GameScene            - Entity removed from scene
14:19:13.497 [JavaFX Application Thread] DEBUG GameScene            - Removed MainViewComponent
14:19:13.512 [JavaFX Application Thread] DEBUG GameScene            - Entity removed from scene
14:19:13.512 [JavaFX Application Thread] DEBUG GameScene            - Removed MainViewComponent
14:19:13.681 [JavaFX Application Thread] DEBUG FXGLAssetLoader      - Loading from cache: /assets/textures/explosionTwo.gif
14:19:13.697 [JavaFX Application Thread] DEBUG GameScene            - Entity added to scene
14:19:13.697 [JavaFX Application Thread] DEBUG GameScene            - Added MainViewComponent
14:19:13.697 [JavaFX Application Thread] DEBUG GameScene            - Entity removed from scene
14:19:13.697 [JavaFX Application Thread] DEBUG GameScene            - Removed MainViewComponent
14:19:13.713 [JavaFX Application Thread] DEBUG GameScene            - Entity removed from scene
14:19:13.713 [JavaFX Application Thread] DEBUG GameScene            - Removed MainViewComponent
14:19:13.732 [JavaFX Application Thread] DEBUG FXGLAssetLoader      - Loading from cache: /assets/textures/explosionTwo.gif
14:19:13.748 [JavaFX Application Thread] DEBUG GameScene            - Entity added to scene
14:19:13.748 [JavaFX Application Thread] DEBUG GameScene            - Added MainViewComponent
14:19:13.749 [JavaFX Application Thread] DEBUG GameScene            - Entity removed from scene
14:19:13.749 [JavaFX Application Thread] DEBUG GameScene            - Removed MainViewComponent
14:19:13.750 [JavaFX Application Thread] DEBUG GameScene            - Entity removed from scene
14:19:13.750 [JavaFX Application Thread] DEBUG GameScene            - Removed MainViewComponent
14:19:13.974 [JavaFX Application Thread] DEBUG FXGLEventBus         - Firing event: DisplayEvent[type=CLOSE_REQUEST]
14:19:13.976 [JavaFX Application Thread] DEBUG FXGLEventBus         - Firing event: FXGLEvent[type=EXIT]
14:19:13.982 [JavaFX Application Thread] DEBUG FXGL                 - Saving FXGL system data
14:19:13.984 [JavaFX Application Thread] DEBUG IOTask               - Executing task: writeDataTask(system/fxgl.bundle)
14:19:13.988 [JavaFX Application Thread] DEBUG FS                   - Writing to: system\fxgl.bundle
14:19:14.004 [JavaFX Application Thread] DEBUG IOTask               - Task succeeded: writeDataTask(system/fxgl.bundle)
14:19:14.007 [JavaFX Application Thread] DEBUG GameScene            - Entity removed from scene
14:19:14.008 [JavaFX Application Thread] DEBUG GameScene            - Removed MainViewComponent
14:19:14.008 [JavaFX Application Thread] DEBUG GameScene            - Entity removed from scene
14:19:14.008 [JavaFX Application Thread] DEBUG GameScene            - Removed MainViewComponent
