13:18:31.293 [FXGL Launcher Thread     ] DEBUG FXGLLoggerFactory    - Service [LoggerFactory] initialized
13:18:31.300 [FXGL Launcher Thread     ] DEBUG FXGL                 - FXGL configuration complete
13:18:31.300 [FXGL Launcher Thread     ] DEBUG FXGL                 - Loading FXGL system data
13:18:31.305 [FXGL Launcher Thread     ] DEBUG IOTask               - Executing task: readDataTask(system/fxgl.bundle)
13:18:31.311 [FXGL Launcher Thread     ] DEBUG FS                   - Reading from: system\fxgl.bundle
13:18:31.318 [FXGL Launcher Thread     ] DEBUG IOTask               - Task succeeded: readDataTask(system/fxgl.bundle)
13:18:31.319 [FXGL Launcher Thread     ] DEBUG Bundle               - Logging bundle: FXGL
13:18:31.320 [FXGL Launcher Thread     ] DEBUG Bundle               - FXGL.offline.timer.version.check=2016-12-12T22:03:51.120
13:18:31.331 [FXGL Launcher Thread     ] DEBUG GameApplication      - Configuring GameApplication
13:18:31.337 [FXGL Launcher Thread     ] DEBUG FXGLExceptionHandler - Service [ExceptionHandler] initialized
13:18:31.338 [FXGL Launcher Thread     ] DEBUG FXGLEventBus         - Service [EventBus] initialized
13:18:31.342 [FXGL Launcher Thread     ] DEBUG FXGLExecutor         - Service [Executor] initialized
13:18:31.343 [FXGL Launcher Thread     ] DEBUG PreInitTask          - Injecting gameWorld & physicsWorld
13:18:31.351 [FXGL Launcher Thread     ] DEBUG GameWorld            - Game world initialized
13:18:31.403 [FXGL Launcher Thread     ] DEBUG FXGLPooler           - Service [Pooler] initialized with default size = 128
13:18:31.403 [FXGL Launcher Thread     ] DEBUG PhysicsWorld         - Physics world initialized: appHeight=700.0, physics.ppm=50.0
13:18:31.405 [FXGL Launcher Thread     ] DEBUG FXGLInput            - Service [Input] initialized
13:18:31.429 [FXGL Launcher Thread     ] DEBUG FXGLInput            - Registered new binding: Screenshot - P
13:18:31.429 [FXGL Launcher Thread     ] DEBUG FXGLInput            - Registered new binding: Dev Options - CTRL+0
13:18:31.430 [FXGL Launcher Thread     ] DEBUG FXGLInput            - Registered new binding: Spawn Anti-Ballistic - PRIMARY
13:18:31.468 [FXGL Launcher Thread     ] DEBUG GameScene            - Game scene initialized: 800.0x700.0
13:18:31.480 [FXGL Launcher Thread     ] DEBUG FXGLAssetLoader      - Service [AssetLoader] initialized: cacheSize=35
13:18:31.484 [FXGL Launcher Thread     ] DEBUG FXGLAssetLoader      - Loading from disk: /assets/sounds/system/notification.wav
13:18:31.538 [FXGL Launcher Thread     ] DEBUG FXGLAssetLoader      - Loading from disk: /assets/sounds/menu/select.wav
13:18:31.550 [FXGL Launcher Thread     ] DEBUG FXGLAssetLoader      - Loading from disk: /assets/sounds/menu/back.wav
13:18:31.554 [FXGL Launcher Thread     ] DEBUG FXGLAssetLoader      - Loading from disk: /assets/sounds/menu/press.wav
13:18:31.557 [FXGL Launcher Thread     ] DEBUG FXGLAssetLoader      - Loading from disk: /assets/ui/fonts/Copperplate_Gothic_Light_Regular.ttf
13:18:31.670 [FXGL Launcher Thread     ] DEBUG FXGLAssetLoader      - Loading from disk: /assets/ui/css/fxgl.css
13:18:31.671 [FXGL Launcher Thread     ] DEBUG FXGLAssetLoader      - Loading from disk: /assets/ui/icons/fxgl_icon.png
13:18:31.726 [FXGL Launcher Thread     ] DEBUG FXGLAssetLoader      - Loading from disk: /assets/ui/css/fxgl_dark.css
13:18:31.740 [FXGL Launcher Thread     ] DEBUG FXGLDisplay          - Target size: DoubleProperty [value: 800.0] x DoubleProperty [value: 700.0] @ 1.0
13:18:31.740 [FXGL Launcher Thread     ] DEBUG FXGLDisplay          - New size:    800.0 x 700.0 @ DoubleProperty [value: 1.0]
13:18:31.741 [FXGL Launcher Thread     ] DEBUG FXGLDisplay          - Service [Display] initialized
13:18:31.742 [FXGL Launcher Thread     ] DEBUG FXGLDisplay          - Using CSS: CSS(externalForm=jar:file:/C:/Users/Tyler/Downloads/FXGL-0.2.8-uber.jar!/assets/ui/css/fxgl_dark.css)
13:18:31.742 [FXGL Launcher Thread     ] DEBUG InitScenesTask       - Injecting loadingScene & gameScene
13:18:31.782 [FXGL Launcher Thread     ] DEBUG FXGLMasterTimer      - Service [MasterTimer] initialized
13:18:31.785 [FXGL Launcher Thread     ] DEBUG FXGLAudioPlayer      - Service [AudioPlayer] initialized
13:18:31.797 [FXGL Launcher Thread     ] DEBUG InitProfilerTask     - Injecting profiler
13:18:31.797 [FXGL Launcher Thread     ] DEBUG GameApplication      - Starting new game
13:18:31.800 [FXGL Launcher Thread     ] DEBUG GameApplication      - Initializing App
13:18:31.802 [FXGL Launcher Thread     ] DEBUG FXGLInput            - Clearing active input actions
13:18:31.802 [FXGL Launcher Thread     ] DEBUG FXGLMasterTimer      - Stopping master timer
13:18:31.802 [FXGL Launcher Thread     ] DEBUG GameApplication      - State: STARTUP -> PAUSED
13:18:31.803 [FXGL Launcher Thread     ] DEBUG FXGLEventBus         - Firing event: FXGLEvent[type=PAUSE]
13:18:31.805 [FXGL Launcher Thread     ] DEBUG FXGLInput            - Clearing active input actions
13:18:31.806 [FXGL Launcher Thread     ] DEBUG FXGLMasterTimer      - Resetting ticks and clearing all actions
13:18:31.806 [FXGL Launcher Thread     ] DEBUG GameWorld            - Resetting game world
13:18:31.806 [FXGL Launcher Thread     ] TRACE EntityWorld          - Resetting entity world
13:18:31.808 [FXGL Launcher Thread     ] DEBUG PhysicsWorld         - Resetting physics world
13:18:31.808 [FXGL Launcher Thread     ] DEBUG GameScene            - Resetting game scene
13:18:31.808 [FXGL Launcher Thread     ] DEBUG FXGLEventBus         - Firing event: FXGLEvent[type=RESET]
13:18:31.891 [FXGL Launcher Thread     ] DEBUG GameApplication      - State: PAUSED -> LOADING
13:18:31.938 [FXGL Background Thread 1 ] DEBUG InitAppTask          - Initializing Assets
13:18:31.940 [FXGL Background Thread 1 ] DEBUG InitAppTask          - Initializing Game
13:18:32.024 [FXGL Background Thread 1 ] DEBUG FXGLAssetLoader      - Loading from disk: /assets/ui/cursors/crosshair.png
13:18:32.051 [FXGL Background Thread 1 ] DEBUG FXGLAssetLoader      - Loading from disk: /assets/textures/city.png
13:18:32.058 [FXGL Background Thread 1 ] DEBUG FXGLAssetLoader      - Loading from cache: /assets/textures/city.png
13:18:32.059 [FXGL Background Thread 1 ] DEBUG FXGLAssetLoader      - Loading from cache: /assets/textures/city.png
13:18:32.060 [FXGL Background Thread 1 ] DEBUG FXGLAssetLoader      - Loading from cache: /assets/textures/city.png
13:18:32.061 [FXGL Background Thread 1 ] DEBUG FXGLAssetLoader      - Loading from cache: /assets/textures/city.png
13:18:32.062 [FXGL Background Thread 1 ] DEBUG FXGLAssetLoader      - Loading from cache: /assets/textures/city.png
13:18:32.065 [JavaFX Application Thread] DEBUG FXGLDisplay          - Showing stage
13:18:32.065 [JavaFX Application Thread] DEBUG FXGLDisplay          - Root size: 800.0x700.0
13:18:32.065 [JavaFX Application Thread] DEBUG FXGLDisplay          - Scene size: 800.0x700.0
13:18:32.065 [JavaFX Application Thread] DEBUG FXGLDisplay          - Stage size: 816.0x739.0
13:18:32.069 [FXGL Background Thread 1 ] DEBUG InitAppTask          - Initializing Physics
13:18:32.071 [FXGL Background Thread 1 ] DEBUG InitAppTask          - Initializing UI
13:18:32.079 [FXGL Background Thread 1 ] DEBUG GameScene            - Adding UI node: Text[text="Missile Command", x=0.0, y=0.0, alignment=LEFT, origin=BASELINE, boundsType=LOGICAL, font=Font[name=Copperplate Gothic Light, family=Copperplate Gothic Light, style=Regular, size=48.0], fontSmoothingType=GRAY, fill=0x0000ffff]
13:18:32.082 [FXGL Background Thread 1 ] DEBUG FXGLAssetLoader      - Loading from disk: /assets/textures/bg.jpg
13:18:32.100 [FXGL Background Thread 1 ] DEBUG GameScene            - Creating render group for layer: TOP(2147483647)
13:18:32.102 [FXGL Background Thread 1 ] DEBUG InitAppTask          - Initialization Complete
13:18:32.170 [JavaFX Application Thread] DEBUG FXGLInput            - Clearing active input actions
13:18:32.171 [JavaFX Application Thread] DEBUG FXGLMasterTimer      - Starting master timer
13:18:32.172 [JavaFX Application Thread] DEBUG GameApplication      - State: LOADING -> PLAYING
13:18:32.192 [JavaFX Application Thread] DEBUG FXGLEventBus         - Firing event: FXGLEvent[type=RESUME]
13:18:32.202 [JavaFX Application Thread] DEBUG GameScene            - Entity added to scene
13:18:32.203 [JavaFX Application Thread] DEBUG GameScene            - Added MainViewComponent
13:18:32.204 [JavaFX Application Thread] DEBUG GameScene            - Creating render group for layer: BACKGROUND(1000)
13:18:32.210 [JavaFX Application Thread] DEBUG GameScene            - Entity added to scene
13:18:32.210 [JavaFX Application Thread] DEBUG GameScene            - Added MainViewComponent
13:18:32.211 [JavaFX Application Thread] DEBUG GameScene            - Entity added to scene
13:18:32.211 [JavaFX Application Thread] DEBUG GameScene            - Added MainViewComponent
13:18:32.211 [JavaFX Application Thread] DEBUG GameScene            - Entity added to scene
13:18:32.212 [JavaFX Application Thread] DEBUG GameScene            - Added MainViewComponent
13:18:32.212 [JavaFX Application Thread] DEBUG GameScene            - Entity added to scene
13:18:32.213 [JavaFX Application Thread] DEBUG GameScene            - Added MainViewComponent
13:18:32.213 [JavaFX Application Thread] DEBUG GameScene            - Entity added to scene
13:18:32.213 [JavaFX Application Thread] DEBUG GameScene            - Added MainViewComponent
13:18:32.214 [JavaFX Application Thread] DEBUG GameScene            - Entity added to scene
13:18:32.214 [JavaFX Application Thread] DEBUG GameScene            - Added MainViewComponent
13:18:32.214 [JavaFX Application Thread] DEBUG GameScene            - Entity added to scene
13:18:32.214 [JavaFX Application Thread] DEBUG GameScene            - Added MainViewComponent
13:18:32.215 [JavaFX Application Thread] DEBUG GameScene            - Entity added to scene
13:18:32.215 [JavaFX Application Thread] DEBUG GameScene            - Added MainViewComponent
13:18:32.216 [JavaFX Application Thread] DEBUG GameScene            - Entity added to scene
13:18:32.216 [JavaFX Application Thread] DEBUG GameScene            - Added MainViewComponent
13:18:32.709 [JavaFX Application Thread] DEBUG FXGLAssetLoader      - Loading from disk: /assets/textures/missile.png
13:18:32.711 [JavaFX Application Thread] DEBUG GameScene            - Entity added to scene
13:18:32.711 [JavaFX Application Thread] DEBUG GameScene            - Added MainViewComponent
13:18:32.719 [JavaFX Application Thread] DEBUG FXGLAssetLoader      - Loading from cache: /assets/textures/missile.png
13:18:32.720 [JavaFX Application Thread] DEBUG GameScene            - Entity added to scene
13:18:32.721 [JavaFX Application Thread] DEBUG GameScene            - Added MainViewComponent
13:18:32.736 [JavaFX Application Thread] DEBUG FXGLAssetLoader      - Loading from cache: /assets/textures/missile.png
13:18:32.737 [JavaFX Application Thread] DEBUG GameScene            - Entity added to scene
13:18:32.737 [JavaFX Application Thread] DEBUG GameScene            - Added MainViewComponent
13:18:33.356 [JavaFX Application Thread] DEBUG FXGLAssetLoader      - Loading from cache: /assets/textures/missile.png
13:18:33.360 [JavaFX Application Thread] DEBUG GameScene            - Entity added to scene
13:18:33.361 [JavaFX Application Thread] DEBUG GameScene            - Added MainViewComponent
13:18:33.481 [JavaFX Application Thread] DEBUG FXGLAssetLoader      - Loading from cache: /assets/textures/missile.png
13:18:33.482 [JavaFX Application Thread] DEBUG GameScene            - Entity added to scene
13:18:33.482 [JavaFX Application Thread] DEBUG GameScene            - Added MainViewComponent
13:18:33.490 [JavaFX Application Thread] DEBUG FXGLAssetLoader      - Loading from cache: /assets/textures/missile.png
13:18:33.491 [JavaFX Application Thread] DEBUG GameScene            - Entity added to scene
13:18:33.491 [JavaFX Application Thread] DEBUG GameScene            - Added MainViewComponent
13:18:33.511 [JavaFX Application Thread] DEBUG FXGLAssetLoader      - Loading from cache: /assets/textures/missile.png
13:18:33.512 [JavaFX Application Thread] DEBUG GameScene            - Entity added to scene
13:18:33.512 [JavaFX Application Thread] DEBUG GameScene            - Added MainViewComponent
13:18:33.523 [JavaFX Application Thread] DEBUG FXGLAssetLoader      - Loading from cache: /assets/textures/missile.png
13:18:33.524 [JavaFX Application Thread] DEBUG GameScene            - Entity added to scene
13:18:33.524 [JavaFX Application Thread] DEBUG GameScene            - Added MainViewComponent
13:18:33.540 [JavaFX Application Thread] DEBUG FXGLAssetLoader      - Loading from cache: /assets/textures/missile.png
13:18:33.541 [JavaFX Application Thread] DEBUG GameScene            - Entity added to scene
13:18:33.541 [JavaFX Application Thread] DEBUG GameScene            - Added MainViewComponent
13:18:33.556 [JavaFX Application Thread] DEBUG FXGLAssetLoader      - Loading from cache: /assets/textures/missile.png
13:18:33.557 [JavaFX Application Thread] DEBUG GameScene            - Entity added to scene
13:18:33.558 [JavaFX Application Thread] DEBUG GameScene            - Added MainViewComponent
13:18:33.573 [JavaFX Application Thread] DEBUG FXGLAssetLoader      - Loading from cache: /assets/textures/missile.png
13:18:33.574 [JavaFX Application Thread] DEBUG GameScene            - Entity added to scene
13:18:33.574 [JavaFX Application Thread] DEBUG GameScene            - Added MainViewComponent
13:18:34.012 [JavaFX Application Thread] DEBUG FXGLAssetLoader      - Loading from cache: /assets/textures/missile.png
13:18:34.013 [JavaFX Application Thread] DEBUG GameScene            - Entity added to scene
13:18:34.014 [JavaFX Application Thread] DEBUG GameScene            - Added MainViewComponent
13:18:34.026 [JavaFX Application Thread] DEBUG FXGLAssetLoader      - Loading from cache: /assets/textures/missile.png
13:18:34.027 [JavaFX Application Thread] DEBUG GameScene            - Entity added to scene
13:18:34.027 [JavaFX Application Thread] DEBUG GameScene            - Added MainViewComponent
13:18:34.043 [JavaFX Application Thread] DEBUG FXGLAssetLoader      - Loading from cache: /assets/textures/missile.png
13:18:34.043 [JavaFX Application Thread] DEBUG GameScene            - Entity added to scene
13:18:34.043 [JavaFX Application Thread] DEBUG GameScene            - Added MainViewComponent
13:18:34.059 [JavaFX Application Thread] DEBUG FXGLAssetLoader      - Loading from cache: /assets/textures/missile.png
13:18:34.060 [JavaFX Application Thread] DEBUG GameScene            - Entity added to scene
13:18:34.060 [JavaFX Application Thread] DEBUG GameScene            - Added MainViewComponent
13:18:34.076 [JavaFX Application Thread] DEBUG FXGLAssetLoader      - Loading from cache: /assets/textures/missile.png
13:18:34.077 [JavaFX Application Thread] DEBUG GameScene            - Entity added to scene
13:18:34.077 [JavaFX Application Thread] DEBUG GameScene            - Added MainViewComponent
13:18:34.093 [JavaFX Application Thread] DEBUG FXGLAssetLoader      - Loading from cache: /assets/textures/missile.png
13:18:34.094 [JavaFX Application Thread] DEBUG GameScene            - Entity added to scene
13:18:34.094 [JavaFX Application Thread] DEBUG GameScene            - Added MainViewComponent
13:18:34.110 [JavaFX Application Thread] DEBUG FXGLAssetLoader      - Loading from cache: /assets/textures/missile.png
13:18:34.110 [JavaFX Application Thread] DEBUG GameScene            - Entity added to scene
13:18:34.111 [JavaFX Application Thread] DEBUG GameScene            - Added MainViewComponent
13:18:34.126 [JavaFX Application Thread] DEBUG FXGLAssetLoader      - Loading from cache: /assets/textures/missile.png
13:18:34.127 [JavaFX Application Thread] DEBUG GameScene            - Entity added to scene
13:18:34.127 [JavaFX Application Thread] DEBUG GameScene            - Added MainViewComponent
13:18:34.143 [JavaFX Application Thread] DEBUG FXGLAssetLoader      - Loading from cache: /assets/textures/missile.png
13:18:34.144 [JavaFX Application Thread] DEBUG GameScene            - Entity added to scene
13:18:34.144 [JavaFX Application Thread] DEBUG GameScene            - Added MainViewComponent
13:18:34.160 [JavaFX Application Thread] DEBUG FXGLAssetLoader      - Loading from cache: /assets/textures/missile.png
13:18:34.161 [JavaFX Application Thread] DEBUG GameScene            - Entity added to scene
13:18:34.161 [JavaFX Application Thread] DEBUG GameScene            - Added MainViewComponent
13:18:34.177 [JavaFX Application Thread] DEBUG FXGLAssetLoader      - Loading from cache: /assets/textures/missile.png
13:18:34.178 [JavaFX Application Thread] DEBUG GameScene            - Entity added to scene
13:18:34.178 [JavaFX Application Thread] DEBUG GameScene            - Added MainViewComponent
13:18:34.194 [JavaFX Application Thread] DEBUG FXGLAssetLoader      - Loading from cache: /assets/textures/missile.png
13:18:34.194 [JavaFX Application Thread] DEBUG GameScene            - Entity added to scene
13:18:34.195 [JavaFX Application Thread] DEBUG GameScene            - Added MainViewComponent
13:18:34.210 [JavaFX Application Thread] DEBUG FXGLAssetLoader      - Loading from cache: /assets/textures/missile.png
13:18:34.211 [JavaFX Application Thread] DEBUG GameScene            - Entity added to scene
13:18:34.211 [JavaFX Application Thread] DEBUG GameScene            - Added MainViewComponent
13:18:34.228 [JavaFX Application Thread] DEBUG FXGLAssetLoader      - Loading from cache: /assets/textures/missile.png
13:18:34.229 [JavaFX Application Thread] DEBUG GameScene            - Entity added to scene
13:18:34.229 [JavaFX Application Thread] DEBUG GameScene            - Added MainViewComponent
13:18:34.250 [JavaFX Application Thread] DEBUG FXGLAssetLoader      - Loading from cache: /assets/textures/missile.png
13:18:34.251 [JavaFX Application Thread] DEBUG GameScene            - Entity added to scene
13:18:34.251 [JavaFX Application Thread] DEBUG GameScene            - Added MainViewComponent
13:18:34.261 [JavaFX Application Thread] DEBUG FXGLAssetLoader      - Loading from cache: /assets/textures/missile.png
13:18:34.262 [JavaFX Application Thread] DEBUG GameScene            - Entity added to scene
13:18:34.262 [JavaFX Application Thread] DEBUG GameScene            - Added MainViewComponent
13:18:34.276 [JavaFX Application Thread] DEBUG FXGLAssetLoader      - Loading from cache: /assets/textures/missile.png
13:18:34.277 [JavaFX Application Thread] DEBUG GameScene            - Entity added to scene
13:18:34.277 [JavaFX Application Thread] DEBUG GameScene            - Added MainViewComponent
13:18:34.294 [JavaFX Application Thread] DEBUG FXGLAssetLoader      - Loading from cache: /assets/textures/missile.png
13:18:34.294 [JavaFX Application Thread] DEBUG GameScene            - Entity added to scene
13:18:34.294 [JavaFX Application Thread] DEBUG GameScene            - Added MainViewComponent
13:18:34.310 [JavaFX Application Thread] DEBUG FXGLAssetLoader      - Loading from cache: /assets/textures/missile.png
13:18:34.311 [JavaFX Application Thread] DEBUG GameScene            - Entity added to scene
13:18:34.311 [JavaFX Application Thread] DEBUG GameScene            - Added MainViewComponent
13:18:34.327 [JavaFX Application Thread] DEBUG FXGLAssetLoader      - Loading from cache: /assets/textures/missile.png
13:18:34.328 [JavaFX Application Thread] DEBUG GameScene            - Entity added to scene
13:18:34.328 [JavaFX Application Thread] DEBUG GameScene            - Added MainViewComponent
13:18:34.344 [JavaFX Application Thread] DEBUG FXGLAssetLoader      - Loading from cache: /assets/textures/missile.png
13:18:34.345 [JavaFX Application Thread] DEBUG GameScene            - Entity added to scene
13:18:34.345 [JavaFX Application Thread] DEBUG GameScene            - Added MainViewComponent
13:18:34.360 [JavaFX Application Thread] DEBUG FXGLAssetLoader      - Loading from cache: /assets/textures/missile.png
13:18:34.361 [JavaFX Application Thread] DEBUG GameScene            - Entity added to scene
13:18:34.361 [JavaFX Application Thread] DEBUG GameScene            - Added MainViewComponent
13:18:34.378 [JavaFX Application Thread] DEBUG FXGLAssetLoader      - Loading from cache: /assets/textures/missile.png
13:18:34.378 [JavaFX Application Thread] DEBUG GameScene            - Entity added to scene
13:18:34.378 [JavaFX Application Thread] DEBUG GameScene            - Added MainViewComponent
13:18:34.394 [JavaFX Application Thread] DEBUG FXGLAssetLoader      - Loading from cache: /assets/textures/missile.png
13:18:34.395 [JavaFX Application Thread] DEBUG FXGLAssetLoader      - Loading from cache: /assets/textures/missile.png
13:18:34.396 [JavaFX Application Thread] DEBUG GameScene            - Entity added to scene
13:18:34.396 [JavaFX Application Thread] DEBUG GameScene            - Added MainViewComponent
13:18:34.396 [JavaFX Application Thread] DEBUG GameScene            - Entity added to scene
13:18:34.396 [JavaFX Application Thread] DEBUG GameScene            - Added MainViewComponent
13:18:34.411 [JavaFX Application Thread] DEBUG FXGLAssetLoader      - Loading from cache: /assets/textures/missile.png
13:18:34.412 [JavaFX Application Thread] DEBUG GameScene            - Entity added to scene
13:18:34.412 [JavaFX Application Thread] DEBUG GameScene            - Added MainViewComponent
13:18:34.429 [JavaFX Application Thread] DEBUG FXGLAssetLoader      - Loading from cache: /assets/textures/missile.png
13:18:34.430 [JavaFX Application Thread] DEBUG GameScene            - Entity added to scene
13:18:34.430 [JavaFX Application Thread] DEBUG GameScene            - Added MainViewComponent
13:18:34.445 [JavaFX Application Thread] DEBUG FXGLAssetLoader      - Loading from cache: /assets/textures/missile.png
13:18:34.446 [JavaFX Application Thread] DEBUG GameScene            - Entity added to scene
13:18:34.446 [JavaFX Application Thread] DEBUG GameScene            - Added MainViewComponent
13:18:34.464 [JavaFX Application Thread] DEBUG FXGLAssetLoader      - Loading from cache: /assets/textures/missile.png
13:18:34.465 [JavaFX Application Thread] DEBUG GameScene            - Entity added to scene
13:18:34.465 [JavaFX Application Thread] DEBUG GameScene            - Added MainViewComponent
13:18:34.478 [JavaFX Application Thread] DEBUG FXGLAssetLoader      - Loading from cache: /assets/textures/missile.png
13:18:34.479 [JavaFX Application Thread] DEBUG GameScene            - Entity added to scene
13:18:34.479 [JavaFX Application Thread] DEBUG GameScene            - Added MainViewComponent
13:18:34.495 [JavaFX Application Thread] DEBUG FXGLAssetLoader      - Loading from cache: /assets/textures/missile.png
13:18:34.496 [JavaFX Application Thread] DEBUG GameScene            - Entity added to scene
13:18:34.496 [JavaFX Application Thread] DEBUG GameScene            - Added MainViewComponent
13:18:34.511 [JavaFX Application Thread] DEBUG FXGLAssetLoader      - Loading from cache: /assets/textures/missile.png
13:18:34.512 [JavaFX Application Thread] DEBUG GameScene            - Entity added to scene
13:18:34.512 [JavaFX Application Thread] DEBUG GameScene            - Added MainViewComponent
13:18:34.528 [JavaFX Application Thread] DEBUG FXGLAssetLoader      - Loading from cache: /assets/textures/missile.png
13:18:34.529 [JavaFX Application Thread] DEBUG GameScene            - Entity added to scene
13:18:34.529 [JavaFX Application Thread] DEBUG GameScene            - Added MainViewComponent
13:18:35.415 [JavaFX Application Thread] DEBUG FXGLAssetLoader      - Loading from cache: /assets/textures/missile.png
13:18:35.417 [JavaFX Application Thread] DEBUG GameScene            - Entity added to scene
13:18:35.417 [JavaFX Application Thread] DEBUG GameScene            - Added MainViewComponent
13:18:35.652 [JavaFX Application Thread] DEBUG FXGLAssetLoader      - Loading from cache: /assets/textures/missile.png
13:18:35.652 [JavaFX Application Thread] DEBUG GameScene            - Entity added to scene
13:18:35.652 [JavaFX Application Thread] DEBUG GameScene            - Added MainViewComponent
13:18:35.668 [JavaFX Application Thread] DEBUG FXGLAssetLoader      - Loading from cache: /assets/textures/missile.png
13:18:35.668 [JavaFX Application Thread] DEBUG GameScene            - Entity added to scene
13:18:35.668 [JavaFX Application Thread] DEBUG GameScene            - Added MainViewComponent
13:18:35.685 [JavaFX Application Thread] DEBUG FXGLAssetLoader      - Loading from cache: /assets/textures/missile.png
13:18:35.685 [JavaFX Application Thread] DEBUG GameScene            - Entity added to scene
13:18:35.685 [JavaFX Application Thread] DEBUG GameScene            - Added MainViewComponent
13:18:35.701 [JavaFX Application Thread] DEBUG FXGLAssetLoader      - Loading from cache: /assets/textures/missile.png
13:18:35.702 [JavaFX Application Thread] DEBUG GameScene            - Entity added to scene
13:18:35.702 [JavaFX Application Thread] DEBUG GameScene            - Added MainViewComponent
13:18:35.718 [JavaFX Application Thread] DEBUG FXGLAssetLoader      - Loading from cache: /assets/textures/missile.png
13:18:35.718 [JavaFX Application Thread] DEBUG GameScene            - Entity added to scene
13:18:35.718 [JavaFX Application Thread] DEBUG GameScene            - Added MainViewComponent
13:18:35.735 [JavaFX Application Thread] DEBUG FXGLAssetLoader      - Loading from cache: /assets/textures/missile.png
13:18:35.735 [JavaFX Application Thread] DEBUG GameScene            - Entity added to scene
13:18:35.736 [JavaFX Application Thread] DEBUG GameScene            - Added MainViewComponent
13:18:35.752 [JavaFX Application Thread] DEBUG FXGLAssetLoader      - Loading from cache: /assets/textures/missile.png
13:18:35.753 [JavaFX Application Thread] DEBUG GameScene            - Entity added to scene
13:18:35.753 [JavaFX Application Thread] DEBUG GameScene            - Added MainViewComponent
13:18:35.768 [JavaFX Application Thread] DEBUG FXGLAssetLoader      - Loading from cache: /assets/textures/missile.png
13:18:35.769 [JavaFX Application Thread] DEBUG GameScene            - Entity added to scene
13:18:35.770 [JavaFX Application Thread] DEBUG GameScene            - Added MainViewComponent
13:18:35.786 [JavaFX Application Thread] DEBUG FXGLAssetLoader      - Loading from cache: /assets/textures/missile.png
13:18:35.787 [JavaFX Application Thread] DEBUG GameScene            - Entity added to scene
13:18:35.787 [JavaFX Application Thread] DEBUG GameScene            - Added MainViewComponent
13:18:35.802 [JavaFX Application Thread] DEBUG FXGLAssetLoader      - Loading from cache: /assets/textures/missile.png
13:18:35.803 [JavaFX Application Thread] DEBUG GameScene            - Entity added to scene
13:18:35.804 [JavaFX Application Thread] DEBUG GameScene            - Added MainViewComponent
13:18:35.818 [JavaFX Application Thread] DEBUG FXGLAssetLoader      - Loading from cache: /assets/textures/missile.png
13:18:35.819 [JavaFX Application Thread] DEBUG GameScene            - Entity added to scene
13:18:35.819 [JavaFX Application Thread] DEBUG GameScene            - Added MainViewComponent
13:18:35.835 [JavaFX Application Thread] DEBUG FXGLAssetLoader      - Loading from cache: /assets/textures/missile.png
13:18:35.836 [JavaFX Application Thread] DEBUG GameScene            - Entity added to scene
13:18:35.836 [JavaFX Application Thread] DEBUG GameScene            - Added MainViewComponent
13:18:35.852 [JavaFX Application Thread] DEBUG FXGLAssetLoader      - Loading from cache: /assets/textures/missile.png
13:18:35.852 [JavaFX Application Thread] DEBUG GameScene            - Entity added to scene
13:18:35.852 [JavaFX Application Thread] DEBUG GameScene            - Added MainViewComponent
13:18:35.868 [JavaFX Application Thread] DEBUG FXGLAssetLoader      - Loading from cache: /assets/textures/missile.png
13:18:35.869 [JavaFX Application Thread] DEBUG GameScene            - Entity added to scene
13:18:35.869 [JavaFX Application Thread] DEBUG GameScene            - Added MainViewComponent
13:18:35.885 [JavaFX Application Thread] DEBUG FXGLAssetLoader      - Loading from cache: /assets/textures/missile.png
13:18:35.886 [JavaFX Application Thread] DEBUG GameScene            - Entity added to scene
13:18:35.886 [JavaFX Application Thread] DEBUG GameScene            - Added MainViewComponent
13:18:35.902 [JavaFX Application Thread] DEBUG FXGLAssetLoader      - Loading from cache: /assets/textures/missile.png
13:18:35.902 [JavaFX Application Thread] DEBUG GameScene            - Entity added to scene
13:18:35.903 [JavaFX Application Thread] DEBUG GameScene            - Added MainViewComponent
13:18:35.919 [JavaFX Application Thread] DEBUG FXGLAssetLoader      - Loading from cache: /assets/textures/missile.png
13:18:35.920 [JavaFX Application Thread] DEBUG GameScene            - Entity added to scene
13:18:35.920 [JavaFX Application Thread] DEBUG GameScene            - Added MainViewComponent
13:18:35.936 [JavaFX Application Thread] DEBUG FXGLAssetLoader      - Loading from cache: /assets/textures/missile.png
13:18:35.937 [JavaFX Application Thread] DEBUG GameScene            - Entity added to scene
13:18:35.937 [JavaFX Application Thread] DEBUG GameScene            - Added MainViewComponent
13:18:35.960 [JavaFX Application Thread] DEBUG FXGLAssetLoader      - Loading from cache: /assets/textures/missile.png
13:18:35.961 [JavaFX Application Thread] DEBUG GameScene            - Entity added to scene
13:18:35.961 [JavaFX Application Thread] DEBUG GameScene            - Added MainViewComponent
13:18:35.969 [JavaFX Application Thread] DEBUG FXGLAssetLoader      - Loading from cache: /assets/textures/missile.png
13:18:35.970 [JavaFX Application Thread] DEBUG GameScene            - Entity added to scene
13:18:35.970 [JavaFX Application Thread] DEBUG GameScene            - Added MainViewComponent
13:18:35.986 [JavaFX Application Thread] DEBUG FXGLAssetLoader      - Loading from cache: /assets/textures/missile.png
13:18:35.987 [JavaFX Application Thread] DEBUG GameScene            - Entity added to scene
13:18:35.987 [JavaFX Application Thread] DEBUG GameScene            - Added MainViewComponent
13:18:36.003 [JavaFX Application Thread] DEBUG FXGLAssetLoader      - Loading from cache: /assets/textures/missile.png
13:18:36.004 [JavaFX Application Thread] DEBUG GameScene            - Entity added to scene
13:18:36.004 [JavaFX Application Thread] DEBUG GameScene            - Added MainViewComponent
13:18:36.019 [JavaFX Application Thread] DEBUG FXGLAssetLoader      - Loading from cache: /assets/textures/missile.png
13:18:36.020 [JavaFX Application Thread] DEBUG GameScene            - Entity added to scene
13:18:36.020 [JavaFX Application Thread] DEBUG GameScene            - Added MainViewComponent
13:18:36.036 [JavaFX Application Thread] DEBUG FXGLAssetLoader      - Loading from cache: /assets/textures/missile.png
13:18:36.037 [JavaFX Application Thread] DEBUG GameScene            - Entity added to scene
13:18:36.037 [JavaFX Application Thread] DEBUG GameScene            - Added MainViewComponent
13:18:36.053 [JavaFX Application Thread] DEBUG FXGLAssetLoader      - Loading from cache: /assets/textures/missile.png
13:18:36.054 [JavaFX Application Thread] DEBUG GameScene            - Entity added to scene
13:18:36.054 [JavaFX Application Thread] DEBUG GameScene            - Added MainViewComponent
13:18:36.070 [JavaFX Application Thread] DEBUG FXGLAssetLoader      - Loading from cache: /assets/textures/missile.png
13:18:36.071 [JavaFX Application Thread] DEBUG GameScene            - Entity added to scene
13:18:36.071 [JavaFX Application Thread] DEBUG GameScene            - Added MainViewComponent
13:18:36.087 [JavaFX Application Thread] DEBUG GameScene            - Removing UI node: Text[text="Missile Command", x=0.0, y=0.0, alignment=LEFT, origin=BASELINE, boundsType=LOGICAL, font=Font[name=Copperplate Gothic Light, family=Copperplate Gothic Light, style=Regular, size=48.0], fontSmoothingType=GRAY, fill=0x0000ffff]
13:18:36.088 [JavaFX Application Thread] DEBUG FXGLAssetLoader      - Loading from cache: /assets/textures/missile.png
13:18:36.089 [JavaFX Application Thread] DEBUG GameScene            - Entity added to scene
13:18:36.089 [JavaFX Application Thread] DEBUG GameScene            - Added MainViewComponent
13:18:36.103 [JavaFX Application Thread] DEBUG FXGLAssetLoader      - Loading from cache: /assets/textures/missile.png
13:18:36.104 [JavaFX Application Thread] DEBUG GameScene            - Entity added to scene
13:18:36.104 [JavaFX Application Thread] DEBUG GameScene            - Added MainViewComponent
13:18:36.120 [JavaFX Application Thread] DEBUG FXGLAssetLoader      - Loading from cache: /assets/textures/missile.png
13:18:36.121 [JavaFX Application Thread] DEBUG GameScene            - Entity added to scene
13:18:36.121 [JavaFX Application Thread] DEBUG GameScene            - Added MainViewComponent
13:18:36.136 [JavaFX Application Thread] DEBUG FXGLAssetLoader      - Loading from cache: /assets/textures/missile.png
13:18:36.137 [JavaFX Application Thread] DEBUG GameScene            - Entity added to scene
13:18:36.137 [JavaFX Application Thread] DEBUG GameScene            - Added MainViewComponent
13:18:36.154 [JavaFX Application Thread] DEBUG FXGLAssetLoader      - Loading from cache: /assets/textures/missile.png
13:18:36.155 [JavaFX Application Thread] DEBUG GameScene            - Entity added to scene
13:18:36.155 [JavaFX Application Thread] DEBUG GameScene            - Added MainViewComponent
13:18:36.170 [JavaFX Application Thread] DEBUG FXGLAssetLoader      - Loading from cache: /assets/textures/missile.png
13:18:36.170 [JavaFX Application Thread] DEBUG GameScene            - Entity added to scene
13:18:36.170 [JavaFX Application Thread] DEBUG GameScene            - Added MainViewComponent
13:18:36.187 [JavaFX Application Thread] DEBUG FXGLAssetLoader      - Loading from cache: /assets/textures/missile.png
13:18:36.187 [JavaFX Application Thread] DEBUG GameScene            - Entity added to scene
13:18:36.187 [JavaFX Application Thread] DEBUG GameScene            - Added MainViewComponent
13:18:36.203 [JavaFX Application Thread] DEBUG FXGLAssetLoader      - Loading from cache: /assets/textures/missile.png
13:18:36.204 [JavaFX Application Thread] DEBUG GameScene            - Entity added to scene
13:18:36.204 [JavaFX Application Thread] DEBUG GameScene            - Added MainViewComponent
13:18:36.221 [JavaFX Application Thread] DEBUG FXGLAssetLoader      - Loading from cache: /assets/textures/missile.png
13:18:36.221 [JavaFX Application Thread] DEBUG GameScene            - Entity added to scene
13:18:36.221 [JavaFX Application Thread] DEBUG GameScene            - Added MainViewComponent
13:18:36.237 [JavaFX Application Thread] DEBUG FXGLAssetLoader      - Loading from cache: /assets/textures/missile.png
13:18:36.238 [JavaFX Application Thread] DEBUG GameScene            - Entity added to scene
13:18:36.238 [JavaFX Application Thread] DEBUG GameScene            - Added MainViewComponent
13:18:36.254 [JavaFX Application Thread] DEBUG FXGLAssetLoader      - Loading from cache: /assets/textures/missile.png
13:18:36.255 [JavaFX Application Thread] DEBUG GameScene            - Entity added to scene
13:18:36.255 [JavaFX Application Thread] DEBUG GameScene            - Added MainViewComponent
13:18:36.271 [JavaFX Application Thread] DEBUG FXGLAssetLoader      - Loading from cache: /assets/textures/missile.png
13:18:36.271 [JavaFX Application Thread] DEBUG GameScene            - Entity added to scene
13:18:36.271 [JavaFX Application Thread] DEBUG GameScene            - Added MainViewComponent
13:18:36.288 [JavaFX Application Thread] DEBUG FXGLAssetLoader      - Loading from cache: /assets/textures/missile.png
13:18:36.289 [JavaFX Application Thread] DEBUG GameScene            - Entity added to scene
13:18:36.289 [JavaFX Application Thread] DEBUG GameScene            - Added MainViewComponent
13:18:36.304 [JavaFX Application Thread] DEBUG FXGLAssetLoader      - Loading from cache: /assets/textures/missile.png
13:18:36.305 [JavaFX Application Thread] DEBUG GameScene            - Entity added to scene
13:18:36.305 [JavaFX Application Thread] DEBUG GameScene            - Added MainViewComponent
13:18:36.321 [JavaFX Application Thread] DEBUG FXGLAssetLoader      - Loading from cache: /assets/textures/missile.png
13:18:36.322 [JavaFX Application Thread] DEBUG GameScene            - Entity added to scene
13:18:36.322 [JavaFX Application Thread] DEBUG GameScene            - Added MainViewComponent
13:18:36.438 [JavaFX Application Thread] DEBUG FXGLAssetLoader      - Loading from cache: /assets/textures/missile.png
13:18:36.439 [JavaFX Application Thread] DEBUG GameScene            - Entity added to scene
13:18:36.439 [JavaFX Application Thread] DEBUG GameScene            - Added MainViewComponent
13:18:36.708 [JavaFX Application Thread] DEBUG FXGLAssetLoader      - Loading from disk: /assets/textures/explosionTwo.gif
13:18:36.731 [JavaFX Application Thread] DEBUG GameScene            - Entity added to scene
13:18:36.731 [JavaFX Application Thread] DEBUG GameScene            - Added MainViewComponent
13:18:36.731 [JavaFX Application Thread] DEBUG GameScene            - Entity removed from scene
13:18:36.732 [JavaFX Application Thread] DEBUG GameScene            - Removed MainViewComponent
13:18:36.992 [JavaFX Application Thread] DEBUG GameScene            - Entity removed from scene
13:18:36.992 [JavaFX Application Thread] DEBUG GameScene            - Removed MainViewComponent
13:18:37.495 [JavaFX Application Thread] DEBUG FXGLAssetLoader      - Loading from cache: /assets/textures/missile.png
13:18:37.497 [JavaFX Application Thread] DEBUG GameScene            - Entity added to scene
13:18:37.497 [JavaFX Application Thread] DEBUG GameScene            - Added MainViewComponent
13:18:37.710 [JavaFX Application Thread] DEBUG FXGLEventBus         - Firing event: DisplayEvent[type=CLOSE_REQUEST]
13:18:37.712 [JavaFX Application Thread] DEBUG FXGLEventBus         - Firing event: FXGLEvent[type=EXIT]
13:18:37.717 [JavaFX Application Thread] DEBUG FXGL                 - Saving FXGL system data
13:18:37.719 [JavaFX Application Thread] DEBUG IOTask               - Executing task: writeDataTask(system/fxgl.bundle)
13:18:37.722 [JavaFX Application Thread] DEBUG FS                   - Writing to: system\fxgl.bundle
13:18:37.727 [JavaFX Application Thread] DEBUG IOTask               - Task succeeded: writeDataTask(system/fxgl.bundle)
