19:33:32.089 [FXGL Launcher Thread     ] DEBUG FXGLLoggerFactory    - Service [LoggerFactory] initialized
19:33:32.103 [FXGL Launcher Thread     ] DEBUG FXGL                 - FXGL configuration complete
19:33:32.104 [FXGL Launcher Thread     ] DEBUG FXGL                 - Loading FXGL system data
19:33:32.114 [FXGL Launcher Thread     ] DEBUG IOTask               - Executing task: readDataTask(system/fxgl.bundle)
19:33:32.122 [FXGL Launcher Thread     ] DEBUG FS                   - Reading from: system\fxgl.bundle
19:33:32.138 [FXGL Launcher Thread     ] DEBUG IOTask               - Task succeeded: readDataTask(system/fxgl.bundle)
19:33:32.138 [FXGL Launcher Thread     ] DEBUG Bundle               - Logging bundle: FXGL
19:33:32.149 [FXGL Launcher Thread     ] DEBUG Bundle               - FXGL.offline.timer.version.check=2016-12-12T22:03:51.120
19:33:32.165 [FXGL Launcher Thread     ] DEBUG GameApplication      - Configuring GameApplication
19:33:32.177 [FXGL Launcher Thread     ] DEBUG FXGLExceptionHandler - Service [ExceptionHandler] initialized
19:33:32.179 [FXGL Launcher Thread     ] DEBUG FXGLEventBus         - Service [EventBus] initialized
19:33:32.188 [FXGL Launcher Thread     ] DEBUG FXGLExecutor         - Service [Executor] initialized
19:33:32.189 [FXGL Launcher Thread     ] DEBUG PreInitTask          - Injecting gameWorld & physicsWorld
19:33:32.203 [FXGL Launcher Thread     ] DEBUG GameWorld            - Game world initialized
19:33:32.308 [FXGL Launcher Thread     ] DEBUG FXGLPooler           - Service [Pooler] initialized with default size = 128
19:33:32.309 [FXGL Launcher Thread     ] DEBUG PhysicsWorld         - Physics world initialized: appHeight=700.0, physics.ppm=50.0
19:33:32.312 [FXGL Launcher Thread     ] DEBUG FXGLInput            - Service [Input] initialized
19:33:32.366 [FXGL Launcher Thread     ] DEBUG FXGLInput            - Registered new binding: Screenshot - P
19:33:32.367 [FXGL Launcher Thread     ] DEBUG FXGLInput            - Registered new binding: Dev Options - CTRL+0
19:33:32.368 [FXGL Launcher Thread     ] DEBUG FXGLInput            - Registered new binding: Spawn Anti-Ballistic - PRIMARY
19:33:32.444 [FXGL Launcher Thread     ] DEBUG GameScene            - Game scene initialized: 800.0x700.0
19:33:32.467 [FXGL Launcher Thread     ] DEBUG FXGLAssetLoader      - Service [AssetLoader] initialized: cacheSize=35
19:33:32.473 [FXGL Launcher Thread     ] DEBUG FXGLAssetLoader      - Loading from disk: /assets/sounds/system/notification.wav
19:33:32.610 [FXGL Launcher Thread     ] DEBUG FXGLAssetLoader      - Loading from disk: /assets/sounds/menu/select.wav
19:33:32.620 [FXGL Launcher Thread     ] DEBUG FXGLAssetLoader      - Loading from disk: /assets/sounds/menu/back.wav
19:33:32.626 [FXGL Launcher Thread     ] DEBUG FXGLAssetLoader      - Loading from disk: /assets/sounds/menu/press.wav
19:33:32.634 [FXGL Launcher Thread     ] DEBUG FXGLAssetLoader      - Loading from disk: /assets/ui/fonts/Copperplate_Gothic_Light_Regular.ttf
19:33:32.881 [FXGL Launcher Thread     ] DEBUG FXGLAssetLoader      - Loading from disk: /assets/ui/css/fxgl.css
19:33:32.882 [FXGL Launcher Thread     ] DEBUG FXGLAssetLoader      - Loading from disk: /assets/ui/icons/fxgl_icon.png
19:33:33.008 [FXGL Launcher Thread     ] DEBUG FXGLAssetLoader      - Loading from disk: /assets/ui/css/fxgl_dark.css
19:33:33.032 [FXGL Launcher Thread     ] DEBUG FXGLDisplay          - Target size: DoubleProperty [value: 800.0] x DoubleProperty [value: 700.0] @ 1.0
19:33:33.033 [FXGL Launcher Thread     ] DEBUG FXGLDisplay          - New size:    800.0 x 700.0 @ DoubleProperty [value: 1.0]
19:33:33.034 [FXGL Launcher Thread     ] DEBUG FXGLDisplay          - Service [Display] initialized
19:33:33.035 [FXGL Launcher Thread     ] DEBUG FXGLDisplay          - Using CSS: CSS(externalForm=jar:file:/C:/Users/Tyler/Downloads/FXGL-0.2.8-uber.jar!/assets/ui/css/fxgl_dark.css)
19:33:33.036 [FXGL Launcher Thread     ] DEBUG InitScenesTask       - Injecting loadingScene & gameScene
19:33:33.096 [FXGL Launcher Thread     ] DEBUG FXGLMasterTimer      - Service [MasterTimer] initialized
19:33:33.105 [FXGL Launcher Thread     ] DEBUG FXGLAudioPlayer      - Service [AudioPlayer] initialized
19:33:33.124 [FXGL Launcher Thread     ] DEBUG GameApplication      - Starting new game
19:33:33.131 [FXGL Launcher Thread     ] DEBUG GameApplication      - Initializing App
19:33:33.134 [FXGL Launcher Thread     ] DEBUG FXGLInput            - Clearing active input actions
19:33:33.135 [FXGL Launcher Thread     ] DEBUG FXGLMasterTimer      - Stopping master timer
19:33:33.136 [FXGL Launcher Thread     ] DEBUG GameApplication      - State: STARTUP -> PAUSED
19:33:33.137 [FXGL Launcher Thread     ] DEBUG FXGLEventBus         - Firing event: FXGLEvent[type=PAUSE]
19:33:33.140 [FXGL Launcher Thread     ] DEBUG FXGLInput            - Clearing active input actions
19:33:33.140 [FXGL Launcher Thread     ] DEBUG FXGLMasterTimer      - Resetting ticks and clearing all actions
19:33:33.141 [FXGL Launcher Thread     ] DEBUG GameWorld            - Resetting game world
19:33:33.141 [FXGL Launcher Thread     ] TRACE EntityWorld          - Resetting entity world
19:33:33.144 [FXGL Launcher Thread     ] DEBUG PhysicsWorld         - Resetting physics world
19:33:33.144 [FXGL Launcher Thread     ] DEBUG GameScene            - Resetting game scene
19:33:33.144 [FXGL Launcher Thread     ] DEBUG FXGLEventBus         - Firing event: FXGLEvent[type=RESET]
19:33:33.303 [FXGL Launcher Thread     ] DEBUG GameApplication      - State: PAUSED -> LOADING
19:33:33.397 [FXGL Background Thread 1 ] DEBUG InitAppTask          - Initializing Assets
19:33:33.400 [FXGL Background Thread 1 ] DEBUG InitAppTask          - Initializing Game
19:33:33.569 [FXGL Background Thread 1 ] DEBUG FXGLAssetLoader      - Loading from disk: /assets/ui/cursors/crosshair.png
19:33:33.609 [JavaFX Application Thread] DEBUG FXGLDisplay          - Showing stage
19:33:33.610 [JavaFX Application Thread] DEBUG FXGLDisplay          - Root size: 800.0x700.0
19:33:33.610 [JavaFX Application Thread] DEBUG FXGLDisplay          - Scene size: 800.0x700.0
19:33:33.610 [JavaFX Application Thread] DEBUG FXGLDisplay          - Stage size: 816.0x739.0
19:33:33.664 [FXGL Background Thread 1 ] DEBUG FXGLAssetLoader      - Loading from disk: /assets/textures/city.png
19:33:33.683 [FXGL Background Thread 1 ] DEBUG FXGLAssetLoader      - Loading from cache: /assets/textures/city.png
19:33:33.686 [FXGL Background Thread 1 ] DEBUG FXGLAssetLoader      - Loading from cache: /assets/textures/city.png
19:33:33.689 [FXGL Background Thread 1 ] DEBUG FXGLAssetLoader      - Loading from cache: /assets/textures/city.png
19:33:33.691 [FXGL Background Thread 1 ] DEBUG FXGLAssetLoader      - Loading from cache: /assets/textures/city.png
19:33:33.694 [FXGL Background Thread 1 ] DEBUG FXGLAssetLoader      - Loading from cache: /assets/textures/city.png
19:33:33.707 [FXGL Background Thread 1 ] DEBUG InitAppTask          - Initializing Physics
19:33:33.709 [FXGL Background Thread 1 ] DEBUG InitAppTask          - Initializing UI
19:33:33.724 [FXGL Background Thread 1 ] DEBUG GameScene            - Adding UI node: Text[text="Missile Command", x=0.0, y=0.0, alignment=LEFT, origin=BASELINE, boundsType=LOGICAL, font=Font[name=Copperplate Gothic Light, family=Copperplate Gothic Light, style=Regular, size=48.0], fontSmoothingType=GRAY, fill=0x0000ffff]
19:33:33.730 [FXGL Background Thread 1 ] DEBUG FXGLAssetLoader      - Loading from disk: /assets/textures/bg.jpg
19:33:33.786 [FXGL Background Thread 1 ] DEBUG GameScene            - Creating render group for layer: TOP(2147483647)
19:33:33.791 [FXGL Background Thread 1 ] DEBUG InitAppTask          - Initialization Complete
19:33:33.834 [JavaFX Application Thread] DEBUG FXGLInput            - Clearing active input actions
19:33:33.836 [JavaFX Application Thread] DEBUG FXGLMasterTimer      - Starting master timer
19:33:33.836 [JavaFX Application Thread] DEBUG GameApplication      - State: LOADING -> PLAYING
19:33:33.856 [JavaFX Application Thread] DEBUG FXGLEventBus         - Firing event: FXGLEvent[type=RESUME]
19:33:33.867 [JavaFX Application Thread] DEBUG GameScene            - Entity added to scene
19:33:33.869 [JavaFX Application Thread] DEBUG GameScene            - Added MainViewComponent
19:33:33.870 [JavaFX Application Thread] DEBUG GameScene            - Creating render group for layer: BACKGROUND(1000)
19:33:33.880 [JavaFX Application Thread] DEBUG GameScene            - Entity added to scene
19:33:33.880 [JavaFX Application Thread] DEBUG GameScene            - Added MainViewComponent
19:33:33.882 [JavaFX Application Thread] DEBUG GameScene            - Entity added to scene
19:33:33.882 [JavaFX Application Thread] DEBUG GameScene            - Added MainViewComponent
19:33:33.883 [JavaFX Application Thread] DEBUG GameScene            - Entity added to scene
19:33:33.884 [JavaFX Application Thread] DEBUG GameScene            - Added MainViewComponent
19:33:33.885 [JavaFX Application Thread] DEBUG GameScene            - Entity added to scene
19:33:33.885 [JavaFX Application Thread] DEBUG GameScene            - Added MainViewComponent
19:33:33.886 [JavaFX Application Thread] DEBUG GameScene            - Entity added to scene
19:33:33.886 [JavaFX Application Thread] DEBUG GameScene            - Added MainViewComponent
19:33:33.887 [JavaFX Application Thread] DEBUG GameScene            - Entity added to scene
19:33:33.888 [JavaFX Application Thread] DEBUG GameScene            - Added MainViewComponent
19:33:33.889 [JavaFX Application Thread] DEBUG GameScene            - Entity added to scene
19:33:33.889 [JavaFX Application Thread] DEBUG GameScene            - Added MainViewComponent
19:33:33.890 [JavaFX Application Thread] DEBUG GameScene            - Entity added to scene
19:33:33.890 [JavaFX Application Thread] DEBUG GameScene            - Added MainViewComponent
19:33:33.891 [JavaFX Application Thread] DEBUG GameScene            - Entity added to scene
19:33:33.892 [JavaFX Application Thread] DEBUG GameScene            - Added MainViewComponent
19:33:34.327 [JavaFX Application Thread] DEBUG FXGLAssetLoader      - Loading from disk: /assets/textures/missile.png
19:33:34.334 [JavaFX Application Thread] DEBUG GameScene            - Entity added to scene
19:33:34.334 [JavaFX Application Thread] DEBUG GameScene            - Added MainViewComponent
19:33:34.598 [JavaFX Application Thread] DEBUG GameScene            - Entity added to scene
19:33:34.598 [JavaFX Application Thread] DEBUG GameScene            - Added MainViewComponent
19:33:34.605 [JavaFX Application Thread] DEBUG FXGLAssetLoader      - Loading from cache: /assets/textures/missile.png
19:33:34.613 [JavaFX Application Thread] DEBUG GameScene            - Entity added to scene
19:33:34.613 [JavaFX Application Thread] DEBUG GameScene            - Added MainViewComponent
19:33:34.614 [JavaFX Application Thread] DEBUG GameScene            - Entity added to scene
19:33:34.614 [JavaFX Application Thread] DEBUG GameScene            - Added MainViewComponent
19:33:34.865 [JavaFX Application Thread] DEBUG FXGLAssetLoader      - Loading from cache: /assets/textures/missile.png
19:33:34.866 [JavaFX Application Thread] DEBUG GameScene            - Entity added to scene
19:33:34.866 [JavaFX Application Thread] DEBUG GameScene            - Added MainViewComponent
19:33:34.867 [JavaFX Application Thread] DEBUG GameScene            - Entity removed from scene
19:33:34.868 [JavaFX Application Thread] DEBUG GameScene            - Removed MainViewComponent
19:33:34.878 [JavaFX Application Thread] DEBUG GameScene            - Entity removed from scene
19:33:34.878 [JavaFX Application Thread] DEBUG GameScene            - Removed MainViewComponent
19:33:35.101 [JavaFX Application Thread] DEBUG GameScene            - Entity added to scene
19:33:35.101 [JavaFX Application Thread] DEBUG GameScene            - Added MainViewComponent
19:33:35.116 [JavaFX Application Thread] DEBUG GameScene            - Entity added to scene
19:33:35.116 [JavaFX Application Thread] DEBUG GameScene            - Added MainViewComponent
19:33:35.132 [JavaFX Application Thread] DEBUG FXGLAssetLoader      - Loading from cache: /assets/textures/missile.png
19:33:35.135 [JavaFX Application Thread] DEBUG GameScene            - Entity added to scene
19:33:35.135 [JavaFX Application Thread] DEBUG GameScene            - Added MainViewComponent
19:33:35.136 [JavaFX Application Thread] DEBUG GameScene            - Entity added to scene
19:33:35.137 [JavaFX Application Thread] DEBUG GameScene            - Added MainViewComponent
19:33:35.149 [JavaFX Application Thread] DEBUG GameScene            - Entity added to scene
19:33:35.149 [JavaFX Application Thread] DEBUG GameScene            - Added MainViewComponent
19:33:35.166 [JavaFX Application Thread] DEBUG GameScene            - Entity added to scene
19:33:35.168 [JavaFX Application Thread] DEBUG GameScene            - Added MainViewComponent
19:33:35.182 [JavaFX Application Thread] DEBUG GameScene            - Entity added to scene
19:33:35.182 [JavaFX Application Thread] DEBUG GameScene            - Added MainViewComponent
19:33:35.199 [JavaFX Application Thread] DEBUG GameScene            - Entity added to scene
19:33:35.199 [JavaFX Application Thread] DEBUG GameScene            - Added MainViewComponent
19:33:35.366 [JavaFX Application Thread] DEBUG GameScene            - Entity removed from scene
19:33:35.366 [JavaFX Application Thread] DEBUG GameScene            - Removed MainViewComponent
19:33:35.383 [JavaFX Application Thread] DEBUG GameScene            - Entity removed from scene
19:33:35.384 [JavaFX Application Thread] DEBUG GameScene            - Removed MainViewComponent
19:33:35.402 [JavaFX Application Thread] DEBUG FXGLAssetLoader      - Loading from cache: /assets/textures/missile.png
19:33:35.404 [JavaFX Application Thread] DEBUG GameScene            - Entity added to scene
19:33:35.404 [JavaFX Application Thread] DEBUG GameScene            - Added MainViewComponent
19:33:35.405 [JavaFX Application Thread] DEBUG GameScene            - Entity removed from scene
19:33:35.405 [JavaFX Application Thread] DEBUG GameScene            - Removed MainViewComponent
19:33:35.418 [JavaFX Application Thread] DEBUG GameScene            - Entity removed from scene
19:33:35.418 [JavaFX Application Thread] DEBUG GameScene            - Removed MainViewComponent
19:33:35.420 [JavaFX Application Thread] DEBUG GameScene            - Entity removed from scene
19:33:35.420 [JavaFX Application Thread] DEBUG GameScene            - Removed MainViewComponent
19:33:35.452 [JavaFX Application Thread] DEBUG GameScene            - Entity removed from scene
19:33:35.452 [JavaFX Application Thread] DEBUG GameScene            - Removed MainViewComponent
19:33:35.467 [JavaFX Application Thread] DEBUG GameScene            - Entity removed from scene
19:33:35.467 [JavaFX Application Thread] DEBUG GameScene            - Removed MainViewComponent
19:33:35.689 [JavaFX Application Thread] DEBUG FXGLAssetLoader      - Loading from cache: /assets/textures/missile.png
19:33:35.691 [JavaFX Application Thread] DEBUG GameScene            - Entity added to scene
19:33:35.691 [JavaFX Application Thread] DEBUG GameScene            - Added MainViewComponent
19:33:35.824 [JavaFX Application Thread] DEBUG GameScene            - Entity added to scene
19:33:35.824 [JavaFX Application Thread] DEBUG GameScene            - Added MainViewComponent
19:33:35.837 [JavaFX Application Thread] DEBUG GameScene            - Entity added to scene
19:33:35.837 [JavaFX Application Thread] DEBUG GameScene            - Added MainViewComponent
19:33:35.855 [JavaFX Application Thread] DEBUG GameScene            - Entity added to scene
19:33:35.855 [JavaFX Application Thread] DEBUG GameScene            - Added MainViewComponent
19:33:35.871 [JavaFX Application Thread] DEBUG GameScene            - Entity added to scene
19:33:35.871 [JavaFX Application Thread] DEBUG GameScene            - Added MainViewComponent
19:33:35.888 [JavaFX Application Thread] DEBUG GameScene            - Entity added to scene
19:33:35.888 [JavaFX Application Thread] DEBUG GameScene            - Added MainViewComponent
19:33:35.904 [JavaFX Application Thread] DEBUG GameScene            - Entity added to scene
19:33:35.905 [JavaFX Application Thread] DEBUG GameScene            - Added MainViewComponent
19:33:35.923 [JavaFX Application Thread] DEBUG GameScene            - Entity added to scene
19:33:35.923 [JavaFX Application Thread] DEBUG GameScene            - Added MainViewComponent
19:33:35.938 [JavaFX Application Thread] DEBUG GameScene            - Entity added to scene
19:33:35.938 [JavaFX Application Thread] DEBUG GameScene            - Added MainViewComponent
19:33:35.956 [JavaFX Application Thread] DEBUG FXGLAssetLoader      - Loading from cache: /assets/textures/missile.png
19:33:35.958 [JavaFX Application Thread] DEBUG GameScene            - Entity added to scene
19:33:35.958 [JavaFX Application Thread] DEBUG GameScene            - Added MainViewComponent
19:33:36.090 [JavaFX Application Thread] DEBUG GameScene            - Entity removed from scene
19:33:36.091 [JavaFX Application Thread] DEBUG GameScene            - Removed MainViewComponent
19:33:36.106 [JavaFX Application Thread] DEBUG GameScene            - Entity removed from scene
19:33:36.107 [JavaFX Application Thread] DEBUG GameScene            - Removed MainViewComponent
19:33:36.123 [JavaFX Application Thread] DEBUG GameScene            - Entity removed from scene
19:33:36.123 [JavaFX Application Thread] DEBUG GameScene            - Removed MainViewComponent
19:33:36.139 [JavaFX Application Thread] DEBUG GameScene            - Entity removed from scene
19:33:36.140 [JavaFX Application Thread] DEBUG GameScene            - Removed MainViewComponent
19:33:36.156 [JavaFX Application Thread] DEBUG GameScene            - Entity removed from scene
19:33:36.156 [JavaFX Application Thread] DEBUG GameScene            - Removed MainViewComponent
19:33:36.170 [JavaFX Application Thread] DEBUG GameScene            - Entity removed from scene
19:33:36.170 [JavaFX Application Thread] DEBUG GameScene            - Removed MainViewComponent
19:33:36.188 [JavaFX Application Thread] DEBUG GameScene            - Entity removed from scene
19:33:36.188 [JavaFX Application Thread] DEBUG GameScene            - Removed MainViewComponent
19:33:36.204 [JavaFX Application Thread] DEBUG GameScene            - Entity removed from scene
19:33:36.205 [JavaFX Application Thread] DEBUG GameScene            - Removed MainViewComponent
19:33:36.220 [JavaFX Application Thread] DEBUG FXGLAssetLoader      - Loading from cache: /assets/textures/missile.png
19:33:36.222 [JavaFX Application Thread] DEBUG GameScene            - Entity added to scene
19:33:36.222 [JavaFX Application Thread] DEBUG GameScene            - Added MainViewComponent
19:33:36.488 [JavaFX Application Thread] DEBUG FXGLAssetLoader      - Loading from cache: /assets/textures/missile.png
19:33:36.490 [JavaFX Application Thread] DEBUG GameScene            - Entity added to scene
19:33:36.490 [JavaFX Application Thread] DEBUG GameScene            - Added MainViewComponent
19:33:36.562 [JavaFX Application Thread] DEBUG GameScene            - Entity added to scene
19:33:36.562 [JavaFX Application Thread] DEBUG GameScene            - Added MainViewComponent
19:33:36.577 [JavaFX Application Thread] DEBUG GameScene            - Entity added to scene
19:33:36.577 [JavaFX Application Thread] DEBUG GameScene            - Added MainViewComponent
19:33:36.591 [JavaFX Application Thread] DEBUG GameScene            - Entity added to scene
19:33:36.591 [JavaFX Application Thread] DEBUG GameScene            - Added MainViewComponent
19:33:36.607 [JavaFX Application Thread] DEBUG GameScene            - Entity added to scene
19:33:36.607 [JavaFX Application Thread] DEBUG GameScene            - Added MainViewComponent
19:33:36.756 [JavaFX Application Thread] DEBUG FXGLAssetLoader      - Loading from cache: /assets/textures/missile.png
19:33:36.758 [JavaFX Application Thread] DEBUG GameScene            - Entity added to scene
19:33:36.758 [JavaFX Application Thread] DEBUG GameScene            - Added MainViewComponent
19:33:36.824 [JavaFX Application Thread] DEBUG GameScene            - Entity removed from scene
19:33:36.824 [JavaFX Application Thread] DEBUG GameScene            - Removed MainViewComponent
19:33:36.842 [JavaFX Application Thread] DEBUG GameScene            - Entity removed from scene
19:33:36.842 [JavaFX Application Thread] DEBUG GameScene            - Removed MainViewComponent
19:33:36.857 [JavaFX Application Thread] DEBUG GameScene            - Entity removed from scene
19:33:36.857 [JavaFX Application Thread] DEBUG GameScene            - Removed MainViewComponent
19:33:36.873 [JavaFX Application Thread] DEBUG GameScene            - Entity removed from scene
19:33:36.873 [JavaFX Application Thread] DEBUG GameScene            - Removed MainViewComponent
19:33:37.024 [JavaFX Application Thread] DEBUG FXGLAssetLoader      - Loading from cache: /assets/textures/missile.png
19:33:37.025 [JavaFX Application Thread] DEBUG GameScene            - Entity added to scene
19:33:37.025 [JavaFX Application Thread] DEBUG GameScene            - Added MainViewComponent
19:33:37.043 [JavaFX Application Thread] DEBUG GameScene            - Entity added to scene
19:33:37.043 [JavaFX Application Thread] DEBUG GameScene            - Added MainViewComponent
19:33:37.059 [JavaFX Application Thread] DEBUG GameScene            - Entity added to scene
19:33:37.059 [JavaFX Application Thread] DEBUG GameScene            - Added MainViewComponent
19:33:37.075 [JavaFX Application Thread] DEBUG GameScene            - Entity added to scene
19:33:37.075 [JavaFX Application Thread] DEBUG GameScene            - Added MainViewComponent
19:33:37.093 [JavaFX Application Thread] DEBUG GameScene            - Entity added to scene
19:33:37.093 [JavaFX Application Thread] DEBUG GameScene            - Added MainViewComponent
19:33:37.109 [JavaFX Application Thread] DEBUG GameScene            - Entity added to scene
19:33:37.109 [JavaFX Application Thread] DEBUG GameScene            - Added MainViewComponent
19:33:37.125 [JavaFX Application Thread] DEBUG GameScene            - Entity added to scene
19:33:37.126 [JavaFX Application Thread] DEBUG GameScene            - Added MainViewComponent
19:33:37.292 [JavaFX Application Thread] DEBUG FXGLAssetLoader      - Loading from cache: /assets/textures/missile.png
19:33:37.293 [JavaFX Application Thread] DEBUG GameScene            - Entity added to scene
19:33:37.293 [JavaFX Application Thread] DEBUG GameScene            - Added MainViewComponent
19:33:37.308 [JavaFX Application Thread] DEBUG GameScene            - Entity removed from scene
19:33:37.309 [JavaFX Application Thread] DEBUG GameScene            - Removed MainViewComponent
19:33:37.325 [JavaFX Application Thread] DEBUG GameScene            - Entity removed from scene
19:33:37.326 [JavaFX Application Thread] DEBUG GameScene            - Removed MainViewComponent
19:33:37.345 [JavaFX Application Thread] DEBUG GameScene            - Entity added to scene
19:33:37.346 [JavaFX Application Thread] DEBUG GameScene            - Added MainViewComponent
19:33:37.347 [JavaFX Application Thread] DEBUG GameScene            - Entity removed from scene
19:33:37.347 [JavaFX Application Thread] DEBUG GameScene            - Removed MainViewComponent
19:33:37.362 [JavaFX Application Thread] DEBUG GameScene            - Entity added to scene
19:33:37.362 [JavaFX Application Thread] DEBUG GameScene            - Added MainViewComponent
19:33:37.363 [JavaFX Application Thread] DEBUG GameScene            - Entity removed from scene
19:33:37.363 [JavaFX Application Thread] DEBUG GameScene            - Removed MainViewComponent
19:33:37.376 [JavaFX Application Thread] DEBUG GameScene            - Entity added to scene
19:33:37.376 [JavaFX Application Thread] DEBUG GameScene            - Added MainViewComponent
19:33:37.377 [JavaFX Application Thread] DEBUG GameScene            - Entity removed from scene
19:33:37.378 [JavaFX Application Thread] DEBUG GameScene            - Removed MainViewComponent
19:33:37.395 [JavaFX Application Thread] DEBUG GameScene            - Entity added to scene
19:33:37.395 [JavaFX Application Thread] DEBUG GameScene            - Added MainViewComponent
19:33:37.396 [JavaFX Application Thread] DEBUG GameScene            - Entity removed from scene
19:33:37.396 [JavaFX Application Thread] DEBUG GameScene            - Removed MainViewComponent
19:33:37.410 [JavaFX Application Thread] DEBUG GameScene            - Entity added to scene
19:33:37.410 [JavaFX Application Thread] DEBUG GameScene            - Added MainViewComponent
19:33:37.545 [JavaFX Application Thread] DEBUG GameScene            - Entity added to scene
19:33:37.545 [JavaFX Application Thread] DEBUG GameScene            - Added MainViewComponent
19:33:37.560 [JavaFX Application Thread] DEBUG FXGLAssetLoader      - Loading from cache: /assets/textures/missile.png
19:33:37.562 [JavaFX Application Thread] DEBUG GameScene            - Entity added to scene
19:33:37.562 [JavaFX Application Thread] DEBUG GameScene            - Added MainViewComponent
19:33:37.563 [JavaFX Application Thread] DEBUG GameScene            - Entity added to scene
19:33:37.563 [JavaFX Application Thread] DEBUG GameScene            - Added MainViewComponent
19:33:37.577 [JavaFX Application Thread] DEBUG GameScene            - Entity added to scene
19:33:37.578 [JavaFX Application Thread] DEBUG GameScene            - Added MainViewComponent
19:33:37.578 [JavaFX Application Thread] DEBUG GameScene            - Entity removed from scene
19:33:37.578 [JavaFX Application Thread] DEBUG GameScene            - Removed MainViewComponent
19:33:37.594 [JavaFX Application Thread] DEBUG GameScene            - Entity added to scene
19:33:37.594 [JavaFX Application Thread] DEBUG GameScene            - Added MainViewComponent
19:33:37.611 [JavaFX Application Thread] DEBUG GameScene            - Entity added to scene
19:33:37.611 [JavaFX Application Thread] DEBUG GameScene            - Added MainViewComponent
19:33:37.612 [JavaFX Application Thread] DEBUG GameScene            - Entity removed from scene
19:33:37.612 [JavaFX Application Thread] DEBUG GameScene            - Removed MainViewComponent
19:33:37.628 [JavaFX Application Thread] DEBUG GameScene            - Entity added to scene
19:33:37.628 [JavaFX Application Thread] DEBUG GameScene            - Added MainViewComponent
19:33:37.629 [JavaFX Application Thread] DEBUG GameScene            - Entity removed from scene
19:33:37.629 [JavaFX Application Thread] DEBUG GameScene            - Removed MainViewComponent
19:33:37.645 [JavaFX Application Thread] DEBUG GameScene            - Entity added to scene
19:33:37.645 [JavaFX Application Thread] DEBUG GameScene            - Added MainViewComponent
19:33:37.646 [JavaFX Application Thread] DEBUG GameScene            - Entity removed from scene
19:33:37.647 [JavaFX Application Thread] DEBUG GameScene            - Removed MainViewComponent
19:33:37.664 [JavaFX Application Thread] DEBUG GameScene            - Entity added to scene
19:33:37.664 [JavaFX Application Thread] DEBUG GameScene            - Added MainViewComponent
19:33:37.665 [JavaFX Application Thread] DEBUG GameScene            - Entity removed from scene
19:33:37.665 [JavaFX Application Thread] DEBUG GameScene            - Removed MainViewComponent
19:33:37.666 [JavaFX Application Thread] DEBUG GameScene            - Entity removed from scene
19:33:37.666 [JavaFX Application Thread] DEBUG GameScene            - Removed MainViewComponent
19:33:37.667 [JavaFX Application Thread] DEBUG GameScene            - Entity removed from scene
19:33:37.667 [JavaFX Application Thread] DEBUG GameScene            - Removed MainViewComponent
19:33:37.743 [JavaFX Application Thread] DEBUG GameScene            - Removing UI node: Text[text="Missile Command", x=0.0, y=0.0, alignment=LEFT, origin=BASELINE, boundsType=LOGICAL, font=Font[name=Copperplate Gothic Light, family=Copperplate Gothic Light, style=Regular, size=48.0], fontSmoothingType=GRAY, fill=0x0000ffff]
19:33:37.780 [JavaFX Application Thread] DEBUG GameScene            - Entity added to scene
19:33:37.780 [JavaFX Application Thread] DEBUG GameScene            - Added MainViewComponent
19:33:37.795 [JavaFX Application Thread] DEBUG GameScene            - Entity added to scene
19:33:37.796 [JavaFX Application Thread] DEBUG GameScene            - Added MainViewComponent
19:33:37.813 [JavaFX Application Thread] DEBUG GameScene            - Entity added to scene
19:33:37.813 [JavaFX Application Thread] DEBUG GameScene            - Added MainViewComponent
19:33:37.813 [JavaFX Application Thread] DEBUG GameScene            - Entity removed from scene
19:33:37.814 [JavaFX Application Thread] DEBUG GameScene            - Removed MainViewComponent
19:33:37.829 [JavaFX Application Thread] DEBUG FXGLAssetLoader      - Loading from cache: /assets/textures/missile.png
19:33:37.830 [JavaFX Application Thread] DEBUG GameScene            - Entity added to scene
19:33:37.831 [JavaFX Application Thread] DEBUG GameScene            - Added MainViewComponent
19:33:37.831 [JavaFX Application Thread] DEBUG GameScene            - Entity added to scene
19:33:37.831 [JavaFX Application Thread] DEBUG GameScene            - Added MainViewComponent
19:33:37.832 [JavaFX Application Thread] DEBUG GameScene            - Entity removed from scene
19:33:37.832 [JavaFX Application Thread] DEBUG GameScene            - Removed MainViewComponent
19:33:37.848 [JavaFX Application Thread] DEBUG GameScene            - Entity added to scene
19:33:37.848 [JavaFX Application Thread] DEBUG GameScene            - Added MainViewComponent
19:33:37.848 [JavaFX Application Thread] DEBUG GameScene            - Entity removed from scene
19:33:37.849 [JavaFX Application Thread] DEBUG GameScene            - Removed MainViewComponent
19:33:37.865 [JavaFX Application Thread] DEBUG GameScene            - Entity added to scene
19:33:37.865 [JavaFX Application Thread] DEBUG GameScene            - Added MainViewComponent
19:33:37.866 [JavaFX Application Thread] DEBUG GameScene            - Entity removed from scene
19:33:37.866 [JavaFX Application Thread] DEBUG GameScene            - Removed MainViewComponent
19:33:37.867 [JavaFX Application Thread] DEBUG GameScene            - Entity removed from scene
19:33:37.867 [JavaFX Application Thread] DEBUG GameScene            - Removed MainViewComponent
19:33:37.881 [JavaFX Application Thread] DEBUG GameScene            - Entity removed from scene
19:33:37.882 [JavaFX Application Thread] DEBUG GameScene            - Removed MainViewComponent
19:33:37.913 [JavaFX Application Thread] DEBUG GameScene            - Entity removed from scene
19:33:37.913 [JavaFX Application Thread] DEBUG GameScene            - Removed MainViewComponent
19:33:37.913 [JavaFX Application Thread] DEBUG GameScene            - Entity removed from scene
19:33:37.913 [JavaFX Application Thread] DEBUG GameScene            - Removed MainViewComponent
19:33:37.947 [JavaFX Application Thread] DEBUG GameScene            - Entity added to scene
19:33:37.948 [JavaFX Application Thread] DEBUG GameScene            - Added MainViewComponent
19:33:37.948 [JavaFX Application Thread] DEBUG GameScene            - Entity added to scene
19:33:37.948 [JavaFX Application Thread] DEBUG GameScene            - Added MainViewComponent
19:33:37.949 [JavaFX Application Thread] DEBUG GameScene            - Entity removed from scene
19:33:37.949 [JavaFX Application Thread] DEBUG GameScene            - Removed MainViewComponent
19:33:37.963 [JavaFX Application Thread] DEBUG GameScene            - Entity added to scene
19:33:37.963 [JavaFX Application Thread] DEBUG GameScene            - Added MainViewComponent
19:33:37.979 [JavaFX Application Thread] DEBUG GameScene            - Entity added to scene
19:33:37.980 [JavaFX Application Thread] DEBUG GameScene            - Added MainViewComponent
19:33:37.996 [JavaFX Application Thread] DEBUG GameScene            - Entity added to scene
19:33:37.996 [JavaFX Application Thread] DEBUG GameScene            - Added MainViewComponent
19:33:38.012 [JavaFX Application Thread] DEBUG GameScene            - Entity added to scene
19:33:38.013 [JavaFX Application Thread] DEBUG GameScene            - Added MainViewComponent
19:33:38.029 [JavaFX Application Thread] DEBUG GameScene            - Entity added to scene
19:33:38.030 [JavaFX Application Thread] DEBUG GameScene            - Added MainViewComponent
19:33:38.048 [JavaFX Application Thread] DEBUG GameScene            - Entity removed from scene
19:33:38.048 [JavaFX Application Thread] DEBUG GameScene            - Removed MainViewComponent
19:33:38.064 [JavaFX Application Thread] DEBUG GameScene            - Entity removed from scene
19:33:38.064 [JavaFX Application Thread] DEBUG GameScene            - Removed MainViewComponent
19:33:38.064 [JavaFX Application Thread] DEBUG GameScene            - Entity removed from scene
19:33:38.064 [JavaFX Application Thread] DEBUG GameScene            - Removed MainViewComponent
19:33:38.097 [JavaFX Application Thread] DEBUG FXGLAssetLoader      - Loading from cache: /assets/textures/missile.png
19:33:38.098 [JavaFX Application Thread] DEBUG GameScene            - Entity added to scene
19:33:38.098 [JavaFX Application Thread] DEBUG GameScene            - Added MainViewComponent
19:33:38.099 [JavaFX Application Thread] DEBUG GameScene            - Entity removed from scene
19:33:38.099 [JavaFX Application Thread] DEBUG GameScene            - Removed MainViewComponent
19:33:38.116 [JavaFX Application Thread] DEBUG GameScene            - Entity added to scene
19:33:38.116 [JavaFX Application Thread] DEBUG GameScene            - Added MainViewComponent
19:33:38.117 [JavaFX Application Thread] DEBUG GameScene            - Entity removed from scene
19:33:38.117 [JavaFX Application Thread] DEBUG GameScene            - Removed MainViewComponent
19:33:38.132 [JavaFX Application Thread] DEBUG GameScene            - Entity added to scene
19:33:38.132 [JavaFX Application Thread] DEBUG GameScene            - Added MainViewComponent
19:33:38.133 [JavaFX Application Thread] DEBUG GameScene            - Entity removed from scene
19:33:38.133 [JavaFX Application Thread] DEBUG GameScene            - Removed MainViewComponent
19:33:38.149 [JavaFX Application Thread] DEBUG GameScene            - Entity added to scene
19:33:38.149 [JavaFX Application Thread] DEBUG GameScene            - Added MainViewComponent
19:33:38.165 [JavaFX Application Thread] DEBUG GameScene            - Entity added to scene
19:33:38.165 [JavaFX Application Thread] DEBUG GameScene            - Added MainViewComponent
19:33:38.184 [JavaFX Application Thread] DEBUG GameScene            - Entity added to scene
19:33:38.184 [JavaFX Application Thread] DEBUG GameScene            - Added MainViewComponent
19:33:38.185 [JavaFX Application Thread] DEBUG GameScene            - Entity removed from scene
19:33:38.185 [JavaFX Application Thread] DEBUG GameScene            - Removed MainViewComponent
19:33:38.202 [JavaFX Application Thread] DEBUG GameScene            - Entity added to scene
19:33:38.202 [JavaFX Application Thread] DEBUG GameScene            - Added MainViewComponent
19:33:38.203 [JavaFX Application Thread] DEBUG GameScene            - Entity removed from scene
19:33:38.203 [JavaFX Application Thread] DEBUG GameScene            - Removed MainViewComponent
19:33:38.215 [JavaFX Application Thread] DEBUG GameScene            - Entity added to scene
19:33:38.215 [JavaFX Application Thread] DEBUG GameScene            - Added MainViewComponent
19:33:38.216 [JavaFX Application Thread] DEBUG GameScene            - Entity removed from scene
19:33:38.216 [JavaFX Application Thread] DEBUG GameScene            - Removed MainViewComponent
19:33:38.235 [JavaFX Application Thread] DEBUG GameScene            - Entity added to scene
19:33:38.235 [JavaFX Application Thread] DEBUG GameScene            - Added MainViewComponent
19:33:38.236 [JavaFX Application Thread] DEBUG GameScene            - Entity removed from scene
19:33:38.236 [JavaFX Application Thread] DEBUG GameScene            - Removed MainViewComponent
19:33:38.251 [JavaFX Application Thread] DEBUG GameScene            - Entity added to scene
19:33:38.251 [JavaFX Application Thread] DEBUG GameScene            - Added MainViewComponent
19:33:38.252 [JavaFX Application Thread] DEBUG GameScene            - Entity removed from scene
19:33:38.252 [JavaFX Application Thread] DEBUG GameScene            - Removed MainViewComponent
19:33:38.266 [JavaFX Application Thread] DEBUG GameScene            - Entity added to scene
19:33:38.266 [JavaFX Application Thread] DEBUG GameScene            - Added MainViewComponent
19:33:38.267 [JavaFX Application Thread] DEBUG GameScene            - Entity removed from scene
19:33:38.267 [JavaFX Application Thread] DEBUG GameScene            - Removed MainViewComponent
19:33:38.282 [JavaFX Application Thread] DEBUG GameScene            - Entity added to scene
19:33:38.283 [JavaFX Application Thread] DEBUG GameScene            - Added MainViewComponent
19:33:38.283 [JavaFX Application Thread] DEBUG GameScene            - Entity removed from scene
19:33:38.284 [JavaFX Application Thread] DEBUG GameScene            - Removed MainViewComponent
19:33:38.301 [JavaFX Application Thread] DEBUG GameScene            - Entity added to scene
19:33:38.301 [JavaFX Application Thread] DEBUG GameScene            - Added MainViewComponent
19:33:38.315 [JavaFX Application Thread] DEBUG GameScene            - Entity added to scene
19:33:38.315 [JavaFX Application Thread] DEBUG GameScene            - Added MainViewComponent
19:33:38.332 [JavaFX Application Thread] DEBUG GameScene            - Entity added to scene
19:33:38.332 [JavaFX Application Thread] DEBUG GameScene            - Added MainViewComponent
19:33:38.349 [JavaFX Application Thread] DEBUG GameScene            - Entity added to scene
19:33:38.349 [JavaFX Application Thread] DEBUG GameScene            - Added MainViewComponent
19:33:38.365 [JavaFX Application Thread] DEBUG FXGLAssetLoader      - Loading from cache: /assets/textures/missile.png
19:33:38.367 [JavaFX Application Thread] DEBUG GameScene            - Entity added to scene
19:33:38.367 [JavaFX Application Thread] DEBUG GameScene            - Added MainViewComponent
19:33:38.368 [JavaFX Application Thread] DEBUG GameScene            - Entity added to scene
19:33:38.368 [JavaFX Application Thread] DEBUG GameScene            - Added MainViewComponent
19:33:38.383 [JavaFX Application Thread] DEBUG GameScene            - Entity added to scene
19:33:38.383 [JavaFX Application Thread] DEBUG GameScene            - Added MainViewComponent
19:33:38.384 [JavaFX Application Thread] DEBUG GameScene            - Entity removed from scene
19:33:38.384 [JavaFX Application Thread] DEBUG GameScene            - Removed MainViewComponent
19:33:38.399 [JavaFX Application Thread] DEBUG GameScene            - Entity added to scene
19:33:38.400 [JavaFX Application Thread] DEBUG GameScene            - Added MainViewComponent
19:33:38.400 [JavaFX Application Thread] DEBUG GameScene            - Entity removed from scene
19:33:38.401 [JavaFX Application Thread] DEBUG GameScene            - Removed MainViewComponent
19:33:38.419 [JavaFX Application Thread] DEBUG GameScene            - Entity added to scene
19:33:38.419 [JavaFX Application Thread] DEBUG GameScene            - Added MainViewComponent
19:33:38.420 [JavaFX Application Thread] DEBUG GameScene            - Entity removed from scene
19:33:38.420 [JavaFX Application Thread] DEBUG GameScene            - Removed MainViewComponent
19:33:38.420 [JavaFX Application Thread] DEBUG GameScene            - Entity removed from scene
19:33:38.420 [JavaFX Application Thread] DEBUG GameScene            - Removed MainViewComponent
19:33:38.433 [JavaFX Application Thread] DEBUG GameScene            - Entity added to scene
19:33:38.433 [JavaFX Application Thread] DEBUG GameScene            - Added MainViewComponent
19:33:38.450 [JavaFX Application Thread] DEBUG GameScene            - Entity added to scene
19:33:38.450 [JavaFX Application Thread] DEBUG GameScene            - Added MainViewComponent
19:33:38.451 [JavaFX Application Thread] DEBUG GameScene            - Entity removed from scene
19:33:38.452 [JavaFX Application Thread] DEBUG GameScene            - Removed MainViewComponent
19:33:38.467 [JavaFX Application Thread] DEBUG GameScene            - Entity added to scene
19:33:38.467 [JavaFX Application Thread] DEBUG GameScene            - Added MainViewComponent
19:33:38.468 [JavaFX Application Thread] DEBUG GameScene            - Entity removed from scene
19:33:38.468 [JavaFX Application Thread] DEBUG GameScene            - Removed MainViewComponent
19:33:38.484 [JavaFX Application Thread] DEBUG GameScene            - Entity added to scene
19:33:38.485 [JavaFX Application Thread] DEBUG GameScene            - Added MainViewComponent
19:33:38.485 [JavaFX Application Thread] DEBUG GameScene            - Entity added to scene
19:33:38.485 [JavaFX Application Thread] DEBUG GameScene            - Added MainViewComponent
19:33:38.486 [JavaFX Application Thread] DEBUG GameScene            - Entity removed from scene
19:33:38.486 [JavaFX Application Thread] DEBUG GameScene            - Removed MainViewComponent
19:33:38.487 [JavaFX Application Thread] DEBUG GameScene            - Entity removed from scene
19:33:38.487 [JavaFX Application Thread] DEBUG GameScene            - Removed MainViewComponent
19:33:38.501 [JavaFX Application Thread] DEBUG GameScene            - Entity added to scene
19:33:38.501 [JavaFX Application Thread] DEBUG GameScene            - Added MainViewComponent
19:33:38.502 [JavaFX Application Thread] DEBUG GameScene            - Entity removed from scene
19:33:38.502 [JavaFX Application Thread] DEBUG GameScene            - Removed MainViewComponent
19:33:38.517 [JavaFX Application Thread] DEBUG GameScene            - Entity added to scene
19:33:38.517 [JavaFX Application Thread] DEBUG GameScene            - Added MainViewComponent
19:33:38.519 [JavaFX Application Thread] DEBUG GameScene            - Entity removed from scene
19:33:38.519 [JavaFX Application Thread] DEBUG GameScene            - Removed MainViewComponent
19:33:38.534 [JavaFX Application Thread] DEBUG GameScene            - Entity added to scene
19:33:38.534 [JavaFX Application Thread] DEBUG GameScene            - Added MainViewComponent
19:33:38.535 [JavaFX Application Thread] DEBUG GameScene            - Entity removed from scene
19:33:38.535 [JavaFX Application Thread] DEBUG GameScene            - Removed MainViewComponent
19:33:38.550 [JavaFX Application Thread] DEBUG GameScene            - Entity added to scene
19:33:38.550 [JavaFX Application Thread] DEBUG GameScene            - Added MainViewComponent
19:33:38.551 [JavaFX Application Thread] DEBUG GameScene            - Entity removed from scene
19:33:38.551 [JavaFX Application Thread] DEBUG GameScene            - Removed MainViewComponent
19:33:38.567 [JavaFX Application Thread] DEBUG GameScene            - Entity added to scene
19:33:38.567 [JavaFX Application Thread] DEBUG GameScene            - Added MainViewComponent
19:33:38.567 [JavaFX Application Thread] DEBUG GameScene            - Entity removed from scene
19:33:38.567 [JavaFX Application Thread] DEBUG GameScene            - Removed MainViewComponent
19:33:38.584 [JavaFX Application Thread] DEBUG GameScene            - Entity added to scene
19:33:38.584 [JavaFX Application Thread] DEBUG GameScene            - Added MainViewComponent
19:33:38.585 [JavaFX Application Thread] DEBUG GameScene            - Entity removed from scene
19:33:38.585 [JavaFX Application Thread] DEBUG GameScene            - Removed MainViewComponent
19:33:38.600 [JavaFX Application Thread] DEBUG GameScene            - Entity added to scene
19:33:38.600 [JavaFX Application Thread] DEBUG GameScene            - Added MainViewComponent
19:33:38.601 [JavaFX Application Thread] DEBUG GameScene            - Entity removed from scene
19:33:38.601 [JavaFX Application Thread] DEBUG GameScene            - Removed MainViewComponent
19:33:38.617 [JavaFX Application Thread] DEBUG GameScene            - Entity added to scene
19:33:38.617 [JavaFX Application Thread] DEBUG GameScene            - Added MainViewComponent
19:33:38.618 [JavaFX Application Thread] DEBUG GameScene            - Entity removed from scene
19:33:38.618 [JavaFX Application Thread] DEBUG GameScene            - Removed MainViewComponent
19:33:38.647 [JavaFX Application Thread] DEBUG FXGLAssetLoader      - Loading from cache: /assets/textures/missile.png
19:33:38.650 [JavaFX Application Thread] DEBUG GameScene            - Entity added to scene
19:33:38.650 [JavaFX Application Thread] DEBUG GameScene            - Added MainViewComponent
19:33:38.651 [JavaFX Application Thread] DEBUG GameScene            - Entity added to scene
19:33:38.651 [JavaFX Application Thread] DEBUG GameScene            - Added MainViewComponent
19:33:38.651 [JavaFX Application Thread] DEBUG GameScene            - Entity removed from scene
19:33:38.651 [JavaFX Application Thread] DEBUG GameScene            - Removed MainViewComponent
19:33:38.657 [JavaFX Application Thread] DEBUG GameScene            - Entity removed from scene
19:33:38.657 [JavaFX Application Thread] DEBUG GameScene            - Removed MainViewComponent
19:33:38.658 [JavaFX Application Thread] DEBUG GameScene            - Entity removed from scene
19:33:38.658 [JavaFX Application Thread] DEBUG GameScene            - Removed MainViewComponent
19:33:38.682 [JavaFX Application Thread] DEBUG GameScene            - Entity removed from scene
19:33:38.682 [JavaFX Application Thread] DEBUG GameScene            - Removed MainViewComponent
19:33:38.699 [JavaFX Application Thread] DEBUG GameScene            - Entity removed from scene
19:33:38.699 [JavaFX Application Thread] DEBUG GameScene            - Removed MainViewComponent
19:33:38.717 [JavaFX Application Thread] DEBUG GameScene            - Entity removed from scene
19:33:38.717 [JavaFX Application Thread] DEBUG GameScene            - Removed MainViewComponent
19:33:38.734 [JavaFX Application Thread] DEBUG GameScene            - Entity removed from scene
19:33:38.735 [JavaFX Application Thread] DEBUG GameScene            - Removed MainViewComponent
19:33:38.735 [JavaFX Application Thread] DEBUG GameScene            - Entity removed from scene
19:33:38.735 [JavaFX Application Thread] DEBUG GameScene            - Removed MainViewComponent
19:33:38.751 [JavaFX Application Thread] DEBUG GameScene            - Entity removed from scene
19:33:38.751 [JavaFX Application Thread] DEBUG GameScene            - Removed MainViewComponent
19:33:38.766 [JavaFX Application Thread] DEBUG GameScene            - Entity removed from scene
19:33:38.767 [JavaFX Application Thread] DEBUG GameScene            - Removed MainViewComponent
19:33:38.783 [JavaFX Application Thread] DEBUG GameScene            - Entity removed from scene
19:33:38.783 [JavaFX Application Thread] DEBUG GameScene            - Removed MainViewComponent
19:33:38.800 [JavaFX Application Thread] DEBUG GameScene            - Entity removed from scene
19:33:38.800 [JavaFX Application Thread] DEBUG GameScene            - Removed MainViewComponent
19:33:38.816 [JavaFX Application Thread] DEBUG GameScene            - Entity removed from scene
19:33:38.817 [JavaFX Application Thread] DEBUG GameScene            - Removed MainViewComponent
19:33:38.833 [JavaFX Application Thread] DEBUG GameScene            - Entity added to scene
19:33:38.834 [JavaFX Application Thread] DEBUG GameScene            - Added MainViewComponent
19:33:38.834 [JavaFX Application Thread] DEBUG GameScene            - Entity removed from scene
19:33:38.834 [JavaFX Application Thread] DEBUG GameScene            - Removed MainViewComponent
19:33:38.835 [JavaFX Application Thread] DEBUG GameScene            - Entity removed from scene
19:33:38.835 [JavaFX Application Thread] DEBUG GameScene            - Removed MainViewComponent
19:33:38.851 [JavaFX Application Thread] DEBUG GameScene            - Entity removed from scene
19:33:38.851 [JavaFX Application Thread] DEBUG GameScene            - Removed MainViewComponent
19:33:38.867 [JavaFX Application Thread] DEBUG GameScene            - Entity removed from scene
19:33:38.867 [JavaFX Application Thread] DEBUG GameScene            - Removed MainViewComponent
19:33:38.884 [JavaFX Application Thread] DEBUG GameScene            - Entity removed from scene
19:33:38.884 [JavaFX Application Thread] DEBUG GameScene            - Removed MainViewComponent
19:33:38.900 [JavaFX Application Thread] DEBUG FXGLAssetLoader      - Loading from cache: /assets/textures/missile.png
19:33:38.900 [JavaFX Application Thread] DEBUG GameScene            - Entity added to scene
19:33:38.900 [JavaFX Application Thread] DEBUG GameScene            - Added MainViewComponent
19:33:38.917 [JavaFX Application Thread] DEBUG GameScene            - Entity removed from scene
19:33:38.917 [JavaFX Application Thread] DEBUG GameScene            - Removed MainViewComponent
19:33:38.933 [JavaFX Application Thread] DEBUG GameScene            - Entity added to scene
19:33:38.933 [JavaFX Application Thread] DEBUG GameScene            - Added MainViewComponent
19:33:38.934 [JavaFX Application Thread] DEBUG GameScene            - Entity removed from scene
19:33:38.934 [JavaFX Application Thread] DEBUG GameScene            - Removed MainViewComponent
19:33:39.085 [JavaFX Application Thread] DEBUG GameScene            - Entity removed from scene
19:33:39.085 [JavaFX Application Thread] DEBUG GameScene            - Removed MainViewComponent
19:33:39.169 [JavaFX Application Thread] DEBUG FXGLAssetLoader      - Loading from cache: /assets/textures/missile.png
19:33:39.170 [JavaFX Application Thread] DEBUG GameScene            - Entity added to scene
19:33:39.170 [JavaFX Application Thread] DEBUG GameScene            - Added MainViewComponent
19:33:39.186 [JavaFX Application Thread] DEBUG GameScene            - Entity removed from scene
19:33:39.186 [JavaFX Application Thread] DEBUG GameScene            - Removed MainViewComponent
19:33:39.418 [JavaFX Application Thread] DEBUG GameScene            - Entity added to scene
19:33:39.419 [JavaFX Application Thread] DEBUG GameScene            - Added MainViewComponent
19:33:39.419 [JavaFX Application Thread] DEBUG GameScene            - Entity removed from scene
19:33:39.419 [JavaFX Application Thread] DEBUG GameScene            - Removed MainViewComponent
19:33:39.436 [JavaFX Application Thread] DEBUG FXGLAssetLoader      - Loading from cache: /assets/textures/missile.png
19:33:39.437 [JavaFX Application Thread] DEBUG GameScene            - Entity added to scene
19:33:39.437 [JavaFX Application Thread] DEBUG GameScene            - Added MainViewComponent
19:33:39.437 [JavaFX Application Thread] DEBUG GameScene            - Entity added to scene
19:33:39.437 [JavaFX Application Thread] DEBUG GameScene            - Added MainViewComponent
19:33:39.437 [JavaFX Application Thread] DEBUG GameScene            - Entity removed from scene
19:33:39.437 [JavaFX Application Thread] DEBUG GameScene            - Removed MainViewComponent
19:33:39.670 [JavaFX Application Thread] DEBUG GameScene            - Entity removed from scene
19:33:39.670 [JavaFX Application Thread] DEBUG GameScene            - Removed MainViewComponent
19:33:39.688 [JavaFX Application Thread] DEBUG GameScene            - Entity removed from scene
19:33:39.688 [JavaFX Application Thread] DEBUG GameScene            - Removed MainViewComponent
19:33:39.705 [JavaFX Application Thread] DEBUG FXGLAssetLoader      - Loading from cache: /assets/textures/missile.png
19:33:39.706 [JavaFX Application Thread] DEBUG GameScene            - Entity added to scene
19:33:39.706 [JavaFX Application Thread] DEBUG GameScene            - Added MainViewComponent
19:33:39.855 [JavaFX Application Thread] DEBUG GameScene            - Entity added to scene
19:33:39.855 [JavaFX Application Thread] DEBUG GameScene            - Added MainViewComponent
19:33:39.856 [JavaFX Application Thread] DEBUG GameScene            - Entity removed from scene
19:33:39.856 [JavaFX Application Thread] DEBUG GameScene            - Removed MainViewComponent
19:33:39.973 [JavaFX Application Thread] DEBUG FXGLAssetLoader      - Loading from cache: /assets/textures/missile.png
19:33:39.973 [JavaFX Application Thread] DEBUG GameScene            - Entity added to scene
19:33:39.973 [JavaFX Application Thread] DEBUG GameScene            - Added MainViewComponent
19:33:40.106 [JavaFX Application Thread] DEBUG GameScene            - Entity removed from scene
19:33:40.107 [JavaFX Application Thread] DEBUG GameScene            - Removed MainViewComponent
19:33:40.240 [JavaFX Application Thread] DEBUG FXGLAssetLoader      - Loading from cache: /assets/textures/missile.png
19:33:40.241 [JavaFX Application Thread] DEBUG GameScene            - Entity added to scene
19:33:40.241 [JavaFX Application Thread] DEBUG GameScene            - Added MainViewComponent
19:33:40.256 [JavaFX Application Thread] DEBUG GameScene            - Entity added to scene
19:33:40.256 [JavaFX Application Thread] DEBUG GameScene            - Added MainViewComponent
19:33:40.257 [JavaFX Application Thread] DEBUG GameScene            - Entity removed from scene
19:33:40.257 [JavaFX Application Thread] DEBUG GameScene            - Removed MainViewComponent
19:33:40.323 [JavaFX Application Thread] DEBUG GameScene            - Entity added to scene
19:33:40.324 [JavaFX Application Thread] DEBUG GameScene            - Added MainViewComponent
19:33:40.324 [JavaFX Application Thread] DEBUG GameScene            - Entity removed from scene
19:33:40.324 [JavaFX Application Thread] DEBUG GameScene            - Removed MainViewComponent
19:33:40.510 [JavaFX Application Thread] DEBUG FXGLAssetLoader      - Loading from cache: /assets/textures/missile.png
19:33:40.511 [JavaFX Application Thread] DEBUG GameScene            - Entity added to scene
19:33:40.511 [JavaFX Application Thread] DEBUG GameScene            - Added MainViewComponent
19:33:40.511 [JavaFX Application Thread] DEBUG GameScene            - Entity added to scene
19:33:40.512 [JavaFX Application Thread] DEBUG GameScene            - Added MainViewComponent
19:33:40.512 [JavaFX Application Thread] DEBUG GameScene            - Entity removed from scene
19:33:40.512 [JavaFX Application Thread] DEBUG GameScene            - Removed MainViewComponent
19:33:40.513 [JavaFX Application Thread] DEBUG GameScene            - Entity removed from scene
19:33:40.513 [JavaFX Application Thread] DEBUG GameScene            - Removed MainViewComponent
19:33:40.559 [JavaFX Application Thread] DEBUG GameScene            - Entity removed from scene
19:33:40.559 [JavaFX Application Thread] DEBUG GameScene            - Removed MainViewComponent
19:33:40.761 [JavaFX Application Thread] DEBUG GameScene            - Entity removed from scene
19:33:40.761 [JavaFX Application Thread] DEBUG GameScene            - Removed MainViewComponent
19:33:40.777 [JavaFX Application Thread] DEBUG FXGLAssetLoader      - Loading from cache: /assets/textures/missile.png
19:33:40.778 [JavaFX Application Thread] DEBUG GameScene            - Entity added to scene
19:33:40.778 [JavaFX Application Thread] DEBUG GameScene            - Added MainViewComponent
19:33:41.044 [JavaFX Application Thread] DEBUG FXGLAssetLoader      - Loading from cache: /assets/textures/missile.png
19:33:41.045 [JavaFX Application Thread] DEBUG GameScene            - Entity added to scene
19:33:41.045 [JavaFX Application Thread] DEBUG GameScene            - Added MainViewComponent
19:33:41.161 [JavaFX Application Thread] DEBUG GameScene            - Entity added to scene
19:33:41.161 [JavaFX Application Thread] DEBUG GameScene            - Added MainViewComponent
19:33:41.161 [JavaFX Application Thread] DEBUG GameScene            - Entity removed from scene
19:33:41.162 [JavaFX Application Thread] DEBUG GameScene            - Removed MainViewComponent
19:33:41.211 [JavaFX Application Thread] DEBUG GameScene            - Entity added to scene
19:33:41.211 [JavaFX Application Thread] DEBUG GameScene            - Added MainViewComponent
19:33:41.212 [JavaFX Application Thread] DEBUG GameScene            - Entity removed from scene
19:33:41.212 [JavaFX Application Thread] DEBUG GameScene            - Removed MainViewComponent
19:33:41.313 [JavaFX Application Thread] DEBUG FXGLAssetLoader      - Loading from cache: /assets/textures/missile.png
19:33:41.314 [JavaFX Application Thread] DEBUG GameScene            - Entity added to scene
19:33:41.314 [JavaFX Application Thread] DEBUG GameScene            - Added MainViewComponent
19:33:41.397 [JavaFX Application Thread] DEBUG GameScene            - Entity removed from scene
19:33:41.397 [JavaFX Application Thread] DEBUG GameScene            - Removed MainViewComponent
19:33:41.413 [JavaFX Application Thread] DEBUG GameScene            - Entity added to scene
19:33:41.413 [JavaFX Application Thread] DEBUG GameScene            - Added MainViewComponent
19:33:41.414 [JavaFX Application Thread] DEBUG GameScene            - Entity removed from scene
19:33:41.414 [JavaFX Application Thread] DEBUG GameScene            - Removed MainViewComponent
19:33:41.448 [JavaFX Application Thread] DEBUG GameScene            - Entity removed from scene
19:33:41.448 [JavaFX Application Thread] DEBUG GameScene            - Removed MainViewComponent
19:33:41.581 [JavaFX Application Thread] DEBUG FXGLAssetLoader      - Loading from cache: /assets/textures/missile.png
19:33:41.582 [JavaFX Application Thread] DEBUG GameScene            - Entity added to scene
19:33:41.582 [JavaFX Application Thread] DEBUG GameScene            - Added MainViewComponent
19:33:41.664 [JavaFX Application Thread] DEBUG GameScene            - Entity removed from scene
19:33:41.664 [JavaFX Application Thread] DEBUG GameScene            - Removed MainViewComponent
19:33:41.714 [JavaFX Application Thread] DEBUG GameScene            - Entity added to scene
19:33:41.715 [JavaFX Application Thread] DEBUG GameScene            - Added MainViewComponent
19:33:41.715 [JavaFX Application Thread] DEBUG GameScene            - Entity removed from scene
19:33:41.716 [JavaFX Application Thread] DEBUG GameScene            - Removed MainViewComponent
19:33:41.849 [JavaFX Application Thread] DEBUG FXGLAssetLoader      - Loading from cache: /assets/textures/missile.png
19:33:41.849 [JavaFX Application Thread] DEBUG GameScene            - Entity added to scene
19:33:41.850 [JavaFX Application Thread] DEBUG GameScene            - Added MainViewComponent
19:33:41.950 [JavaFX Application Thread] DEBUG GameScene            - Entity removed from scene
19:33:41.951 [JavaFX Application Thread] DEBUG GameScene            - Removed MainViewComponent
19:33:42.117 [JavaFX Application Thread] DEBUG FXGLAssetLoader      - Loading from cache: /assets/textures/missile.png
19:33:42.118 [JavaFX Application Thread] DEBUG GameScene            - Entity added to scene
19:33:42.118 [JavaFX Application Thread] DEBUG GameScene            - Added MainViewComponent
19:33:42.386 [JavaFX Application Thread] DEBUG FXGLAssetLoader      - Loading from cache: /assets/textures/missile.png
19:33:42.387 [JavaFX Application Thread] DEBUG GameScene            - Entity added to scene
19:33:42.387 [JavaFX Application Thread] DEBUG GameScene            - Added MainViewComponent
19:33:42.452 [JavaFX Application Thread] DEBUG GameScene            - Entity added to scene
19:33:42.452 [JavaFX Application Thread] DEBUG GameScene            - Added MainViewComponent
19:33:42.453 [JavaFX Application Thread] DEBUG GameScene            - Entity removed from scene
19:33:42.453 [JavaFX Application Thread] DEBUG GameScene            - Removed MainViewComponent
19:33:42.620 [JavaFX Application Thread] DEBUG GameScene            - Entity added to scene
19:33:42.620 [JavaFX Application Thread] DEBUG GameScene            - Added MainViewComponent
19:33:42.620 [JavaFX Application Thread] DEBUG GameScene            - Entity removed from scene
19:33:42.621 [JavaFX Application Thread] DEBUG GameScene            - Removed MainViewComponent
19:33:42.653 [JavaFX Application Thread] DEBUG FXGLAssetLoader      - Loading from cache: /assets/textures/missile.png
19:33:42.654 [JavaFX Application Thread] DEBUG GameScene            - Entity added to scene
19:33:42.654 [JavaFX Application Thread] DEBUG GameScene            - Added MainViewComponent
19:33:42.705 [JavaFX Application Thread] DEBUG GameScene            - Entity removed from scene
19:33:42.705 [JavaFX Application Thread] DEBUG GameScene            - Removed MainViewComponent
19:33:42.721 [JavaFX Application Thread] DEBUG GameScene            - Entity added to scene
19:33:42.721 [JavaFX Application Thread] DEBUG GameScene            - Added MainViewComponent
19:33:42.722 [JavaFX Application Thread] DEBUG GameScene            - Entity removed from scene
19:33:42.722 [JavaFX Application Thread] DEBUG GameScene            - Removed MainViewComponent
19:33:42.948 [JavaFX Application Thread] DEBUG FXGLEventBus         - Firing event: DisplayEvent[type=CLOSE_REQUEST]
19:33:42.950 [JavaFX Application Thread] DEBUG FXGLEventBus         - Firing event: FXGLEvent[type=EXIT]
19:33:42.951 [JavaFX Application Thread] DEBUG FXGL                 - Saving FXGL system data
19:33:42.953 [JavaFX Application Thread] DEBUG IOTask               - Executing task: writeDataTask(system/fxgl.bundle)
19:33:42.957 [JavaFX Application Thread] DEBUG FS                   - Writing to: system\fxgl.bundle
19:33:42.963 [JavaFX Application Thread] DEBUG IOTask               - Task succeeded: writeDataTask(system/fxgl.bundle)
19:33:42.968 [JavaFX Application Thread] DEBUG GameScene            - Entity removed from scene
19:33:42.968 [JavaFX Application Thread] DEBUG GameScene            - Removed MainViewComponent
19:33:42.969 [JavaFX Application Thread] DEBUG GameScene            - Entity removed from scene
19:33:42.969 [JavaFX Application Thread] DEBUG GameScene            - Removed MainViewComponent
