13:59:33.266 [FXGL Launcher Thread     ] DEBUG FXGLLoggerFactory    - Service [LoggerFactory] initialized
13:59:33.274 [FXGL Launcher Thread     ] DEBUG FXGL                 - FXGL configuration complete
13:59:33.274 [FXGL Launcher Thread     ] DEBUG FXGL                 - Loading FXGL system data
13:59:33.279 [FXGL Launcher Thread     ] DEBUG IOTask               - Executing task: readDataTask(system/fxgl.bundle)
13:59:33.284 [FXGL Launcher Thread     ] DEBUG FS                   - Reading from: system\fxgl.bundle
13:59:33.293 [FXGL Launcher Thread     ] DEBUG IOTask               - Task succeeded: readDataTask(system/fxgl.bundle)
13:59:33.294 [FXGL Launcher Thread     ] DEBUG Bundle               - Logging bundle: FXGL
13:59:33.295 [FXGL Launcher Thread     ] DEBUG Bundle               - FXGL.offline.timer.version.check=2016-12-04T23:31:25.587
13:59:33.303 [FXGL Launcher Thread     ] DEBUG GameApplication      - Configuring GameApplication
13:59:33.309 [FXGL Launcher Thread     ] DEBUG FXGLExceptionHandler - Service [ExceptionHandler] initialized
13:59:33.310 [FXGL Launcher Thread     ] DEBUG FXGLEventBus         - Service [EventBus] initialized
13:59:33.315 [FXGL Launcher Thread     ] DEBUG FXGLExecutor         - Service [Executor] initialized
13:59:33.315 [FXGL Launcher Thread     ] DEBUG PreInitTask          - Injecting gameWorld & physicsWorld
13:59:33.322 [FXGL Launcher Thread     ] DEBUG GameWorld            - Game world initialized
13:59:33.373 [FXGL Launcher Thread     ] DEBUG FXGLPooler           - Service [Pooler] initialized with default size = 128
13:59:33.374 [FXGL Launcher Thread     ] DEBUG PhysicsWorld         - Physics world initialized: appHeight=600.0, physics.ppm=50.0
13:59:33.375 [FXGL Launcher Thread     ] DEBUG FXGLInput            - Service [Input] initialized
13:59:33.401 [FXGL Launcher Thread     ] DEBUG FXGLInput            - Registered new binding: Screenshot - P
13:59:33.401 [FXGL Launcher Thread     ] DEBUG FXGLInput            - Registered new binding: Dev Options - CTRL+0
13:59:33.442 [FXGL Launcher Thread     ] DEBUG GameScene            - Game scene initialized: 600.0x600.0
13:59:33.454 [FXGL Launcher Thread     ] DEBUG FXGLAssetLoader      - Service [AssetLoader] initialized: cacheSize=35
13:59:33.458 [FXGL Launcher Thread     ] DEBUG FXGLAssetLoader      - Loading from disk: /assets/sounds/system/notification.wav
13:59:33.509 [FXGL Launcher Thread     ] DEBUG FXGLAssetLoader      - Loading from disk: /assets/sounds/menu/select.wav
13:59:33.513 [FXGL Launcher Thread     ] DEBUG FXGLAssetLoader      - Loading from disk: /assets/sounds/menu/back.wav
13:59:33.522 [FXGL Launcher Thread     ] DEBUG FXGLAssetLoader      - Loading from disk: /assets/sounds/menu/press.wav
13:59:33.526 [FXGL Launcher Thread     ] DEBUG FXGLAssetLoader      - Loading from disk: /assets/ui/fonts/Copperplate_Gothic_Light_Regular.ttf
13:59:33.644 [FXGL Launcher Thread     ] DEBUG FXGLAssetLoader      - Loading from disk: /assets/ui/css/fxgl.css
13:59:33.644 [FXGL Launcher Thread     ] DEBUG FXGLAssetLoader      - Loading from disk: /assets/ui/icons/fxgl_icon.png
13:59:33.702 [FXGL Launcher Thread     ] DEBUG FXGLAssetLoader      - Loading from disk: /assets/ui/css/fxgl_dark.css
13:59:33.716 [FXGL Launcher Thread     ] DEBUG FXGLDisplay          - Target size: DoubleProperty [value: 600.0] x DoubleProperty [value: 600.0] @ 1.0
13:59:33.716 [FXGL Launcher Thread     ] DEBUG FXGLDisplay          - New size:    600.0 x 600.0 @ DoubleProperty [value: 1.0]
13:59:33.717 [FXGL Launcher Thread     ] DEBUG FXGLDisplay          - Service [Display] initialized
13:59:33.717 [FXGL Launcher Thread     ] DEBUG FXGLDisplay          - Using CSS: CSS(externalForm=jar:file:/C:/Users/Tyler/Downloads/FXGL-0.2.8-uber.jar!/assets/ui/css/fxgl_dark.css)
13:59:33.718 [FXGL Launcher Thread     ] DEBUG InitScenesTask       - Injecting loadingScene & gameScene
13:59:33.745 [FXGL Launcher Thread     ] DEBUG FXGLMasterTimer      - Service [MasterTimer] initialized
13:59:33.750 [FXGL Launcher Thread     ] DEBUG FXGLAudioPlayer      - Service [AudioPlayer] initialized
13:59:33.761 [FXGL Launcher Thread     ] DEBUG GameApplication      - Starting new game
13:59:33.763 [FXGL Launcher Thread     ] DEBUG GameApplication      - Initializing App
13:59:33.766 [FXGL Launcher Thread     ] DEBUG FXGLInput            - Clearing active input actions
13:59:33.767 [FXGL Launcher Thread     ] DEBUG FXGLMasterTimer      - Stopping master timer
13:59:33.767 [FXGL Launcher Thread     ] DEBUG GameApplication      - State: STARTUP -> PAUSED
13:59:33.768 [FXGL Launcher Thread     ] DEBUG FXGLEventBus         - Firing event: FXGLEvent[type=PAUSE]
13:59:33.770 [FXGL Launcher Thread     ] DEBUG FXGLInput            - Clearing active input actions
13:59:33.770 [FXGL Launcher Thread     ] DEBUG FXGLMasterTimer      - Resetting ticks and clearing all actions
13:59:33.770 [FXGL Launcher Thread     ] DEBUG GameWorld            - Resetting game world
13:59:33.770 [FXGL Launcher Thread     ] TRACE EntityWorld          - Resetting entity world
13:59:33.773 [FXGL Launcher Thread     ] DEBUG PhysicsWorld         - Resetting physics world
13:59:33.773 [FXGL Launcher Thread     ] DEBUG GameScene            - Resetting game scene
13:59:33.774 [FXGL Launcher Thread     ] DEBUG FXGLEventBus         - Firing event: FXGLEvent[type=RESET]
13:59:33.848 [FXGL Launcher Thread     ] DEBUG GameApplication      - State: PAUSED -> LOADING
13:59:33.893 [FXGL Background Thread 1 ] DEBUG InitAppTask          - Initializing Assets
13:59:33.895 [FXGL Background Thread 1 ] DEBUG InitAppTask          - Initializing Game
13:59:33.991 [FXGL Background Thread 1 ] DEBUG FXGLAssetLoader      - Loading from disk: /assets/ui/cursors/crosshair.png
13:59:34.014 [FXGL Background Thread 1 ] DEBUG InitAppTask          - Initializing Physics
13:59:34.014 [FXGL Background Thread 1 ] DEBUG InitAppTask          - Initializing UI
13:59:34.020 [FXGL Background Thread 1 ] DEBUG GameScene            - Adding UI node: Text[text="Missile Command", x=0.0, y=0.0, alignment=LEFT, origin=BASELINE, boundsType=LOGICAL, font=Font[name=Copperplate Gothic Light, family=Copperplate Gothic Light, style=Regular, size=48.0], fontSmoothingType=GRAY, fill=0x0000ffff]
13:59:34.022 [FXGL Background Thread 1 ] DEBUG InitAppTask          - Initialization Complete
13:59:34.033 [JavaFX Application Thread] DEBUG FXGLDisplay          - Showing stage
13:59:34.034 [JavaFX Application Thread] DEBUG FXGLDisplay          - Root size: 600.0x600.0
13:59:34.034 [JavaFX Application Thread] DEBUG FXGLDisplay          - Scene size: 600.0x600.0
13:59:34.034 [JavaFX Application Thread] DEBUG FXGLDisplay          - Stage size: 616.0x639.0
13:59:34.127 [JavaFX Application Thread] DEBUG FXGLInput            - Clearing active input actions
13:59:34.128 [JavaFX Application Thread] DEBUG FXGLMasterTimer      - Starting master timer
13:59:34.128 [JavaFX Application Thread] DEBUG GameApplication      - State: LOADING -> PLAYING
13:59:34.137 [JavaFX Application Thread] DEBUG FXGLEventBus         - Firing event: FXGLEvent[type=RESUME]
13:59:34.213 [JavaFX Application Thread] DEBUG GameScene            - Entity added to scene
13:59:34.214 [JavaFX Application Thread] DEBUG GameScene            - Added MainViewComponent
13:59:34.218 [JavaFX Application Thread] DEBUG GameScene            - Creating render group for layer: TOP(2147483647)
13:59:34.224 [JavaFX Application Thread] DEBUG GameScene            - Entity added to scene
13:59:34.224 [JavaFX Application Thread] DEBUG GameScene            - Added MainViewComponent
13:59:34.237 [JavaFX Application Thread] DEBUG GameScene            - Entity added to scene
13:59:34.237 [JavaFX Application Thread] DEBUG GameScene            - Added MainViewComponent
13:59:34.238 [JavaFX Application Thread] DEBUG GameScene            - Entity removed from scene
13:59:34.239 [JavaFX Application Thread] DEBUG GameScene            - Removed MainViewComponent
13:59:34.254 [JavaFX Application Thread] DEBUG GameScene            - Entity added to scene
13:59:34.254 [JavaFX Application Thread] DEBUG GameScene            - Added MainViewComponent
13:59:34.255 [JavaFX Application Thread] DEBUG GameScene            - Entity removed from scene
13:59:34.255 [JavaFX Application Thread] DEBUG GameScene            - Removed MainViewComponent
13:59:34.271 [JavaFX Application Thread] DEBUG GameScene            - Entity added to scene
13:59:34.271 [JavaFX Application Thread] DEBUG GameScene            - Added MainViewComponent
13:59:34.272 [JavaFX Application Thread] DEBUG GameScene            - Entity removed from scene
13:59:34.272 [JavaFX Application Thread] DEBUG GameScene            - Removed MainViewComponent
13:59:34.297 [JavaFX Application Thread] DEBUG GameScene            - Entity added to scene
13:59:34.297 [JavaFX Application Thread] DEBUG GameScene            - Added MainViewComponent
13:59:34.298 [JavaFX Application Thread] DEBUG GameScene            - Entity removed from scene
13:59:34.298 [JavaFX Application Thread] DEBUG GameScene            - Removed MainViewComponent
13:59:34.305 [JavaFX Application Thread] DEBUG GameScene            - Entity added to scene
13:59:34.305 [JavaFX Application Thread] DEBUG GameScene            - Added MainViewComponent
13:59:34.306 [JavaFX Application Thread] DEBUG GameScene            - Entity removed from scene
13:59:34.306 [JavaFX Application Thread] DEBUG GameScene            - Removed MainViewComponent
13:59:34.322 [JavaFX Application Thread] DEBUG GameScene            - Entity added to scene
13:59:34.322 [JavaFX Application Thread] DEBUG GameScene            - Added MainViewComponent
13:59:34.323 [JavaFX Application Thread] DEBUG GameScene            - Entity removed from scene
13:59:34.323 [JavaFX Application Thread] DEBUG GameScene            - Removed MainViewComponent
13:59:34.338 [JavaFX Application Thread] DEBUG GameScene            - Entity added to scene
13:59:34.338 [JavaFX Application Thread] DEBUG GameScene            - Added MainViewComponent
13:59:34.339 [JavaFX Application Thread] DEBUG GameScene            - Entity removed from scene
13:59:34.339 [JavaFX Application Thread] DEBUG GameScene            - Removed MainViewComponent
13:59:34.354 [JavaFX Application Thread] DEBUG GameScene            - Entity added to scene
13:59:34.354 [JavaFX Application Thread] DEBUG GameScene            - Added MainViewComponent
13:59:34.355 [JavaFX Application Thread] DEBUG GameScene            - Entity removed from scene
13:59:34.355 [JavaFX Application Thread] DEBUG GameScene            - Removed MainViewComponent
13:59:34.371 [JavaFX Application Thread] DEBUG GameScene            - Entity added to scene
13:59:34.371 [JavaFX Application Thread] DEBUG GameScene            - Added MainViewComponent
13:59:34.371 [JavaFX Application Thread] DEBUG GameScene            - Entity removed from scene
13:59:34.371 [JavaFX Application Thread] DEBUG GameScene            - Removed MainViewComponent
13:59:34.388 [JavaFX Application Thread] DEBUG GameScene            - Entity added to scene
13:59:34.388 [JavaFX Application Thread] DEBUG GameScene            - Added MainViewComponent
13:59:34.388 [JavaFX Application Thread] DEBUG GameScene            - Entity removed from scene
13:59:34.388 [JavaFX Application Thread] DEBUG GameScene            - Removed MainViewComponent
13:59:34.404 [JavaFX Application Thread] DEBUG GameScene            - Entity added to scene
13:59:34.404 [JavaFX Application Thread] DEBUG GameScene            - Added MainViewComponent
13:59:34.405 [JavaFX Application Thread] DEBUG GameScene            - Entity removed from scene
13:59:34.405 [JavaFX Application Thread] DEBUG GameScene            - Removed MainViewComponent
13:59:34.421 [JavaFX Application Thread] DEBUG GameScene            - Entity added to scene
13:59:34.421 [JavaFX Application Thread] DEBUG GameScene            - Added MainViewComponent
13:59:34.422 [JavaFX Application Thread] DEBUG GameScene            - Entity removed from scene
13:59:34.422 [JavaFX Application Thread] DEBUG GameScene            - Removed MainViewComponent
13:59:34.438 [JavaFX Application Thread] DEBUG GameScene            - Entity added to scene
13:59:34.438 [JavaFX Application Thread] DEBUG GameScene            - Added MainViewComponent
13:59:34.438 [JavaFX Application Thread] DEBUG GameScene            - Entity removed from scene
13:59:34.438 [JavaFX Application Thread] DEBUG GameScene            - Removed MainViewComponent
13:59:34.455 [JavaFX Application Thread] DEBUG GameScene            - Entity added to scene
13:59:34.455 [JavaFX Application Thread] DEBUG GameScene            - Added MainViewComponent
13:59:34.456 [JavaFX Application Thread] DEBUG GameScene            - Entity removed from scene
13:59:34.456 [JavaFX Application Thread] DEBUG GameScene            - Removed MainViewComponent
13:59:34.471 [JavaFX Application Thread] DEBUG GameScene            - Entity added to scene
13:59:34.471 [JavaFX Application Thread] DEBUG GameScene            - Added MainViewComponent
13:59:34.472 [JavaFX Application Thread] DEBUG GameScene            - Entity removed from scene
13:59:34.472 [JavaFX Application Thread] DEBUG GameScene            - Removed MainViewComponent
13:59:34.488 [JavaFX Application Thread] DEBUG GameScene            - Entity added to scene
13:59:34.488 [JavaFX Application Thread] DEBUG GameScene            - Added MainViewComponent
13:59:34.489 [JavaFX Application Thread] DEBUG GameScene            - Entity removed from scene
13:59:34.489 [JavaFX Application Thread] DEBUG GameScene            - Removed MainViewComponent
13:59:34.505 [JavaFX Application Thread] DEBUG GameScene            - Entity added to scene
13:59:34.505 [JavaFX Application Thread] DEBUG GameScene            - Added MainViewComponent
13:59:34.505 [JavaFX Application Thread] DEBUG GameScene            - Entity removed from scene
13:59:34.505 [JavaFX Application Thread] DEBUG GameScene            - Removed MainViewComponent
13:59:34.522 [JavaFX Application Thread] DEBUG GameScene            - Entity added to scene
13:59:34.522 [JavaFX Application Thread] DEBUG GameScene            - Added MainViewComponent
13:59:34.522 [JavaFX Application Thread] DEBUG GameScene            - Entity removed from scene
13:59:34.522 [JavaFX Application Thread] DEBUG GameScene            - Removed MainViewComponent
13:59:34.538 [JavaFX Application Thread] DEBUG GameScene            - Entity added to scene
13:59:34.538 [JavaFX Application Thread] DEBUG GameScene            - Added MainViewComponent
13:59:34.539 [JavaFX Application Thread] DEBUG GameScene            - Entity removed from scene
13:59:34.539 [JavaFX Application Thread] DEBUG GameScene            - Removed MainViewComponent
13:59:34.555 [JavaFX Application Thread] DEBUG GameScene            - Entity added to scene
13:59:34.556 [JavaFX Application Thread] DEBUG GameScene            - Added MainViewComponent
13:59:34.556 [JavaFX Application Thread] DEBUG GameScene            - Entity removed from scene
13:59:34.557 [JavaFX Application Thread] DEBUG GameScene            - Removed MainViewComponent
13:59:34.572 [JavaFX Application Thread] DEBUG GameScene            - Entity added to scene
13:59:34.572 [JavaFX Application Thread] DEBUG GameScene            - Added MainViewComponent
13:59:34.573 [JavaFX Application Thread] DEBUG GameScene            - Entity removed from scene
13:59:34.573 [JavaFX Application Thread] DEBUG GameScene            - Removed MainViewComponent
13:59:34.588 [JavaFX Application Thread] DEBUG GameScene            - Entity added to scene
13:59:34.589 [JavaFX Application Thread] DEBUG GameScene            - Added MainViewComponent
13:59:34.589 [JavaFX Application Thread] DEBUG GameScene            - Entity removed from scene
13:59:34.589 [JavaFX Application Thread] DEBUG GameScene            - Removed MainViewComponent
13:59:34.605 [JavaFX Application Thread] DEBUG GameScene            - Entity added to scene
13:59:34.605 [JavaFX Application Thread] DEBUG GameScene            - Added MainViewComponent
13:59:34.606 [JavaFX Application Thread] DEBUG GameScene            - Entity removed from scene
13:59:34.606 [JavaFX Application Thread] DEBUG GameScene            - Removed MainViewComponent
13:59:34.622 [JavaFX Application Thread] DEBUG GameScene            - Entity added to scene
13:59:34.622 [JavaFX Application Thread] DEBUG GameScene            - Added MainViewComponent
13:59:34.623 [JavaFX Application Thread] DEBUG GameScene            - Entity removed from scene
13:59:34.623 [JavaFX Application Thread] DEBUG GameScene            - Removed MainViewComponent
13:59:34.639 [JavaFX Application Thread] DEBUG GameScene            - Entity added to scene
13:59:34.639 [JavaFX Application Thread] DEBUG GameScene            - Added MainViewComponent
13:59:34.639 [JavaFX Application Thread] DEBUG GameScene            - Entity removed from scene
13:59:34.640 [JavaFX Application Thread] DEBUG GameScene            - Removed MainViewComponent
13:59:34.656 [JavaFX Application Thread] DEBUG GameScene            - Entity added to scene
13:59:34.656 [JavaFX Application Thread] DEBUG GameScene            - Added MainViewComponent
13:59:34.656 [JavaFX Application Thread] DEBUG GameScene            - Entity removed from scene
13:59:34.656 [JavaFX Application Thread] DEBUG GameScene            - Removed MainViewComponent
13:59:34.672 [JavaFX Application Thread] DEBUG GameScene            - Entity added to scene
13:59:34.672 [JavaFX Application Thread] DEBUG GameScene            - Added MainViewComponent
13:59:34.673 [JavaFX Application Thread] DEBUG GameScene            - Entity removed from scene
13:59:34.673 [JavaFX Application Thread] DEBUG GameScene            - Removed MainViewComponent
13:59:34.689 [JavaFX Application Thread] DEBUG GameScene            - Entity added to scene
13:59:34.689 [JavaFX Application Thread] DEBUG GameScene            - Added MainViewComponent
13:59:34.690 [JavaFX Application Thread] DEBUG GameScene            - Entity removed from scene
13:59:34.690 [JavaFX Application Thread] DEBUG GameScene            - Removed MainViewComponent
13:59:34.706 [JavaFX Application Thread] DEBUG GameScene            - Entity added to scene
13:59:34.706 [JavaFX Application Thread] DEBUG GameScene            - Added MainViewComponent
13:59:34.706 [JavaFX Application Thread] DEBUG GameScene            - Entity removed from scene
13:59:34.706 [JavaFX Application Thread] DEBUG GameScene            - Removed MainViewComponent
13:59:34.723 [JavaFX Application Thread] DEBUG GameScene            - Entity added to scene
13:59:34.723 [JavaFX Application Thread] DEBUG GameScene            - Added MainViewComponent
13:59:34.724 [JavaFX Application Thread] DEBUG GameScene            - Entity removed from scene
13:59:34.724 [JavaFX Application Thread] DEBUG GameScene            - Removed MainViewComponent
13:59:34.739 [JavaFX Application Thread] DEBUG GameScene            - Entity added to scene
13:59:34.740 [JavaFX Application Thread] DEBUG GameScene            - Added MainViewComponent
13:59:34.740 [JavaFX Application Thread] DEBUG GameScene            - Entity removed from scene
13:59:34.740 [JavaFX Application Thread] DEBUG GameScene            - Removed MainViewComponent
13:59:34.756 [JavaFX Application Thread] DEBUG GameScene            - Entity added to scene
13:59:34.756 [JavaFX Application Thread] DEBUG GameScene            - Added MainViewComponent
13:59:34.757 [JavaFX Application Thread] DEBUG GameScene            - Entity removed from scene
13:59:34.757 [JavaFX Application Thread] DEBUG GameScene            - Removed MainViewComponent
13:59:34.772 [JavaFX Application Thread] DEBUG GameScene            - Entity added to scene
13:59:34.773 [JavaFX Application Thread] DEBUG GameScene            - Added MainViewComponent
13:59:34.773 [JavaFX Application Thread] DEBUG GameScene            - Entity removed from scene
13:59:34.773 [JavaFX Application Thread] DEBUG GameScene            - Removed MainViewComponent
13:59:34.790 [JavaFX Application Thread] DEBUG GameScene            - Entity added to scene
13:59:34.790 [JavaFX Application Thread] DEBUG GameScene            - Added MainViewComponent
13:59:34.790 [JavaFX Application Thread] DEBUG GameScene            - Entity removed from scene
13:59:34.790 [JavaFX Application Thread] DEBUG GameScene            - Removed MainViewComponent
13:59:34.806 [JavaFX Application Thread] DEBUG GameScene            - Entity added to scene
13:59:34.806 [JavaFX Application Thread] DEBUG GameScene            - Added MainViewComponent
13:59:34.807 [JavaFX Application Thread] DEBUG GameScene            - Entity removed from scene
13:59:34.807 [JavaFX Application Thread] DEBUG GameScene            - Removed MainViewComponent
13:59:34.823 [JavaFX Application Thread] DEBUG GameScene            - Entity added to scene
13:59:34.824 [JavaFX Application Thread] DEBUG GameScene            - Added MainViewComponent
13:59:34.824 [JavaFX Application Thread] DEBUG GameScene            - Entity removed from scene
13:59:34.824 [JavaFX Application Thread] DEBUG GameScene            - Removed MainViewComponent
13:59:34.840 [JavaFX Application Thread] DEBUG GameScene            - Entity added to scene
13:59:34.840 [JavaFX Application Thread] DEBUG GameScene            - Added MainViewComponent
13:59:34.841 [JavaFX Application Thread] DEBUG GameScene            - Entity removed from scene
13:59:34.841 [JavaFX Application Thread] DEBUG GameScene            - Removed MainViewComponent
13:59:34.857 [JavaFX Application Thread] DEBUG GameScene            - Entity added to scene
13:59:34.857 [JavaFX Application Thread] DEBUG GameScene            - Added MainViewComponent
13:59:34.858 [JavaFX Application Thread] DEBUG GameScene            - Entity removed from scene
13:59:34.858 [JavaFX Application Thread] DEBUG GameScene            - Removed MainViewComponent
13:59:34.874 [JavaFX Application Thread] DEBUG GameScene            - Entity added to scene
13:59:34.874 [JavaFX Application Thread] DEBUG GameScene            - Added MainViewComponent
13:59:34.875 [JavaFX Application Thread] DEBUG GameScene            - Entity removed from scene
13:59:34.875 [JavaFX Application Thread] DEBUG GameScene            - Removed MainViewComponent
13:59:34.890 [JavaFX Application Thread] DEBUG GameScene            - Entity added to scene
13:59:34.891 [JavaFX Application Thread] DEBUG GameScene            - Added MainViewComponent
13:59:34.891 [JavaFX Application Thread] DEBUG GameScene            - Entity removed from scene
13:59:34.892 [JavaFX Application Thread] DEBUG GameScene            - Removed MainViewComponent
13:59:34.907 [JavaFX Application Thread] DEBUG GameScene            - Entity added to scene
13:59:34.907 [JavaFX Application Thread] DEBUG GameScene            - Added MainViewComponent
13:59:34.908 [JavaFX Application Thread] DEBUG GameScene            - Entity removed from scene
13:59:34.908 [JavaFX Application Thread] DEBUG GameScene            - Removed MainViewComponent
13:59:34.924 [JavaFX Application Thread] DEBUG GameScene            - Entity added to scene
13:59:34.924 [JavaFX Application Thread] DEBUG GameScene            - Added MainViewComponent
13:59:34.925 [JavaFX Application Thread] DEBUG GameScene            - Entity removed from scene
13:59:34.925 [JavaFX Application Thread] DEBUG GameScene            - Removed MainViewComponent
13:59:34.941 [JavaFX Application Thread] DEBUG GameScene            - Entity added to scene
13:59:34.941 [JavaFX Application Thread] DEBUG GameScene            - Added MainViewComponent
13:59:34.942 [JavaFX Application Thread] DEBUG GameScene            - Entity removed from scene
13:59:34.942 [JavaFX Application Thread] DEBUG GameScene            - Removed MainViewComponent
13:59:34.957 [JavaFX Application Thread] DEBUG GameScene            - Entity added to scene
13:59:34.957 [JavaFX Application Thread] DEBUG GameScene            - Added MainViewComponent
13:59:34.958 [JavaFX Application Thread] DEBUG GameScene            - Entity removed from scene
13:59:34.958 [JavaFX Application Thread] DEBUG GameScene            - Removed MainViewComponent
13:59:34.974 [JavaFX Application Thread] DEBUG GameScene            - Entity added to scene
13:59:34.974 [JavaFX Application Thread] DEBUG GameScene            - Added MainViewComponent
13:59:34.975 [JavaFX Application Thread] DEBUG GameScene            - Entity removed from scene
13:59:34.975 [JavaFX Application Thread] DEBUG GameScene            - Removed MainViewComponent
13:59:34.991 [JavaFX Application Thread] DEBUG GameScene            - Entity added to scene
13:59:34.991 [JavaFX Application Thread] DEBUG GameScene            - Added MainViewComponent
13:59:34.992 [JavaFX Application Thread] DEBUG GameScene            - Entity removed from scene
13:59:34.992 [JavaFX Application Thread] DEBUG GameScene            - Removed MainViewComponent
13:59:35.008 [JavaFX Application Thread] DEBUG GameScene            - Entity added to scene
13:59:35.008 [JavaFX Application Thread] DEBUG GameScene            - Added MainViewComponent
13:59:35.008 [JavaFX Application Thread] DEBUG GameScene            - Entity removed from scene
13:59:35.008 [JavaFX Application Thread] DEBUG GameScene            - Removed MainViewComponent
13:59:35.024 [JavaFX Application Thread] DEBUG GameScene            - Entity added to scene
13:59:35.024 [JavaFX Application Thread] DEBUG GameScene            - Added MainViewComponent
13:59:35.025 [JavaFX Application Thread] DEBUG GameScene            - Entity removed from scene
13:59:35.025 [JavaFX Application Thread] DEBUG GameScene            - Removed MainViewComponent
13:59:35.041 [JavaFX Application Thread] DEBUG GameScene            - Entity added to scene
13:59:35.041 [JavaFX Application Thread] DEBUG GameScene            - Added MainViewComponent
13:59:35.042 [JavaFX Application Thread] DEBUG GameScene            - Entity removed from scene
13:59:35.042 [JavaFX Application Thread] DEBUG GameScene            - Removed MainViewComponent
13:59:35.058 [JavaFX Application Thread] DEBUG GameScene            - Entity added to scene
13:59:35.058 [JavaFX Application Thread] DEBUG GameScene            - Added MainViewComponent
13:59:35.059 [JavaFX Application Thread] DEBUG GameScene            - Entity removed from scene
13:59:35.059 [JavaFX Application Thread] DEBUG GameScene            - Removed MainViewComponent
13:59:35.075 [JavaFX Application Thread] DEBUG GameScene            - Entity added to scene
13:59:35.075 [JavaFX Application Thread] DEBUG GameScene            - Added MainViewComponent
13:59:35.076 [JavaFX Application Thread] DEBUG GameScene            - Entity removed from scene
13:59:35.076 [JavaFX Application Thread] DEBUG GameScene            - Removed MainViewComponent
13:59:35.091 [JavaFX Application Thread] DEBUG GameScene            - Entity added to scene
13:59:35.092 [JavaFX Application Thread] DEBUG GameScene            - Added MainViewComponent
13:59:35.092 [JavaFX Application Thread] DEBUG GameScene            - Entity removed from scene
13:59:35.092 [JavaFX Application Thread] DEBUG GameScene            - Removed MainViewComponent
13:59:35.109 [JavaFX Application Thread] DEBUG GameScene            - Entity added to scene
13:59:35.109 [JavaFX Application Thread] DEBUG GameScene            - Added MainViewComponent
13:59:35.109 [JavaFX Application Thread] DEBUG GameScene            - Entity removed from scene
13:59:35.109 [JavaFX Application Thread] DEBUG GameScene            - Removed MainViewComponent
13:59:35.125 [JavaFX Application Thread] DEBUG GameScene            - Entity added to scene
13:59:35.125 [JavaFX Application Thread] DEBUG GameScene            - Added MainViewComponent
13:59:35.126 [JavaFX Application Thread] DEBUG GameScene            - Entity removed from scene
13:59:35.126 [JavaFX Application Thread] DEBUG GameScene            - Removed MainViewComponent
13:59:35.142 [JavaFX Application Thread] DEBUG GameScene            - Entity added to scene
13:59:35.142 [JavaFX Application Thread] DEBUG GameScene            - Added MainViewComponent
13:59:35.143 [JavaFX Application Thread] DEBUG GameScene            - Entity removed from scene
13:59:35.143 [JavaFX Application Thread] DEBUG GameScene            - Removed MainViewComponent
13:59:35.159 [JavaFX Application Thread] DEBUG GameScene            - Entity added to scene
13:59:35.159 [JavaFX Application Thread] DEBUG GameScene            - Added MainViewComponent
13:59:35.159 [JavaFX Application Thread] DEBUG GameScene            - Entity removed from scene
13:59:35.159 [JavaFX Application Thread] DEBUG GameScene            - Removed MainViewComponent
13:59:35.175 [JavaFX Application Thread] DEBUG GameScene            - Entity added to scene
13:59:35.175 [JavaFX Application Thread] DEBUG GameScene            - Added MainViewComponent
13:59:35.176 [JavaFX Application Thread] DEBUG GameScene            - Entity removed from scene
13:59:35.176 [JavaFX Application Thread] DEBUG GameScene            - Removed MainViewComponent
13:59:35.192 [JavaFX Application Thread] DEBUG GameScene            - Entity added to scene
13:59:35.192 [JavaFX Application Thread] DEBUG GameScene            - Added MainViewComponent
13:59:35.193 [JavaFX Application Thread] DEBUG GameScene            - Entity removed from scene
13:59:35.193 [JavaFX Application Thread] DEBUG GameScene            - Removed MainViewComponent
13:59:35.209 [JavaFX Application Thread] DEBUG GameScene            - Entity added to scene
13:59:35.209 [JavaFX Application Thread] DEBUG GameScene            - Added MainViewComponent
13:59:35.210 [JavaFX Application Thread] DEBUG GameScene            - Entity removed from scene
13:59:35.210 [JavaFX Application Thread] DEBUG GameScene            - Removed MainViewComponent
13:59:35.225 [JavaFX Application Thread] DEBUG GameScene            - Entity added to scene
13:59:35.225 [JavaFX Application Thread] DEBUG GameScene            - Added MainViewComponent
13:59:35.226 [JavaFX Application Thread] DEBUG GameScene            - Entity removed from scene
13:59:35.226 [JavaFX Application Thread] DEBUG GameScene            - Removed MainViewComponent
13:59:35.242 [JavaFX Application Thread] DEBUG GameScene            - Entity added to scene
13:59:35.242 [JavaFX Application Thread] DEBUG GameScene            - Added MainViewComponent
13:59:35.243 [JavaFX Application Thread] DEBUG GameScene            - Entity removed from scene
13:59:35.243 [JavaFX Application Thread] DEBUG GameScene            - Removed MainViewComponent
13:59:35.259 [JavaFX Application Thread] DEBUG GameScene            - Entity added to scene
13:59:35.259 [JavaFX Application Thread] DEBUG GameScene            - Added MainViewComponent
13:59:35.260 [JavaFX Application Thread] DEBUG GameScene            - Entity removed from scene
13:59:35.260 [JavaFX Application Thread] DEBUG GameScene            - Removed MainViewComponent
13:59:35.276 [JavaFX Application Thread] DEBUG GameScene            - Entity added to scene
13:59:35.276 [JavaFX Application Thread] DEBUG GameScene            - Added MainViewComponent
13:59:35.276 [JavaFX Application Thread] DEBUG GameScene            - Entity removed from scene
13:59:35.277 [JavaFX Application Thread] DEBUG GameScene            - Removed MainViewComponent
13:59:35.293 [JavaFX Application Thread] DEBUG GameScene            - Entity added to scene
13:59:35.293 [JavaFX Application Thread] DEBUG GameScene            - Added MainViewComponent
13:59:35.294 [JavaFX Application Thread] DEBUG GameScene            - Entity removed from scene
13:59:35.294 [JavaFX Application Thread] DEBUG GameScene            - Removed MainViewComponent
13:59:35.309 [JavaFX Application Thread] DEBUG GameScene            - Entity added to scene
13:59:35.309 [JavaFX Application Thread] DEBUG GameScene            - Added MainViewComponent
13:59:35.310 [JavaFX Application Thread] DEBUG GameScene            - Entity removed from scene
13:59:35.310 [JavaFX Application Thread] DEBUG GameScene            - Removed MainViewComponent
13:59:35.326 [JavaFX Application Thread] DEBUG GameScene            - Entity added to scene
13:59:35.326 [JavaFX Application Thread] DEBUG GameScene            - Added MainViewComponent
13:59:35.326 [JavaFX Application Thread] DEBUG GameScene            - Entity removed from scene
13:59:35.326 [JavaFX Application Thread] DEBUG GameScene            - Removed MainViewComponent
13:59:35.342 [JavaFX Application Thread] DEBUG GameScene            - Entity added to scene
13:59:35.343 [JavaFX Application Thread] DEBUG GameScene            - Added MainViewComponent
13:59:35.344 [JavaFX Application Thread] DEBUG GameScene            - Entity removed from scene
13:59:35.344 [JavaFX Application Thread] DEBUG GameScene            - Removed MainViewComponent
13:59:35.359 [JavaFX Application Thread] DEBUG GameScene            - Entity added to scene
13:59:35.360 [JavaFX Application Thread] DEBUG GameScene            - Added MainViewComponent
13:59:35.360 [JavaFX Application Thread] DEBUG GameScene            - Entity removed from scene
13:59:35.360 [JavaFX Application Thread] DEBUG GameScene            - Removed MainViewComponent
13:59:35.376 [JavaFX Application Thread] DEBUG GameScene            - Entity added to scene
13:59:35.376 [JavaFX Application Thread] DEBUG GameScene            - Added MainViewComponent
13:59:35.377 [JavaFX Application Thread] DEBUG GameScene            - Entity removed from scene
13:59:35.377 [JavaFX Application Thread] DEBUG GameScene            - Removed MainViewComponent
13:59:35.393 [JavaFX Application Thread] DEBUG GameScene            - Entity added to scene
13:59:35.394 [JavaFX Application Thread] DEBUG GameScene            - Added MainViewComponent
13:59:35.394 [JavaFX Application Thread] DEBUG GameScene            - Entity removed from scene
13:59:35.394 [JavaFX Application Thread] DEBUG GameScene            - Removed MainViewComponent
13:59:35.410 [JavaFX Application Thread] DEBUG GameScene            - Entity added to scene
13:59:35.410 [JavaFX Application Thread] DEBUG GameScene            - Added MainViewComponent
13:59:35.411 [JavaFX Application Thread] DEBUG GameScene            - Entity removed from scene
13:59:35.411 [JavaFX Application Thread] DEBUG GameScene            - Removed MainViewComponent
13:59:35.427 [JavaFX Application Thread] DEBUG GameScene            - Entity added to scene
13:59:35.427 [JavaFX Application Thread] DEBUG GameScene            - Added MainViewComponent
13:59:35.428 [JavaFX Application Thread] DEBUG GameScene            - Entity removed from scene
13:59:35.428 [JavaFX Application Thread] DEBUG GameScene            - Removed MainViewComponent
13:59:35.444 [JavaFX Application Thread] DEBUG GameScene            - Entity added to scene
13:59:35.444 [JavaFX Application Thread] DEBUG GameScene            - Added MainViewComponent
13:59:35.444 [JavaFX Application Thread] DEBUG GameScene            - Entity removed from scene
13:59:35.445 [JavaFX Application Thread] DEBUG GameScene            - Removed MainViewComponent
13:59:35.460 [JavaFX Application Thread] DEBUG GameScene            - Entity added to scene
13:59:35.460 [JavaFX Application Thread] DEBUG GameScene            - Added MainViewComponent
13:59:35.461 [JavaFX Application Thread] DEBUG GameScene            - Entity removed from scene
13:59:35.461 [JavaFX Application Thread] DEBUG GameScene            - Removed MainViewComponent
13:59:35.477 [JavaFX Application Thread] DEBUG GameScene            - Entity added to scene
13:59:35.477 [JavaFX Application Thread] DEBUG GameScene            - Added MainViewComponent
13:59:35.477 [JavaFX Application Thread] DEBUG GameScene            - Entity removed from scene
13:59:35.478 [JavaFX Application Thread] DEBUG GameScene            - Removed MainViewComponent
13:59:35.494 [JavaFX Application Thread] DEBUG GameScene            - Entity added to scene
13:59:35.494 [JavaFX Application Thread] DEBUG GameScene            - Added MainViewComponent
13:59:35.494 [JavaFX Application Thread] DEBUG GameScene            - Entity removed from scene
13:59:35.494 [JavaFX Application Thread] DEBUG GameScene            - Removed MainViewComponent
13:59:35.510 [JavaFX Application Thread] DEBUG GameScene            - Entity added to scene
13:59:35.510 [JavaFX Application Thread] DEBUG GameScene            - Added MainViewComponent
13:59:35.511 [JavaFX Application Thread] DEBUG GameScene            - Entity removed from scene
13:59:35.511 [JavaFX Application Thread] DEBUG GameScene            - Removed MainViewComponent
13:59:35.527 [JavaFX Application Thread] DEBUG GameScene            - Entity added to scene
13:59:35.528 [JavaFX Application Thread] DEBUG GameScene            - Added MainViewComponent
13:59:35.528 [JavaFX Application Thread] DEBUG GameScene            - Entity removed from scene
13:59:35.528 [JavaFX Application Thread] DEBUG GameScene            - Removed MainViewComponent
13:59:35.544 [JavaFX Application Thread] DEBUG GameScene            - Entity added to scene
13:59:35.544 [JavaFX Application Thread] DEBUG GameScene            - Added MainViewComponent
13:59:35.545 [JavaFX Application Thread] DEBUG GameScene            - Entity removed from scene
13:59:35.545 [JavaFX Application Thread] DEBUG GameScene            - Removed MainViewComponent
13:59:35.561 [JavaFX Application Thread] DEBUG GameScene            - Entity added to scene
13:59:35.561 [JavaFX Application Thread] DEBUG GameScene            - Added MainViewComponent
13:59:35.562 [JavaFX Application Thread] DEBUG GameScene            - Entity removed from scene
13:59:35.562 [JavaFX Application Thread] DEBUG GameScene            - Removed MainViewComponent
13:59:35.577 [JavaFX Application Thread] DEBUG GameScene            - Entity added to scene
13:59:35.577 [JavaFX Application Thread] DEBUG GameScene            - Added MainViewComponent
13:59:35.578 [JavaFX Application Thread] DEBUG GameScene            - Entity removed from scene
13:59:35.578 [JavaFX Application Thread] DEBUG GameScene            - Removed MainViewComponent
13:59:35.594 [JavaFX Application Thread] DEBUG GameScene            - Entity added to scene
13:59:35.594 [JavaFX Application Thread] DEBUG GameScene            - Added MainViewComponent
13:59:35.595 [JavaFX Application Thread] DEBUG GameScene            - Entity removed from scene
13:59:35.595 [JavaFX Application Thread] DEBUG GameScene            - Removed MainViewComponent
13:59:35.611 [JavaFX Application Thread] DEBUG GameScene            - Entity added to scene
13:59:35.611 [JavaFX Application Thread] DEBUG GameScene            - Added MainViewComponent
13:59:35.612 [JavaFX Application Thread] DEBUG GameScene            - Entity removed from scene
13:59:35.612 [JavaFX Application Thread] DEBUG GameScene            - Removed MainViewComponent
13:59:35.628 [JavaFX Application Thread] DEBUG GameScene            - Entity added to scene
13:59:35.629 [JavaFX Application Thread] DEBUG GameScene            - Added MainViewComponent
13:59:35.629 [JavaFX Application Thread] DEBUG GameScene            - Entity removed from scene
13:59:35.630 [JavaFX Application Thread] DEBUG GameScene            - Removed MainViewComponent
13:59:35.644 [JavaFX Application Thread] DEBUG GameScene            - Entity added to scene
13:59:35.645 [JavaFX Application Thread] DEBUG GameScene            - Added MainViewComponent
13:59:35.645 [JavaFX Application Thread] DEBUG GameScene            - Entity removed from scene
13:59:35.645 [JavaFX Application Thread] DEBUG GameScene            - Removed MainViewComponent
13:59:35.661 [JavaFX Application Thread] DEBUG GameScene            - Entity added to scene
13:59:35.661 [JavaFX Application Thread] DEBUG GameScene            - Added MainViewComponent
13:59:35.662 [JavaFX Application Thread] DEBUG GameScene            - Entity removed from scene
13:59:35.662 [JavaFX Application Thread] DEBUG GameScene            - Removed MainViewComponent
13:59:35.678 [JavaFX Application Thread] DEBUG GameScene            - Entity added to scene
13:59:35.678 [JavaFX Application Thread] DEBUG GameScene            - Added MainViewComponent
13:59:35.678 [JavaFX Application Thread] DEBUG GameScene            - Entity removed from scene
13:59:35.679 [JavaFX Application Thread] DEBUG GameScene            - Removed MainViewComponent
13:59:35.694 [JavaFX Application Thread] DEBUG GameScene            - Entity added to scene
13:59:35.694 [JavaFX Application Thread] DEBUG GameScene            - Added MainViewComponent
13:59:35.695 [JavaFX Application Thread] DEBUG GameScene            - Entity removed from scene
13:59:35.695 [JavaFX Application Thread] DEBUG GameScene            - Removed MainViewComponent
13:59:35.711 [JavaFX Application Thread] DEBUG GameScene            - Entity added to scene
13:59:35.711 [JavaFX Application Thread] DEBUG GameScene            - Added MainViewComponent
13:59:35.711 [JavaFX Application Thread] DEBUG GameScene            - Entity removed from scene
13:59:35.711 [JavaFX Application Thread] DEBUG GameScene            - Removed MainViewComponent
13:59:35.727 [JavaFX Application Thread] DEBUG GameScene            - Entity added to scene
13:59:35.728 [JavaFX Application Thread] DEBUG GameScene            - Added MainViewComponent
13:59:35.728 [JavaFX Application Thread] DEBUG GameScene            - Entity removed from scene
13:59:35.728 [JavaFX Application Thread] DEBUG GameScene            - Removed MainViewComponent
13:59:35.745 [JavaFX Application Thread] DEBUG GameScene            - Entity added to scene
13:59:35.745 [JavaFX Application Thread] DEBUG GameScene            - Added MainViewComponent
13:59:35.745 [JavaFX Application Thread] DEBUG GameScene            - Entity removed from scene
13:59:35.745 [JavaFX Application Thread] DEBUG GameScene            - Removed MainViewComponent
13:59:35.761 [JavaFX Application Thread] DEBUG GameScene            - Entity added to scene
13:59:35.761 [JavaFX Application Thread] DEBUG GameScene            - Added MainViewComponent
13:59:35.762 [JavaFX Application Thread] DEBUG GameScene            - Entity removed from scene
13:59:35.762 [JavaFX Application Thread] DEBUG GameScene            - Removed MainViewComponent
13:59:35.778 [JavaFX Application Thread] DEBUG GameScene            - Entity added to scene
13:59:35.778 [JavaFX Application Thread] DEBUG GameScene            - Added MainViewComponent
13:59:35.779 [JavaFX Application Thread] DEBUG GameScene            - Entity removed from scene
13:59:35.779 [JavaFX Application Thread] DEBUG GameScene            - Removed MainViewComponent
13:59:35.795 [JavaFX Application Thread] DEBUG GameScene            - Entity added to scene
13:59:35.795 [JavaFX Application Thread] DEBUG GameScene            - Added MainViewComponent
13:59:35.796 [JavaFX Application Thread] DEBUG GameScene            - Entity removed from scene
13:59:35.796 [JavaFX Application Thread] DEBUG GameScene            - Removed MainViewComponent
13:59:35.812 [JavaFX Application Thread] DEBUG GameScene            - Entity added to scene
13:59:35.812 [JavaFX Application Thread] DEBUG GameScene            - Added MainViewComponent
13:59:35.813 [JavaFX Application Thread] DEBUG GameScene            - Entity removed from scene
13:59:35.813 [JavaFX Application Thread] DEBUG GameScene            - Removed MainViewComponent
13:59:35.828 [JavaFX Application Thread] DEBUG GameScene            - Entity added to scene
13:59:35.828 [JavaFX Application Thread] DEBUG GameScene            - Added MainViewComponent
13:59:35.829 [JavaFX Application Thread] DEBUG GameScene            - Entity removed from scene
13:59:35.829 [JavaFX Application Thread] DEBUG GameScene            - Removed MainViewComponent
13:59:35.846 [JavaFX Application Thread] DEBUG GameScene            - Entity added to scene
13:59:35.846 [JavaFX Application Thread] DEBUG GameScene            - Added MainViewComponent
13:59:35.846 [JavaFX Application Thread] DEBUG GameScene            - Entity removed from scene
13:59:35.846 [JavaFX Application Thread] DEBUG GameScene            - Removed MainViewComponent
13:59:35.862 [JavaFX Application Thread] DEBUG GameScene            - Entity added to scene
13:59:35.862 [JavaFX Application Thread] DEBUG GameScene            - Added MainViewComponent
13:59:35.863 [JavaFX Application Thread] DEBUG GameScene            - Entity removed from scene
13:59:35.863 [JavaFX Application Thread] DEBUG GameScene            - Removed MainViewComponent
13:59:35.879 [JavaFX Application Thread] DEBUG GameScene            - Entity added to scene
13:59:35.879 [JavaFX Application Thread] DEBUG GameScene            - Added MainViewComponent
13:59:35.879 [JavaFX Application Thread] DEBUG GameScene            - Entity removed from scene
13:59:35.880 [JavaFX Application Thread] DEBUG GameScene            - Removed MainViewComponent
13:59:35.896 [JavaFX Application Thread] DEBUG GameScene            - Entity added to scene
13:59:35.896 [JavaFX Application Thread] DEBUG GameScene            - Added MainViewComponent
13:59:35.897 [JavaFX Application Thread] DEBUG GameScene            - Entity removed from scene
13:59:35.897 [JavaFX Application Thread] DEBUG GameScene            - Removed MainViewComponent
13:59:35.912 [JavaFX Application Thread] DEBUG GameScene            - Entity added to scene
13:59:35.913 [JavaFX Application Thread] DEBUG GameScene            - Added MainViewComponent
13:59:35.913 [JavaFX Application Thread] DEBUG GameScene            - Entity removed from scene
13:59:35.913 [JavaFX Application Thread] DEBUG GameScene            - Removed MainViewComponent
13:59:35.929 [JavaFX Application Thread] DEBUG GameScene            - Entity added to scene
13:59:35.929 [JavaFX Application Thread] DEBUG GameScene            - Added MainViewComponent
13:59:35.930 [JavaFX Application Thread] DEBUG GameScene            - Entity removed from scene
13:59:35.930 [JavaFX Application Thread] DEBUG GameScene            - Removed MainViewComponent
13:59:35.946 [JavaFX Application Thread] DEBUG GameScene            - Entity added to scene
13:59:35.946 [JavaFX Application Thread] DEBUG GameScene            - Added MainViewComponent
13:59:35.947 [JavaFX Application Thread] DEBUG GameScene            - Entity removed from scene
13:59:35.947 [JavaFX Application Thread] DEBUG GameScene            - Removed MainViewComponent
13:59:35.963 [JavaFX Application Thread] DEBUG GameScene            - Entity added to scene
13:59:35.963 [JavaFX Application Thread] DEBUG GameScene            - Added MainViewComponent
13:59:35.963 [JavaFX Application Thread] DEBUG GameScene            - Entity removed from scene
13:59:35.963 [JavaFX Application Thread] DEBUG GameScene            - Removed MainViewComponent
13:59:35.979 [JavaFX Application Thread] DEBUG GameScene            - Entity added to scene
13:59:35.980 [JavaFX Application Thread] DEBUG GameScene            - Added MainViewComponent
13:59:35.980 [JavaFX Application Thread] DEBUG GameScene            - Entity removed from scene
13:59:35.980 [JavaFX Application Thread] DEBUG GameScene            - Removed MainViewComponent
13:59:35.996 [JavaFX Application Thread] DEBUG GameScene            - Entity added to scene
13:59:35.997 [JavaFX Application Thread] DEBUG GameScene            - Added MainViewComponent
13:59:35.997 [JavaFX Application Thread] DEBUG GameScene            - Entity removed from scene
13:59:35.997 [JavaFX Application Thread] DEBUG GameScene            - Removed MainViewComponent
13:59:36.013 [JavaFX Application Thread] DEBUG GameScene            - Entity added to scene
13:59:36.013 [JavaFX Application Thread] DEBUG GameScene            - Added MainViewComponent
13:59:36.013 [JavaFX Application Thread] DEBUG GameScene            - Entity removed from scene
13:59:36.014 [JavaFX Application Thread] DEBUG GameScene            - Removed MainViewComponent
13:59:36.030 [JavaFX Application Thread] DEBUG GameScene            - Entity added to scene
13:59:36.030 [JavaFX Application Thread] DEBUG GameScene            - Added MainViewComponent
13:59:36.030 [JavaFX Application Thread] DEBUG GameScene            - Entity removed from scene
13:59:36.030 [JavaFX Application Thread] DEBUG GameScene            - Removed MainViewComponent
13:59:36.046 [JavaFX Application Thread] DEBUG GameScene            - Entity added to scene
13:59:36.047 [JavaFX Application Thread] DEBUG GameScene            - Added MainViewComponent
13:59:36.047 [JavaFX Application Thread] DEBUG GameScene            - Entity removed from scene
13:59:36.047 [JavaFX Application Thread] DEBUG GameScene            - Removed MainViewComponent
13:59:36.063 [JavaFX Application Thread] DEBUG GameScene            - Entity added to scene
13:59:36.063 [JavaFX Application Thread] DEBUG GameScene            - Added MainViewComponent
13:59:36.064 [JavaFX Application Thread] DEBUG GameScene            - Entity removed from scene
13:59:36.064 [JavaFX Application Thread] DEBUG GameScene            - Removed MainViewComponent
13:59:36.080 [JavaFX Application Thread] DEBUG GameScene            - Entity added to scene
13:59:36.080 [JavaFX Application Thread] DEBUG GameScene            - Added MainViewComponent
13:59:36.081 [JavaFX Application Thread] DEBUG GameScene            - Entity removed from scene
13:59:36.081 [JavaFX Application Thread] DEBUG GameScene            - Removed MainViewComponent
13:59:36.097 [JavaFX Application Thread] DEBUG GameScene            - Entity added to scene
13:59:36.097 [JavaFX Application Thread] DEBUG GameScene            - Added MainViewComponent
13:59:36.097 [JavaFX Application Thread] DEBUG GameScene            - Entity removed from scene
13:59:36.098 [JavaFX Application Thread] DEBUG GameScene            - Removed MainViewComponent
13:59:36.113 [JavaFX Application Thread] DEBUG GameScene            - Entity added to scene
13:59:36.114 [JavaFX Application Thread] DEBUG GameScene            - Added MainViewComponent
13:59:36.114 [JavaFX Application Thread] DEBUG GameScene            - Entity removed from scene
13:59:36.114 [JavaFX Application Thread] DEBUG GameScene            - Removed MainViewComponent
13:59:36.130 [JavaFX Application Thread] DEBUG GameScene            - Entity added to scene
13:59:36.130 [JavaFX Application Thread] DEBUG GameScene            - Added MainViewComponent
13:59:36.131 [JavaFX Application Thread] DEBUG GameScene            - Entity removed from scene
13:59:36.131 [JavaFX Application Thread] DEBUG GameScene            - Removed MainViewComponent
13:59:36.147 [JavaFX Application Thread] DEBUG GameScene            - Entity added to scene
13:59:36.147 [JavaFX Application Thread] DEBUG GameScene            - Added MainViewComponent
13:59:36.148 [JavaFX Application Thread] DEBUG GameScene            - Entity removed from scene
13:59:36.148 [JavaFX Application Thread] DEBUG GameScene            - Removed MainViewComponent
13:59:36.164 [JavaFX Application Thread] DEBUG GameScene            - Entity added to scene
13:59:36.164 [JavaFX Application Thread] DEBUG GameScene            - Added MainViewComponent
13:59:36.164 [JavaFX Application Thread] DEBUG GameScene            - Entity removed from scene
13:59:36.164 [JavaFX Application Thread] DEBUG GameScene            - Removed MainViewComponent
13:59:36.180 [JavaFX Application Thread] DEBUG GameScene            - Entity added to scene
13:59:36.181 [JavaFX Application Thread] DEBUG GameScene            - Added MainViewComponent
13:59:36.181 [JavaFX Application Thread] DEBUG GameScene            - Entity removed from scene
13:59:36.181 [JavaFX Application Thread] DEBUG GameScene            - Removed MainViewComponent
13:59:36.197 [JavaFX Application Thread] DEBUG GameScene            - Entity added to scene
13:59:36.197 [JavaFX Application Thread] DEBUG GameScene            - Added MainViewComponent
13:59:36.198 [JavaFX Application Thread] DEBUG GameScene            - Entity removed from scene
13:59:36.198 [JavaFX Application Thread] DEBUG GameScene            - Removed MainViewComponent
13:59:36.214 [JavaFX Application Thread] DEBUG GameScene            - Entity added to scene
13:59:36.214 [JavaFX Application Thread] DEBUG GameScene            - Added MainViewComponent
13:59:36.214 [JavaFX Application Thread] DEBUG GameScene            - Entity removed from scene
13:59:36.215 [JavaFX Application Thread] DEBUG GameScene            - Removed MainViewComponent
13:59:36.231 [JavaFX Application Thread] DEBUG GameScene            - Entity added to scene
13:59:36.232 [JavaFX Application Thread] DEBUG GameScene            - Added MainViewComponent
13:59:36.232 [JavaFX Application Thread] DEBUG GameScene            - Entity removed from scene
13:59:36.232 [JavaFX Application Thread] DEBUG GameScene            - Removed MainViewComponent
13:59:36.249 [JavaFX Application Thread] DEBUG GameScene            - Entity added to scene
13:59:36.249 [JavaFX Application Thread] DEBUG GameScene            - Added MainViewComponent
13:59:36.250 [JavaFX Application Thread] DEBUG GameScene            - Entity removed from scene
13:59:36.250 [JavaFX Application Thread] DEBUG GameScene            - Removed MainViewComponent
13:59:36.265 [JavaFX Application Thread] DEBUG GameScene            - Entity added to scene
13:59:36.265 [JavaFX Application Thread] DEBUG GameScene            - Added MainViewComponent
13:59:36.265 [JavaFX Application Thread] DEBUG GameScene            - Entity removed from scene
13:59:36.266 [JavaFX Application Thread] DEBUG GameScene            - Removed MainViewComponent
13:59:36.284 [JavaFX Application Thread] DEBUG GameScene            - Entity added to scene
13:59:36.284 [JavaFX Application Thread] DEBUG GameScene            - Added MainViewComponent
13:59:36.285 [JavaFX Application Thread] DEBUG GameScene            - Entity removed from scene
13:59:36.285 [JavaFX Application Thread] DEBUG GameScene            - Removed MainViewComponent
13:59:36.297 [JavaFX Application Thread] DEBUG GameScene            - Entity added to scene
13:59:36.297 [JavaFX Application Thread] DEBUG GameScene            - Added MainViewComponent
13:59:36.298 [JavaFX Application Thread] DEBUG GameScene            - Entity removed from scene
13:59:36.298 [JavaFX Application Thread] DEBUG GameScene            - Removed MainViewComponent
13:59:36.314 [JavaFX Application Thread] DEBUG GameScene            - Entity added to scene
13:59:36.314 [JavaFX Application Thread] DEBUG GameScene            - Added MainViewComponent
13:59:36.315 [JavaFX Application Thread] DEBUG GameScene            - Entity removed from scene
13:59:36.315 [JavaFX Application Thread] DEBUG GameScene            - Removed MainViewComponent
13:59:36.331 [JavaFX Application Thread] DEBUG GameScene            - Entity added to scene
13:59:36.332 [JavaFX Application Thread] DEBUG GameScene            - Added MainViewComponent
13:59:36.332 [JavaFX Application Thread] DEBUG GameScene            - Entity removed from scene
13:59:36.332 [JavaFX Application Thread] DEBUG GameScene            - Removed MainViewComponent
13:59:36.348 [JavaFX Application Thread] DEBUG GameScene            - Entity added to scene
13:59:36.348 [JavaFX Application Thread] DEBUG GameScene            - Added MainViewComponent
13:59:36.349 [JavaFX Application Thread] DEBUG GameScene            - Entity removed from scene
13:59:36.349 [JavaFX Application Thread] DEBUG GameScene            - Removed MainViewComponent
13:59:36.365 [JavaFX Application Thread] DEBUG GameScene            - Entity added to scene
13:59:36.365 [JavaFX Application Thread] DEBUG GameScene            - Added MainViewComponent
13:59:36.365 [JavaFX Application Thread] DEBUG GameScene            - Entity removed from scene
13:59:36.366 [JavaFX Application Thread] DEBUG GameScene            - Removed MainViewComponent
13:59:36.381 [JavaFX Application Thread] DEBUG GameScene            - Entity added to scene
13:59:36.381 [JavaFX Application Thread] DEBUG GameScene            - Added MainViewComponent
13:59:36.382 [JavaFX Application Thread] DEBUG GameScene            - Entity removed from scene
13:59:36.382 [JavaFX Application Thread] DEBUG GameScene            - Removed MainViewComponent
13:59:36.398 [JavaFX Application Thread] DEBUG GameScene            - Entity added to scene
13:59:36.398 [JavaFX Application Thread] DEBUG GameScene            - Added MainViewComponent
13:59:36.399 [JavaFX Application Thread] DEBUG GameScene            - Entity removed from scene
13:59:36.399 [JavaFX Application Thread] DEBUG GameScene            - Removed MainViewComponent
13:59:36.415 [JavaFX Application Thread] DEBUG GameScene            - Entity added to scene
13:59:36.415 [JavaFX Application Thread] DEBUG GameScene            - Added MainViewComponent
13:59:36.415 [JavaFX Application Thread] DEBUG GameScene            - Entity removed from scene
13:59:36.415 [JavaFX Application Thread] DEBUG GameScene            - Removed MainViewComponent
13:59:36.431 [JavaFX Application Thread] DEBUG GameScene            - Entity added to scene
13:59:36.432 [JavaFX Application Thread] DEBUG GameScene            - Added MainViewComponent
13:59:36.432 [JavaFX Application Thread] DEBUG GameScene            - Entity removed from scene
13:59:36.433 [JavaFX Application Thread] DEBUG GameScene            - Removed MainViewComponent
13:59:36.448 [JavaFX Application Thread] DEBUG GameScene            - Entity added to scene
13:59:36.448 [JavaFX Application Thread] DEBUG GameScene            - Added MainViewComponent
13:59:36.449 [JavaFX Application Thread] DEBUG GameScene            - Entity removed from scene
13:59:36.449 [JavaFX Application Thread] DEBUG GameScene            - Removed MainViewComponent
13:59:36.466 [JavaFX Application Thread] DEBUG GameScene            - Entity added to scene
13:59:36.466 [JavaFX Application Thread] DEBUG GameScene            - Added MainViewComponent
13:59:36.466 [JavaFX Application Thread] DEBUG GameScene            - Entity removed from scene
13:59:36.466 [JavaFX Application Thread] DEBUG GameScene            - Removed MainViewComponent
13:59:36.482 [JavaFX Application Thread] DEBUG GameScene            - Entity added to scene
13:59:36.483 [JavaFX Application Thread] DEBUG GameScene            - Added MainViewComponent
13:59:36.483 [JavaFX Application Thread] DEBUG GameScene            - Entity removed from scene
13:59:36.483 [JavaFX Application Thread] DEBUG GameScene            - Removed MainViewComponent
13:59:36.499 [JavaFX Application Thread] DEBUG GameScene            - Entity added to scene
13:59:36.499 [JavaFX Application Thread] DEBUG GameScene            - Added MainViewComponent
13:59:36.499 [JavaFX Application Thread] DEBUG GameScene            - Entity removed from scene
13:59:36.499 [JavaFX Application Thread] DEBUG GameScene            - Removed MainViewComponent
13:59:36.516 [JavaFX Application Thread] DEBUG GameScene            - Entity added to scene
13:59:36.516 [JavaFX Application Thread] DEBUG GameScene            - Added MainViewComponent
13:59:36.517 [JavaFX Application Thread] DEBUG GameScene            - Entity removed from scene
13:59:36.517 [JavaFX Application Thread] DEBUG GameScene            - Removed MainViewComponent
13:59:36.533 [JavaFX Application Thread] DEBUG GameScene            - Entity added to scene
13:59:36.533 [JavaFX Application Thread] DEBUG GameScene            - Added MainViewComponent
13:59:36.533 [JavaFX Application Thread] DEBUG GameScene            - Entity removed from scene
13:59:36.533 [JavaFX Application Thread] DEBUG GameScene            - Removed MainViewComponent
13:59:36.550 [JavaFX Application Thread] DEBUG GameScene            - Entity added to scene
13:59:36.550 [JavaFX Application Thread] DEBUG GameScene            - Added MainViewComponent
13:59:36.550 [JavaFX Application Thread] DEBUG GameScene            - Entity removed from scene
13:59:36.550 [JavaFX Application Thread] DEBUG GameScene            - Removed MainViewComponent
13:59:36.566 [JavaFX Application Thread] DEBUG GameScene            - Entity added to scene
13:59:36.566 [JavaFX Application Thread] DEBUG GameScene            - Added MainViewComponent
13:59:36.567 [JavaFX Application Thread] DEBUG GameScene            - Entity removed from scene
13:59:36.567 [JavaFX Application Thread] DEBUG GameScene            - Removed MainViewComponent
13:59:36.582 [JavaFX Application Thread] DEBUG GameScene            - Entity added to scene
13:59:36.583 [JavaFX Application Thread] DEBUG GameScene            - Added MainViewComponent
13:59:36.583 [JavaFX Application Thread] DEBUG GameScene            - Entity removed from scene
13:59:36.583 [JavaFX Application Thread] DEBUG GameScene            - Removed MainViewComponent
13:59:36.599 [JavaFX Application Thread] DEBUG GameScene            - Entity added to scene
13:59:36.599 [JavaFX Application Thread] DEBUG GameScene            - Added MainViewComponent
13:59:36.600 [JavaFX Application Thread] DEBUG GameScene            - Entity removed from scene
13:59:36.600 [JavaFX Application Thread] DEBUG GameScene            - Removed MainViewComponent
13:59:36.616 [JavaFX Application Thread] DEBUG GameScene            - Entity added to scene
13:59:36.616 [JavaFX Application Thread] DEBUG GameScene            - Added MainViewComponent
13:59:36.617 [JavaFX Application Thread] DEBUG GameScene            - Entity removed from scene
13:59:36.617 [JavaFX Application Thread] DEBUG GameScene            - Removed MainViewComponent
13:59:36.633 [JavaFX Application Thread] DEBUG GameScene            - Entity added to scene
13:59:36.633 [JavaFX Application Thread] DEBUG GameScene            - Added MainViewComponent
13:59:36.634 [JavaFX Application Thread] DEBUG GameScene            - Entity removed from scene
13:59:36.634 [JavaFX Application Thread] DEBUG GameScene            - Removed MainViewComponent
13:59:36.649 [JavaFX Application Thread] DEBUG GameScene            - Entity added to scene
13:59:36.649 [JavaFX Application Thread] DEBUG GameScene            - Added MainViewComponent
13:59:36.650 [JavaFX Application Thread] DEBUG GameScene            - Entity removed from scene
13:59:36.650 [JavaFX Application Thread] DEBUG GameScene            - Removed MainViewComponent
13:59:36.666 [JavaFX Application Thread] DEBUG GameScene            - Entity added to scene
13:59:36.666 [JavaFX Application Thread] DEBUG GameScene            - Added MainViewComponent
13:59:36.667 [JavaFX Application Thread] DEBUG GameScene            - Entity removed from scene
13:59:36.667 [JavaFX Application Thread] DEBUG GameScene            - Removed MainViewComponent
13:59:36.683 [JavaFX Application Thread] DEBUG GameScene            - Entity added to scene
13:59:36.683 [JavaFX Application Thread] DEBUG GameScene            - Added MainViewComponent
13:59:36.684 [JavaFX Application Thread] DEBUG GameScene            - Entity removed from scene
13:59:36.684 [JavaFX Application Thread] DEBUG GameScene            - Removed MainViewComponent
13:59:36.700 [JavaFX Application Thread] DEBUG GameScene            - Entity added to scene
13:59:36.700 [JavaFX Application Thread] DEBUG GameScene            - Added MainViewComponent
13:59:36.701 [JavaFX Application Thread] DEBUG GameScene            - Entity removed from scene
13:59:36.701 [JavaFX Application Thread] DEBUG GameScene            - Removed MainViewComponent
13:59:36.717 [JavaFX Application Thread] DEBUG GameScene            - Entity added to scene
13:59:36.717 [JavaFX Application Thread] DEBUG GameScene            - Added MainViewComponent
13:59:36.717 [JavaFX Application Thread] DEBUG GameScene            - Entity removed from scene
13:59:36.717 [JavaFX Application Thread] DEBUG GameScene            - Removed MainViewComponent
13:59:36.734 [JavaFX Application Thread] DEBUG GameScene            - Entity added to scene
13:59:36.734 [JavaFX Application Thread] DEBUG GameScene            - Added MainViewComponent
13:59:36.734 [JavaFX Application Thread] DEBUG GameScene            - Entity removed from scene
13:59:36.734 [JavaFX Application Thread] DEBUG GameScene            - Removed MainViewComponent
13:59:36.751 [JavaFX Application Thread] DEBUG GameScene            - Entity added to scene
13:59:36.751 [JavaFX Application Thread] DEBUG GameScene            - Added MainViewComponent
13:59:36.751 [JavaFX Application Thread] DEBUG GameScene            - Entity removed from scene
13:59:36.751 [JavaFX Application Thread] DEBUG GameScene            - Removed MainViewComponent
13:59:36.766 [JavaFX Application Thread] DEBUG GameScene            - Entity added to scene
13:59:36.766 [JavaFX Application Thread] DEBUG GameScene            - Added MainViewComponent
13:59:36.767 [JavaFX Application Thread] DEBUG GameScene            - Entity removed from scene
13:59:36.767 [JavaFX Application Thread] DEBUG GameScene            - Removed MainViewComponent
13:59:36.783 [JavaFX Application Thread] DEBUG GameScene            - Entity added to scene
13:59:36.783 [JavaFX Application Thread] DEBUG GameScene            - Added MainViewComponent
13:59:36.784 [JavaFX Application Thread] DEBUG GameScene            - Entity removed from scene
13:59:36.784 [JavaFX Application Thread] DEBUG GameScene            - Removed MainViewComponent
13:59:36.800 [JavaFX Application Thread] DEBUG GameScene            - Entity added to scene
13:59:36.800 [JavaFX Application Thread] DEBUG GameScene            - Added MainViewComponent
13:59:36.801 [JavaFX Application Thread] DEBUG GameScene            - Entity removed from scene
13:59:36.801 [JavaFX Application Thread] DEBUG GameScene            - Removed MainViewComponent
13:59:36.817 [JavaFX Application Thread] DEBUG GameScene            - Entity added to scene
13:59:36.817 [JavaFX Application Thread] DEBUG GameScene            - Added MainViewComponent
13:59:36.818 [JavaFX Application Thread] DEBUG GameScene            - Entity removed from scene
13:59:36.818 [JavaFX Application Thread] DEBUG GameScene            - Removed MainViewComponent
13:59:36.834 [JavaFX Application Thread] DEBUG GameScene            - Entity added to scene
13:59:36.834 [JavaFX Application Thread] DEBUG GameScene            - Added MainViewComponent
13:59:36.835 [JavaFX Application Thread] DEBUG GameScene            - Entity removed from scene
13:59:36.835 [JavaFX Application Thread] DEBUG GameScene            - Removed MainViewComponent
13:59:36.851 [JavaFX Application Thread] DEBUG GameScene            - Entity added to scene
13:59:36.851 [JavaFX Application Thread] DEBUG GameScene            - Added MainViewComponent
13:59:36.851 [JavaFX Application Thread] DEBUG GameScene            - Entity removed from scene
13:59:36.852 [JavaFX Application Thread] DEBUG GameScene            - Removed MainViewComponent
13:59:36.867 [JavaFX Application Thread] DEBUG GameScene            - Entity added to scene
13:59:36.867 [JavaFX Application Thread] DEBUG GameScene            - Added MainViewComponent
13:59:36.868 [JavaFX Application Thread] DEBUG GameScene            - Entity removed from scene
13:59:36.868 [JavaFX Application Thread] DEBUG GameScene            - Removed MainViewComponent
13:59:36.885 [JavaFX Application Thread] DEBUG GameScene            - Entity added to scene
13:59:36.885 [JavaFX Application Thread] DEBUG GameScene            - Added MainViewComponent
13:59:36.886 [JavaFX Application Thread] DEBUG GameScene            - Entity removed from scene
13:59:36.886 [JavaFX Application Thread] DEBUG GameScene            - Removed MainViewComponent
13:59:36.901 [JavaFX Application Thread] DEBUG GameScene            - Entity added to scene
13:59:36.901 [JavaFX Application Thread] DEBUG GameScene            - Added MainViewComponent
13:59:36.902 [JavaFX Application Thread] DEBUG GameScene            - Entity removed from scene
13:59:36.902 [JavaFX Application Thread] DEBUG GameScene            - Removed MainViewComponent
13:59:36.918 [JavaFX Application Thread] DEBUG GameScene            - Entity added to scene
13:59:36.918 [JavaFX Application Thread] DEBUG GameScene            - Added MainViewComponent
13:59:36.919 [JavaFX Application Thread] DEBUG GameScene            - Entity removed from scene
13:59:36.919 [JavaFX Application Thread] DEBUG GameScene            - Removed MainViewComponent
13:59:36.934 [JavaFX Application Thread] DEBUG GameScene            - Entity added to scene
13:59:36.935 [JavaFX Application Thread] DEBUG GameScene            - Added MainViewComponent
13:59:36.935 [JavaFX Application Thread] DEBUG GameScene            - Entity removed from scene
13:59:36.935 [JavaFX Application Thread] DEBUG GameScene            - Removed MainViewComponent
13:59:36.951 [JavaFX Application Thread] DEBUG GameScene            - Entity added to scene
13:59:36.951 [JavaFX Application Thread] DEBUG GameScene            - Added MainViewComponent
13:59:36.952 [JavaFX Application Thread] DEBUG GameScene            - Entity removed from scene
13:59:36.952 [JavaFX Application Thread] DEBUG GameScene            - Removed MainViewComponent
13:59:36.968 [JavaFX Application Thread] DEBUG GameScene            - Entity added to scene
13:59:36.968 [JavaFX Application Thread] DEBUG GameScene            - Added MainViewComponent
13:59:36.969 [JavaFX Application Thread] DEBUG GameScene            - Entity removed from scene
13:59:36.969 [JavaFX Application Thread] DEBUG GameScene            - Removed MainViewComponent
13:59:36.986 [JavaFX Application Thread] DEBUG GameScene            - Entity added to scene
13:59:36.986 [JavaFX Application Thread] DEBUG GameScene            - Added MainViewComponent
13:59:36.987 [JavaFX Application Thread] DEBUG GameScene            - Entity removed from scene
13:59:36.987 [JavaFX Application Thread] DEBUG GameScene            - Removed MainViewComponent
13:59:37.001 [JavaFX Application Thread] DEBUG GameScene            - Entity added to scene
13:59:37.002 [JavaFX Application Thread] DEBUG GameScene            - Added MainViewComponent
13:59:37.003 [JavaFX Application Thread] DEBUG GameScene            - Entity removed from scene
13:59:37.003 [JavaFX Application Thread] DEBUG GameScene            - Removed MainViewComponent
13:59:37.018 [JavaFX Application Thread] DEBUG GameScene            - Entity added to scene
13:59:37.019 [JavaFX Application Thread] DEBUG GameScene            - Added MainViewComponent
13:59:37.019 [JavaFX Application Thread] DEBUG GameScene            - Entity removed from scene
13:59:37.019 [JavaFX Application Thread] DEBUG GameScene            - Removed MainViewComponent
13:59:37.035 [JavaFX Application Thread] DEBUG GameScene            - Entity added to scene
13:59:37.035 [JavaFX Application Thread] DEBUG GameScene            - Added MainViewComponent
13:59:37.036 [JavaFX Application Thread] DEBUG GameScene            - Entity removed from scene
13:59:37.036 [JavaFX Application Thread] DEBUG GameScene            - Removed MainViewComponent
13:59:37.052 [JavaFX Application Thread] DEBUG GameScene            - Entity added to scene
13:59:37.052 [JavaFX Application Thread] DEBUG GameScene            - Added MainViewComponent
13:59:37.053 [JavaFX Application Thread] DEBUG GameScene            - Entity removed from scene
13:59:37.053 [JavaFX Application Thread] DEBUG GameScene            - Removed MainViewComponent
13:59:37.068 [JavaFX Application Thread] DEBUG GameScene            - Entity added to scene
13:59:37.069 [JavaFX Application Thread] DEBUG GameScene            - Added MainViewComponent
13:59:37.069 [JavaFX Application Thread] DEBUG GameScene            - Entity removed from scene
13:59:37.069 [JavaFX Application Thread] DEBUG GameScene            - Removed MainViewComponent
13:59:37.086 [JavaFX Application Thread] DEBUG GameScene            - Entity added to scene
13:59:37.087 [JavaFX Application Thread] DEBUG GameScene            - Added MainViewComponent
13:59:37.087 [JavaFX Application Thread] DEBUG GameScene            - Entity removed from scene
13:59:37.087 [JavaFX Application Thread] DEBUG GameScene            - Removed MainViewComponent
13:59:37.103 [JavaFX Application Thread] DEBUG GameScene            - Entity added to scene
13:59:37.103 [JavaFX Application Thread] DEBUG GameScene            - Added MainViewComponent
13:59:37.104 [JavaFX Application Thread] DEBUG GameScene            - Entity removed from scene
13:59:37.104 [JavaFX Application Thread] DEBUG GameScene            - Removed MainViewComponent
13:59:37.237 [JavaFX Application Thread] DEBUG FXGLEventBus         - Firing event: DisplayEvent[type=CLOSE_REQUEST]
13:59:37.238 [JavaFX Application Thread] DEBUG FXGLEventBus         - Firing event: FXGLEvent[type=EXIT]
13:59:37.239 [JavaFX Application Thread] DEBUG FXGL                 - Saving FXGL system data
13:59:37.240 [JavaFX Application Thread] DEBUG IOTask               - Executing task: writeDataTask(system/fxgl.bundle)
13:59:37.243 [JavaFX Application Thread] DEBUG FS                   - Writing to: system\fxgl.bundle
13:59:37.247 [JavaFX Application Thread] DEBUG IOTask               - Task succeeded: writeDataTask(system/fxgl.bundle)
13:59:37.249 [JavaFX Application Thread] DEBUG GameScene            - Entity added to scene
13:59:37.249 [JavaFX Application Thread] DEBUG GameScene            - Added MainViewComponent
13:59:37.250 [JavaFX Application Thread] DEBUG GameScene            - Entity removed from scene
13:59:37.250 [JavaFX Application Thread] DEBUG GameScene            - Removed MainViewComponent
13:59:37.252 [JavaFX Application Thread] DEBUG GameScene            - Entity added to scene
13:59:37.252 [JavaFX Application Thread] DEBUG GameScene            - Added MainViewComponent
13:59:37.253 [JavaFX Application Thread] DEBUG GameScene            - Entity removed from scene
13:59:37.253 [JavaFX Application Thread] DEBUG GameScene            - Removed MainViewComponent
13:59:37.255 [JavaFX Application Thread] DEBUG GameScene            - Entity added to scene
13:59:37.255 [JavaFX Application Thread] DEBUG GameScene            - Added MainViewComponent
13:59:37.256 [JavaFX Application Thread] DEBUG GameScene            - Entity removed from scene
13:59:37.256 [JavaFX Application Thread] DEBUG GameScene            - Removed MainViewComponent
13:59:37.270 [JavaFX Application Thread] DEBUG GameScene            - Entity added to scene
13:59:37.271 [JavaFX Application Thread] DEBUG GameScene            - Added MainViewComponent
13:59:37.271 [JavaFX Application Thread] DEBUG GameScene            - Entity removed from scene
13:59:37.271 [JavaFX Application Thread] DEBUG GameScene            - Removed MainViewComponent
13:59:37.286 [JavaFX Application Thread] DEBUG GameScene            - Entity added to scene
13:59:37.286 [JavaFX Application Thread] DEBUG GameScene            - Added MainViewComponent
13:59:37.287 [JavaFX Application Thread] DEBUG GameScene            - Entity removed from scene
13:59:37.287 [JavaFX Application Thread] DEBUG GameScene            - Removed MainViewComponent
