12:13:11.939 [FXGL Launcher Thread     ] DEBUG FXGLLoggerFactory    - Service [LoggerFactory] initialized
12:13:11.945 [FXGL Launcher Thread     ] DEBUG FXGL                 - FXGL configuration complete
12:13:11.945 [FXGL Launcher Thread     ] DEBUG FXGL                 - Loading FXGL system data
12:13:11.950 [FXGL Launcher Thread     ] DEBUG IOTask               - Executing task: readDataTask(system/fxgl.bundle)
12:13:11.954 [FXGL Launcher Thread     ] DEBUG FS                   - Reading from: system\fxgl.bundle
12:13:11.962 [FXGL Launcher Thread     ] DEBUG IOTask               - Task succeeded: readDataTask(system/fxgl.bundle)
12:13:11.962 [FXGL Launcher Thread     ] DEBUG Bundle               - Logging bundle: FXGL
12:13:11.968 [FXGL Launcher Thread     ] DEBUG Bundle               - FXGL.offline.timer.version.check=2016-12-12T22:03:51.120
12:13:11.976 [FXGL Launcher Thread     ] DEBUG GameApplication      - Configuring GameApplication
12:13:11.984 [FXGL Launcher Thread     ] DEBUG FXGLExceptionHandler - Service [ExceptionHandler] initialized
12:13:11.984 [FXGL Launcher Thread     ] DEBUG FXGLEventBus         - Service [EventBus] initialized
12:13:11.989 [FXGL Launcher Thread     ] DEBUG FXGLExecutor         - Service [Executor] initialized
12:13:11.989 [FXGL Launcher Thread     ] DEBUG PreInitTask          - Injecting gameWorld & physicsWorld
12:13:11.995 [FXGL Launcher Thread     ] DEBUG GameWorld            - Game world initialized
12:13:12.049 [FXGL Launcher Thread     ] DEBUG FXGLPooler           - Service [Pooler] initialized with default size = 128
12:13:12.050 [FXGL Launcher Thread     ] DEBUG PhysicsWorld         - Physics world initialized: appHeight=700.0, physics.ppm=50.0
12:13:12.052 [FXGL Launcher Thread     ] DEBUG FXGLInput            - Service [Input] initialized
12:13:12.077 [FXGL Launcher Thread     ] DEBUG FXGLInput            - Registered new binding: Screenshot - P
12:13:12.077 [FXGL Launcher Thread     ] DEBUG FXGLInput            - Registered new binding: Dev Options - CTRL+0
12:13:12.078 [FXGL Launcher Thread     ] DEBUG FXGLInput            - Registered new binding: Spawn Anti-Ballistic - PRIMARY
12:13:12.120 [FXGL Launcher Thread     ] DEBUG GameScene            - Game scene initialized: 800.0x700.0
12:13:12.134 [FXGL Launcher Thread     ] DEBUG FXGLAssetLoader      - Service [AssetLoader] initialized: cacheSize=35
12:13:12.138 [FXGL Launcher Thread     ] DEBUG FXGLAssetLoader      - Loading from disk: /assets/sounds/system/notification.wav
12:13:12.191 [FXGL Launcher Thread     ] DEBUG FXGLAssetLoader      - Loading from disk: /assets/sounds/menu/select.wav
12:13:12.194 [FXGL Launcher Thread     ] DEBUG FXGLAssetLoader      - Loading from disk: /assets/sounds/menu/back.wav
12:13:12.197 [FXGL Launcher Thread     ] DEBUG FXGLAssetLoader      - Loading from disk: /assets/sounds/menu/press.wav
12:13:12.200 [FXGL Launcher Thread     ] DEBUG FXGLAssetLoader      - Loading from disk: /assets/ui/fonts/Copperplate_Gothic_Light_Regular.ttf
12:13:12.330 [FXGL Launcher Thread     ] DEBUG FXGLAssetLoader      - Loading from disk: /assets/ui/css/fxgl.css
12:13:12.331 [FXGL Launcher Thread     ] DEBUG FXGLAssetLoader      - Loading from disk: /assets/ui/icons/fxgl_icon.png
12:13:12.393 [FXGL Launcher Thread     ] DEBUG FXGLAssetLoader      - Loading from disk: /assets/ui/css/fxgl_dark.css
12:13:12.406 [FXGL Launcher Thread     ] DEBUG FXGLDisplay          - Target size: DoubleProperty [value: 800.0] x DoubleProperty [value: 700.0] @ 1.0
12:13:12.406 [FXGL Launcher Thread     ] DEBUG FXGLDisplay          - New size:    800.0 x 700.0 @ DoubleProperty [value: 1.0]
12:13:12.407 [FXGL Launcher Thread     ] DEBUG FXGLDisplay          - Service [Display] initialized
12:13:12.407 [FXGL Launcher Thread     ] DEBUG FXGLDisplay          - Using CSS: CSS(externalForm=jar:file:/C:/Users/Tyler/Downloads/FXGL-0.2.8-uber.jar!/assets/ui/css/fxgl_dark.css)
12:13:12.408 [FXGL Launcher Thread     ] DEBUG InitScenesTask       - Injecting loadingScene & gameScene
12:13:12.436 [FXGL Launcher Thread     ] DEBUG FXGLMasterTimer      - Service [MasterTimer] initialized
12:13:12.440 [FXGL Launcher Thread     ] DEBUG FXGLAudioPlayer      - Service [AudioPlayer] initialized
12:13:12.451 [FXGL Launcher Thread     ] DEBUG GameApplication      - Starting new game
12:13:12.454 [FXGL Launcher Thread     ] DEBUG GameApplication      - Initializing App
12:13:12.456 [FXGL Launcher Thread     ] DEBUG FXGLInput            - Clearing active input actions
12:13:12.457 [FXGL Launcher Thread     ] DEBUG FXGLMasterTimer      - Stopping master timer
12:13:12.457 [FXGL Launcher Thread     ] DEBUG GameApplication      - State: STARTUP -> PAUSED
12:13:12.458 [FXGL Launcher Thread     ] DEBUG FXGLEventBus         - Firing event: FXGLEvent[type=PAUSE]
12:13:12.461 [FXGL Launcher Thread     ] DEBUG FXGLInput            - Clearing active input actions
12:13:12.461 [FXGL Launcher Thread     ] DEBUG FXGLMasterTimer      - Resetting ticks and clearing all actions
12:13:12.461 [FXGL Launcher Thread     ] DEBUG GameWorld            - Resetting game world
12:13:12.461 [FXGL Launcher Thread     ] TRACE EntityWorld          - Resetting entity world
12:13:12.463 [FXGL Launcher Thread     ] DEBUG PhysicsWorld         - Resetting physics world
12:13:12.463 [FXGL Launcher Thread     ] DEBUG GameScene            - Resetting game scene
12:13:12.463 [FXGL Launcher Thread     ] DEBUG FXGLEventBus         - Firing event: FXGLEvent[type=RESET]
12:13:12.534 [FXGL Launcher Thread     ] DEBUG GameApplication      - State: PAUSED -> LOADING
12:13:12.579 [FXGL Background Thread 1 ] DEBUG InitAppTask          - Initializing Assets
12:13:12.581 [FXGL Background Thread 1 ] DEBUG InitAppTask          - Initializing Game
12:13:12.647 [FXGL Background Thread 1 ] DEBUG FXGLAssetLoader      - Loading from disk: /assets/ui/cursors/crosshair.png
12:13:12.663 [FXGL Background Thread 1 ] DEBUG FXGLAssetLoader      - Loading from disk: /assets/textures/city.png
12:13:12.674 [FXGL Background Thread 1 ] DEBUG FXGLAssetLoader      - Loading from cache: /assets/textures/city.png
12:13:12.676 [FXGL Background Thread 1 ] DEBUG FXGLAssetLoader      - Loading from cache: /assets/textures/city.png
12:13:12.677 [FXGL Background Thread 1 ] DEBUG FXGLAssetLoader      - Loading from cache: /assets/textures/city.png
12:13:12.679 [FXGL Background Thread 1 ] DEBUG FXGLAssetLoader      - Loading from cache: /assets/textures/city.png
12:13:12.680 [FXGL Background Thread 1 ] DEBUG FXGLAssetLoader      - Loading from cache: /assets/textures/city.png
12:13:12.687 [FXGL Background Thread 1 ] DEBUG InitAppTask          - Initializing Physics
12:13:12.688 [FXGL Background Thread 1 ] DEBUG InitAppTask          - Initializing UI
12:13:12.696 [FXGL Background Thread 1 ] DEBUG GameScene            - Adding UI node: Text[text="Missile Command", x=0.0, y=0.0, alignment=LEFT, origin=BASELINE, boundsType=LOGICAL, font=Font[name=Copperplate Gothic Light, family=Copperplate Gothic Light, style=Regular, size=48.0], fontSmoothingType=GRAY, fill=0x0000ffff]
12:13:12.699 [FXGL Background Thread 1 ] DEBUG FXGLAssetLoader      - Loading from disk: /assets/textures/bg.jpg
12:13:12.703 [JavaFX Application Thread] DEBUG FXGLDisplay          - Showing stage
12:13:12.704 [JavaFX Application Thread] DEBUG FXGLDisplay          - Root size: 800.0x700.0
12:13:12.704 [JavaFX Application Thread] DEBUG FXGLDisplay          - Scene size: 800.0x700.0
12:13:12.704 [JavaFX Application Thread] DEBUG FXGLDisplay          - Stage size: 816.0x739.0
12:13:12.722 [FXGL Background Thread 1 ] DEBUG GameScene            - Creating render group for layer: TOP(2147483647)
12:13:12.724 [FXGL Background Thread 1 ] DEBUG InitAppTask          - Initialization Complete
12:13:12.809 [JavaFX Application Thread] DEBUG FXGLInput            - Clearing active input actions
12:13:12.810 [JavaFX Application Thread] DEBUG FXGLMasterTimer      - Starting master timer
12:13:12.810 [JavaFX Application Thread] DEBUG GameApplication      - State: LOADING -> PLAYING
12:13:12.826 [JavaFX Application Thread] DEBUG FXGLEventBus         - Firing event: FXGLEvent[type=RESUME]
12:13:12.833 [JavaFX Application Thread] DEBUG GameScene            - Entity added to scene
12:13:12.834 [JavaFX Application Thread] DEBUG GameScene            - Added MainViewComponent
12:13:12.835 [JavaFX Application Thread] DEBUG GameScene            - Creating render group for layer: BACKGROUND(1000)
12:13:12.840 [JavaFX Application Thread] DEBUG GameScene            - Entity added to scene
12:13:12.840 [JavaFX Application Thread] DEBUG GameScene            - Added MainViewComponent
12:13:12.841 [JavaFX Application Thread] DEBUG GameScene            - Entity added to scene
12:13:12.841 [JavaFX Application Thread] DEBUG GameScene            - Added MainViewComponent
12:13:12.842 [JavaFX Application Thread] DEBUG GameScene            - Entity added to scene
12:13:12.842 [JavaFX Application Thread] DEBUG GameScene            - Added MainViewComponent
12:13:12.842 [JavaFX Application Thread] DEBUG GameScene            - Entity added to scene
12:13:12.842 [JavaFX Application Thread] DEBUG GameScene            - Added MainViewComponent
12:13:12.843 [JavaFX Application Thread] DEBUG GameScene            - Entity added to scene
12:13:12.843 [JavaFX Application Thread] DEBUG GameScene            - Added MainViewComponent
12:13:12.843 [JavaFX Application Thread] DEBUG GameScene            - Entity added to scene
12:13:12.843 [JavaFX Application Thread] DEBUG GameScene            - Added MainViewComponent
12:13:12.843 [JavaFX Application Thread] DEBUG GameScene            - Entity added to scene
12:13:12.843 [JavaFX Application Thread] DEBUG GameScene            - Added MainViewComponent
12:13:12.844 [JavaFX Application Thread] DEBUG GameScene            - Entity added to scene
12:13:12.844 [JavaFX Application Thread] DEBUG GameScene            - Added MainViewComponent
12:13:12.844 [JavaFX Application Thread] DEBUG GameScene            - Entity added to scene
12:13:12.844 [JavaFX Application Thread] DEBUG GameScene            - Added MainViewComponent
12:13:13.157 [JavaFX Application Thread] DEBUG FXGLAssetLoader      - Loading from disk: /assets/textures/missile.png
12:13:13.166 [JavaFX Application Thread] DEBUG GameScene            - Entity added to scene
12:13:13.166 [JavaFX Application Thread] DEBUG GameScene            - Added MainViewComponent
12:13:13.443 [JavaFX Application Thread] DEBUG FXGLAssetLoader      - Loading from cache: /assets/textures/missile.png
12:13:13.444 [JavaFX Application Thread] DEBUG GameScene            - Entity added to scene
12:13:13.444 [JavaFX Application Thread] DEBUG GameScene            - Added MainViewComponent
12:13:13.709 [JavaFX Application Thread] DEBUG FXGLAssetLoader      - Loading from cache: /assets/textures/missile.png
12:13:13.710 [JavaFX Application Thread] DEBUG GameScene            - Entity added to scene
12:13:13.710 [JavaFX Application Thread] DEBUG GameScene            - Added MainViewComponent
12:13:13.979 [JavaFX Application Thread] DEBUG FXGLAssetLoader      - Loading from cache: /assets/textures/missile.png
12:13:13.980 [JavaFX Application Thread] DEBUG GameScene            - Entity added to scene
12:13:13.980 [JavaFX Application Thread] DEBUG GameScene            - Added MainViewComponent
12:13:14.246 [JavaFX Application Thread] DEBUG FXGLAssetLoader      - Loading from cache: /assets/textures/missile.png
12:13:14.247 [JavaFX Application Thread] DEBUG GameScene            - Entity added to scene
12:13:14.247 [JavaFX Application Thread] DEBUG GameScene            - Added MainViewComponent
12:13:14.514 [JavaFX Application Thread] DEBUG FXGLAssetLoader      - Loading from cache: /assets/textures/missile.png
12:13:14.514 [JavaFX Application Thread] DEBUG GameScene            - Entity added to scene
12:13:14.515 [JavaFX Application Thread] DEBUG GameScene            - Added MainViewComponent
12:13:14.781 [JavaFX Application Thread] DEBUG FXGLAssetLoader      - Loading from cache: /assets/textures/missile.png
12:13:14.783 [JavaFX Application Thread] DEBUG GameScene            - Entity added to scene
12:13:14.783 [JavaFX Application Thread] DEBUG GameScene            - Added MainViewComponent
12:13:15.050 [JavaFX Application Thread] DEBUG FXGLAssetLoader      - Loading from cache: /assets/textures/missile.png
12:13:15.051 [JavaFX Application Thread] DEBUG GameScene            - Entity added to scene
12:13:15.052 [JavaFX Application Thread] DEBUG GameScene            - Added MainViewComponent
12:13:15.319 [JavaFX Application Thread] DEBUG FXGLAssetLoader      - Loading from cache: /assets/textures/missile.png
12:13:15.320 [JavaFX Application Thread] DEBUG GameScene            - Entity added to scene
12:13:15.321 [JavaFX Application Thread] DEBUG GameScene            - Added MainViewComponent
12:13:15.430 [JavaFX Application Thread] DEBUG GameScene            - Entity added to scene
12:13:15.430 [JavaFX Application Thread] DEBUG GameScene            - Added MainViewComponent
12:13:15.438 [JavaFX Application Thread] DEBUG GameScene            - Entity added to scene
12:13:15.439 [JavaFX Application Thread] DEBUG GameScene            - Added MainViewComponent
12:13:15.454 [JavaFX Application Thread] DEBUG GameScene            - Entity added to scene
12:13:15.454 [JavaFX Application Thread] DEBUG GameScene            - Added MainViewComponent
12:13:15.470 [JavaFX Application Thread] DEBUG GameScene            - Entity added to scene
12:13:15.470 [JavaFX Application Thread] DEBUG GameScene            - Added MainViewComponent
12:13:15.486 [JavaFX Application Thread] DEBUG GameScene            - Entity added to scene
12:13:15.487 [JavaFX Application Thread] DEBUG GameScene            - Added MainViewComponent
12:13:15.503 [JavaFX Application Thread] DEBUG GameScene            - Entity added to scene
12:13:15.503 [JavaFX Application Thread] DEBUG GameScene            - Added MainViewComponent
12:13:15.519 [JavaFX Application Thread] DEBUG GameScene            - Entity added to scene
12:13:15.520 [JavaFX Application Thread] DEBUG GameScene            - Added MainViewComponent
12:13:15.587 [JavaFX Application Thread] DEBUG FXGLAssetLoader      - Loading from cache: /assets/textures/missile.png
12:13:15.588 [JavaFX Application Thread] DEBUG GameScene            - Entity added to scene
12:13:15.588 [JavaFX Application Thread] DEBUG GameScene            - Added MainViewComponent
12:13:15.686 [JavaFX Application Thread] DEBUG GameScene            - Entity removed from scene
12:13:15.688 [JavaFX Application Thread] DEBUG GameScene            - Removed MainViewComponent
12:13:15.703 [JavaFX Application Thread] DEBUG GameScene            - Entity removed from scene
12:13:15.703 [JavaFX Application Thread] DEBUG GameScene            - Removed MainViewComponent
12:13:15.719 [JavaFX Application Thread] DEBUG GameScene            - Entity removed from scene
12:13:15.720 [JavaFX Application Thread] DEBUG GameScene            - Removed MainViewComponent
12:13:15.736 [JavaFX Application Thread] DEBUG GameScene            - Entity removed from scene
12:13:15.736 [JavaFX Application Thread] DEBUG GameScene            - Removed MainViewComponent
12:13:15.753 [JavaFX Application Thread] DEBUG GameScene            - Entity removed from scene
12:13:15.753 [JavaFX Application Thread] DEBUG GameScene            - Removed MainViewComponent
12:13:15.754 [JavaFX Application Thread] DEBUG GameScene            - Entity removed from scene
12:13:15.754 [JavaFX Application Thread] DEBUG GameScene            - Removed MainViewComponent
12:13:15.770 [JavaFX Application Thread] DEBUG GameScene            - Entity removed from scene
12:13:15.770 [JavaFX Application Thread] DEBUG GameScene            - Removed MainViewComponent
12:13:15.870 [JavaFX Application Thread] DEBUG FXGLAssetLoader      - Loading from cache: /assets/textures/missile.png
12:13:15.871 [JavaFX Application Thread] DEBUG GameScene            - Entity added to scene
12:13:15.871 [JavaFX Application Thread] DEBUG GameScene            - Added MainViewComponent
12:13:16.138 [JavaFX Application Thread] DEBUG FXGLAssetLoader      - Loading from cache: /assets/textures/missile.png
12:13:16.139 [JavaFX Application Thread] DEBUG GameScene            - Entity added to scene
12:13:16.139 [JavaFX Application Thread] DEBUG GameScene            - Added MainViewComponent
12:13:16.407 [JavaFX Application Thread] DEBUG FXGLAssetLoader      - Loading from cache: /assets/textures/missile.png
12:13:16.409 [JavaFX Application Thread] DEBUG GameScene            - Entity added to scene
12:13:16.409 [JavaFX Application Thread] DEBUG GameScene            - Added MainViewComponent
12:13:16.692 [JavaFX Application Thread] DEBUG FXGLAssetLoader      - Loading from cache: /assets/textures/missile.png
12:13:16.694 [JavaFX Application Thread] DEBUG GameScene            - Entity added to scene
12:13:16.694 [JavaFX Application Thread] DEBUG GameScene            - Added MainViewComponent
12:13:16.708 [JavaFX Application Thread] DEBUG GameScene            - Removing UI node: Text[text="Missile Command", x=0.0, y=0.0, alignment=LEFT, origin=BASELINE, boundsType=LOGICAL, font=Font[name=Copperplate Gothic Light, family=Copperplate Gothic Light, style=Regular, size=48.0], fontSmoothingType=GRAY, fill=0x0000ffff]
12:13:16.875 [JavaFX Application Thread] DEBUG GameScene            - Entity removed from scene
12:13:16.875 [JavaFX Application Thread] DEBUG GameScene            - Removed MainViewComponent
12:13:16.977 [JavaFX Application Thread] DEBUG FXGLAssetLoader      - Loading from cache: /assets/textures/missile.png
12:13:16.978 [JavaFX Application Thread] DEBUG GameScene            - Entity added to scene
12:13:16.978 [JavaFX Application Thread] DEBUG GameScene            - Added MainViewComponent
12:13:17.042 [JavaFX Application Thread] DEBUG GameScene            - Entity removed from scene
12:13:17.043 [JavaFX Application Thread] DEBUG GameScene            - Removed MainViewComponent
12:13:17.244 [JavaFX Application Thread] DEBUG FXGLAssetLoader      - Loading from cache: /assets/textures/missile.png
12:13:17.245 [JavaFX Application Thread] DEBUG GameScene            - Entity added to scene
12:13:17.245 [JavaFX Application Thread] DEBUG GameScene            - Added MainViewComponent
12:13:17.513 [JavaFX Application Thread] DEBUG FXGLAssetLoader      - Loading from cache: /assets/textures/missile.png
12:13:17.514 [JavaFX Application Thread] DEBUG GameScene            - Entity added to scene
12:13:17.514 [JavaFX Application Thread] DEBUG GameScene            - Added MainViewComponent
12:13:17.797 [JavaFX Application Thread] DEBUG FXGLAssetLoader      - Loading from cache: /assets/textures/missile.png
12:13:17.798 [JavaFX Application Thread] DEBUG GameScene            - Entity added to scene
12:13:17.799 [JavaFX Application Thread] DEBUG GameScene            - Added MainViewComponent
12:13:17.897 [JavaFX Application Thread] DEBUG GameScene            - Entity removed from scene
12:13:17.897 [JavaFX Application Thread] DEBUG GameScene            - Removed MainViewComponent
12:13:18.066 [JavaFX Application Thread] DEBUG FXGLAssetLoader      - Loading from cache: /assets/textures/missile.png
12:13:18.067 [JavaFX Application Thread] DEBUG GameScene            - Entity added to scene
12:13:18.067 [JavaFX Application Thread] DEBUG GameScene            - Added MainViewComponent
12:13:18.165 [JavaFX Application Thread] DEBUG GameScene            - Entity removed from scene
12:13:18.165 [JavaFX Application Thread] DEBUG GameScene            - Removed MainViewComponent
12:13:18.333 [JavaFX Application Thread] DEBUG FXGLAssetLoader      - Loading from cache: /assets/textures/missile.png
12:13:18.334 [JavaFX Application Thread] DEBUG GameScene            - Entity added to scene
12:13:18.334 [JavaFX Application Thread] DEBUG GameScene            - Added MainViewComponent
12:13:18.467 [JavaFX Application Thread] DEBUG GameScene            - Entity removed from scene
12:13:18.467 [JavaFX Application Thread] DEBUG GameScene            - Removed MainViewComponent
12:13:18.602 [JavaFX Application Thread] DEBUG FXGLAssetLoader      - Loading from cache: /assets/textures/missile.png
12:13:18.602 [JavaFX Application Thread] DEBUG GameScene            - Entity added to scene
12:13:18.602 [JavaFX Application Thread] DEBUG GameScene            - Added MainViewComponent
12:13:18.887 [JavaFX Application Thread] DEBUG FXGLAssetLoader      - Loading from cache: /assets/textures/missile.png
12:13:18.888 [JavaFX Application Thread] DEBUG GameScene            - Entity added to scene
12:13:18.888 [JavaFX Application Thread] DEBUG GameScene            - Added MainViewComponent
12:13:18.988 [JavaFX Application Thread] DEBUG GameScene            - Entity removed from scene
12:13:18.988 [JavaFX Application Thread] DEBUG GameScene            - Removed MainViewComponent
12:13:19.004 [JavaFX Application Thread] DEBUG GameScene            - Entity removed from scene
12:13:19.005 [JavaFX Application Thread] DEBUG GameScene            - Removed MainViewComponent
12:13:19.155 [JavaFX Application Thread] DEBUG FXGLAssetLoader      - Loading from cache: /assets/textures/missile.png
12:13:19.156 [JavaFX Application Thread] DEBUG GameScene            - Entity added to scene
12:13:19.156 [JavaFX Application Thread] DEBUG GameScene            - Added MainViewComponent
12:13:19.423 [JavaFX Application Thread] DEBUG FXGLAssetLoader      - Loading from cache: /assets/textures/missile.png
12:13:19.424 [JavaFX Application Thread] DEBUG GameScene            - Entity added to scene
12:13:19.424 [JavaFX Application Thread] DEBUG GameScene            - Added MainViewComponent
12:13:19.657 [JavaFX Application Thread] DEBUG GameScene            - Entity removed from scene
12:13:19.657 [JavaFX Application Thread] DEBUG GameScene            - Removed MainViewComponent
12:13:19.692 [JavaFX Application Thread] DEBUG FXGLAssetLoader      - Loading from cache: /assets/textures/missile.png
12:13:19.693 [JavaFX Application Thread] DEBUG GameScene            - Entity added to scene
12:13:19.693 [JavaFX Application Thread] DEBUG GameScene            - Added MainViewComponent
12:13:19.694 [JavaFX Application Thread] DEBUG GameScene            - Entity removed from scene
12:13:19.694 [JavaFX Application Thread] DEBUG GameScene            - Removed MainViewComponent
12:13:19.959 [JavaFX Application Thread] DEBUG FXGLAssetLoader      - Loading from cache: /assets/textures/missile.png
12:13:19.960 [JavaFX Application Thread] DEBUG GameScene            - Entity added to scene
12:13:19.960 [JavaFX Application Thread] DEBUG GameScene            - Added MainViewComponent
12:13:20.378 [JavaFX Application Thread] DEBUG FXGLAssetLoader      - Loading from cache: /assets/textures/missile.png
12:13:20.379 [JavaFX Application Thread] DEBUG GameScene            - Entity added to scene
12:13:20.379 [JavaFX Application Thread] DEBUG GameScene            - Added MainViewComponent
12:13:20.477 [JavaFX Application Thread] DEBUG GameScene            - Entity removed from scene
12:13:20.478 [JavaFX Application Thread] DEBUG GameScene            - Removed MainViewComponent
12:13:20.647 [JavaFX Application Thread] DEBUG FXGLAssetLoader      - Loading from cache: /assets/textures/missile.png
12:13:20.648 [JavaFX Application Thread] DEBUG GameScene            - Entity added to scene
12:13:20.648 [JavaFX Application Thread] DEBUG GameScene            - Added MainViewComponent
12:13:20.663 [JavaFX Application Thread] DEBUG GameScene            - Entity removed from scene
12:13:20.663 [JavaFX Application Thread] DEBUG GameScene            - Removed MainViewComponent
12:13:20.915 [JavaFX Application Thread] DEBUG FXGLAssetLoader      - Loading from cache: /assets/textures/missile.png
12:13:20.916 [JavaFX Application Thread] DEBUG GameScene            - Entity added to scene
12:13:20.916 [JavaFX Application Thread] DEBUG GameScene            - Added MainViewComponent
12:13:21.033 [JavaFX Application Thread] DEBUG GameScene            - Entity removed from scene
12:13:21.033 [JavaFX Application Thread] DEBUG GameScene            - Removed MainViewComponent
12:13:21.184 [JavaFX Application Thread] DEBUG FXGLAssetLoader      - Loading from cache: /assets/textures/missile.png
12:13:21.185 [JavaFX Application Thread] DEBUG GameScene            - Entity added to scene
12:13:21.185 [JavaFX Application Thread] DEBUG GameScene            - Added MainViewComponent
12:13:21.333 [JavaFX Application Thread] DEBUG GameScene            - Entity removed from scene
12:13:21.333 [JavaFX Application Thread] DEBUG GameScene            - Removed MainViewComponent
12:13:21.450 [JavaFX Application Thread] DEBUG FXGLAssetLoader      - Loading from cache: /assets/textures/missile.png
12:13:21.451 [JavaFX Application Thread] DEBUG GameScene            - Entity added to scene
12:13:21.451 [JavaFX Application Thread] DEBUG GameScene            - Added MainViewComponent
12:13:21.567 [JavaFX Application Thread] DEBUG GameScene            - Entity removed from scene
12:13:21.567 [JavaFX Application Thread] DEBUG GameScene            - Removed MainViewComponent
12:13:21.584 [JavaFX Application Thread] DEBUG GameScene            - Entity removed from scene
12:13:21.584 [JavaFX Application Thread] DEBUG GameScene            - Removed MainViewComponent
12:13:21.691 [JavaFX Application Thread] DEBUG FXGLEventBus         - Firing event: DisplayEvent[type=CLOSE_REQUEST]
12:13:21.693 [JavaFX Application Thread] DEBUG FXGLEventBus         - Firing event: FXGLEvent[type=EXIT]
12:13:21.693 [JavaFX Application Thread] DEBUG FXGL                 - Saving FXGL system data
12:13:21.695 [JavaFX Application Thread] DEBUG IOTask               - Executing task: writeDataTask(system/fxgl.bundle)
12:13:21.697 [JavaFX Application Thread] DEBUG FS                   - Writing to: system\fxgl.bundle
12:13:21.703 [JavaFX Application Thread] DEBUG IOTask               - Task succeeded: writeDataTask(system/fxgl.bundle)
