23:13:42.681 [FXGL Launcher Thread     ] DEBUG FXGLLoggerFactory    - Service [LoggerFactory] initialized
23:13:42.686 [FXGL Launcher Thread     ] DEBUG FXGL                 - FXGL configuration complete
23:13:42.686 [FXGL Launcher Thread     ] DEBUG FXGL                 - Loading FXGL system data
23:13:42.691 [FXGL Launcher Thread     ] DEBUG IOTask               - Executing task: readDataTask(system/fxgl.bundle)
23:13:42.694 [FXGL Launcher Thread     ] DEBUG FS                   - Reading from: system\fxgl.bundle
23:13:42.699 [FXGL Launcher Thread     ] DEBUG IOTask               - Task succeeded: readDataTask(system/fxgl.bundle)
23:13:42.699 [FXGL Launcher Thread     ] DEBUG Bundle               - Logging bundle: FXGL
23:13:42.700 [FXGL Launcher Thread     ] DEBUG Bundle               - FXGL.offline.timer.version.check=2016-12-04T23:31:25.587
23:13:42.711 [FXGL Launcher Thread     ] DEBUG GameApplication      - Configuring GameApplication
23:13:42.714 [FXGL Launcher Thread     ] DEBUG FXGLExceptionHandler - Service [ExceptionHandler] initialized
23:13:42.715 [FXGL Launcher Thread     ] DEBUG FXGLEventBus         - Service [EventBus] initialized
23:13:42.718 [FXGL Launcher Thread     ] DEBUG FXGLExecutor         - Service [Executor] initialized
23:13:42.718 [FXGL Launcher Thread     ] DEBUG PreInitTask          - Injecting gameWorld & physicsWorld
23:13:42.724 [FXGL Launcher Thread     ] DEBUG GameWorld            - Game world initialized
23:13:42.768 [FXGL Launcher Thread     ] DEBUG FXGLPooler           - Service [Pooler] initialized with default size = 128
23:13:42.769 [FXGL Launcher Thread     ] DEBUG PhysicsWorld         - Physics world initialized: appHeight=700.0, physics.ppm=50.0
23:13:42.770 [FXGL Launcher Thread     ] DEBUG FXGLInput            - Service [Input] initialized
23:13:42.792 [FXGL Launcher Thread     ] DEBUG FXGLInput            - Registered new binding: Screenshot - P
23:13:42.792 [FXGL Launcher Thread     ] DEBUG FXGLInput            - Registered new binding: Dev Options - CTRL+0
23:13:42.793 [FXGL Launcher Thread     ] DEBUG FXGLInput            - Registered new binding: Spawn Anti-Ballistic - PRIMARY
23:13:42.825 [FXGL Launcher Thread     ] DEBUG GameScene            - Game scene initialized: 800.0x700.0
23:13:42.830 [FXGL Launcher Thread     ] DEBUG FXGLAssetLoader      - Service [AssetLoader] initialized: cacheSize=35
23:13:42.832 [FXGL Launcher Thread     ] DEBUG FXGLAssetLoader      - Loading from disk: /assets/sounds/system/notification.wav
23:13:42.866 [FXGL Launcher Thread     ] DEBUG FXGLAssetLoader      - Loading from disk: /assets/sounds/menu/select.wav
23:13:42.868 [FXGL Launcher Thread     ] DEBUG FXGLAssetLoader      - Loading from disk: /assets/sounds/menu/back.wav
23:13:42.869 [FXGL Launcher Thread     ] DEBUG FXGLAssetLoader      - Loading from disk: /assets/sounds/menu/press.wav
23:13:42.871 [FXGL Launcher Thread     ] DEBUG FXGLAssetLoader      - Loading from disk: /assets/ui/fonts/Copperplate_Gothic_Light_Regular.ttf
23:13:42.962 [FXGL Launcher Thread     ] DEBUG FXGLAssetLoader      - Loading from disk: /assets/ui/css/fxgl.css
23:13:42.962 [FXGL Launcher Thread     ] DEBUG FXGLAssetLoader      - Loading from disk: /assets/ui/icons/fxgl_icon.png
23:13:43.003 [FXGL Launcher Thread     ] DEBUG FXGLAssetLoader      - Loading from disk: /assets/ui/css/fxgl_dark.css
23:13:43.014 [FXGL Launcher Thread     ] DEBUG FXGLDisplay          - Target size: DoubleProperty [value: 800.0] x DoubleProperty [value: 700.0] @ 1.0
23:13:43.014 [FXGL Launcher Thread     ] DEBUG FXGLDisplay          - New size:    800.0 x 700.0 @ DoubleProperty [value: 1.0]
23:13:43.014 [FXGL Launcher Thread     ] DEBUG FXGLDisplay          - Service [Display] initialized
23:13:43.014 [FXGL Launcher Thread     ] DEBUG FXGLDisplay          - Using CSS: CSS(externalForm=jar:file:/C:/Users/Shane/Downloads/FXGL-0.2.8-uber.jar!/assets/ui/css/fxgl_dark.css)
23:13:43.015 [FXGL Launcher Thread     ] DEBUG InitScenesTask       - Injecting loadingScene & gameScene
23:13:43.059 [FXGL Launcher Thread     ] DEBUG FXGLMasterTimer      - Service [MasterTimer] initialized
23:13:43.062 [FXGL Launcher Thread     ] DEBUG FXGLAudioPlayer      - Service [AudioPlayer] initialized
23:13:43.069 [FXGL Launcher Thread     ] DEBUG GameApplication      - Starting new game
23:13:43.071 [FXGL Launcher Thread     ] DEBUG GameApplication      - Initializing App
23:13:43.073 [FXGL Launcher Thread     ] DEBUG FXGLInput            - Clearing active input actions
23:13:43.073 [FXGL Launcher Thread     ] DEBUG FXGLMasterTimer      - Stopping master timer
23:13:43.073 [FXGL Launcher Thread     ] DEBUG GameApplication      - State: STARTUP -> PAUSED
23:13:43.074 [FXGL Launcher Thread     ] DEBUG FXGLEventBus         - Firing event: FXGLEvent[type=PAUSE]
23:13:43.076 [FXGL Launcher Thread     ] DEBUG FXGLInput            - Clearing active input actions
23:13:43.077 [FXGL Launcher Thread     ] DEBUG FXGLMasterTimer      - Resetting ticks and clearing all actions
23:13:43.077 [FXGL Launcher Thread     ] DEBUG GameWorld            - Resetting game world
23:13:43.077 [FXGL Launcher Thread     ] TRACE EntityWorld          - Resetting entity world
23:13:43.079 [FXGL Launcher Thread     ] DEBUG PhysicsWorld         - Resetting physics world
23:13:43.079 [FXGL Launcher Thread     ] DEBUG GameScene            - Resetting game scene
23:13:43.079 [FXGL Launcher Thread     ] DEBUG FXGLEventBus         - Firing event: FXGLEvent[type=RESET]
23:13:43.147 [FXGL Launcher Thread     ] DEBUG GameApplication      - State: PAUSED -> LOADING
23:13:43.182 [FXGL Background Thread 1 ] DEBUG InitAppTask          - Initializing Assets
23:13:43.182 [FXGL Background Thread 1 ] DEBUG InitAppTask          - Initializing Game
23:13:43.221 [FXGL Background Thread 1 ] DEBUG FXGLAssetLoader      - Loading from disk: /assets/ui/cursors/crosshair.png
23:13:43.236 [FXGL Background Thread 1 ] DEBUG FXGLAssetLoader      - Loading from disk: /assets/textures/city.png
23:13:43.244 [FXGL Background Thread 1 ] DEBUG FXGLAssetLoader      - Loading from cache: /assets/textures/city.png
23:13:43.245 [FXGL Background Thread 1 ] DEBUG FXGLAssetLoader      - Loading from cache: /assets/textures/city.png
23:13:43.246 [FXGL Background Thread 1 ] DEBUG FXGLAssetLoader      - Loading from cache: /assets/textures/city.png
23:13:43.247 [FXGL Background Thread 1 ] DEBUG FXGLAssetLoader      - Loading from cache: /assets/textures/city.png
23:13:43.248 [FXGL Background Thread 1 ] DEBUG FXGLAssetLoader      - Loading from cache: /assets/textures/city.png
23:13:43.249 [FXGL Background Thread 1 ] DEBUG InitAppTask          - Initializing Physics
23:13:43.250 [FXGL Background Thread 1 ] DEBUG InitAppTask          - Initializing UI
23:13:43.256 [FXGL Background Thread 1 ] DEBUG GameScene            - Adding UI node: Text[text="Missile Command", x=0.0, y=0.0, alignment=LEFT, origin=BASELINE, boundsType=LOGICAL, font=Font[name=Copperplate Gothic Light, family=Copperplate Gothic Light, style=Regular, size=48.0], fontSmoothingType=GRAY, fill=0x0000ffff]
23:13:43.258 [FXGL Background Thread 1 ] DEBUG FXGLAssetLoader      - Loading from disk: /assets/textures/bg.jpg
23:13:43.273 [JavaFX Application Thread] DEBUG FXGLDisplay          - Showing stage
23:13:43.273 [JavaFX Application Thread] DEBUG FXGLDisplay          - Root size: 800.0x700.0
23:13:43.273 [JavaFX Application Thread] DEBUG FXGLDisplay          - Scene size: 800.0x700.0
23:13:43.273 [JavaFX Application Thread] DEBUG FXGLDisplay          - Stage size: 816.0x739.0
23:13:43.282 [FXGL Background Thread 1 ] DEBUG GameScene            - Creating render group for layer: TOP(2147483647)
23:13:43.284 [FXGL Background Thread 1 ] DEBUG InitAppTask          - Initialization Complete
23:13:43.347 [JavaFX Application Thread] DEBUG FXGLInput            - Clearing active input actions
23:13:43.348 [JavaFX Application Thread] DEBUG FXGLMasterTimer      - Starting master timer
23:13:43.348 [JavaFX Application Thread] DEBUG GameApplication      - State: LOADING -> PLAYING
23:13:43.355 [JavaFX Application Thread] DEBUG FXGLEventBus         - Firing event: FXGLEvent[type=RESUME]
23:13:43.358 [JavaFX Application Thread] DEBUG GameScene            - Entity added to scene
23:13:43.359 [JavaFX Application Thread] DEBUG GameScene            - Added MainViewComponent
23:13:43.359 [JavaFX Application Thread] DEBUG GameScene            - Creating render group for layer: BACKGROUND(1000)
23:13:43.361 [JavaFX Application Thread] DEBUG GameScene            - Entity added to scene
23:13:43.361 [JavaFX Application Thread] DEBUG GameScene            - Added MainViewComponent
23:13:43.362 [JavaFX Application Thread] DEBUG GameScene            - Entity added to scene
23:13:43.362 [JavaFX Application Thread] DEBUG GameScene            - Added MainViewComponent
23:13:43.362 [JavaFX Application Thread] DEBUG GameScene            - Entity added to scene
23:13:43.362 [JavaFX Application Thread] DEBUG GameScene            - Added MainViewComponent
23:13:43.362 [JavaFX Application Thread] DEBUG GameScene            - Entity added to scene
23:13:43.363 [JavaFX Application Thread] DEBUG GameScene            - Added MainViewComponent
23:13:43.363 [JavaFX Application Thread] DEBUG GameScene            - Entity added to scene
23:13:43.363 [JavaFX Application Thread] DEBUG GameScene            - Added MainViewComponent
23:13:43.363 [JavaFX Application Thread] DEBUG GameScene            - Entity added to scene
23:13:43.363 [JavaFX Application Thread] DEBUG GameScene            - Added MainViewComponent
23:13:43.657 [JavaFX Application Thread] DEBUG FXGLAssetLoader      - Loading from disk: /assets/textures/missile.png
23:13:43.659 [JavaFX Application Thread] DEBUG GameScene            - Entity added to scene
23:13:43.659 [JavaFX Application Thread] DEBUG GameScene            - Added MainViewComponent
23:13:43.924 [JavaFX Application Thread] DEBUG FXGLAssetLoader      - Loading from cache: /assets/textures/missile.png
23:13:43.925 [JavaFX Application Thread] DEBUG GameScene            - Entity added to scene
23:13:43.925 [JavaFX Application Thread] DEBUG GameScene            - Added MainViewComponent
23:13:44.191 [JavaFX Application Thread] DEBUG FXGLAssetLoader      - Loading from cache: /assets/textures/missile.png
23:13:44.191 [JavaFX Application Thread] DEBUG GameScene            - Entity added to scene
23:13:44.191 [JavaFX Application Thread] DEBUG GameScene            - Added MainViewComponent
23:13:44.457 [JavaFX Application Thread] DEBUG FXGLAssetLoader      - Loading from cache: /assets/textures/missile.png
23:13:44.458 [JavaFX Application Thread] DEBUG GameScene            - Entity added to scene
23:13:44.458 [JavaFX Application Thread] DEBUG GameScene            - Added MainViewComponent
23:13:44.724 [JavaFX Application Thread] DEBUG FXGLAssetLoader      - Loading from cache: /assets/textures/missile.png
23:13:44.724 [JavaFX Application Thread] DEBUG GameScene            - Entity added to scene
23:13:44.724 [JavaFX Application Thread] DEBUG GameScene            - Added MainViewComponent
23:13:44.991 [JavaFX Application Thread] DEBUG FXGLAssetLoader      - Loading from cache: /assets/textures/missile.png
23:13:44.991 [JavaFX Application Thread] DEBUG GameScene            - Entity added to scene
23:13:44.991 [JavaFX Application Thread] DEBUG GameScene            - Added MainViewComponent
23:13:45.257 [JavaFX Application Thread] DEBUG FXGLAssetLoader      - Loading from cache: /assets/textures/missile.png
23:13:45.258 [JavaFX Application Thread] DEBUG GameScene            - Entity added to scene
23:13:45.258 [JavaFX Application Thread] DEBUG GameScene            - Added MainViewComponent
23:13:45.524 [JavaFX Application Thread] DEBUG FXGLAssetLoader      - Loading from cache: /assets/textures/missile.png
23:13:45.525 [JavaFX Application Thread] DEBUG GameScene            - Entity added to scene
23:13:45.525 [JavaFX Application Thread] DEBUG GameScene            - Added MainViewComponent
23:13:45.791 [JavaFX Application Thread] DEBUG FXGLAssetLoader      - Loading from cache: /assets/textures/missile.png
23:13:45.791 [JavaFX Application Thread] DEBUG GameScene            - Entity added to scene
23:13:45.791 [JavaFX Application Thread] DEBUG GameScene            - Added MainViewComponent
23:13:46.057 [JavaFX Application Thread] DEBUG FXGLAssetLoader      - Loading from cache: /assets/textures/missile.png
23:13:46.057 [JavaFX Application Thread] DEBUG GameScene            - Entity added to scene
23:13:46.057 [JavaFX Application Thread] DEBUG GameScene            - Added MainViewComponent
23:13:46.324 [JavaFX Application Thread] DEBUG FXGLAssetLoader      - Loading from cache: /assets/textures/missile.png
23:13:46.324 [JavaFX Application Thread] DEBUG GameScene            - Entity added to scene
23:13:46.324 [JavaFX Application Thread] DEBUG GameScene            - Added MainViewComponent
23:13:46.340 [JavaFX Application Thread] DEBUG GameScene            - Entity removed from scene
23:13:46.341 [JavaFX Application Thread] DEBUG GameScene            - Removed MainViewComponent
23:13:46.590 [JavaFX Application Thread] DEBUG FXGLAssetLoader      - Loading from cache: /assets/textures/missile.png
23:13:46.591 [JavaFX Application Thread] DEBUG GameScene            - Entity added to scene
23:13:46.591 [JavaFX Application Thread] DEBUG GameScene            - Added MainViewComponent
23:13:46.857 [JavaFX Application Thread] DEBUG FXGLAssetLoader      - Loading from cache: /assets/textures/missile.png
23:13:46.857 [JavaFX Application Thread] DEBUG GameScene            - Entity added to scene
23:13:46.857 [JavaFX Application Thread] DEBUG GameScene            - Added MainViewComponent
23:13:47.124 [JavaFX Application Thread] DEBUG FXGLAssetLoader      - Loading from cache: /assets/textures/missile.png
23:13:47.124 [JavaFX Application Thread] DEBUG GameScene            - Entity added to scene
23:13:47.124 [JavaFX Application Thread] DEBUG GameScene            - Added MainViewComponent
23:13:47.273 [JavaFX Application Thread] DEBUG GameScene            - Removing UI node: Text[text="Missile Command", x=0.0, y=0.0, alignment=LEFT, origin=BASELINE, boundsType=LOGICAL, font=Font[name=Copperplate Gothic Light, family=Copperplate Gothic Light, style=Regular, size=48.0], fontSmoothingType=GRAY, fill=0x0000ffff]
23:13:47.391 [JavaFX Application Thread] DEBUG FXGLAssetLoader      - Loading from cache: /assets/textures/missile.png
23:13:47.392 [JavaFX Application Thread] DEBUG GameScene            - Entity added to scene
23:13:47.392 [JavaFX Application Thread] DEBUG GameScene            - Added MainViewComponent
23:13:47.657 [JavaFX Application Thread] DEBUG FXGLAssetLoader      - Loading from cache: /assets/textures/missile.png
23:13:47.657 [JavaFX Application Thread] DEBUG GameScene            - Entity added to scene
23:13:47.657 [JavaFX Application Thread] DEBUG GameScene            - Added MainViewComponent
23:13:47.924 [JavaFX Application Thread] DEBUG FXGLAssetLoader      - Loading from cache: /assets/textures/missile.png
23:13:47.925 [JavaFX Application Thread] DEBUG GameScene            - Entity added to scene
23:13:47.925 [JavaFX Application Thread] DEBUG GameScene            - Added MainViewComponent
23:13:48.191 [JavaFX Application Thread] DEBUG FXGLAssetLoader      - Loading from cache: /assets/textures/missile.png
23:13:48.191 [JavaFX Application Thread] DEBUG GameScene            - Entity added to scene
23:13:48.191 [JavaFX Application Thread] DEBUG GameScene            - Added MainViewComponent
23:13:48.457 [JavaFX Application Thread] DEBUG FXGLAssetLoader      - Loading from cache: /assets/textures/missile.png
23:13:48.457 [JavaFX Application Thread] DEBUG GameScene            - Entity added to scene
23:13:48.457 [JavaFX Application Thread] DEBUG GameScene            - Added MainViewComponent
23:13:48.724 [JavaFX Application Thread] DEBUG FXGLAssetLoader      - Loading from cache: /assets/textures/missile.png
23:13:48.724 [JavaFX Application Thread] DEBUG GameScene            - Entity added to scene
23:13:48.724 [JavaFX Application Thread] DEBUG GameScene            - Added MainViewComponent
23:13:48.994 [JavaFX Application Thread] DEBUG FXGLAssetLoader      - Loading from cache: /assets/textures/missile.png
23:13:48.995 [JavaFX Application Thread] DEBUG GameScene            - Entity added to scene
23:13:48.995 [JavaFX Application Thread] DEBUG GameScene            - Added MainViewComponent
23:13:49.256 [JavaFX Application Thread] DEBUG FXGLAssetLoader      - Loading from cache: /assets/textures/missile.png
23:13:49.257 [JavaFX Application Thread] DEBUG GameScene            - Entity added to scene
23:13:49.257 [JavaFX Application Thread] DEBUG GameScene            - Added MainViewComponent
23:13:49.523 [JavaFX Application Thread] DEBUG FXGLAssetLoader      - Loading from cache: /assets/textures/missile.png
23:13:49.524 [JavaFX Application Thread] DEBUG GameScene            - Entity added to scene
23:13:49.524 [JavaFX Application Thread] DEBUG GameScene            - Added MainViewComponent
23:13:49.790 [JavaFX Application Thread] DEBUG FXGLAssetLoader      - Loading from cache: /assets/textures/missile.png
23:13:49.791 [JavaFX Application Thread] DEBUG GameScene            - Entity added to scene
23:13:49.791 [JavaFX Application Thread] DEBUG GameScene            - Added MainViewComponent
23:13:50.056 [JavaFX Application Thread] DEBUG FXGLAssetLoader      - Loading from cache: /assets/textures/missile.png
23:13:50.057 [JavaFX Application Thread] DEBUG GameScene            - Entity added to scene
23:13:50.057 [JavaFX Application Thread] DEBUG GameScene            - Added MainViewComponent
23:13:50.323 [JavaFX Application Thread] DEBUG FXGLAssetLoader      - Loading from cache: /assets/textures/missile.png
23:13:50.324 [JavaFX Application Thread] DEBUG GameScene            - Entity added to scene
23:13:50.324 [JavaFX Application Thread] DEBUG GameScene            - Added MainViewComponent
23:13:50.590 [JavaFX Application Thread] DEBUG FXGLAssetLoader      - Loading from cache: /assets/textures/missile.png
23:13:50.591 [JavaFX Application Thread] DEBUG GameScene            - Entity added to scene
23:13:50.591 [JavaFX Application Thread] DEBUG GameScene            - Added MainViewComponent
23:13:50.856 [JavaFX Application Thread] DEBUG FXGLAssetLoader      - Loading from cache: /assets/textures/missile.png
23:13:50.857 [JavaFX Application Thread] DEBUG GameScene            - Entity added to scene
23:13:50.857 [JavaFX Application Thread] DEBUG GameScene            - Added MainViewComponent
23:13:51.124 [JavaFX Application Thread] DEBUG FXGLAssetLoader      - Loading from cache: /assets/textures/missile.png
23:13:51.124 [JavaFX Application Thread] DEBUG GameScene            - Entity added to scene
23:13:51.124 [JavaFX Application Thread] DEBUG GameScene            - Added MainViewComponent
23:13:51.390 [JavaFX Application Thread] DEBUG FXGLAssetLoader      - Loading from cache: /assets/textures/missile.png
23:13:51.391 [JavaFX Application Thread] DEBUG GameScene            - Entity added to scene
23:13:51.391 [JavaFX Application Thread] DEBUG GameScene            - Added MainViewComponent
23:13:51.657 [JavaFX Application Thread] DEBUG FXGLAssetLoader      - Loading from cache: /assets/textures/missile.png
23:13:51.658 [JavaFX Application Thread] DEBUG GameScene            - Entity added to scene
23:13:51.658 [JavaFX Application Thread] DEBUG GameScene            - Added MainViewComponent
23:13:51.673 [JavaFX Application Thread] DEBUG GameScene            - Entity removed from scene
23:13:51.673 [JavaFX Application Thread] DEBUG GameScene            - Removed MainViewComponent
23:13:51.924 [JavaFX Application Thread] DEBUG FXGLAssetLoader      - Loading from cache: /assets/textures/missile.png
23:13:51.925 [JavaFX Application Thread] DEBUG GameScene            - Entity added to scene
23:13:51.925 [JavaFX Application Thread] DEBUG GameScene            - Added MainViewComponent
23:13:52.190 [JavaFX Application Thread] DEBUG FXGLAssetLoader      - Loading from cache: /assets/textures/missile.png
23:13:52.191 [JavaFX Application Thread] DEBUG GameScene            - Entity added to scene
23:13:52.191 [JavaFX Application Thread] DEBUG GameScene            - Added MainViewComponent
23:13:52.457 [JavaFX Application Thread] DEBUG FXGLAssetLoader      - Loading from cache: /assets/textures/missile.png
23:13:52.457 [JavaFX Application Thread] DEBUG GameScene            - Entity added to scene
23:13:52.457 [JavaFX Application Thread] DEBUG GameScene            - Added MainViewComponent
23:13:52.725 [JavaFX Application Thread] DEBUG FXGLAssetLoader      - Loading from cache: /assets/textures/missile.png
23:13:52.726 [JavaFX Application Thread] DEBUG GameScene            - Entity added to scene
23:13:52.726 [JavaFX Application Thread] DEBUG GameScene            - Added MainViewComponent
23:13:52.991 [JavaFX Application Thread] DEBUG FXGLAssetLoader      - Loading from cache: /assets/textures/missile.png
23:13:52.991 [JavaFX Application Thread] DEBUG GameScene            - Entity added to scene
23:13:52.991 [JavaFX Application Thread] DEBUG GameScene            - Added MainViewComponent
23:13:53.257 [JavaFX Application Thread] DEBUG FXGLAssetLoader      - Loading from cache: /assets/textures/missile.png
23:13:53.257 [JavaFX Application Thread] DEBUG GameScene            - Entity added to scene
23:13:53.257 [JavaFX Application Thread] DEBUG GameScene            - Added MainViewComponent
23:13:53.524 [JavaFX Application Thread] DEBUG FXGLAssetLoader      - Loading from cache: /assets/textures/missile.png
23:13:53.525 [JavaFX Application Thread] DEBUG GameScene            - Entity added to scene
23:13:53.525 [JavaFX Application Thread] DEBUG GameScene            - Added MainViewComponent
23:13:53.790 [JavaFX Application Thread] DEBUG FXGLAssetLoader      - Loading from cache: /assets/textures/missile.png
23:13:53.791 [JavaFX Application Thread] DEBUG GameScene            - Entity added to scene
23:13:53.791 [JavaFX Application Thread] DEBUG GameScene            - Added MainViewComponent
23:13:54.058 [JavaFX Application Thread] DEBUG FXGLAssetLoader      - Loading from cache: /assets/textures/missile.png
23:13:54.059 [JavaFX Application Thread] DEBUG GameScene            - Entity added to scene
23:13:54.059 [JavaFX Application Thread] DEBUG GameScene            - Added MainViewComponent
23:13:54.323 [JavaFX Application Thread] DEBUG FXGLAssetLoader      - Loading from cache: /assets/textures/missile.png
23:13:54.324 [JavaFX Application Thread] DEBUG GameScene            - Entity added to scene
23:13:54.324 [JavaFX Application Thread] DEBUG GameScene            - Added MainViewComponent
23:13:54.596 [JavaFX Application Thread] DEBUG FXGLAssetLoader      - Loading from cache: /assets/textures/missile.png
23:13:54.597 [JavaFX Application Thread] DEBUG GameScene            - Entity added to scene
23:13:54.597 [JavaFX Application Thread] DEBUG GameScene            - Added MainViewComponent
23:13:54.857 [JavaFX Application Thread] DEBUG FXGLAssetLoader      - Loading from cache: /assets/textures/missile.png
23:13:54.858 [JavaFX Application Thread] DEBUG GameScene            - Entity added to scene
23:13:54.858 [JavaFX Application Thread] DEBUG GameScene            - Added MainViewComponent
23:13:55.125 [JavaFX Application Thread] DEBUG FXGLAssetLoader      - Loading from cache: /assets/textures/missile.png
23:13:55.125 [JavaFX Application Thread] DEBUG GameScene            - Entity added to scene
23:13:55.126 [JavaFX Application Thread] DEBUG GameScene            - Added MainViewComponent
23:13:55.140 [JavaFX Application Thread] DEBUG GameScene            - Entity removed from scene
23:13:55.140 [JavaFX Application Thread] DEBUG GameScene            - Removed MainViewComponent
23:13:55.390 [JavaFX Application Thread] DEBUG FXGLAssetLoader      - Loading from cache: /assets/textures/missile.png
23:13:55.391 [JavaFX Application Thread] DEBUG GameScene            - Entity added to scene
23:13:55.391 [JavaFX Application Thread] DEBUG GameScene            - Added MainViewComponent
23:13:55.657 [JavaFX Application Thread] DEBUG FXGLAssetLoader      - Loading from cache: /assets/textures/missile.png
23:13:55.657 [JavaFX Application Thread] DEBUG GameScene            - Entity added to scene
23:13:55.658 [JavaFX Application Thread] DEBUG GameScene            - Added MainViewComponent
23:13:55.924 [JavaFX Application Thread] DEBUG FXGLAssetLoader      - Loading from cache: /assets/textures/missile.png
23:13:55.924 [JavaFX Application Thread] DEBUG GameScene            - Entity added to scene
23:13:55.924 [JavaFX Application Thread] DEBUG GameScene            - Added MainViewComponent
23:13:56.191 [JavaFX Application Thread] DEBUG FXGLAssetLoader      - Loading from cache: /assets/textures/missile.png
23:13:56.192 [JavaFX Application Thread] DEBUG GameScene            - Entity added to scene
23:13:56.192 [JavaFX Application Thread] DEBUG GameScene            - Added MainViewComponent
23:13:56.457 [JavaFX Application Thread] DEBUG FXGLAssetLoader      - Loading from cache: /assets/textures/missile.png
23:13:56.457 [JavaFX Application Thread] DEBUG GameScene            - Entity added to scene
23:13:56.457 [JavaFX Application Thread] DEBUG GameScene            - Added MainViewComponent
23:13:56.724 [JavaFX Application Thread] DEBUG FXGLAssetLoader      - Loading from cache: /assets/textures/missile.png
23:13:56.725 [JavaFX Application Thread] DEBUG GameScene            - Entity added to scene
23:13:56.725 [JavaFX Application Thread] DEBUG GameScene            - Added MainViewComponent
23:13:56.990 [JavaFX Application Thread] DEBUG FXGLAssetLoader      - Loading from cache: /assets/textures/missile.png
23:13:56.991 [JavaFX Application Thread] DEBUG GameScene            - Entity added to scene
23:13:56.991 [JavaFX Application Thread] DEBUG GameScene            - Added MainViewComponent
23:13:57.258 [JavaFX Application Thread] DEBUG FXGLAssetLoader      - Loading from cache: /assets/textures/missile.png
23:13:57.258 [JavaFX Application Thread] DEBUG GameScene            - Entity added to scene
23:13:57.258 [JavaFX Application Thread] DEBUG GameScene            - Added MainViewComponent
23:13:57.523 [JavaFX Application Thread] DEBUG FXGLAssetLoader      - Loading from cache: /assets/textures/missile.png
23:13:57.524 [JavaFX Application Thread] DEBUG GameScene            - Entity added to scene
23:13:57.524 [JavaFX Application Thread] DEBUG GameScene            - Added MainViewComponent
23:13:57.791 [JavaFX Application Thread] DEBUG FXGLAssetLoader      - Loading from cache: /assets/textures/missile.png
23:13:57.791 [JavaFX Application Thread] DEBUG GameScene            - Entity added to scene
23:13:57.791 [JavaFX Application Thread] DEBUG GameScene            - Added MainViewComponent
23:13:58.056 [JavaFX Application Thread] DEBUG FXGLAssetLoader      - Loading from cache: /assets/textures/missile.png
23:13:58.057 [JavaFX Application Thread] DEBUG GameScene            - Entity added to scene
23:13:58.057 [JavaFX Application Thread] DEBUG GameScene            - Added MainViewComponent
23:13:58.324 [JavaFX Application Thread] DEBUG FXGLAssetLoader      - Loading from cache: /assets/textures/missile.png
23:13:58.325 [JavaFX Application Thread] DEBUG GameScene            - Entity added to scene
23:13:58.325 [JavaFX Application Thread] DEBUG GameScene            - Added MainViewComponent
23:13:58.590 [JavaFX Application Thread] DEBUG FXGLAssetLoader      - Loading from cache: /assets/textures/missile.png
23:13:58.591 [JavaFX Application Thread] DEBUG GameScene            - Entity added to scene
23:13:58.591 [JavaFX Application Thread] DEBUG GameScene            - Added MainViewComponent
23:13:58.857 [JavaFX Application Thread] DEBUG FXGLAssetLoader      - Loading from cache: /assets/textures/missile.png
23:13:58.857 [JavaFX Application Thread] DEBUG GameScene            - Entity added to scene
23:13:58.857 [JavaFX Application Thread] DEBUG GameScene            - Added MainViewComponent
23:13:59.123 [JavaFX Application Thread] DEBUG FXGLAssetLoader      - Loading from cache: /assets/textures/missile.png
23:13:59.124 [JavaFX Application Thread] DEBUG GameScene            - Entity added to scene
23:13:59.124 [JavaFX Application Thread] DEBUG GameScene            - Added MainViewComponent
23:13:59.312 [JavaFX Application Thread] DEBUG GameScene            - Entity added to scene
23:13:59.312 [JavaFX Application Thread] DEBUG GameScene            - Added MainViewComponent
23:13:59.324 [JavaFX Application Thread] DEBUG GameScene            - Entity added to scene
23:13:59.324 [JavaFX Application Thread] DEBUG GameScene            - Added MainViewComponent
23:13:59.341 [JavaFX Application Thread] DEBUG GameScene            - Entity added to scene
23:13:59.341 [JavaFX Application Thread] DEBUG GameScene            - Added MainViewComponent
23:13:59.357 [JavaFX Application Thread] DEBUG GameScene            - Entity added to scene
23:13:59.358 [JavaFX Application Thread] DEBUG GameScene            - Added MainViewComponent
23:13:59.374 [JavaFX Application Thread] DEBUG GameScene            - Entity added to scene
23:13:59.374 [JavaFX Application Thread] DEBUG GameScene            - Added MainViewComponent
23:13:59.392 [JavaFX Application Thread] DEBUG FXGLAssetLoader      - Loading from cache: /assets/textures/missile.png
23:13:59.392 [JavaFX Application Thread] DEBUG GameScene            - Entity added to scene
23:13:59.392 [JavaFX Application Thread] DEBUG GameScene            - Added MainViewComponent
23:13:59.574 [JavaFX Application Thread] DEBUG GameScene            - Entity removed from scene
23:13:59.574 [JavaFX Application Thread] DEBUG GameScene            - Removed MainViewComponent
23:13:59.590 [JavaFX Application Thread] DEBUG GameScene            - Entity removed from scene
23:13:59.590 [JavaFX Application Thread] DEBUG GameScene            - Removed MainViewComponent
23:13:59.608 [JavaFX Application Thread] DEBUG GameScene            - Entity removed from scene
23:13:59.608 [JavaFX Application Thread] DEBUG GameScene            - Removed MainViewComponent
23:13:59.608 [JavaFX Application Thread] DEBUG GameScene            - Entity removed from scene
23:13:59.608 [JavaFX Application Thread] DEBUG GameScene            - Removed MainViewComponent
23:13:59.624 [JavaFX Application Thread] DEBUG GameScene            - Entity removed from scene
23:13:59.624 [JavaFX Application Thread] DEBUG GameScene            - Removed MainViewComponent
23:13:59.658 [JavaFX Application Thread] DEBUG FXGLAssetLoader      - Loading from cache: /assets/textures/missile.png
23:13:59.658 [JavaFX Application Thread] DEBUG GameScene            - Entity added to scene
23:13:59.658 [JavaFX Application Thread] DEBUG GameScene            - Added MainViewComponent
23:13:59.917 [JavaFX Application Thread] DEBUG FXGLEventBus         - Firing event: DisplayEvent[type=CLOSE_REQUEST]
23:13:59.917 [JavaFX Application Thread] DEBUG FXGLEventBus         - Firing event: FXGLEvent[type=EXIT]
23:13:59.918 [JavaFX Application Thread] DEBUG FXGL                 - Saving FXGL system data
23:13:59.919 [JavaFX Application Thread] DEBUG IOTask               - Executing task: writeDataTask(system/fxgl.bundle)
23:13:59.920 [JavaFX Application Thread] DEBUG FS                   - Writing to: system\fxgl.bundle
23:13:59.926 [JavaFX Application Thread] DEBUG IOTask               - Task succeeded: writeDataTask(system/fxgl.bundle)
